2016-08-03T10:06:42+02:00 SessionId :  ClientIP : ::1 [RESTGATEWAY] Array
(
    [timestamp] => 1470211602
    [request] => backend\common\rest\library\Request Object
        (
            [url_elements] => Array
                (
                    [0] => 
                    [1] => contrattino
                    [2] => scontoobbiettivotargetspeciali
                )

            [verb] => GET
            [parameters] => Array
                (
                )

            [format] => json
            [datetime] => 1470211602
            [httpheaders] => Array
                (
                    [Host] => localhost
                    [Connection] => keep-alive
                    [Upgrade-Insecure-Requests] => 1
                    [User-Agent] => Mozilla/5.0 (Windows NT 10.0; WOW64) AppleWebKit/537.36 (KHTML, like Gecko) Chrome/51.0.2704.103 Safari/537.36
                    [Accept] => text/html,application/xhtml+xml,application/xml;q=0.9,image/webp,*/*;q=0.8
                    [Accept-Encoding] => gzip, deflate, sdch
                    [Accept-Language] => it-IT,it;q=0.8,en-US;q=0.6,en;q=0.4
                    [Cookie] => lang=en; error=Y; invalidMail=Y
                )

        )

)

2016-08-03T10:07:12+02:00 SessionId :  ClientIP : ::1 [RESTGATEWAY] Array
(
    [timestamp] => 1470211632
    [request] => backend\common\rest\library\Request Object
        (
            [url_elements] => Array
                (
                    [0] => 
                    [1] => contrattino
                    [2] => scontoobbiettivotargetspeciali
                    [3] => 1
                    [4] => 2
                )

            [verb] => GET
            [parameters] => Array
                (
                    [obbiettivo] => 10000
                    [premio] => 12323,4
                )

            [format] => json
            [datetime] => 1470211632
            [httpheaders] => Array
                (
                    [Host] => localhost
                    [Connection] => keep-alive
                    [Upgrade-Insecure-Requests] => 1
                    [User-Agent] => Mozilla/5.0 (Windows NT 10.0; WOW64) AppleWebKit/537.36 (KHTML, like Gecko) Chrome/51.0.2704.103 Safari/537.36
                    [Accept] => text/html,application/xhtml+xml,application/xml;q=0.9,image/webp,*/*;q=0.8
                    [Accept-Encoding] => gzip, deflate, sdch
                    [Accept-Language] => it-IT,it;q=0.8,en-US;q=0.6,en;q=0.4
                    [Cookie] => lang=en; error=Y; invalidMail=Y
                )

        )

)

2016-08-03T10:37:50+02:00 SessionId :  ClientIP : ::1 [RESTGATEWAY] Array
(
    [timestamp] => 1470213470
    [request] => backend\common\rest\library\Request Object
        (
            [url_elements] => Array
                (
                    [0] => 
                    [1] => listino
                    [2] => 118
                )

            [verb] => GET
            [parameters] => Array
                (
                )

            [format] => json
            [datetime] => 1470213470
            [httpheaders] => Array
                (
                    [Host] => localhost
                    [Connection] => keep-alive
                    [Upgrade-Insecure-Requests] => 1
                    [User-Agent] => Mozilla/5.0 (Windows NT 10.0; WOW64) AppleWebKit/537.36 (KHTML, like Gecko) Chrome/51.0.2704.103 Safari/537.36
                    [Accept] => text/html,application/xhtml+xml,application/xml;q=0.9,image/webp,*/*;q=0.8
                    [Accept-Encoding] => gzip, deflate, sdch
                    [Accept-Language] => it-IT,it;q=0.8,en-US;q=0.6,en;q=0.4
                    [Cookie] => lang=en; error=Y; invalidMail=Y
                )

        )

)

2016-08-03T10:37:50+02:00 SessionId :  ClientIP : ::1 [RESTGATEWAY] Array
(
    [timestamp] => 1470213470
    [result] => Array
        (
            [request_time] => Wed Aug 3 10:37:50 CEST 2016
            [code] => 200
            [response_time] => Wed Aug 3 10:37:50 CEST 2016
            [status] => success
            [listino] => Array
                (
                    [0] => Array
                        (
                            [codice_articolo] => 118
                            [tipolistino] => DET
                            [pesomedio] => 9.90000
                            [unitamisura] => KG
                            [prezzolistino] => 22.90000
                            [pezzicartone] => 2
                        )

                )

        )

)

2016-08-03T11:27:38+02:00 SessionId :  ClientIP : ::1 [RESTGATEWAY] Array
(
    [timestamp] => 1470216458
    [request] => backend\common\rest\library\Request Object
        (
            [url_elements] => Array
                (
                    [0] => 
                    [1] => contrattino
                    [2] => scontoobbiettivotargetspeciali
                    [3] => 1
                    [4] => 118
                )

            [verb] => GET
            [parameters] => Array
                (
                    [obbiettivo] => 10000
                    [premio] => 12323,4
                )

            [format] => json
            [datetime] => 1470216458
            [httpheaders] => Array
                (
                    [Host] => localhost
                    [Connection] => keep-alive
                    [Upgrade-Insecure-Requests] => 1
                    [User-Agent] => Mozilla/5.0 (Windows NT 10.0; WOW64) AppleWebKit/537.36 (KHTML, like Gecko) Chrome/51.0.2704.103 Safari/537.36
                    [Accept] => text/html,application/xhtml+xml,application/xml;q=0.9,image/webp,*/*;q=0.8
                    [Accept-Encoding] => gzip, deflate, sdch
                    [Accept-Language] => it-IT,it;q=0.8,en-US;q=0.6,en;q=0.4
                    [Cookie] => lang=en; error=Y; invalidMail=Y
                )

        )

)

2016-08-03T11:27:39+02:00 SessionId :  ClientIP : ::1 [RESTGATEWAY] Array
(
    [timestamp] => 1470216458
    [result] => Array
        (
            [request_time] => Wed Aug 3 11:27:38 CEST 2016
            [code] => 200
        )

)

2016-08-03T11:28:13+02:00 SessionId :  ClientIP : ::1 [RESTGATEWAY] Array
(
    [timestamp] => 1470216493
    [request] => backend\common\rest\library\Request Object
        (
            [url_elements] => Array
                (
                    [0] => 
                    [1] => listino
                    [2] => 118
                )

            [verb] => GET
            [parameters] => Array
                (
                )

            [format] => json
            [datetime] => 1470216493
            [httpheaders] => Array
                (
                    [Host] => localhost
                    [Connection] => keep-alive
                    [Cache-Control] => max-age=0
                    [Upgrade-Insecure-Requests] => 1
                    [User-Agent] => Mozilla/5.0 (Windows NT 10.0; WOW64) AppleWebKit/537.36 (KHTML, like Gecko) Chrome/51.0.2704.103 Safari/537.36
                    [Accept] => text/html,application/xhtml+xml,application/xml;q=0.9,image/webp,*/*;q=0.8
                    [Accept-Encoding] => gzip, deflate, sdch
                    [Accept-Language] => it-IT,it;q=0.8,en-US;q=0.6,en;q=0.4
                    [Cookie] => lang=en; error=Y; invalidMail=Y
                )

        )

)

2016-08-03T11:28:13+02:00 SessionId :  ClientIP : ::1 [RESTGATEWAY] Array
(
    [timestamp] => 1470216493
    [result] => Array
        (
            [request_time] => Wed Aug 3 11:28:13 CEST 2016
            [code] => 200
            [response_time] => Wed Aug 3 11:28:13 CEST 2016
            [status] => success
            [listino] => Array
                (
                    [0] => Array
                        (
                            [codice_articolo] => 118
                            [tipolistino] => DET
                            [pesomedio] => 9.90000
                            [unitamisura] => KG
                            [prezzolistino] => 22.90000
                            [pezzicartone] => 2
                        )

                )

        )

)

2016-08-03T11:28:17+02:00 SessionId :  ClientIP : ::1 [RESTGATEWAY] Array
(
    [timestamp] => 1470216497
    [request] => backend\common\rest\library\Request Object
        (
            [url_elements] => Array
                (
                    [0] => 
                    [1] => contrattino
                    [2] => scontoobbiettivotargetspeciali
                    [3] => 1
                    [4] => 118
                )

            [verb] => GET
            [parameters] => Array
                (
                    [obbiettivo] => 10000
                    [premio] => 12323,4
                )

            [format] => json
            [datetime] => 1470216497
            [httpheaders] => Array
                (
                    [Host] => localhost
                    [Connection] => keep-alive
                    [Cache-Control] => max-age=0
                    [Upgrade-Insecure-Requests] => 1
                    [User-Agent] => Mozilla/5.0 (Windows NT 10.0; WOW64) AppleWebKit/537.36 (KHTML, like Gecko) Chrome/51.0.2704.103 Safari/537.36
                    [Accept] => text/html,application/xhtml+xml,application/xml;q=0.9,image/webp,*/*;q=0.8
                    [Accept-Encoding] => gzip, deflate, sdch
                    [Accept-Language] => it-IT,it;q=0.8,en-US;q=0.6,en;q=0.4
                    [Cookie] => lang=en; error=Y; invalidMail=Y
                )

        )

)

2016-08-03T11:28:26+02:00 SessionId :  ClientIP : ::1 [RESTGATEWAY] Array
(
    [timestamp] => 1470216506
    [request] => backend\common\rest\library\Request Object
        (
            [url_elements] => Array
                (
                    [0] => 
                    [1] => contrattino
                    [2] => scontoobbiettivotargetspeciali
                    [3] => 1
                    [4] => 118
                )

            [verb] => GET
            [parameters] => Array
                (
                    [obbiettivo] => 10000
                    [premio] => 12323,4
                )

            [format] => json
            [datetime] => 1470216506
            [httpheaders] => Array
                (
                    [Host] => localhost
                    [Connection] => keep-alive
                    [Cache-Control] => max-age=0
                    [Upgrade-Insecure-Requests] => 1
                    [User-Agent] => Mozilla/5.0 (Windows NT 10.0; WOW64) AppleWebKit/537.36 (KHTML, like Gecko) Chrome/51.0.2704.103 Safari/537.36
                    [Accept] => text/html,application/xhtml+xml,application/xml;q=0.9,image/webp,*/*;q=0.8
                    [Accept-Encoding] => gzip, deflate, sdch
                    [Accept-Language] => it-IT,it;q=0.8,en-US;q=0.6,en;q=0.4
                    [Cookie] => lang=en; error=Y; invalidMail=Y
                )

        )

)

2016-08-03T11:28:32+02:00 SessionId :  ClientIP : ::1 [RESTGATEWAY] Array
(
    [timestamp] => 1470216512
    [request] => backend\common\rest\library\Request Object
        (
            [url_elements] => Array
                (
                    [0] => 
                    [1] => contrattino
                    [2] => scontoobbiettivotargetspeciali
                    [3] => 1
                    [4] => 118
                )

            [verb] => GET
            [parameters] => Array
                (
                    [obbiettivo] => 10000
                    [premio] => 12323,4
                )

            [format] => json
            [datetime] => 1470216512
            [httpheaders] => Array
                (
                    [Host] => localhost
                    [Connection] => keep-alive
                    [Cache-Control] => max-age=0
                    [Upgrade-Insecure-Requests] => 1
                    [User-Agent] => Mozilla/5.0 (Windows NT 10.0; WOW64) AppleWebKit/537.36 (KHTML, like Gecko) Chrome/51.0.2704.103 Safari/537.36
                    [Accept] => text/html,application/xhtml+xml,application/xml;q=0.9,image/webp,*/*;q=0.8
                    [Accept-Encoding] => gzip, deflate, sdch
                    [Accept-Language] => it-IT,it;q=0.8,en-US;q=0.6,en;q=0.4
                    [Cookie] => lang=en; error=Y; invalidMail=Y
                )

        )

)

2016-08-03T11:28:32+02:00 SessionId :  ClientIP : ::1 [RESTGATEWAY] Array
(
    [timestamp] => 1470216512
    [result] => Array
        (
            [request_time] => Wed Aug 3 11:28:32 CEST 2016
            [code] => 200
        )

)

2016-08-03T11:28:39+02:00 SessionId :  ClientIP : ::1 [RESTGATEWAY] Array
(
    [timestamp] => 1470216519
    [request] => backend\common\rest\library\Request Object
        (
            [url_elements] => Array
                (
                    [0] => 
                    [1] => contrattino
                    [2] => scontoobbiettivotargetspeciali
                    [3] => 1
                    [4] => 118
                )

            [verb] => GET
            [parameters] => Array
                (
                    [obbiettivo] => 10000
                    [premio] => 12323,4
                )

            [format] => json
            [datetime] => 1470216519
            [httpheaders] => Array
                (
                    [Host] => localhost
                    [Connection] => keep-alive
                    [Cache-Control] => max-age=0
                    [Upgrade-Insecure-Requests] => 1
                    [User-Agent] => Mozilla/5.0 (Windows NT 10.0; WOW64) AppleWebKit/537.36 (KHTML, like Gecko) Chrome/51.0.2704.103 Safari/537.36
                    [Accept] => text/html,application/xhtml+xml,application/xml;q=0.9,image/webp,*/*;q=0.8
                    [Accept-Encoding] => gzip, deflate, sdch
                    [Accept-Language] => it-IT,it;q=0.8,en-US;q=0.6,en;q=0.4
                    [Cookie] => lang=en; error=Y; invalidMail=Y
                )

        )

)

2016-08-03T11:28:51+02:00 SessionId :  ClientIP : ::1 [RESTGATEWAY] Array
(
    [timestamp] => 1470216531
    [request] => backend\common\rest\library\Request Object
        (
            [url_elements] => Array
                (
                    [0] => 
                    [1] => contrattino
                    [2] => scontoobbiettivotargetspeciali
                    [3] => 1
                    [4] => 118
                )

            [verb] => GET
            [parameters] => Array
                (
                    [obbiettivo] => 10000
                    [premio] => 12323,4
                )

            [format] => json
            [datetime] => 1470216531
            [httpheaders] => Array
                (
                    [Host] => localhost
                    [Connection] => keep-alive
                    [Cache-Control] => max-age=0
                    [Upgrade-Insecure-Requests] => 1
                    [User-Agent] => Mozilla/5.0 (Windows NT 10.0; WOW64) AppleWebKit/537.36 (KHTML, like Gecko) Chrome/51.0.2704.103 Safari/537.36
                    [Accept] => text/html,application/xhtml+xml,application/xml;q=0.9,image/webp,*/*;q=0.8
                    [Accept-Encoding] => gzip, deflate, sdch
                    [Accept-Language] => it-IT,it;q=0.8,en-US;q=0.6,en;q=0.4
                    [Cookie] => lang=en; error=Y; invalidMail=Y
                )

        )

)

2016-08-03T11:28:55+02:00 SessionId :  ClientIP : ::1 [RESTGATEWAY] Array
(
    [timestamp] => 1470216535
    [request] => backend\common\rest\library\Request Object
        (
            [url_elements] => Array
                (
                    [0] => 
                    [1] => contrattino
                    [2] => scontoobbiettivotargetspeciali
                    [3] => 1
                    [4] => 118
                )

            [verb] => GET
            [parameters] => Array
                (
                    [obbiettivo] => 10000
                    [premio] => 12323,4
                )

            [format] => json
            [datetime] => 1470216535
            [httpheaders] => Array
                (
                    [Host] => localhost
                    [Connection] => keep-alive
                    [Cache-Control] => max-age=0
                    [Upgrade-Insecure-Requests] => 1
                    [User-Agent] => Mozilla/5.0 (Windows NT 10.0; WOW64) AppleWebKit/537.36 (KHTML, like Gecko) Chrome/51.0.2704.103 Safari/537.36
                    [Accept] => text/html,application/xhtml+xml,application/xml;q=0.9,image/webp,*/*;q=0.8
                    [Accept-Encoding] => gzip, deflate, sdch
                    [Accept-Language] => it-IT,it;q=0.8,en-US;q=0.6,en;q=0.4
                    [Cookie] => lang=en; error=Y; invalidMail=Y
                )

        )

)

2016-08-03T11:28:55+02:00 SessionId :  ClientIP : ::1 [RESTGATEWAY] Array
(
    [timestamp] => 1470216535
    [result] => Array
        (
            [request_time] => Wed Aug 3 11:28:55 CEST 2016
            [code] => 200
        )

)

2016-08-03T11:29:19+02:00 SessionId :  ClientIP : ::1 [RESTGATEWAY] Array
(
    [timestamp] => 1470216559
    [request] => backend\common\rest\library\Request Object
        (
            [url_elements] => Array
                (
                    [0] => 
                    [1] => contrattino
                    [2] => scontoobbiettivotargetspeciali
                    [3] => 1
                    [4] => 118
                )

            [verb] => GET
            [parameters] => Array
                (
                    [obbiettivo] => 10000
                    [premio] => 12323,4
                )

            [format] => json
            [datetime] => 1470216559
            [httpheaders] => Array
                (
                    [Host] => localhost
                    [Connection] => keep-alive
                    [Cache-Control] => max-age=0
                    [Upgrade-Insecure-Requests] => 1
                    [User-Agent] => Mozilla/5.0 (Windows NT 10.0; WOW64) AppleWebKit/537.36 (KHTML, like Gecko) Chrome/51.0.2704.103 Safari/537.36
                    [Accept] => text/html,application/xhtml+xml,application/xml;q=0.9,image/webp,*/*;q=0.8
                    [Accept-Encoding] => gzip, deflate, sdch
                    [Accept-Language] => it-IT,it;q=0.8,en-US;q=0.6,en;q=0.4
                    [Cookie] => lang=en; error=Y; invalidMail=Y
                )

        )

)

2016-08-03T11:29:19+02:00 SessionId :  ClientIP : ::1 [RESTGATEWAY] Array
(
    [timestamp] => 1470216559
    [result] => Array
        (
            [request_time] => Wed Aug 3 11:29:19 CEST 2016
            [code] => 200
            [response_time] => Wed Aug 3 11:29:19 CEST 2016
            [status] => success
            [contrattino] => -12300.1
        )

)

2016-08-03T11:29:26+02:00 SessionId :  ClientIP : ::1 [RESTGATEWAY] Array
(
    [timestamp] => 1470216566
    [request] => backend\common\rest\library\Request Object
        (
            [url_elements] => Array
                (
                    [0] => 
                    [1] => contrattino
                    [2] => scontoobbiettivotargetspeciali
                    [3] => 1
                    [4] => 118
                )

            [verb] => GET
            [parameters] => Array
                (
                    [obbiettivo] => 10000
                    [premio] => 12323,4
                )

            [format] => json
            [datetime] => 1470216566
            [httpheaders] => Array
                (
                    [Host] => localhost
                    [Connection] => keep-alive
                    [Cache-Control] => max-age=0
                    [Upgrade-Insecure-Requests] => 1
                    [User-Agent] => Mozilla/5.0 (Windows NT 10.0; WOW64) AppleWebKit/537.36 (KHTML, like Gecko) Chrome/51.0.2704.103 Safari/537.36
                    [Accept] => text/html,application/xhtml+xml,application/xml;q=0.9,image/webp,*/*;q=0.8
                    [Accept-Encoding] => gzip, deflate, sdch
                    [Accept-Language] => it-IT,it;q=0.8,en-US;q=0.6,en;q=0.4
                    [Cookie] => lang=en; error=Y; invalidMail=Y
                )

        )

)

2016-08-03T11:29:26+02:00 SessionId :  ClientIP : ::1 [RESTGATEWAY] Array
(
    [timestamp] => 1470216566
    [result] => Array
        (
            [request_time] => Wed Aug 3 11:29:26 CEST 2016
            [code] => 200
            [response_time] => Wed Aug 3 11:29:26 CEST 2016
            [status] => success
            [contrattino] => -12300.1
        )

)

2016-08-03T11:29:40+02:00 SessionId :  ClientIP : ::1 [RESTGATEWAY] Array
(
    [timestamp] => 1470216580
    [request] => backend\common\rest\library\Request Object
        (
            [url_elements] => Array
                (
                    [0] => 
                    [1] => contrattino
                    [2] => scontoobbiettivotargetspeciali
                    [3] => 1
                    [4] => 118
                )

            [verb] => GET
            [parameters] => Array
                (
                    [obbiettivo] => 10000
                    [premio] => 12323,4
                )

            [format] => json
            [datetime] => 1470216580
            [httpheaders] => Array
                (
                    [Host] => localhost
                    [Connection] => keep-alive
                    [Cache-Control] => max-age=0
                    [Upgrade-Insecure-Requests] => 1
                    [User-Agent] => Mozilla/5.0 (Windows NT 10.0; WOW64) AppleWebKit/537.36 (KHTML, like Gecko) Chrome/51.0.2704.103 Safari/537.36
                    [Accept] => text/html,application/xhtml+xml,application/xml;q=0.9,image/webp,*/*;q=0.8
                    [Accept-Encoding] => gzip, deflate, sdch
                    [Accept-Language] => it-IT,it;q=0.8,en-US;q=0.6,en;q=0.4
                    [Cookie] => lang=en; error=Y; invalidMail=Y
                )

        )

)

2016-08-03T11:29:40+02:00 SessionId :  ClientIP : ::1 [RESTGATEWAY] Array
(
    [timestamp] => 1470216580
    [result] => Array
        (
            [request_time] => Wed Aug 3 11:29:40 CEST 2016
            [code] => 200
            [response_time] => Wed Aug 3 11:29:40 CEST 2016
            [status] => success
            [sconto] => -12300.1
        )

)

2016-08-03T11:30:19+02:00 SessionId :  ClientIP : ::1 [RESTGATEWAY] Array
(
    [timestamp] => 1470216619
    [request] => backend\common\rest\library\Request Object
        (
            [url_elements] => Array
                (
                    [0] => 
                    [1] => contrattino
                    [2] => scontoobbiettivotargetspeciali
                    [3] => 1
                    [4] => 118
                )

            [verb] => GET
            [parameters] => Array
                (
                    [obbiettivo] => 1
                    [premio] => 10
                )

            [format] => json
            [datetime] => 1470216619
            [httpheaders] => Array
                (
                    [Host] => localhost
                    [Connection] => keep-alive
                    [Upgrade-Insecure-Requests] => 1
                    [User-Agent] => Mozilla/5.0 (Windows NT 10.0; WOW64) AppleWebKit/537.36 (KHTML, like Gecko) Chrome/51.0.2704.103 Safari/537.36
                    [Accept] => text/html,application/xhtml+xml,application/xml;q=0.9,image/webp,*/*;q=0.8
                    [Accept-Encoding] => gzip, deflate, sdch
                    [Accept-Language] => it-IT,it;q=0.8,en-US;q=0.6,en;q=0.4
                    [Cookie] => lang=en; error=Y; invalidMail=Y
                )

        )

)

2016-08-03T11:30:19+02:00 SessionId :  ClientIP : ::1 [RESTGATEWAY] Array
(
    [timestamp] => 1470216619
    [result] => Array
        (
            [request_time] => Wed Aug 3 11:30:19 CEST 2016
            [code] => 200
            [response_time] => Wed Aug 3 11:30:19 CEST 2016
            [status] => success
            [sconto] => 12.9
        )

)

2016-08-03T11:30:23+02:00 SessionId :  ClientIP : ::1 [RESTGATEWAY] Array
(
    [timestamp] => 1470216623
    [request] => backend\common\rest\library\Request Object
        (
            [url_elements] => Array
                (
                    [0] => 
                    [1] => contrattino
                    [2] => scontoobbiettivotargetspeciali
                    [3] => 1
                    [4] => 118
                )

            [verb] => GET
            [parameters] => Array
                (
                    [obbiettivo] => 1
                    [premio] => 11
                )

            [format] => json
            [datetime] => 1470216623
            [httpheaders] => Array
                (
                    [Host] => localhost
                    [Connection] => keep-alive
                    [Upgrade-Insecure-Requests] => 1
                    [User-Agent] => Mozilla/5.0 (Windows NT 10.0; WOW64) AppleWebKit/537.36 (KHTML, like Gecko) Chrome/51.0.2704.103 Safari/537.36
                    [Accept] => text/html,application/xhtml+xml,application/xml;q=0.9,image/webp,*/*;q=0.8
                    [Accept-Encoding] => gzip, deflate, sdch
                    [Accept-Language] => it-IT,it;q=0.8,en-US;q=0.6,en;q=0.4
                    [Cookie] => lang=en; error=Y; invalidMail=Y
                )

        )

)

2016-08-03T11:30:23+02:00 SessionId :  ClientIP : ::1 [RESTGATEWAY] Array
(
    [timestamp] => 1470216623
    [result] => Array
        (
            [request_time] => Wed Aug 3 11:30:23 CEST 2016
            [code] => 200
            [response_time] => Wed Aug 3 11:30:23 CEST 2016
            [status] => success
            [sconto] => 11.9
        )

)

2016-08-03T11:30:32+02:00 SessionId :  ClientIP : ::1 [RESTGATEWAY] Array
(
    [timestamp] => 1470216632
    [request] => backend\common\rest\library\Request Object
        (
            [url_elements] => Array
                (
                    [0] => 
                    [1] => contrattino
                    [2] => scontoobbiettivotargetspeciali
                    [3] => 1
                    [4] => 118
                )

            [verb] => GET
            [parameters] => Array
                (
                    [obbiettivo] => 5
                    [premio] => 50
                )

            [format] => json
            [datetime] => 1470216632
            [httpheaders] => Array
                (
                    [Host] => localhost
                    [Connection] => keep-alive
                    [Upgrade-Insecure-Requests] => 1
                    [User-Agent] => Mozilla/5.0 (Windows NT 10.0; WOW64) AppleWebKit/537.36 (KHTML, like Gecko) Chrome/51.0.2704.103 Safari/537.36
                    [Accept] => text/html,application/xhtml+xml,application/xml;q=0.9,image/webp,*/*;q=0.8
                    [Accept-Encoding] => gzip, deflate, sdch
                    [Accept-Language] => it-IT,it;q=0.8,en-US;q=0.6,en;q=0.4
                    [Cookie] => lang=en; error=Y; invalidMail=Y
                )

        )

)

2016-08-03T11:30:32+02:00 SessionId :  ClientIP : ::1 [RESTGATEWAY] Array
(
    [timestamp] => 1470216632
    [result] => Array
        (
            [request_time] => Wed Aug 3 11:30:32 CEST 2016
            [code] => 200
            [response_time] => Wed Aug 3 11:30:32 CEST 2016
            [status] => success
            [sconto] => -27.1
        )

)

2016-08-03T11:30:48+02:00 SessionId :  ClientIP : ::1 [RESTGATEWAY] Array
(
    [timestamp] => 1470216648
    [request] => backend\common\rest\library\Request Object
        (
            [url_elements] => Array
                (
                    [0] => 
                    [1] => contrattino
                    [2] => scontoobbiettivotargetspeciali
                    [3] => 1
                    [4] => 118
                )

            [verb] => GET
            [parameters] => Array
                (
                    [obbiettivo] => 5
                    [premio] => 50
                )

            [format] => json
            [datetime] => 1470216648
            [httpheaders] => Array
                (
                    [Host] => localhost
                    [Connection] => keep-alive
                    [Cache-Control] => max-age=0
                    [Upgrade-Insecure-Requests] => 1
                    [User-Agent] => Mozilla/5.0 (Windows NT 10.0; WOW64) AppleWebKit/537.36 (KHTML, like Gecko) Chrome/51.0.2704.103 Safari/537.36
                    [Accept] => text/html,application/xhtml+xml,application/xml;q=0.9,image/webp,*/*;q=0.8
                    [Accept-Encoding] => gzip, deflate, sdch
                    [Accept-Language] => it-IT,it;q=0.8,en-US;q=0.6,en;q=0.4
                    [Cookie] => lang=en; error=Y; invalidMail=Y
                )

        )

)

2016-08-03T11:30:48+02:00 SessionId :  ClientIP : ::1 [RESTGATEWAY] Array
(
    [timestamp] => 1470216648
    [result] => Array
        (
            [request_time] => Wed Aug 3 11:30:48 CEST 2016
            [code] => 200
            [response_time] => Wed Aug 3 11:30:48 CEST 2016
            [status] => success
            [sconto] => -27.1
        )

)

2016-08-03T11:30:56+02:00 SessionId :  ClientIP : ::1 [RESTGATEWAY] Array
(
    [timestamp] => 1470216656
    [request] => backend\common\rest\library\Request Object
        (
            [url_elements] => Array
                (
                    [0] => 
                    [1] => contrattino
                    [2] => scontoobbiettivotargetspeciali
                    [3] => 5
                    [4] => 118
                )

            [verb] => GET
            [parameters] => Array
                (
                    [obbiettivo] => 5
                    [premio] => 50
                )

            [format] => json
            [datetime] => 1470216656
            [httpheaders] => Array
                (
                    [Host] => localhost
                    [Connection] => keep-alive
                    [Upgrade-Insecure-Requests] => 1
                    [User-Agent] => Mozilla/5.0 (Windows NT 10.0; WOW64) AppleWebKit/537.36 (KHTML, like Gecko) Chrome/51.0.2704.103 Safari/537.36
                    [Accept] => text/html,application/xhtml+xml,application/xml;q=0.9,image/webp,*/*;q=0.8
                    [Accept-Encoding] => gzip, deflate, sdch
                    [Accept-Language] => it-IT,it;q=0.8,en-US;q=0.6,en;q=0.4
                    [Cookie] => lang=en; error=Y; invalidMail=Y
                )

        )

)

2016-08-03T11:30:56+02:00 SessionId :  ClientIP : ::1 [RESTGATEWAY] Array
(
    [timestamp] => 1470216656
    [result] => Array
        (
            [request_time] => Wed Aug 3 11:30:56 CEST 2016
            [code] => 200
            [response_time] => Wed Aug 3 11:30:56 CEST 2016
            [status] => success
            [sconto] => 11.45
        )

)

2016-08-03T11:32:51+02:00 SessionId :  ClientIP : ::1 [RESTGATEWAY] Array
(
    [timestamp] => 1470216771
    [request] => backend\common\rest\library\Request Object
        (
            [url_elements] => Array
                (
                    [0] => 
                    [1] => contrattino
                    [2] => scontoobbiettivotargetspeciali
                    [3] => 5
                    [4] => 118
                )

            [verb] => GET
            [parameters] => Array
                (
                    [obbiettivo] => 3
                    [premio] => 10
                )

            [format] => json
            [datetime] => 1470216771
            [httpheaders] => Array
                (
                    [Host] => localhost
                    [Connection] => keep-alive
                    [Upgrade-Insecure-Requests] => 1
                    [User-Agent] => Mozilla/5.0 (Windows NT 10.0; WOW64) AppleWebKit/537.36 (KHTML, like Gecko) Chrome/51.0.2704.103 Safari/537.36
                    [Accept] => text/html,application/xhtml+xml,application/xml;q=0.9,image/webp,*/*;q=0.8
                    [Accept-Encoding] => gzip, deflate, sdch
                    [Accept-Language] => it-IT,it;q=0.8,en-US;q=0.6,en;q=0.4
                    [Cookie] => lang=en; error=Y; invalidMail=Y
                )

        )

)

2016-08-03T11:32:51+02:00 SessionId :  ClientIP : ::1 [RESTGATEWAY] Array
(
    [timestamp] => 1470216771
    [result] => Array
        (
            [request_time] => Wed Aug 3 11:32:51 CEST 2016
            [code] => 200
            [response_time] => Wed Aug 3 11:32:51 CEST 2016
            [status] => success
            [sconto] => 20.61
        )

)

2016-08-03T11:37:19+02:00 SessionId :  ClientIP : ::1 [RESTGATEWAY] Array
(
    [timestamp] => 1470217039
    [request] => backend\common\rest\library\Request Object
        (
            [url_elements] => Array
                (
                    [0] => 
                    [1] => contrattino
                    [2] => scontoobbiettivotargetspeciali
                    [3] => 1
                    [4] => 118
                )

            [verb] => GET
            [parameters] => Array
                (
                    [obbiettivo] => 3
                    [premio] => 10
                )

            [format] => json
            [datetime] => 1470217039
            [httpheaders] => Array
                (
                    [Host] => localhost
                    [Connection] => keep-alive
                    [Upgrade-Insecure-Requests] => 1
                    [User-Agent] => Mozilla/5.0 (Windows NT 10.0; WOW64) AppleWebKit/537.36 (KHTML, like Gecko) Chrome/51.0.2704.103 Safari/537.36
                    [Accept] => text/html,application/xhtml+xml,application/xml;q=0.9,image/webp,*/*;q=0.8
                    [Accept-Encoding] => gzip, deflate, sdch
                    [Accept-Language] => it-IT,it;q=0.8,en-US;q=0.6,en;q=0.4
                    [Cookie] => lang=en; error=Y; invalidMail=Y
                )

        )

)

2016-08-03T11:37:19+02:00 SessionId :  ClientIP : ::1 [RESTGATEWAY] Array
(
    [timestamp] => 1470217039
    [result] => Array
        (
            [request_time] => Wed Aug 3 11:37:19 CEST 2016
            [code] => 200
            [response_time] => Wed Aug 3 11:37:19 CEST 2016
            [status] => success
            [sconto] => 10
        )

)

2016-08-03T11:37:27+02:00 SessionId :  ClientIP : ::1 [RESTGATEWAY] Array
(
    [timestamp] => 1470217047
    [request] => backend\common\rest\library\Request Object
        (
            [url_elements] => Array
                (
                    [0] => 
                    [1] => contrattino
                    [2] => scontoobbiettivotargetspeciali
                    [3] => 5
                    [4] => 118
                )

            [verb] => GET
            [parameters] => Array
                (
                    [obbiettivo] => 3
                    [premio] => 10
                )

            [format] => json
            [datetime] => 1470217047
            [httpheaders] => Array
                (
                    [Host] => localhost
                    [Connection] => keep-alive
                    [Upgrade-Insecure-Requests] => 1
                    [User-Agent] => Mozilla/5.0 (Windows NT 10.0; WOW64) AppleWebKit/537.36 (KHTML, like Gecko) Chrome/51.0.2704.103 Safari/537.36
                    [Accept] => text/html,application/xhtml+xml,application/xml;q=0.9,image/webp,*/*;q=0.8
                    [Accept-Encoding] => gzip, deflate, sdch
                    [Accept-Language] => it-IT,it;q=0.8,en-US;q=0.6,en;q=0.4
                    [Cookie] => lang=en; error=Y; invalidMail=Y
                )

        )

)

2016-08-03T11:37:27+02:00 SessionId :  ClientIP : ::1 [RESTGATEWAY] Array
(
    [timestamp] => 1470217047
    [result] => Array
        (
            [request_time] => Wed Aug 3 11:37:27 CEST 2016
            [code] => 200
            [response_time] => Wed Aug 3 11:37:27 CEST 2016
            [status] => success
            [sconto] => 0.9
        )

)

2016-08-03T11:38:14+02:00 SessionId :  ClientIP : ::1 [RESTGATEWAY] Array
(
    [timestamp] => 1470217094
    [request] => backend\common\rest\library\Request Object
        (
            [url_elements] => Array
                (
                    [0] => 
                    [1] => contrattino
                    [2] => scontoobbiettivotargetspeciali
                    [3] => 5
                    [4] => 118
                )

            [verb] => GET
            [parameters] => Array
                (
                    [obbiettivo] => 3
                    [premio] => 10
                )

            [format] => json
            [datetime] => 1470217094
            [httpheaders] => Array
                (
                    [Host] => localhost
                    [Connection] => keep-alive
                    [Cache-Control] => max-age=0
                    [Upgrade-Insecure-Requests] => 1
                    [User-Agent] => Mozilla/5.0 (Windows NT 10.0; WOW64) AppleWebKit/537.36 (KHTML, like Gecko) Chrome/51.0.2704.103 Safari/537.36
                    [Accept] => text/html,application/xhtml+xml,application/xml;q=0.9,image/webp,*/*;q=0.8
                    [Accept-Encoding] => gzip, deflate, sdch
                    [Accept-Language] => it-IT,it;q=0.8,en-US;q=0.6,en;q=0.4
                    [Cookie] => lang=en; error=Y; invalidMail=Y
                )

        )

)

2016-08-03T11:38:14+02:00 SessionId :  ClientIP : ::1 [RESTGATEWAY] Array
(
    [timestamp] => 1470217094
    [result] => Array
        (
            [request_time] => Wed Aug 3 11:38:14 CEST 2016
            [code] => 200
            [response_time] => Wed Aug 3 11:38:14 CEST 2016
            [status] => success
            [sconto] => 2.29
        )

)

2016-08-03T11:43:39+02:00 SessionId :  ClientIP : ::1 [RESTGATEWAY] Array
(
    [timestamp] => 1470217419
    [request] => backend\common\rest\library\Request Object
        (
            [url_elements] => Array
                (
                    [0] => 
                    [1] => contrattino
                    [2] => scontoobbiettivotargetspeciali
                    [3] => 5
                    [4] => 118
                )

            [verb] => GET
            [parameters] => Array
                (
                    [obbiettivo] => 3
                    [premio] => 10
                )

            [format] => json
            [datetime] => 1470217419
            [httpheaders] => Array
                (
                    [Host] => localhost
                    [Connection] => keep-alive
                    [Cache-Control] => max-age=0
                    [Upgrade-Insecure-Requests] => 1
                    [User-Agent] => Mozilla/5.0 (Windows NT 10.0; WOW64) AppleWebKit/537.36 (KHTML, like Gecko) Chrome/51.0.2704.103 Safari/537.36
                    [Accept] => text/html,application/xhtml+xml,application/xml;q=0.9,image/webp,*/*;q=0.8
                    [Accept-Encoding] => gzip, deflate, sdch
                    [Accept-Language] => it-IT,it;q=0.8,en-US;q=0.6,en;q=0.4
                    [Cookie] => lang=en; error=Y; invalidMail=Y
                )

        )

)

2016-08-03T11:43:39+02:00 SessionId :  ClientIP : ::1 [RESTGATEWAY] Array
(
    [timestamp] => 1470217419
    [result] => Array
        (
            [request_time] => Wed Aug 3 11:43:39 CEST 2016
            [code] => 200
            [response_time] => Wed Aug 3 11:43:39 CEST 2016
            [status] => success
            [sconto] => 2.29
        )

)

2016-08-03T11:43:42+02:00 SessionId :  ClientIP : ::1 [RESTGATEWAY] Array
(
    [timestamp] => 1470217422
    [request] => backend\common\rest\library\Request Object
        (
            [url_elements] => Array
                (
                    [0] => 
                    [1] => contrattino
                    [2] => scontoobbiettivotargetspeciali
                    [3] => 5
                    [4] => 118
                )

            [verb] => GET
            [parameters] => Array
                (
                    [obbiettivo] => 3
                    [premio] => 10
                )

            [format] => json
            [datetime] => 1470217422
            [httpheaders] => Array
                (
                    [Host] => localhost
                    [Connection] => keep-alive
                    [Cache-Control] => max-age=0
                    [Upgrade-Insecure-Requests] => 1
                    [User-Agent] => Mozilla/5.0 (Windows NT 10.0; WOW64) AppleWebKit/537.36 (KHTML, like Gecko) Chrome/51.0.2704.103 Safari/537.36
                    [Accept] => text/html,application/xhtml+xml,application/xml;q=0.9,image/webp,*/*;q=0.8
                    [Accept-Encoding] => gzip, deflate, sdch
                    [Accept-Language] => it-IT,it;q=0.8,en-US;q=0.6,en;q=0.4
                    [Cookie] => lang=en; error=Y; invalidMail=Y
                )

        )

)

2016-08-03T11:43:42+02:00 SessionId :  ClientIP : ::1 [RESTGATEWAY] Array
(
    [timestamp] => 1470217422
    [result] => Array
        (
            [request_time] => Wed Aug 3 11:43:42 CEST 2016
            [code] => 200
            [response_time] => Wed Aug 3 11:43:42 CEST 2016
            [status] => success
            [sconto] => 2.29
        )

)

2016-08-03T11:43:48+02:00 SessionId :  ClientIP : ::1 [RESTGATEWAY] Array
(
    [timestamp] => 1470217428
    [request] => backend\common\rest\library\Request Object
        (
            [url_elements] => Array
                (
                    [0] => 
                    [1] => contrattino
                    [2] => scontoobbiettivotargetspeciali
                    [3] => 3
                    [4] => 118
                )

            [verb] => GET
            [parameters] => Array
                (
                    [obbiettivo] => 3
                    [premio] => 10
                )

            [format] => json
            [datetime] => 1470217428
            [httpheaders] => Array
                (
                    [Host] => localhost
                    [Connection] => keep-alive
                    [Upgrade-Insecure-Requests] => 1
                    [User-Agent] => Mozilla/5.0 (Windows NT 10.0; WOW64) AppleWebKit/537.36 (KHTML, like Gecko) Chrome/51.0.2704.103 Safari/537.36
                    [Accept] => text/html,application/xhtml+xml,application/xml;q=0.9,image/webp,*/*;q=0.8
                    [Accept-Encoding] => gzip, deflate, sdch
                    [Accept-Language] => it-IT,it;q=0.8,en-US;q=0.6,en;q=0.4
                    [Cookie] => lang=en; error=Y; invalidMail=Y
                )

        )

)

2016-08-03T11:43:48+02:00 SessionId :  ClientIP : ::1 [RESTGATEWAY] Array
(
    [timestamp] => 1470217428
    [result] => Array
        (
            [request_time] => Wed Aug 3 11:43:48 CEST 2016
            [code] => 200
            [response_time] => Wed Aug 3 11:43:48 CEST 2016
            [status] => success
            [sconto] => 1.010101010101
        )

)

2016-08-03T11:44:36+02:00 SessionId :  ClientIP : ::1 [RESTGATEWAY] Array
(
    [timestamp] => 1470217476
    [request] => backend\common\rest\library\Request Object
        (
            [url_elements] => Array
                (
                    [0] => 
                    [1] => contrattino
                    [2] => scontoobbiettivotargetspeciali
                    [3] => 3
                    [4] => 118
                )

            [verb] => GET
            [parameters] => Array
                (
                    [obbiettivo] => 3
                    [premio] => 10
                )

            [format] => json
            [datetime] => 1470217476
            [httpheaders] => Array
                (
                    [Host] => localhost
                    [Connection] => keep-alive
                    [Cache-Control] => max-age=0
                    [Upgrade-Insecure-Requests] => 1
                    [User-Agent] => Mozilla/5.0 (Windows NT 10.0; WOW64) AppleWebKit/537.36 (KHTML, like Gecko) Chrome/51.0.2704.103 Safari/537.36
                    [Accept] => text/html,application/xhtml+xml,application/xml;q=0.9,image/webp,*/*;q=0.8
                    [Accept-Encoding] => gzip, deflate, sdch
                    [Accept-Language] => it-IT,it;q=0.8,en-US;q=0.6,en;q=0.4
                    [Cookie] => lang=en; error=Y; invalidMail=Y
                )

        )

)

2016-08-03T11:44:36+02:00 SessionId :  ClientIP : ::1 [RESTGATEWAY] Array
(
    [timestamp] => 1470217476
    [result] => Array
        (
            [request_time] => Wed Aug 3 11:44:36 CEST 2016
            [code] => 200
            [response_time] => Wed Aug 3 11:44:36 CEST 2016
            [status] => success
            [sconto] => 1.010101010101
        )

)

2016-08-03T12:03:17+02:00 SessionId :  ClientIP : ::1 [RESTGATEWAY] Array
(
    [timestamp] => 1470218597
    [request] => backend\common\rest\library\Request Object
        (
            [url_elements] => Array
                (
                    [0] => 
                    [1] => contrattino
                    [2] => scontoobbiettivotargetspeciali
                    [3] => 4
                    [4] => 118
                )

            [verb] => GET
            [parameters] => Array
                (
                    [obbiettivo] => 3
                    [premio] => 10
                )

            [format] => json
            [datetime] => 1470218597
            [httpheaders] => Array
                (
                    [Host] => localhost
                    [Connection] => keep-alive
                    [Upgrade-Insecure-Requests] => 1
                    [User-Agent] => Mozilla/5.0 (Windows NT 10.0; WOW64) AppleWebKit/537.36 (KHTML, like Gecko) Chrome/51.0.2704.103 Safari/537.36
                    [Accept] => text/html,application/xhtml+xml,application/xml;q=0.9,image/webp,*/*;q=0.8
                    [Accept-Encoding] => gzip, deflate, sdch
                    [Accept-Language] => it-IT,it;q=0.8,en-US;q=0.6,en;q=0.4
                    [Cookie] => lang=en; error=Y; invalidMail=Y
                )

        )

)

2016-08-03T12:03:17+02:00 SessionId :  ClientIP : ::1 [RESTGATEWAY] Array
(
    [timestamp] => 1470218597
    [result] => Array
        (
            [request_time] => Wed Aug 3 12:03:17 CEST 2016
            [code] => 200
            [response_time] => Wed Aug 3 12:03:17 CEST 2016
            [status] => success
            [sconto] => 0.50505050505051
        )

)

2016-08-03T15:07:41+02:00 SessionId :  ClientIP : ::1 [RESTGATEWAY] Array
(
    [timestamp] => 1470229661
    [request] => backend\common\rest\library\Request Object
        (
            [url_elements] => Array
                (
                    [0] => 
                    [1] => contrattino
                    [2] => scontoobbiettivotargetspeciali
                    [3] => 3
                    [4] => 118
                )

            [verb] => GET
            [parameters] => Array
                (
                    [obbiettivo] => 3
                    [premio] => 10
                )

            [format] => json
            [datetime] => 1470229661
            [httpheaders] => Array
                (
                    [Host] => localhost
                    [Connection] => keep-alive
                    [Upgrade-Insecure-Requests] => 1
                    [User-Agent] => Mozilla/5.0 (Windows NT 10.0; WOW64) AppleWebKit/537.36 (KHTML, like Gecko) Chrome/51.0.2704.103 Safari/537.36
                    [Accept] => text/html,application/xhtml+xml,application/xml;q=0.9,image/webp,*/*;q=0.8
                    [Accept-Encoding] => gzip, deflate, sdch
                    [Accept-Language] => it-IT,it;q=0.8,en-US;q=0.6,en;q=0.4
                    [Cookie] => lang=en; error=Y; invalidMail=Y
                )

        )

)

2016-08-03T15:07:41+02:00 SessionId :  ClientIP : ::1 [RESTGATEWAY] Array
(
    [timestamp] => 1470229661
    [result] => Array
        (
            [request_time] => Wed Aug 3 15:07:41 CEST 2016
            [code] => 200
            [response_time] => Wed Aug 3 15:07:41 CEST 2016
            [status] => success
            [sconto] => 1.010101010101
        )

)

2016-08-03T15:07:52+02:00 SessionId :  ClientIP : ::1 [RESTGATEWAY] Array
(
    [timestamp] => 1470229672
    [request] => backend\common\rest\library\Request Object
        (
            [url_elements] => Array
                (
                    [0] => 
                    [1] => contrattino
                    [2] => scontoobbiettivotargetspeciali
                    [3] => 2
                    [4] => 118
                )

            [verb] => GET
            [parameters] => Array
                (
                    [obbiettivo] => 3
                    [premio] => 10
                )

            [format] => json
            [datetime] => 1470229672
            [httpheaders] => Array
                (
                    [Host] => localhost
                    [Connection] => keep-alive
                    [Upgrade-Insecure-Requests] => 1
                    [User-Agent] => Mozilla/5.0 (Windows NT 10.0; WOW64) AppleWebKit/537.36 (KHTML, like Gecko) Chrome/51.0.2704.103 Safari/537.36
                    [Accept] => text/html,application/xhtml+xml,application/xml;q=0.9,image/webp,*/*;q=0.8
                    [Accept-Encoding] => gzip, deflate, sdch
                    [Accept-Language] => it-IT,it;q=0.8,en-US;q=0.6,en;q=0.4
                    [Cookie] => lang=en; error=Y; invalidMail=Y
                )

        )

)

2016-08-03T15:07:52+02:00 SessionId :  ClientIP : ::1 [RESTGATEWAY] Array
(
    [timestamp] => 1470229672
    [result] => Array
        (
            [request_time] => Wed Aug 3 15:07:52 CEST 2016
            [code] => 200
            [response_time] => Wed Aug 3 15:07:52 CEST 2016
            [status] => success
            [sconto] => 
        )

)

2016-08-03T15:08:21+02:00 SessionId :  ClientIP : ::1 [RESTGATEWAY] Array
(
    [timestamp] => 1470229701
    [request] => backend\common\rest\library\Request Object
        (
            [url_elements] => Array
                (
                    [0] => 
                    [1] => contrattino
                    [2] => scontoobbiettivotargetspeciali
                    [3] => 2
                    [4] => 118
                )

            [verb] => GET
            [parameters] => Array
                (
                    [obbiettivo] => 3
                    [premio] => 10
                    [unitamisuraobbiettivo] => 3
                )

            [format] => json
            [datetime] => 1470229701
            [httpheaders] => Array
                (
                    [Host] => localhost
                    [Connection] => keep-alive
                    [Upgrade-Insecure-Requests] => 1
                    [User-Agent] => Mozilla/5.0 (Windows NT 10.0; WOW64) AppleWebKit/537.36 (KHTML, like Gecko) Chrome/51.0.2704.103 Safari/537.36
                    [Accept] => text/html,application/xhtml+xml,application/xml;q=0.9,image/webp,*/*;q=0.8
                    [Accept-Encoding] => gzip, deflate, sdch
                    [Accept-Language] => it-IT,it;q=0.8,en-US;q=0.6,en;q=0.4
                    [Cookie] => lang=en; error=Y; invalidMail=Y
                )

        )

)

2016-08-03T15:08:21+02:00 SessionId :  ClientIP : ::1 [RESTGATEWAY] Array
(
    [timestamp] => 1470229701
    [result] => Array
        (
            [request_time] => Wed Aug 3 15:08:21 CEST 2016
            [code] => 200
            [response_time] => Wed Aug 3 15:08:21 CEST 2016
            [status] => success
            [sconto] => 0
        )

)

2016-08-03T15:08:31+02:00 SessionId :  ClientIP : ::1 [RESTGATEWAY] Array
(
    [timestamp] => 1470229711
    [request] => backend\common\rest\library\Request Object
        (
            [url_elements] => Array
                (
                    [0] => 
                    [1] => contrattino
                    [2] => scontoobbiettivotargetspeciali
                    [3] => 2
                    [4] => 118
                )

            [verb] => GET
            [parameters] => Array
                (
                    [obbiettivo] => 3
                    [premio] => 10
                    [unitamisuraobbiettivo] => 3
                )

            [format] => json
            [datetime] => 1470229711
            [httpheaders] => Array
                (
                    [Host] => localhost
                    [Connection] => keep-alive
                    [Cache-Control] => max-age=0
                    [Upgrade-Insecure-Requests] => 1
                    [User-Agent] => Mozilla/5.0 (Windows NT 10.0; WOW64) AppleWebKit/537.36 (KHTML, like Gecko) Chrome/51.0.2704.103 Safari/537.36
                    [Accept] => text/html,application/xhtml+xml,application/xml;q=0.9,image/webp,*/*;q=0.8
                    [Accept-Encoding] => gzip, deflate, sdch
                    [Accept-Language] => it-IT,it;q=0.8,en-US;q=0.6,en;q=0.4
                    [Cookie] => lang=en; error=Y; invalidMail=Y
                )

        )

)

2016-08-03T15:08:31+02:00 SessionId :  ClientIP : ::1 [RESTGATEWAY] Array
(
    [timestamp] => 1470229711
    [result] => Array
        (
            [request_time] => Wed Aug 3 15:08:31 CEST 2016
            [code] => 200
            [response_time] => Wed Aug 3 15:08:31 CEST 2016
            [status] => success
            [sconto] => 76.333333333333
        )

)

2016-08-03T15:08:51+02:00 SessionId :  ClientIP : ::1 [RESTGATEWAY] Array
(
    [timestamp] => 1470229731
    [request] => backend\common\rest\library\Request Object
        (
            [url_elements] => Array
                (
                    [0] => 
                    [1] => contrattino
                    [2] => scontoobbiettivotargetspeciali
                    [3] => 2
                    [4] => 118
                )

            [verb] => GET
            [parameters] => Array
                (
                    [obbiettivo] => 30000
                    [premio] => 1000
                    [unitamisuraobbiettivo] => 3
                )

            [format] => json
            [datetime] => 1470229731
            [httpheaders] => Array
                (
                    [Host] => localhost
                    [Connection] => keep-alive
                    [Upgrade-Insecure-Requests] => 1
                    [User-Agent] => Mozilla/5.0 (Windows NT 10.0; WOW64) AppleWebKit/537.36 (KHTML, like Gecko) Chrome/51.0.2704.103 Safari/537.36
                    [Accept] => text/html,application/xhtml+xml,application/xml;q=0.9,image/webp,*/*;q=0.8
                    [Accept-Encoding] => gzip, deflate, sdch
                    [Accept-Language] => it-IT,it;q=0.8,en-US;q=0.6,en;q=0.4
                    [Cookie] => lang=en; error=Y; invalidMail=Y
                )

        )

)

2016-08-03T15:08:51+02:00 SessionId :  ClientIP : ::1 [RESTGATEWAY] Array
(
    [timestamp] => 1470229731
    [result] => Array
        (
            [request_time] => Wed Aug 3 15:08:51 CEST 2016
            [code] => 200
            [response_time] => Wed Aug 3 15:08:51 CEST 2016
            [status] => success
            [sconto] => 0.76333333333333
        )

)

2016-08-03T15:28:19+02:00 SessionId :  ClientIP : ::1 [RESTGATEWAY] Array
(
    [timestamp] => 1470230899
    [request] => backend\common\rest\library\Request Object
        (
            [url_elements] => Array
                (
                    [0] => 
                    [1] => contrattino
                    [2] => scontoobbiettivotargetspeciali
                    [3] => 2
                    [4] => 118
                )

            [verb] => GET
            [parameters] => Array
                (
                    [obbiettivo] => 30000
                    [premio] => 1000
                    [unitamisuraobbiettivo] => 3
                )

            [format] => json
            [datetime] => 1470230899
            [httpheaders] => Array
                (
                    [Host] => localhost
                    [Connection] => keep-alive
                    [Cache-Control] => max-age=0
                    [Upgrade-Insecure-Requests] => 1
                    [User-Agent] => Mozilla/5.0 (Windows NT 10.0; WOW64) AppleWebKit/537.36 (KHTML, like Gecko) Chrome/51.0.2704.103 Safari/537.36
                    [Accept] => text/html,application/xhtml+xml,application/xml;q=0.9,image/webp,*/*;q=0.8
                    [Accept-Encoding] => gzip, deflate, sdch
                    [Accept-Language] => it-IT,it;q=0.8,en-US;q=0.6,en;q=0.4
                    [Cookie] => lang=en; error=Y; invalidMail=Y
                )

        )

)

2016-08-03T15:28:19+02:00 SessionId :  ClientIP : ::1 [RESTGATEWAY] Array
(
    [timestamp] => 1470230899
    [result] => Array
        (
            [request_time] => Wed Aug 3 15:28:19 CEST 2016
            [code] => 200
            [response_time] => Wed Aug 3 15:28:19 CEST 2016
            [status] => success
            [sconto] => 0.76333333333333
        )

)

2016-08-03T16:01:47+02:00 SessionId :  ClientIP : ::1 [RESTGATEWAY] Array
(
    [timestamp] => 1470232907
    [request] => backend\common\rest\library\Request Object
        (
            [url_elements] => Array
                (
                    [0] => 
                    [1] => contrattino
                    [2] => scontoobbiettivotargetspeciali
                    [3] => 2
                    [4] => 118
                )

            [verb] => GET
            [parameters] => Array
                (
                    [obbiettivo] => 30000
                    [premio] => 1000
                    [unitamisuraobbiettivo] => 4
                )

            [format] => json
            [datetime] => 1470232907
            [httpheaders] => Array
                (
                    [Host] => localhost
                    [Connection] => keep-alive
                    [Upgrade-Insecure-Requests] => 1
                    [User-Agent] => Mozilla/5.0 (Windows NT 10.0; WOW64) AppleWebKit/537.36 (KHTML, like Gecko) Chrome/51.0.2704.103 Safari/537.36
                    [Accept] => text/html,application/xhtml+xml,application/xml;q=0.9,image/webp,*/*;q=0.8
                    [Accept-Encoding] => gzip, deflate, sdch
                    [Accept-Language] => it-IT,it;q=0.8,en-US;q=0.6,en;q=0.4
                    [Cookie] => lang=en; error=Y; invalidMail=Y
                )

        )

)

2016-08-03T16:01:47+02:00 SessionId :  ClientIP : ::1 [RESTGATEWAY] Array
(
    [timestamp] => 1470232907
    [result] => Array
        (
            [request_time] => Wed Aug 3 16:01:47 CEST 2016
            [code] => 200
            [response_time] => Wed Aug 3 16:01:47 CEST 2016
            [status] => success
            [sconto] => 0.033333333333334
        )

)

2016-08-03T16:02:05+02:00 SessionId :  ClientIP : ::1 [RESTGATEWAY] Array
(
    [timestamp] => 1470232925
    [request] => backend\common\rest\library\Request Object
        (
            [url_elements] => Array
                (
                    [0] => 
                    [1] => contrattino
                    [2] => scontoobbiettivotargetspeciali
                    [3] => 2
                    [4] => 118
                )

            [verb] => GET
            [parameters] => Array
                (
                    [obbiettivo] => 300
                    [premio] => 10000
                    [unitamisuraobbiettivo] => 4
                )

            [format] => json
            [datetime] => 1470232925
            [httpheaders] => Array
                (
                    [Host] => localhost
                    [Connection] => keep-alive
                    [Upgrade-Insecure-Requests] => 1
                    [User-Agent] => Mozilla/5.0 (Windows NT 10.0; WOW64) AppleWebKit/537.36 (KHTML, like Gecko) Chrome/51.0.2704.103 Safari/537.36
                    [Accept] => text/html,application/xhtml+xml,application/xml;q=0.9,image/webp,*/*;q=0.8
                    [Accept-Encoding] => gzip, deflate, sdch
                    [Accept-Language] => it-IT,it;q=0.8,en-US;q=0.6,en;q=0.4
                    [Cookie] => lang=en; error=Y; invalidMail=Y
                )

        )

)

2016-08-03T16:02:05+02:00 SessionId :  ClientIP : ::1 [RESTGATEWAY] Array
(
    [timestamp] => 1470232925
    [result] => Array
        (
            [request_time] => Wed Aug 3 16:02:05 CEST 2016
            [code] => 200
            [response_time] => Wed Aug 3 16:02:05 CEST 2016
            [status] => success
            [sconto] => 33.333333333333
        )

)

