2016-07-05T10:05:03+02:00 SessionId :  ClientIP : ::1 [RESTGATEWAY] Array
(
    [timestamp] => 1467705902
    [request] => backend\common\rest\library\Request Object
        (
            [url_elements] => Array
                (
                    [0] => 
                    [1] => famigliaprodotto
                    [2] => 8
                    [3] => tipoprodottorovagnati
                )

            [verb] => GET
            [parameters] => Array
                (
                )

            [format] => json
            [datetime] => 1467705902
            [httpheaders] => Array
                (
                    [Host] => localhost
                    [Connection] => keep-alive
                    [Upgrade-Insecure-Requests] => 1
                    [User-Agent] => Mozilla/5.0 (Windows NT 10.0; WOW64) AppleWebKit/537.36 (KHTML, like Gecko) Chrome/51.0.2704.103 Safari/537.36
                    [Accept] => text/html,application/xhtml+xml,application/xml;q=0.9,image/webp,*/*;q=0.8
                    [Accept-Encoding] => gzip, deflate, sdch
                    [Accept-Language] => it-IT,it;q=0.8,en-US;q=0.6,en;q=0.4
                )

        )

)

2016-07-05T10:05:04+02:00 SessionId :  ClientIP : ::1 [RESTGATEWAY] Array
(
    [timestamp] => 1467705902
    [result] => Array
        (
            [request_time] => Tue Jul 5 10:05:02 CEST 2016
            [code] => 200
            [response_time] => Tue Jul 5 10:05:04 CEST 2016
            [status] => success
            [tipoprodotto] => Array
                (
                    [0] => Array
                        (
                            [id_tipo_prodotto] => 10
                            [desc_tipo_prodotto] => ARROSTO RUSTICO
                        )

                    [1] => Array
                        (
                            [id_tipo_prodotto] => 11
                            [desc_tipo_prodotto] => BLU
                        )

                    [2] => Array
                        (
                            [id_tipo_prodotto] => 12
                            [desc_tipo_prodotto] => COTTO NOSTRANO
                        )

                    [3] => Array
                        (
                            [id_tipo_prodotto] => 13
                            [desc_tipo_prodotto] => COTTO TUTTO GUSTO
                        )

                    [4] => Array
                        (
                            [id_tipo_prodotto] => 14
                            [desc_tipo_prodotto] => FESTOSO
                        )

                    [5] => Array
                        (
                            [id_tipo_prodotto] => 15
                            [desc_tipo_prodotto] => GIALLO
                        )

                    [6] => Array
                        (
                            [id_tipo_prodotto] => 16
                            [desc_tipo_prodotto] => GIROTONDO
                        )

                    [7] => Array
                        (
                            [id_tipo_prodotto] => 17
                            [desc_tipo_prodotto] => GRAN BISCOTTO
                        )

                    [8] => Array
                        (
                            [id_tipo_prodotto] => 18
                            [desc_tipo_prodotto] => GRAN BISCOTTO BRACE
                        )

                    [9] => Array
                        (
                            [id_tipo_prodotto] => 19
                            [desc_tipo_prodotto] => GRAN CARATTERE
                        )

                    [10] => Array
                        (
                            [id_tipo_prodotto] => 20
                            [desc_tipo_prodotto] => GRAN GUSTO
                        )

                    [11] => Array
                        (
                            [id_tipo_prodotto] => 21
                            [desc_tipo_prodotto] => GRAN PIACERE
                        )

                    [12] => Array
                        (
                            [id_tipo_prodotto] => 22
                            [desc_tipo_prodotto] => GRAN SAPORE
                        )

                    [13] => Array
                        (
                            [id_tipo_prodotto] => 23
                            [desc_tipo_prodotto] => MEDITERRANEO
                        )

                    [14] => Array
                        (
                            [id_tipo_prodotto] => 24
                            [desc_tipo_prodotto] => PRAGA
                        )

                    [15] => Array
                        (
                            [id_tipo_prodotto] => 25
                            [desc_tipo_prodotto] => SNELLO GUSTO E BENESSERE
                        )

                    [16] => Array
                        (
                            [id_tipo_prodotto] => 26
                            [desc_tipo_prodotto] => VERDE
                        )

                )

        )

)

2016-07-05T10:06:11+02:00 SessionId :  ClientIP : ::1 [RESTGATEWAY] Array
(
    [timestamp] => 1467705971
    [request] => backend\common\rest\library\Request Object
        (
            [url_elements] => Array
                (
                    [0] => 
                    [1] => famigliaprodotto
                    [2] => 8
                    [3] => tipoprodottorovagnati
                )

            [verb] => GET
            [parameters] => Array
                (
                )

            [format] => json
            [datetime] => 1467705971
            [httpheaders] => Array
                (
                    [Host] => localhost
                    [Connection] => keep-alive
                    [Cache-Control] => max-age=0
                    [Upgrade-Insecure-Requests] => 1
                    [User-Agent] => Mozilla/5.0 (Windows NT 10.0; WOW64) AppleWebKit/537.36 (KHTML, like Gecko) Chrome/51.0.2704.103 Safari/537.36
                    [Accept] => text/html,application/xhtml+xml,application/xml;q=0.9,image/webp,*/*;q=0.8
                    [Accept-Encoding] => gzip, deflate, sdch
                    [Accept-Language] => it-IT,it;q=0.8,en-US;q=0.6,en;q=0.4
                )

        )

)

2016-07-05T10:06:24+02:00 SessionId :  ClientIP : ::1 [RESTGATEWAY] Array
(
    [timestamp] => 1467705984
    [request] => backend\common\rest\library\Request Object
        (
            [url_elements] => Array
                (
                    [0] => 
                    [1] => famigliaprodotto
                    [2] => 8
                    [3] => tipoprodottorovagnati
                )

            [verb] => GET
            [parameters] => Array
                (
                )

            [format] => json
            [datetime] => 1467705984
            [httpheaders] => Array
                (
                    [Host] => localhost
                    [Connection] => keep-alive
                    [Cache-Control] => max-age=0
                    [Upgrade-Insecure-Requests] => 1
                    [User-Agent] => Mozilla/5.0 (Windows NT 10.0; WOW64) AppleWebKit/537.36 (KHTML, like Gecko) Chrome/51.0.2704.103 Safari/537.36
                    [Accept] => text/html,application/xhtml+xml,application/xml;q=0.9,image/webp,*/*;q=0.8
                    [Accept-Encoding] => gzip, deflate, sdch
                    [Accept-Language] => it-IT,it;q=0.8,en-US;q=0.6,en;q=0.4
                )

        )

)

2016-07-05T10:06:25+02:00 SessionId :  ClientIP : ::1 [RESTGATEWAY] Array
(
    [timestamp] => 1467705984
    [result] => Array
        (
            [request_time] => Tue Jul 5 10:06:24 CEST 2016
            [code] => 200
            [response_time] => Tue Jul 5 10:06:25 CEST 2016
            [status] => success
            [tipoprodotto] => Array
                (
                    [0] => Array
                        (
                            [id_tipo_prodotto] => 10
                            [desc_tipo_prodotto] => ARROSTO RUSTICO
                            [id_aggregante] => 145
                            [desc_aggregante] => COTTO
                        )

                    [1] => Array
                        (
                            [id_tipo_prodotto] => 11
                            [desc_tipo_prodotto] => BLU
                            [id_aggregante] => 145
                            [desc_aggregante] => COTTO
                        )

                    [2] => Array
                        (
                            [id_tipo_prodotto] => 12
                            [desc_tipo_prodotto] => COTTO NOSTRANO
                            [id_aggregante] => 145
                            [desc_aggregante] => COTTO
                        )

                    [3] => Array
                        (
                            [id_tipo_prodotto] => 13
                            [desc_tipo_prodotto] => COTTO TUTTO GUSTO
                            [id_aggregante] => 145
                            [desc_aggregante] => COTTO
                        )

                    [4] => Array
                        (
                            [id_tipo_prodotto] => 14
                            [desc_tipo_prodotto] => FESTOSO
                            [id_aggregante] => 145
                            [desc_aggregante] => COTTO
                        )

                    [5] => Array
                        (
                            [id_tipo_prodotto] => 15
                            [desc_tipo_prodotto] => GIALLO
                            [id_aggregante] => 145
                            [desc_aggregante] => COTTO
                        )

                    [6] => Array
                        (
                            [id_tipo_prodotto] => 16
                            [desc_tipo_prodotto] => GIROTONDO
                            [id_aggregante] => 145
                            [desc_aggregante] => COTTO
                        )

                    [7] => Array
                        (
                            [id_tipo_prodotto] => 17
                            [desc_tipo_prodotto] => GRAN BISCOTTO
                            [id_aggregante] => 145
                            [desc_aggregante] => COTTO
                        )

                    [8] => Array
                        (
                            [id_tipo_prodotto] => 18
                            [desc_tipo_prodotto] => GRAN BISCOTTO BRACE
                            [id_aggregante] => 145
                            [desc_aggregante] => COTTO
                        )

                    [9] => Array
                        (
                            [id_tipo_prodotto] => 19
                            [desc_tipo_prodotto] => GRAN CARATTERE
                            [id_aggregante] => 145
                            [desc_aggregante] => COTTO
                        )

                    [10] => Array
                        (
                            [id_tipo_prodotto] => 20
                            [desc_tipo_prodotto] => GRAN GUSTO
                            [id_aggregante] => 145
                            [desc_aggregante] => COTTO
                        )

                    [11] => Array
                        (
                            [id_tipo_prodotto] => 21
                            [desc_tipo_prodotto] => GRAN PIACERE
                            [id_aggregante] => 145
                            [desc_aggregante] => COTTO
                        )

                    [12] => Array
                        (
                            [id_tipo_prodotto] => 22
                            [desc_tipo_prodotto] => GRAN SAPORE
                            [id_aggregante] => 145
                            [desc_aggregante] => COTTO
                        )

                    [13] => Array
                        (
                            [id_tipo_prodotto] => 23
                            [desc_tipo_prodotto] => MEDITERRANEO
                            [id_aggregante] => 145
                            [desc_aggregante] => COTTO
                        )

                    [14] => Array
                        (
                            [id_tipo_prodotto] => 24
                            [desc_tipo_prodotto] => PRAGA
                            [id_aggregante] => 145
                            [desc_aggregante] => COTTO
                        )

                    [15] => Array
                        (
                            [id_tipo_prodotto] => 25
                            [desc_tipo_prodotto] => SNELLO GUSTO E BENESSERE
                            [id_aggregante] => 145
                            [desc_aggregante] => COTTO
                        )

                    [16] => Array
                        (
                            [id_tipo_prodotto] => 26
                            [desc_tipo_prodotto] => VERDE
                            [id_aggregante] => 145
                            [desc_aggregante] => COTTO
                        )

                )

        )

)

2016-07-05T10:06:47+02:00 SessionId :  ClientIP : ::1 [RESTGATEWAY] Array
(
    [timestamp] => 1467706007
    [request] => backend\common\rest\library\Request Object
        (
            [url_elements] => Array
                (
                    [0] => 
                    [1] => famigliaprodotto
                    [2] => 14
                    [3] => tipoprodotto
                )

            [verb] => GET
            [parameters] => Array
                (
                )

            [format] => json
            [datetime] => 1467706007
            [httpheaders] => Array
                (
                    [Host] => localhost
                    [Connection] => keep-alive
                    [Upgrade-Insecure-Requests] => 1
                    [User-Agent] => Mozilla/5.0 (Windows NT 10.0; WOW64) AppleWebKit/537.36 (KHTML, like Gecko) Chrome/51.0.2704.103 Safari/537.36
                    [Accept] => text/html,application/xhtml+xml,application/xml;q=0.9,image/webp,*/*;q=0.8
                    [Accept-Encoding] => gzip, deflate, sdch
                    [Accept-Language] => it-IT,it;q=0.8,en-US;q=0.6,en;q=0.4
                )

        )

)

2016-07-05T10:06:47+02:00 SessionId :  ClientIP : ::1 [RESTGATEWAY] Array
(
    [timestamp] => 1467706007
    [result] => Array
        (
            [request_time] => Tue Jul 5 10:06:47 CEST 2016
            [code] => 200
            [response_time] => Tue Jul 5 10:06:47 CEST 2016
            [status] => success
            [tipoprodotto] => Array
                (
                    [0] => Array
                        (
                            [id_tipo_prodotto] => 328
                            [desc_tipo_prodotto] => ARROSTI POLLO
                            [id_aggregante] => 142
                            [desc_aggregante] => ARROSTI
                        )

                    [1] => Array
                        (
                            [id_tipo_prodotto] => 329
                            [desc_tipo_prodotto] => ARROSTI TACCHINO
                            [id_aggregante] => 142
                            [desc_aggregante] => ARROSTI
                        )

                    [2] => Array
                        (
                            [id_tipo_prodotto] => 341
                            [desc_tipo_prodotto] => MANZO (ARROSTI, CARNE SALADA)
                            [id_aggregante] => 142
                            [desc_aggregante] => ARROSTI
                        )

                    [3] => Array
                        (
                            [id_tipo_prodotto] => 319
                            [desc_tipo_prodotto] => ALTRE BRESAOLE
                            [id_aggregante] => 143
                            [desc_aggregante] => BRESAOLA
                        )

                    [4] => Array
                        (
                            [id_tipo_prodotto] => 331
                            [desc_tipo_prodotto] => BRESAOLA DOP VALTELLINA
                            [id_aggregante] => 143
                            [desc_aggregante] => BRESAOLA
                        )

                )

        )

)

2016-07-05T10:07:18+02:00 SessionId :  ClientIP : ::1 [RESTGATEWAY] Array
(
    [timestamp] => 1467706037
    [request] => backend\common\rest\library\Request Object
        (
            [url_elements] => Array
                (
                    [0] => 
                    [1] => famigliaprodotto
                    [2] => 13
                    [3] => tipoprodotto
                )

            [verb] => GET
            [parameters] => Array
                (
                )

            [format] => json
            [datetime] => 1467706037
            [httpheaders] => Array
                (
                    [Host] => localhost
                    [Connection] => keep-alive
                    [Upgrade-Insecure-Requests] => 1
                    [User-Agent] => Mozilla/5.0 (Windows NT 10.0; WOW64) AppleWebKit/537.36 (KHTML, like Gecko) Chrome/51.0.2704.103 Safari/537.36
                    [Accept] => text/html,application/xhtml+xml,application/xml;q=0.9,image/webp,*/*;q=0.8
                    [Accept-Encoding] => gzip, deflate, sdch
                    [Accept-Language] => it-IT,it;q=0.8,en-US;q=0.6,en;q=0.4
                )

        )

)

2016-07-05T10:07:18+02:00 SessionId :  ClientIP : ::1 [RESTGATEWAY] Array
(
    [timestamp] => 1467706037
    [result] => Array
        (
            [request_time] => Tue Jul 5 10:07:17 CEST 2016
            [code] => 200
            [response_time] => Tue Jul 5 10:07:18 CEST 2016
            [status] => success
            [tipoprodotto] => Array
                (
                    [0] => Array
                        (
                            [id_tipo_prodotto] => 320
                            [desc_tipo_prodotto] => ALTRE COPPE
                            [id_aggregante] => 144
                            [desc_aggregante] => COPPE
                        )

                    [1] => Array
                        (
                            [id_tipo_prodotto] => 333
                            [desc_tipo_prodotto] => COPPA DOP - IGP
                            [id_aggregante] => 144
                            [desc_aggregante] => COPPE
                        )

                    [2] => Array
                        (
                            [id_tipo_prodotto] => 335
                            [desc_tipo_prodotto] => CULATELLO
                            [id_aggregante] => 147
                            [desc_aggregante] => CULATELLO
                        )

                    [3] => Array
                        (
                            [id_tipo_prodotto] => 336
                            [desc_tipo_prodotto] => GUANCIALE
                            [id_aggregante] => 148
                            [desc_aggregante] => GUANCIALE
                        )

                    [4] => Array
                        (
                            [id_tipo_prodotto] => 325
                            [desc_tipo_prodotto] => ALTRO LARDO
                            [id_aggregante] => 149
                            [desc_aggregante] => LARDO
                        )

                    [5] => Array
                        (
                            [id_tipo_prodotto] => 339
                            [desc_tipo_prodotto] => LARDO DOP - IGP
                            [id_aggregante] => 149
                            [desc_aggregante] => LARDO
                        )

                    [6] => Array
                        (
                            [id_tipo_prodotto] => 349
                            [desc_tipo_prodotto] => PORCHETTA
                            [id_aggregante] => 152
                            [desc_aggregante] => PORCHETTA
                        )

                    [7] => Array
                        (
                            [id_tipo_prodotto] => 354
                            [desc_tipo_prodotto] => SPECK
                            [id_aggregante] => 154
                            [desc_aggregante] => SPECK
                        )

                )

        )

)

2016-07-05T10:07:23+02:00 SessionId :  ClientIP : ::1 [RESTGATEWAY] Array
(
    [timestamp] => 1467706043
    [request] => backend\common\rest\library\Request Object
        (
            [url_elements] => Array
                (
                    [0] => 
                    [1] => famigliaprodotto
                    [2] => 13
                    [3] => tipoprodottorovagnati
                )

            [verb] => GET
            [parameters] => Array
                (
                )

            [format] => json
            [datetime] => 1467706043
            [httpheaders] => Array
                (
                    [Host] => localhost
                    [Connection] => keep-alive
                    [Upgrade-Insecure-Requests] => 1
                    [User-Agent] => Mozilla/5.0 (Windows NT 10.0; WOW64) AppleWebKit/537.36 (KHTML, like Gecko) Chrome/51.0.2704.103 Safari/537.36
                    [Accept] => text/html,application/xhtml+xml,application/xml;q=0.9,image/webp,*/*;q=0.8
                    [Accept-Encoding] => gzip, deflate, sdch
                    [Accept-Language] => it-IT,it;q=0.8,en-US;q=0.6,en;q=0.4
                )

        )

)

2016-07-05T10:07:23+02:00 SessionId :  ClientIP : ::1 [RESTGATEWAY] Array
(
    [timestamp] => 1467706043
    [result] => Array
        (
            [request_time] => Tue Jul 5 10:07:23 CEST 2016
            [code] => 200
            [response_time] => Tue Jul 5 10:07:23 CEST 2016
            [status] => success
            [tipoprodotto] => Array
                (
                    [0] => Array
                        (
                            [id_tipo_prodotto] => 8
                            [desc_tipo_prodotto] => CAPOCOLLO
                            [id_aggregante] => 144
                            [desc_aggregante] => COPPE
                        )

                    [1] => Array
                        (
                            [id_tipo_prodotto] => 9
                            [desc_tipo_prodotto] => COPPA PARMA
                            [id_aggregante] => 144
                            [desc_aggregante] => COPPE
                        )

                    [2] => Array
                        (
                            [id_tipo_prodotto] => 33
                            [desc_tipo_prodotto] => CULATELLO
                            [id_aggregante] => 147
                            [desc_aggregante] => CULATELLO
                        )

                    [3] => Array
                        (
                            [id_tipo_prodotto] => 34
                            [desc_tipo_prodotto] => EMILIANO
                            [id_aggregante] => 148
                            [desc_aggregante] => GUANCIALE
                        )

                    [4] => Array
                        (
                            [id_tipo_prodotto] => 35
                            [desc_tipo_prodotto] => TOSCANO
                            [id_aggregante] => 148
                            [desc_aggregante] => GUANCIALE
                        )

                    [5] => Array
                        (
                            [id_tipo_prodotto] => 36
                            [desc_tipo_prodotto] => LARDO
                            [id_aggregante] => 149
                            [desc_aggregante] => LARDO
                        )

                    [6] => Array
                        (
                            [id_tipo_prodotto] => 45
                            [desc_tipo_prodotto] => PORCHETTA D'ARICCIA
                            [id_aggregante] => 152
                            [desc_aggregante] => PORCHETTA
                        )

                    [7] => Array
                        (
                            [id_tipo_prodotto] => 55
                            [desc_tipo_prodotto] => IMPERIAL SPECK
                            [id_aggregante] => 154
                            [desc_aggregante] => SPECK
                        )

                    [8] => Array
                        (
                            [id_tipo_prodotto] => 56
                            [desc_tipo_prodotto] => SPECK QUATTRO STELLE
                            [id_aggregante] => 154
                            [desc_aggregante] => SPECK
                        )

                )

        )

)

2016-07-05T10:24:14+02:00 SessionId :  ClientIP : ::1 [RESTGATEWAY] Array
(
    [timestamp] => 1467707054
    [request] => backend\common\rest\library\Request Object
        (
            [url_elements] => Array
                (
                    [0] => 
                    [1] => user
                    [2] => 1
                    [3] => contrattino
                )

            [verb] => GET
            [parameters] => Array
                (
                )

            [format] => json
            [datetime] => 1467707054
            [httpheaders] => Array
                (
                    [Host] => localhost
                    [Connection] => keep-alive
                    [Upgrade-Insecure-Requests] => 1
                    [User-Agent] => Mozilla/5.0 (Windows NT 10.0; WOW64) AppleWebKit/537.36 (KHTML, like Gecko) Chrome/51.0.2704.103 Safari/537.36
                    [Accept] => text/html,application/xhtml+xml,application/xml;q=0.9,image/webp,*/*;q=0.8
                    [Accept-Encoding] => gzip, deflate, sdch
                    [Accept-Language] => it-IT,it;q=0.8,en-US;q=0.6,en;q=0.4
                )

        )

)

2016-07-05T10:24:15+02:00 SessionId :  ClientIP : ::1 [RESTGATEWAY] Array
(
    [timestamp] => 1467707054
    [result] => Array
        (
            [request_time] => Tue Jul 5 10:24:14 CEST 2016
            [code] => 404
            [response_time] => Tue Jul 5 10:24:15 CEST 2016
            [status] => fail
            [message] => nessun contrattino trovato
            [error] => NO_DATA
        )

)

2016-07-05T10:49:20+02:00 SessionId :  ClientIP : 127.0.0.1 [RESTGATEWAY] Array
(
    [timestamp] => 1467708560
    [request] => backend\common\rest\library\Request Object
        (
            [url_elements] => Array
                (
                    [0] => 
                    [1] => rilevazione
                    [2] => 1001
                    [3] => 4
                    [4] => prodotto
                    [5] => 13
                )

            [verb] => POST
            [parameters] => Array
                (
                    [prezzo_prodotto] => 99999999
                    [prodotto_in_promozione] => 1
                    [prodotto_top_seller] => 1
                    [ordine_prodotto] => 0
                    [id_tipo_prodotto] => 328
                    [nome_fornitore] => FABIO
                    [id_tipo_prodotto_rovagnati] => 329
                )

            [format] => json
            [datetime] => 1467708560
            [httpheaders] => Array
                (
                    [Accept-Encoding] => gzip,deflate
                    [Content-Type] => application/json
                    [Content-Length] => 268
                    [Host] => localhost
                    [Connection] => Keep-Alive
                    [User-Agent] => Apache-HttpClient/4.1.1 (java 1.5)
                )

        )

)

2016-07-05T10:49:44+02:00 SessionId :  ClientIP : 127.0.0.1 [RESTGATEWAY] Array
(
    [timestamp] => 1467708584
    [request] => backend\common\rest\library\Request Object
        (
            [url_elements] => Array
                (
                    [0] => 
                    [1] => rilevazione
                    [2] => 1001
                    [3] => 4
                    [4] => prodotto
                    [5] => 13
                )

            [verb] => POST
            [parameters] => Array
                (
                    [prezzo_prodotto] => 99999999
                    [prodotto_in_promozione] => 1
                    [prodotto_top_seller] => 1
                    [ordine_prodotto] => 0
                    [id_tipo_prodotto] => 328
                    [nome_fornitore] => FABIO
                    [id_tipo_prodotto_rovagnati] => 11
                )

            [format] => json
            [datetime] => 1467708584
            [httpheaders] => Array
                (
                    [Accept-Encoding] => gzip,deflate
                    [Content-Type] => application/json
                    [Content-Length] => 267
                    [Host] => localhost
                    [Connection] => Keep-Alive
                    [User-Agent] => Apache-HttpClient/4.1.1 (java 1.5)
                )

        )

)

2016-07-05T10:50:48+02:00 SessionId :  ClientIP : 127.0.0.1 [RESTGATEWAY] Array
(
    [timestamp] => 1467708648
    [request] => backend\common\rest\library\Request Object
        (
            [url_elements] => Array
                (
                    [0] => 
                    [1] => rilevazione
                    [2] => 1001
                    [3] => 6
                    [4] => prodotto
                    [5] => 13
                )

            [verb] => POST
            [parameters] => Array
                (
                    [prezzo_prodotto] => 99999999
                    [prodotto_in_promozione] => 1
                    [prodotto_top_seller] => 1
                    [ordine_prodotto] => 0
                    [id_tipo_prodotto] => 328
                    [nome_fornitore] => FABIO
                    [id_tipo_prodotto_rovagnati] => 11
                )

            [format] => json
            [datetime] => 1467708648
            [httpheaders] => Array
                (
                    [Accept-Encoding] => gzip,deflate
                    [Content-Type] => application/json
                    [Content-Length] => 260
                    [Host] => localhost
                    [Connection] => Keep-Alive
                    [User-Agent] => Apache-HttpClient/4.1.1 (java 1.5)
                )

        )

)

2016-07-05T10:52:15+02:00 SessionId :  ClientIP : 127.0.0.1 [RESTGATEWAY] Array
(
    [timestamp] => 1467708735
    [request] => backend\common\rest\library\Request Object
        (
            [url_elements] => Array
                (
                    [0] => 
                    [1] => rilevazione
                    [2] => 1001
                    [3] => 6
                    [4] => prodotto
                    [5] => 13
                )

            [verb] => POST
            [parameters] => Array
                (
                    [prezzo_prodotto] => 99999999
                    [prodotto_in_promozione] => 1
                    [prodotto_top_seller] => 1
                    [ordine_prodotto] => 0
                    [id_tipo_prodotto] => 328
                    [nome_fornitore] => FABIO
                    [id_tipo_prodotto_rovagnati] => 11
                )

            [format] => json
            [datetime] => 1467708735
            [httpheaders] => Array
                (
                    [Accept-Encoding] => gzip,deflate
                    [Content-Type] => application/json
                    [Content-Length] => 260
                    [Host] => localhost
                    [Connection] => Keep-Alive
                    [User-Agent] => Apache-HttpClient/4.1.1 (java 1.5)
                )

        )

)

2016-07-05T10:52:24+02:00 SessionId :  ClientIP : 127.0.0.1 [RESTGATEWAY] Array
(
    [timestamp] => 1467708744
    [request] => backend\common\rest\library\Request Object
        (
            [url_elements] => Array
                (
                    [0] => 
                    [1] => rilevazione
                    [2] => 1001
                    [3] => 6
                    [4] => prodotto
                    [5] => 13
                )

            [verb] => POST
            [parameters] => Array
                (
                    [prezzo_prodotto] => 99999999
                    [prodotto_in_promozione] => 1
                    [prodotto_top_seller] => 1
                    [ordine_prodotto] => 0
                    [id_tipo_prodotto] => 328
                    [nome_fornitore] => FABIO
                    [id_tipo_prodotto_rovagnati] => 11
                )

            [format] => json
            [datetime] => 1467708744
            [httpheaders] => Array
                (
                    [Accept-Encoding] => gzip,deflate
                    [Content-Type] => application/json
                    [Content-Length] => 260
                    [Host] => localhost
                    [Connection] => Keep-Alive
                    [User-Agent] => Apache-HttpClient/4.1.1 (java 1.5)
                )

        )

)

2016-07-05T10:52:24+02:00 SessionId :  ClientIP : 127.0.0.1 [RESTGATEWAY] Array
(
    [timestamp] => 1467708744
    [result] => Array
        (
            [request_time] => Tue Jul 5 10:52:24 CEST 2016
            [code] => 200
            [response_time] => Tue Jul 5 10:52:24 CEST 2016
            [status] => success
            [prodotto] => Array
                (
                    [0] => Array
                        (
                            [id] => 1
                            [prezzo] => 99999999.00
                            [ordine] => 0
                            [promozione] => 1
                            [topsell] => 1
                            [id_scheda_rilevazione] => 22
                            [id_concorrente] => 
                            [id_tipo_prodotto] => 328
                            [id_tipo_rovagnati] => 11
                        )

                )

        )

)

2016-07-05T10:53:20+02:00 SessionId :  ClientIP : 127.0.0.1 [RESTGATEWAY] Array
(
    [timestamp] => 1467708800
    [request] => backend\common\rest\library\Request Object
        (
            [url_elements] => Array
                (
                    [0] => 
                    [1] => rilevazione
                    [2] => 1001
                    [3] => 6
                    [4] => prodotto
                    [5] => 1
                )

            [verb] => POST
            [parameters] => Array
                (
                    [prezzo_prodotto] => 99999999
                    [prodotto_in_promozione] => 1
                    [prodotto_top_seller] => 1
                    [ordine_prodotto] => 0
                    [id_tipo_prodotto] => 328
                    [nome_fornitore] => FABIO00
                    [id_tipo_prodotto_rovagnati] => 11
                )

            [format] => json
            [datetime] => 1467708800
            [httpheaders] => Array
                (
                    [Accept-Encoding] => gzip,deflate
                    [Content-Type] => application/json
                    [Content-Length] => 262
                    [Host] => localhost
                    [Connection] => Keep-Alive
                    [User-Agent] => Apache-HttpClient/4.1.1 (java 1.5)
                )

        )

)

2016-07-05T10:53:20+02:00 SessionId :  ClientIP : 127.0.0.1 [RESTGATEWAY] Array
(
    [timestamp] => 1467708800
    [result] => Array
        (
            [request_time] => Tue Jul 5 10:53:20 CEST 2016
            [code] => 200
            [response_time] => Tue Jul 5 10:53:20 CEST 2016
            [status] => success
            [prodotto] => Array
                (
                    [0] => Array
                        (
                            [id] => 2
                            [prezzo] => 99999999.00
                            [ordine] => 0
                            [promozione] => 1
                            [topsell] => 1
                            [id_scheda_rilevazione] => 22
                            [id_concorrente] => 
                            [id_tipo_prodotto] => 328
                            [id_tipo_rovagnati] => 11
                        )

                )

        )

)

2016-07-05T10:53:46+02:00 SessionId :  ClientIP : 127.0.0.1 [RESTGATEWAY] Array
(
    [timestamp] => 1467708826
    [request] => backend\common\rest\library\Request Object
        (
            [url_elements] => Array
                (
                    [0] => 
                    [1] => rilevazione
                    [2] => 1001
                    [3] => 6
                    [4] => prodotto
                    [5] => 1
                )

            [verb] => PUT
            [parameters] => Array
                (
                    [prezzo_prodotto] => 99999999
                    [prodotto_in_promozione] => 1
                    [prodotto_top_seller] => 1
                    [ordine_prodotto] => 0
                    [id_tipo_prodotto] => 328
                    [nome_fornitore] => FABIO00
                    [id_tipo_prodotto_rovagnati] => 11
                )

            [format] => json
            [datetime] => 1467708826
            [httpheaders] => Array
                (
                    [Accept-Encoding] => gzip,deflate
                    [Content-Type] => application/json
                    [Content-Length] => 262
                    [Host] => localhost
                    [Connection] => Keep-Alive
                    [User-Agent] => Apache-HttpClient/4.1.1 (java 1.5)
                )

        )

)

2016-07-05T10:54:49+02:00 SessionId :  ClientIP : 127.0.0.1 [RESTGATEWAY] Array
(
    [timestamp] => 1467708889
    [request] => backend\common\rest\library\Request Object
        (
            [url_elements] => Array
                (
                    [0] => 
                    [1] => rilevazione
                    [2] => 1001
                    [3] => 6
                    [4] => prodotto
                    [5] => 1
                )

            [verb] => PUT
            [parameters] => Array
                (
                    [prezzo_prodotto] => 99999999
                    [prodotto_in_promozione] => 1
                    [prodotto_top_seller] => 1
                    [ordine_prodotto] => 0
                    [id_tipo_prodotto] => 328
                    [nome_fornitore] => FABIO00
                    [id_tipo_prodotto_rovagnati] => 11
                )

            [format] => json
            [datetime] => 1467708889
            [httpheaders] => Array
                (
                    [Accept-Encoding] => gzip,deflate
                    [Content-Type] => application/json
                    [Content-Length] => 262
                    [Host] => localhost
                    [Connection] => Keep-Alive
                    [User-Agent] => Apache-HttpClient/4.1.1 (java 1.5)
                )

        )

)

2016-07-05T10:55:22+02:00 SessionId :  ClientIP : 127.0.0.1 [RESTGATEWAY] Array
(
    [timestamp] => 1467708922
    [request] => backend\common\rest\library\Request Object
        (
            [url_elements] => Array
                (
                    [0] => 
                    [1] => rilevazione
                    [2] => 1001
                    [3] => 6
                    [4] => prodotto
                    [5] => 1
                )

            [verb] => PUT
            [parameters] => Array
                (
                    [prezzo_prodotto] => 99999999
                    [prodotto_in_promozione] => 1
                    [prodotto_top_seller] => 1
                    [ordine_prodotto] => 0
                    [id_tipo_prodotto] => 328
                    [nome_fornitore] => FABIO00
                    [id_tipo_prodotto_rovagnati] => 11
                )

            [format] => json
            [datetime] => 1467708922
            [httpheaders] => Array
                (
                    [Accept-Encoding] => gzip,deflate
                    [Content-Type] => application/json
                    [Content-Length] => 262
                    [Host] => localhost
                    [Connection] => Keep-Alive
                    [User-Agent] => Apache-HttpClient/4.1.1 (java 1.5)
                )

        )

)

2016-07-05T10:55:22+02:00 SessionId :  ClientIP : 127.0.0.1 [RESTGATEWAY] Array
(
    [timestamp] => 1467708922
    [result] => Array
        (
            [request_time] => Tue Jul 5 10:55:22 CEST 2016
            [code] => 200
            [response_time] => Tue Jul 5 10:55:22 CEST 2016
            [status] => success
            [prodotto] => Array
                (
                    [0] => Array
                        (
                            [id] => 1
                            [prezzo] => 99999999.00
                            [ordine] => 0
                            [promozione] => 1
                            [topsell] => 1
                            [id_scheda_rilevazione] => 22
                            [id_concorrente] => 
                            [id_tipo_prodotto] => 328
                            [id_tipo_rovagnati] => 11
                        )

                )

        )

)

2016-07-05T10:55:48+02:00 SessionId :  ClientIP : 127.0.0.1 [RESTGATEWAY] Array
(
    [timestamp] => 1467708948
    [request] => backend\common\rest\library\Request Object
        (
            [url_elements] => Array
                (
                    [0] => 
                    [1] => rilevazione
                    [2] => 1001
                    [3] => 6
                    [4] => prodotto
                    [5] => 1
                )

            [verb] => PUT
            [parameters] => Array
                (
                    [prezzo_prodotto] => 99999999
                    [prodotto_in_promozione] => 1
                    [prodotto_top_seller] => 1
                    [ordine_prodotto] => 0
                    [id_tipo_prodotto] => 328
                    [nome_fornitore] => FABIO00
                    [id_tipo_prodotto_rovagnati] => 11
                )

            [format] => json
            [datetime] => 1467708948
            [httpheaders] => Array
                (
                    [Accept-Encoding] => gzip,deflate
                    [Content-Type] => application/json
                    [Content-Length] => 262
                    [Host] => localhost
                    [Connection] => Keep-Alive
                    [User-Agent] => Apache-HttpClient/4.1.1 (java 1.5)
                )

        )

)

2016-07-05T10:55:48+02:00 SessionId :  ClientIP : 127.0.0.1 [RESTGATEWAY] Array
(
    [timestamp] => 1467708948
    [result] => Array
        (
            [request_time] => Tue Jul 5 10:55:48 CEST 2016
            [code] => 200
            [response_time] => Tue Jul 5 10:55:48 CEST 2016
            [status] => success
            [prodotto] => Array
                (
                    [0] => Array
                        (
                            [id] => 1
                            [prezzo] => 99999999.00
                            [ordine] => 0
                            [promozione] => 1
                            [topsell] => 1
                            [id_scheda_rilevazione] => 22
                            [id_concorrente] => 
                            [id_tipo_prodotto] => 328
                            [id_tipo_rovagnati] => 11
                            [nome_fornitore] => FABIO00
                        )

                )

        )

)

2016-07-05T10:58:51+02:00 SessionId :  ClientIP : 127.0.0.1 [RESTGATEWAY] Array
(
    [timestamp] => 1467709130
    [request] => backend\common\rest\library\Request Object
        (
            [url_elements] => Array
                (
                    [0] => 
                    [1] => rilevazione
                    [2] => 1001
                    [3] => 6
                    [4] => prodotto
                    [5] => 1
                )

            [verb] => PUT
            [parameters] => Array
                (
                    [prezzo_prodotto] => 99999999
                    [prodotto_in_promozione] => 1
                    [prodotto_top_seller] => 1
                    [ordine_prodotto] => 0
                    [id_tipo_prodotto] => 328
                    [nome_fornitore] => FABIO00
                    [id_tipo_prodotto_rovagnati] => 11
                )

            [format] => json
            [datetime] => 1467709130
            [httpheaders] => Array
                (
                    [Accept-Encoding] => gzip,deflate
                    [Content-Type] => application/json
                    [Content-Length] => 262
                    [Host] => localhost
                    [Connection] => Keep-Alive
                    [User-Agent] => Apache-HttpClient/4.1.1 (java 1.5)
                )

        )

)

2016-07-05T10:59:08+02:00 SessionId :  ClientIP : 127.0.0.1 [RESTGATEWAY] Array
(
    [timestamp] => 1467709148
    [request] => backend\common\rest\library\Request Object
        (
            [url_elements] => Array
                (
                    [0] => 
                    [1] => rilevazione
                    [2] => 1001
                    [3] => 6
                    [4] => prodotto
                    [5] => 1
                )

            [verb] => PUT
            [parameters] => Array
                (
                    [prezzo_prodotto] => 99999999
                    [prodotto_in_promozione] => 1
                    [prodotto_top_seller] => 1
                    [ordine_prodotto] => 0
                    [id_tipo_prodotto] => 328
                    [nome_fornitore] => FABIO00
                    [id_tipo_prodotto_rovagnati] => 11
                )

            [format] => json
            [datetime] => 1467709148
            [httpheaders] => Array
                (
                    [Accept-Encoding] => gzip,deflate
                    [Content-Type] => application/json
                    [Content-Length] => 262
                    [Host] => localhost
                    [Connection] => Keep-Alive
                    [User-Agent] => Apache-HttpClient/4.1.1 (java 1.5)
                )

        )

)

2016-07-05T10:59:08+02:00 SessionId :  ClientIP : 127.0.0.1 [RESTGATEWAY] Array
(
    [timestamp] => 1467709148
    [result] => Array
        (
            [request_time] => Tue Jul 5 10:59:08 CEST 2016
            [code] => 200
            [response_time] => Tue Jul 5 10:59:08 CEST 2016
            [status] => success
            [prodotto] => Array
                (
                    [0] => Array
                        (
                            [id] => 1
                            [prezzo] => 99999999.00
                            [ordine] => 0
                            [promozione] => 1
                            [topsell] => 1
                            [id_scheda_rilevazione] => 22
                            [id_concorrente] => 
                            [id_tipo_prodotto] => 328
                            [id_tipo_rovagnati] => 11
                            [nome_fornitore] => FABIO00
                        )

                )

        )

)

2016-07-05T11:08:53+02:00 SessionId :  ClientIP : 127.0.0.1 [RESTGATEWAY] Array
(
    [timestamp] => 1467709733
    [request] => backend\common\rest\library\Request Object
        (
            [url_elements] => Array
                (
                    [0] => 
                    [1] => rilevazione
                    [2] => 1001
                    [3] => 6
                    [4] => prodotto
                    [5] => 1
                )

            [verb] => PUT
            [parameters] => Array
                (
                    [prezzo_prodotto] => 99999999
                    [prodotto_in_promozione] => 1
                    [prodotto_top_seller] => 1
                    [ordine_prodotto] => 0
                    [id_tipo_prodotto] => 328
                    [nome_fornitore] => FABIO00
                    [id_tipo_prodotto_rovagnati] => 11
                    [id_utente] => 2
                )

            [format] => json
            [datetime] => 1467709733
            [httpheaders] => Array
                (
                    [Accept-Encoding] => gzip,deflate
                    [Content-Type] => application/json
                    [Content-Length] => 288
                    [Host] => localhost
                    [Connection] => Keep-Alive
                    [User-Agent] => Apache-HttpClient/4.1.1 (java 1.5)
                )

        )

)

2016-07-05T11:09:14+02:00 SessionId :  ClientIP : 127.0.0.1 [RESTGATEWAY] Array
(
    [timestamp] => 1467709754
    [request] => backend\common\rest\library\Request Object
        (
            [url_elements] => Array
                (
                    [0] => 
                    [1] => rilevazione
                    [2] => 1001
                    [3] => 6
                    [4] => prodotto
                    [5] => 1
                )

            [verb] => PUT
            [parameters] => Array
                (
                    [prezzo_prodotto] => 99999999
                    [prodotto_in_promozione] => 1
                    [prodotto_top_seller] => 1
                    [ordine_prodotto] => 0
                    [id_tipo_prodotto] => 328
                    [nome_fornitore] => FABIO00
                    [id_tipo_prodotto_rovagnati] => 11
                    [id_utente] => 2
                )

            [format] => json
            [datetime] => 1467709754
            [httpheaders] => Array
                (
                    [Accept-Encoding] => gzip,deflate
                    [Content-Type] => application/json
                    [Content-Length] => 288
                    [Host] => localhost
                    [Connection] => Keep-Alive
                    [User-Agent] => Apache-HttpClient/4.1.1 (java 1.5)
                )

        )

)

2016-07-05T11:09:58+02:00 SessionId :  ClientIP : 127.0.0.1 [RESTGATEWAY] Array
(
    [timestamp] => 1467709798
    [request] => backend\common\rest\library\Request Object
        (
            [url_elements] => Array
                (
                    [0] => 
                    [1] => rilevazione
                    [2] => 1001
                    [3] => 6
                    [4] => prodotto
                    [5] => 1
                )

            [verb] => PUT
            [parameters] => Array
                (
                    [prezzo_prodotto] => 99999999
                    [prodotto_in_promozione] => 1
                    [prodotto_top_seller] => 1
                    [ordine_prodotto] => 0
                    [id_tipo_prodotto] => 328
                    [nome_fornitore] => FABIO00
                    [id_tipo_prodotto_rovagnati] => 11
                    [id_utente] => 18422
                )

            [format] => json
            [datetime] => 1467709798
            [httpheaders] => Array
                (
                    [Accept-Encoding] => gzip,deflate
                    [Content-Type] => application/json
                    [Content-Length] => 292
                    [Host] => localhost
                    [Connection] => Keep-Alive
                    [User-Agent] => Apache-HttpClient/4.1.1 (java 1.5)
                )

        )

)

2016-07-05T11:09:58+02:00 SessionId :  ClientIP : 127.0.0.1 [RESTGATEWAY] Array
(
    [timestamp] => 1467709798
    [result] => Array
        (
            [request_time] => Tue Jul 5 11:09:58 CEST 2016
            [code] => 200
            [response_time] => Tue Jul 5 11:09:58 CEST 2016
            [status] => success
            [prodotto] => Array
                (
                    [0] => Array
                        (
                            [id] => 1
                            [prezzo] => 99999999.00
                            [ordine] => 0
                            [promozione] => 1
                            [topsell] => 1
                            [id_scheda_rilevazione] => 22
                            [id_concorrente] => 
                            [id_tipo_prodotto] => 328
                            [id_tipo_rovagnati] => 11
                            [nome_fornitore] => FABIO00
                        )

                )

        )

)

2016-07-05T11:10:29+02:00 SessionId :  ClientIP : 127.0.0.1 [RESTGATEWAY] Array
(
    [timestamp] => 1467709829
    [request] => backend\common\rest\library\Request Object
        (
            [url_elements] => Array
                (
                    [0] => 
                    [1] => rilevazione
                    [2] => 1001
                    [3] => 6
                    [4] => prodotto
                    [5] => 1
                )

            [verb] => POST
            [parameters] => Array
                (
                    [prezzo_prodotto] => 99999999
                    [prodotto_in_promozione] => 1
                    [prodotto_top_seller] => 1
                    [ordine_prodotto] => 0
                    [id_tipo_prodotto] => 328
                    [nome_fornitore] => FABIO00
                    [id_tipo_prodotto_rovagnati] => 11
                    [id_utente] => 18422
                )

            [format] => json
            [datetime] => 1467709829
            [httpheaders] => Array
                (
                    [Accept-Encoding] => gzip,deflate
                    [Content-Type] => application/json
                    [Content-Length] => 292
                    [Host] => localhost
                    [Connection] => Keep-Alive
                    [User-Agent] => Apache-HttpClient/4.1.1 (java 1.5)
                )

        )

)

2016-07-05T11:11:31+02:00 SessionId :  ClientIP : 127.0.0.1 [RESTGATEWAY] Array
(
    [timestamp] => 1467709891
    [request] => backend\common\rest\library\Request Object
        (
            [url_elements] => Array
                (
                    [0] => 
                    [1] => rilevazione
                    [2] => 1001
                    [3] => 6
                    [4] => prodotto
                    [5] => 1
                )

            [verb] => POST
            [parameters] => Array
                (
                    [prezzo_prodotto] => 99999999
                    [prodotto_in_promozione] => 1
                    [prodotto_top_seller] => 1
                    [ordine_prodotto] => 0
                    [id_tipo_prodotto] => 328
                    [nome_fornitore] => FABIO00
                    [id_tipo_prodotto_rovagnati] => 11
                    [id_utente] => 18422
                )

            [format] => json
            [datetime] => 1467709891
            [httpheaders] => Array
                (
                    [Accept-Encoding] => gzip,deflate
                    [Content-Type] => application/json
                    [Content-Length] => 292
                    [Host] => localhost
                    [Connection] => Keep-Alive
                    [User-Agent] => Apache-HttpClient/4.1.1 (java 1.5)
                )

        )

)

2016-07-05T11:11:31+02:00 SessionId :  ClientIP : 127.0.0.1 [RESTGATEWAY] Array
(
    [timestamp] => 1467709891
    [result] => Array
        (
            [request_time] => Tue Jul 5 11:11:31 CEST 2016
            [code] => 200
            [response_time] => Tue Jul 5 11:11:31 CEST 2016
            [status] => success
            [prodotto] => Array
                (
                    [0] => Array
                        (
                            [id] => 3
                            [prezzo] => 99999999.00
                            [ordine] => 0
                            [promozione] => 1
                            [topsell] => 1
                            [id_scheda_rilevazione] => 22
                            [id_concorrente] => 
                            [id_tipo_prodotto] => 328
                            [id_tipo_rovagnati] => 11
                            [nome_fornitore] => FABIO00
                        )

                )

        )

)

2016-07-05T11:38:28+02:00 SessionId :  ClientIP : 127.0.0.1 [RESTGATEWAY] Array
(
    [timestamp] => 1467711508
    [request] => backend\common\rest\library\Request Object
        (
            [url_elements] => Array
                (
                    [0] => 
                    [1] => rilevazione
                    [2] => 1001
                    [3] => 6
                    [4] => prodotto
                    [5] => 1
                )

            [verb] => POST
            [parameters] => Array
                (
                    [prezzo_prodotto] => 99999999
                    [prodotto_in_promozione] => 1
                    [prodotto_top_seller] => 1
                    [ordine_prodotto] => 0
                    [id_tipo_prodotto] => 328
                    [nome_fornitore] => FABIO00
                    [id_tipo_prodotto_rovagnati] => 11
                    [id_utente] => 18422
                )

            [format] => json
            [datetime] => 1467711508
            [httpheaders] => Array
                (
                    [Accept-Encoding] => gzip,deflate
                    [Content-Type] => application/json
                    [Content-Length] => 292
                    [Host] => localhost
                    [Connection] => Keep-Alive
                    [User-Agent] => Apache-HttpClient/4.1.1 (java 1.5)
                )

        )

)

2016-07-05T11:38:29+02:00 SessionId :  ClientIP : 127.0.0.1 [RESTGATEWAY] Array
(
    [timestamp] => 1467711508
    [result] => Array
        (
            [request_time] => Tue Jul 5 11:38:28 CEST 2016
            [code] => 200
            [response_time] => Tue Jul 5 11:38:29 CEST 2016
            [status] => success
            [prodotto] => Array
                (
                    [0] => Array
                        (
                            [id] => 1
                            [prezzo] => 99999999.00
                            [ordine] => 0
                            [promozione] => 1
                            [topsell] => 1
                            [id_scheda_rilevazione] => 23
                            [id_concorrente] => 
                            [id_tipo_prodotto] => 328
                            [id_tipo_rovagnati] => 11
                            [nome_fornitore] => FABIO00
                        )

                )

        )

)

2016-07-05T14:31:47+02:00 SessionId :  ClientIP : ::1 [RESTGATEWAY] Array
(
    [timestamp] => 1467721907
    [request] => backend\common\rest\library\Request Object
        (
            [url_elements] => Array
                (
                    [0] => 
                    [1] => rilevazione
                    [2] => 1
                    [3] => 4
                )

            [verb] => GET
            [parameters] => Array
                (
                )

            [format] => json
            [datetime] => 1467721907
            [httpheaders] => Array
                (
                    [Host] => localhost
                    [Connection] => keep-alive
                    [Upgrade-Insecure-Requests] => 1
                    [User-Agent] => Mozilla/5.0 (Windows NT 10.0; WOW64) AppleWebKit/537.36 (KHTML, like Gecko) Chrome/51.0.2704.103 Safari/537.36
                    [Accept] => text/html,application/xhtml+xml,application/xml;q=0.9,image/webp,*/*;q=0.8
                    [Accept-Encoding] => gzip, deflate, sdch
                    [Accept-Language] => it-IT,it;q=0.8,en-US;q=0.6,en;q=0.4
                )

        )

)

2016-07-05T14:32:03+02:00 SessionId :  ClientIP : ::1 [RESTGATEWAY] Array
(
    [timestamp] => 1467721923
    [request] => backend\common\rest\library\Request Object
        (
            [url_elements] => Array
                (
                    [0] => 
                    [1] => famigliaprodotto
                    [2] => 8
                    [3] => tipoprodotto
                )

            [verb] => GET
            [parameters] => Array
                (
                )

            [format] => json
            [datetime] => 1467721923
            [httpheaders] => Array
                (
                    [Host] => localhost
                    [Connection] => keep-alive
                    [Upgrade-Insecure-Requests] => 1
                    [User-Agent] => Mozilla/5.0 (Windows NT 10.0; WOW64) AppleWebKit/537.36 (KHTML, like Gecko) Chrome/51.0.2704.103 Safari/537.36
                    [Accept] => text/html,application/xhtml+xml,application/xml;q=0.9,image/webp,*/*;q=0.8
                    [Accept-Encoding] => gzip, deflate, sdch
                    [Accept-Language] => it-IT,it;q=0.8,en-US;q=0.6,en;q=0.4
                )

        )

)

2016-07-05T14:32:04+02:00 SessionId :  ClientIP : ::1 [RESTGATEWAY] Array
(
    [timestamp] => 1467721923
    [result] => Array
        (
            [request_time] => Tue Jul 5 14:32:03 CEST 2016
            [code] => 200
            [response_time] => Tue Jul 5 14:32:04 CEST 2016
            [status] => success
            [tipoprodotto] => Array
                (
                    [0] => Array
                        (
                            [id_tipo_prodotto] => 327
                            [desc_tipo_prodotto] => AROMATIZZATO O ARROSTO-BRACE
                            [id_aggregante] => 145
                            [desc_aggregante] => COTTO
                        )

                    [1] => Array
                        (
                            [id_tipo_prodotto] => 340
                            [desc_tipo_prodotto] => LISCIO
                            [id_aggregante] => 145
                            [desc_aggregante] => COTTO
                        )

                )

        )

)

2016-07-05T14:32:09+02:00 SessionId :  ClientIP : ::1 [RESTGATEWAY] Array
(
    [timestamp] => 1467721928
    [request] => backend\common\rest\library\Request Object
        (
            [url_elements] => Array
                (
                    [0] => 
                    [1] => famigliaprodotto
                    [2] => 8
                    [3] => tipoprodottorovagnati
                )

            [verb] => GET
            [parameters] => Array
                (
                )

            [format] => json
            [datetime] => 1467721928
            [httpheaders] => Array
                (
                    [Host] => localhost
                    [Connection] => keep-alive
                    [Upgrade-Insecure-Requests] => 1
                    [User-Agent] => Mozilla/5.0 (Windows NT 10.0; WOW64) AppleWebKit/537.36 (KHTML, like Gecko) Chrome/51.0.2704.103 Safari/537.36
                    [Accept] => text/html,application/xhtml+xml,application/xml;q=0.9,image/webp,*/*;q=0.8
                    [Accept-Encoding] => gzip, deflate, sdch
                    [Accept-Language] => it-IT,it;q=0.8,en-US;q=0.6,en;q=0.4
                )

        )

)

2016-07-05T14:32:09+02:00 SessionId :  ClientIP : ::1 [RESTGATEWAY] Array
(
    [timestamp] => 1467721928
    [result] => Array
        (
            [request_time] => Tue Jul 5 14:32:08 CEST 2016
            [code] => 200
            [response_time] => Tue Jul 5 14:32:09 CEST 2016
            [status] => success
            [tipoprodotto] => Array
                (
                    [0] => Array
                        (
                            [id_tipo_prodotto] => 10
                            [desc_tipo_prodotto] => ARROSTO RUSTICO
                            [id_aggregante] => 145
                            [desc_aggregante] => COTTO
                        )

                    [1] => Array
                        (
                            [id_tipo_prodotto] => 11
                            [desc_tipo_prodotto] => BLU
                            [id_aggregante] => 145
                            [desc_aggregante] => COTTO
                        )

                    [2] => Array
                        (
                            [id_tipo_prodotto] => 12
                            [desc_tipo_prodotto] => COTTO NOSTRANO
                            [id_aggregante] => 145
                            [desc_aggregante] => COTTO
                        )

                    [3] => Array
                        (
                            [id_tipo_prodotto] => 13
                            [desc_tipo_prodotto] => COTTO TUTTO GUSTO
                            [id_aggregante] => 145
                            [desc_aggregante] => COTTO
                        )

                    [4] => Array
                        (
                            [id_tipo_prodotto] => 14
                            [desc_tipo_prodotto] => FESTOSO
                            [id_aggregante] => 145
                            [desc_aggregante] => COTTO
                        )

                    [5] => Array
                        (
                            [id_tipo_prodotto] => 15
                            [desc_tipo_prodotto] => GIALLO
                            [id_aggregante] => 145
                            [desc_aggregante] => COTTO
                        )

                    [6] => Array
                        (
                            [id_tipo_prodotto] => 16
                            [desc_tipo_prodotto] => GIROTONDO
                            [id_aggregante] => 145
                            [desc_aggregante] => COTTO
                        )

                    [7] => Array
                        (
                            [id_tipo_prodotto] => 17
                            [desc_tipo_prodotto] => GRAN BISCOTTO
                            [id_aggregante] => 145
                            [desc_aggregante] => COTTO
                        )

                    [8] => Array
                        (
                            [id_tipo_prodotto] => 18
                            [desc_tipo_prodotto] => GRAN BISCOTTO BRACE
                            [id_aggregante] => 145
                            [desc_aggregante] => COTTO
                        )

                    [9] => Array
                        (
                            [id_tipo_prodotto] => 19
                            [desc_tipo_prodotto] => GRAN CARATTERE
                            [id_aggregante] => 145
                            [desc_aggregante] => COTTO
                        )

                    [10] => Array
                        (
                            [id_tipo_prodotto] => 20
                            [desc_tipo_prodotto] => GRAN GUSTO
                            [id_aggregante] => 145
                            [desc_aggregante] => COTTO
                        )

                    [11] => Array
                        (
                            [id_tipo_prodotto] => 21
                            [desc_tipo_prodotto] => GRAN PIACERE
                            [id_aggregante] => 145
                            [desc_aggregante] => COTTO
                        )

                    [12] => Array
                        (
                            [id_tipo_prodotto] => 22
                            [desc_tipo_prodotto] => GRAN SAPORE
                            [id_aggregante] => 145
                            [desc_aggregante] => COTTO
                        )

                    [13] => Array
                        (
                            [id_tipo_prodotto] => 23
                            [desc_tipo_prodotto] => MEDITERRANEO
                            [id_aggregante] => 145
                            [desc_aggregante] => COTTO
                        )

                    [14] => Array
                        (
                            [id_tipo_prodotto] => 24
                            [desc_tipo_prodotto] => PRAGA
                            [id_aggregante] => 145
                            [desc_aggregante] => COTTO
                        )

                    [15] => Array
                        (
                            [id_tipo_prodotto] => 25
                            [desc_tipo_prodotto] => SNELLO GUSTO E BENESSERE
                            [id_aggregante] => 145
                            [desc_aggregante] => COTTO
                        )

                    [16] => Array
                        (
                            [id_tipo_prodotto] => 26
                            [desc_tipo_prodotto] => VERDE
                            [id_aggregante] => 145
                            [desc_aggregante] => COTTO
                        )

                )

        )

)

2016-07-05T14:33:24+02:00 SessionId :  ClientIP : ::1 [RESTGATEWAY] Array
(
    [timestamp] => 1467722004
    [request] => backend\common\rest\library\Request Object
        (
            [url_elements] => Array
                (
                    [0] => 
                    [1] => famigliaprodotto
                    [2] => 8
                    [3] => tipoprodottorovagnati
                )

            [verb] => GET
            [parameters] => Array
                (
                )

            [format] => json
            [datetime] => 1467722004
            [httpheaders] => Array
                (
                    [Host] => localhost
                    [Connection] => keep-alive
                    [Cache-Control] => max-age=0
                    [Upgrade-Insecure-Requests] => 1
                    [User-Agent] => Mozilla/5.0 (Windows NT 10.0; WOW64) AppleWebKit/537.36 (KHTML, like Gecko) Chrome/51.0.2704.103 Safari/537.36
                    [Accept] => text/html,application/xhtml+xml,application/xml;q=0.9,image/webp,*/*;q=0.8
                    [Accept-Encoding] => gzip, deflate, sdch
                    [Accept-Language] => it-IT,it;q=0.8,en-US;q=0.6,en;q=0.4
                )

        )

)

2016-07-05T14:33:25+02:00 SessionId :  ClientIP : ::1 [RESTGATEWAY] Array
(
    [timestamp] => 1467722004
    [result] => Array
        (
            [request_time] => Tue Jul 5 14:33:24 CEST 2016
            [code] => 200
            [response_time] => Tue Jul 5 14:33:25 CEST 2016
            [status] => success
            [tipoprodotto] => Array
                (
                    [0] => Array
                        (
                            [id_tipo_prodotto] => 10
                            [desc_tipo_prodotto] => ARROSTO RUSTICO
                            [id_aggregante] => 145
                            [desc_aggregante] => COTTO
                        )

                    [1] => Array
                        (
                            [id_tipo_prodotto] => 11
                            [desc_tipo_prodotto] => BLU
                            [id_aggregante] => 145
                            [desc_aggregante] => COTTO
                        )

                    [2] => Array
                        (
                            [id_tipo_prodotto] => 12
                            [desc_tipo_prodotto] => COTTO NOSTRANO
                            [id_aggregante] => 145
                            [desc_aggregante] => COTTO
                        )

                    [3] => Array
                        (
                            [id_tipo_prodotto] => 13
                            [desc_tipo_prodotto] => COTTO TUTTO GUSTO
                            [id_aggregante] => 145
                            [desc_aggregante] => COTTO
                        )

                    [4] => Array
                        (
                            [id_tipo_prodotto] => 14
                            [desc_tipo_prodotto] => FESTOSO
                            [id_aggregante] => 145
                            [desc_aggregante] => COTTO
                        )

                    [5] => Array
                        (
                            [id_tipo_prodotto] => 15
                            [desc_tipo_prodotto] => GIALLO
                            [id_aggregante] => 145
                            [desc_aggregante] => COTTO
                        )

                    [6] => Array
                        (
                            [id_tipo_prodotto] => 16
                            [desc_tipo_prodotto] => GIROTONDO
                            [id_aggregante] => 145
                            [desc_aggregante] => COTTO
                        )

                    [7] => Array
                        (
                            [id_tipo_prodotto] => 17
                            [desc_tipo_prodotto] => GRAN BISCOTTO
                            [id_aggregante] => 145
                            [desc_aggregante] => COTTO
                        )

                    [8] => Array
                        (
                            [id_tipo_prodotto] => 18
                            [desc_tipo_prodotto] => GRAN BISCOTTO BRACE
                            [id_aggregante] => 145
                            [desc_aggregante] => COTTO
                        )

                    [9] => Array
                        (
                            [id_tipo_prodotto] => 19
                            [desc_tipo_prodotto] => GRAN CARATTERE
                            [id_aggregante] => 145
                            [desc_aggregante] => COTTO
                        )

                    [10] => Array
                        (
                            [id_tipo_prodotto] => 20
                            [desc_tipo_prodotto] => GRAN GUSTO
                            [id_aggregante] => 145
                            [desc_aggregante] => COTTO
                        )

                    [11] => Array
                        (
                            [id_tipo_prodotto] => 21
                            [desc_tipo_prodotto] => GRAN PIACERE
                            [id_aggregante] => 145
                            [desc_aggregante] => COTTO
                        )

                    [12] => Array
                        (
                            [id_tipo_prodotto] => 22
                            [desc_tipo_prodotto] => GRAN SAPORE
                            [id_aggregante] => 145
                            [desc_aggregante] => COTTO
                        )

                    [13] => Array
                        (
                            [id_tipo_prodotto] => 23
                            [desc_tipo_prodotto] => MEDITERRANEO
                            [id_aggregante] => 145
                            [desc_aggregante] => COTTO
                        )

                    [14] => Array
                        (
                            [id_tipo_prodotto] => 24
                            [desc_tipo_prodotto] => PRAGA
                            [id_aggregante] => 145
                            [desc_aggregante] => COTTO
                        )

                    [15] => Array
                        (
                            [id_tipo_prodotto] => 25
                            [desc_tipo_prodotto] => SNELLO GUSTO E BENESSERE
                            [id_aggregante] => 145
                            [desc_aggregante] => COTTO
                        )

                    [16] => Array
                        (
                            [id_tipo_prodotto] => 26
                            [desc_tipo_prodotto] => VERDE
                            [id_aggregante] => 145
                            [desc_aggregante] => COTTO
                        )

                )

        )

)

2016-07-05T14:34:12+02:00 SessionId :  ClientIP : ::1 [RESTGATEWAY] Array
(
    [timestamp] => 1467722052
    [request] => backend\common\rest\library\Request Object
        (
            [url_elements] => Array
                (
                    [0] => 
                    [1] => famigliaprodotto
                    [2] => 8
                    [3] => tipoprodottorovagnati
                )

            [verb] => GET
            [parameters] => Array
                (
                )

            [format] => json
            [datetime] => 1467722052
            [httpheaders] => Array
                (
                    [Host] => localhost
                    [Connection] => keep-alive
                    [Upgrade-Insecure-Requests] => 1
                    [User-Agent] => Mozilla/5.0 (Windows NT 10.0; WOW64) AppleWebKit/537.36 (KHTML, like Gecko) Chrome/51.0.2704.103 Safari/537.36
                    [Accept] => text/html,application/xhtml+xml,application/xml;q=0.9,image/webp,*/*;q=0.8
                    [Accept-Encoding] => gzip, deflate, sdch
                    [Accept-Language] => it-IT,it;q=0.8,en-US;q=0.6,en;q=0.4
                )

        )

)

2016-07-05T14:34:12+02:00 SessionId :  ClientIP : ::1 [RESTGATEWAY] Array
(
    [timestamp] => 1467722052
    [result] => Array
        (
            [request_time] => Tue Jul 5 14:34:12 CEST 2016
            [code] => 200
            [response_time] => Tue Jul 5 14:34:12 CEST 2016
            [status] => success
            [tipoprodotto] => Array
                (
                    [0] => Array
                        (
                            [id_tipo_prodotto] => 10
                            [desc_tipo_prodotto] => ARROSTO RUSTICO
                            [id_aggregante] => 145
                            [desc_aggregante] => COTTO
                        )

                    [1] => Array
                        (
                            [id_tipo_prodotto] => 11
                            [desc_tipo_prodotto] => BLU
                            [id_aggregante] => 145
                            [desc_aggregante] => COTTO
                        )

                    [2] => Array
                        (
                            [id_tipo_prodotto] => 12
                            [desc_tipo_prodotto] => COTTO NOSTRANO
                            [id_aggregante] => 145
                            [desc_aggregante] => COTTO
                        )

                    [3] => Array
                        (
                            [id_tipo_prodotto] => 13
                            [desc_tipo_prodotto] => COTTO TUTTO GUSTO
                            [id_aggregante] => 145
                            [desc_aggregante] => COTTO
                        )

                    [4] => Array
                        (
                            [id_tipo_prodotto] => 14
                            [desc_tipo_prodotto] => FESTOSO
                            [id_aggregante] => 145
                            [desc_aggregante] => COTTO
                        )

                    [5] => Array
                        (
                            [id_tipo_prodotto] => 15
                            [desc_tipo_prodotto] => GIALLO
                            [id_aggregante] => 145
                            [desc_aggregante] => COTTO
                        )

                    [6] => Array
                        (
                            [id_tipo_prodotto] => 16
                            [desc_tipo_prodotto] => GIROTONDO
                            [id_aggregante] => 145
                            [desc_aggregante] => COTTO
                        )

                    [7] => Array
                        (
                            [id_tipo_prodotto] => 17
                            [desc_tipo_prodotto] => GRAN BISCOTTO
                            [id_aggregante] => 145
                            [desc_aggregante] => COTTO
                        )

                    [8] => Array
                        (
                            [id_tipo_prodotto] => 18
                            [desc_tipo_prodotto] => GRAN BISCOTTO BRACE
                            [id_aggregante] => 145
                            [desc_aggregante] => COTTO
                        )

                    [9] => Array
                        (
                            [id_tipo_prodotto] => 19
                            [desc_tipo_prodotto] => GRAN CARATTERE
                            [id_aggregante] => 145
                            [desc_aggregante] => COTTO
                        )

                    [10] => Array
                        (
                            [id_tipo_prodotto] => 20
                            [desc_tipo_prodotto] => GRAN GUSTO
                            [id_aggregante] => 145
                            [desc_aggregante] => COTTO
                        )

                    [11] => Array
                        (
                            [id_tipo_prodotto] => 21
                            [desc_tipo_prodotto] => GRAN PIACERE
                            [id_aggregante] => 145
                            [desc_aggregante] => COTTO
                        )

                    [12] => Array
                        (
                            [id_tipo_prodotto] => 22
                            [desc_tipo_prodotto] => GRAN SAPORE
                            [id_aggregante] => 145
                            [desc_aggregante] => COTTO
                        )

                    [13] => Array
                        (
                            [id_tipo_prodotto] => 23
                            [desc_tipo_prodotto] => MEDITERRANEO
                            [id_aggregante] => 145
                            [desc_aggregante] => COTTO
                        )

                    [14] => Array
                        (
                            [id_tipo_prodotto] => 24
                            [desc_tipo_prodotto] => PRAGA
                            [id_aggregante] => 145
                            [desc_aggregante] => COTTO
                        )

                    [15] => Array
                        (
                            [id_tipo_prodotto] => 25
                            [desc_tipo_prodotto] => SNELLO GUSTO E BENESSERE
                            [id_aggregante] => 145
                            [desc_aggregante] => COTTO
                        )

                    [16] => Array
                        (
                            [id_tipo_prodotto] => 26
                            [desc_tipo_prodotto] => VERDE
                            [id_aggregante] => 145
                            [desc_aggregante] => COTTO
                        )

                )

        )

)

2016-07-05T14:35:07+02:00 SessionId :  ClientIP : ::1 [RESTGATEWAY] Array
(
    [timestamp] => 1467722107
    [request] => backend\common\rest\library\Request Object
        (
            [url_elements] => Array
                (
                    [0] => 
                    [1] => famigliaprodotto
                    [2] => 1
                    [3] => tipoprodottorovagnati
                )

            [verb] => GET
            [parameters] => Array
                (
                )

            [format] => json
            [datetime] => 1467722107
            [httpheaders] => Array
                (
                    [Host] => localhost
                    [Connection] => keep-alive
                    [Upgrade-Insecure-Requests] => 1
                    [User-Agent] => Mozilla/5.0 (Windows NT 10.0; WOW64) AppleWebKit/537.36 (KHTML, like Gecko) Chrome/51.0.2704.103 Safari/537.36
                    [Accept] => text/html,application/xhtml+xml,application/xml;q=0.9,image/webp,*/*;q=0.8
                    [Accept-Encoding] => gzip, deflate, sdch
                    [Accept-Language] => it-IT,it;q=0.8,en-US;q=0.6,en;q=0.4
                )

        )

)

2016-07-05T14:35:07+02:00 SessionId :  ClientIP : ::1 [RESTGATEWAY] Array
(
    [timestamp] => 1467722107
    [result] => Array
        (
            [request_time] => Tue Jul 5 14:35:07 CEST 2016
            [code] => 404
            [response_time] => Tue Jul 5 14:35:07 CEST 2016
            [status] => fail
            [error] => NO_DATA
        )

)

2016-07-05T14:35:11+02:00 SessionId :  ClientIP : ::1 [RESTGATEWAY] Array
(
    [timestamp] => 1467722110
    [request] => backend\common\rest\library\Request Object
        (
            [url_elements] => Array
                (
                    [0] => 
                    [1] => famigliaprodotto
                    [2] => 2
                    [3] => tipoprodottorovagnati
                )

            [verb] => GET
            [parameters] => Array
                (
                )

            [format] => json
            [datetime] => 1467722110
            [httpheaders] => Array
                (
                    [Host] => localhost
                    [Connection] => keep-alive
                    [Upgrade-Insecure-Requests] => 1
                    [User-Agent] => Mozilla/5.0 (Windows NT 10.0; WOW64) AppleWebKit/537.36 (KHTML, like Gecko) Chrome/51.0.2704.103 Safari/537.36
                    [Accept] => text/html,application/xhtml+xml,application/xml;q=0.9,image/webp,*/*;q=0.8
                    [Accept-Encoding] => gzip, deflate, sdch
                    [Accept-Language] => it-IT,it;q=0.8,en-US;q=0.6,en;q=0.4
                )

        )

)

2016-07-05T14:35:11+02:00 SessionId :  ClientIP : ::1 [RESTGATEWAY] Array
(
    [timestamp] => 1467722110
    [result] => Array
        (
            [request_time] => Tue Jul 5 14:35:10 CEST 2016
            [code] => 404
            [response_time] => Tue Jul 5 14:35:11 CEST 2016
            [status] => fail
            [error] => NO_DATA
        )

)

2016-07-05T14:35:14+02:00 SessionId :  ClientIP : ::1 [RESTGATEWAY] Array
(
    [timestamp] => 1467722114
    [request] => backend\common\rest\library\Request Object
        (
            [url_elements] => Array
                (
                    [0] => 
                    [1] => famigliaprodotto
                    [2] => 9
                    [3] => tipoprodottorovagnati
                )

            [verb] => GET
            [parameters] => Array
                (
                )

            [format] => json
            [datetime] => 1467722114
            [httpheaders] => Array
                (
                    [Host] => localhost
                    [Connection] => keep-alive
                    [Upgrade-Insecure-Requests] => 1
                    [User-Agent] => Mozilla/5.0 (Windows NT 10.0; WOW64) AppleWebKit/537.36 (KHTML, like Gecko) Chrome/51.0.2704.103 Safari/537.36
                    [Accept] => text/html,application/xhtml+xml,application/xml;q=0.9,image/webp,*/*;q=0.8
                    [Accept-Encoding] => gzip, deflate, sdch
                    [Accept-Language] => it-IT,it;q=0.8,en-US;q=0.6,en;q=0.4
                )

        )

)

2016-07-05T14:35:14+02:00 SessionId :  ClientIP : ::1 [RESTGATEWAY] Array
(
    [timestamp] => 1467722114
    [result] => Array
        (
            [request_time] => Tue Jul 5 14:35:14 CEST 2016
            [code] => 200
            [response_time] => Tue Jul 5 14:35:14 CEST 2016
            [status] => success
            [tipoprodotto] => Array
                (
                    [0] => Array
                        (
                            [id_tipo_prodotto] => 27
                            [desc_tipo_prodotto] => ALTO LAZIO
                            [id_aggregante] => 146
                            [desc_aggregante] => CRUDO
                        )

                    [1] => Array
                        (
                            [id_tipo_prodotto] => 28
                            [desc_tipo_prodotto] => CRUDO NAZIONALE
                            [id_aggregante] => 146
                            [desc_aggregante] => CRUDO
                        )

                    [2] => Array
                        (
                            [id_tipo_prodotto] => 29
                            [desc_tipo_prodotto] => DOLCE CONTRADA
                            [id_aggregante] => 146
                            [desc_aggregante] => CRUDO
                        )

                    [3] => Array
                        (
                            [id_tipo_prodotto] => 30
                            [desc_tipo_prodotto] => PARMA
                            [id_aggregante] => 146
                            [desc_aggregante] => CRUDO
                        )

                    [4] => Array
                        (
                            [id_tipo_prodotto] => 31
                            [desc_tipo_prodotto] => SAN DANIELE
                            [id_aggregante] => 146
                            [desc_aggregante] => CRUDO
                        )

                    [5] => Array
                        (
                            [id_tipo_prodotto] => 32
                            [desc_tipo_prodotto] => VAL DOLCE
                            [id_aggregante] => 146
                            [desc_aggregante] => CRUDO
                        )

                )

        )

)

2016-07-05T14:35:24+02:00 SessionId :  ClientIP : ::1 [RESTGATEWAY] Array
(
    [timestamp] => 1467722124
    [request] => backend\common\rest\library\Request Object
        (
            [url_elements] => Array
                (
                    [0] => 
                    [1] => famigliaprodotto
                    [2] => 8
                    [3] => tipoprodottorovagnati
                )

            [verb] => GET
            [parameters] => Array
                (
                )

            [format] => json
            [datetime] => 1467722124
            [httpheaders] => Array
                (
                    [Host] => localhost
                    [Connection] => keep-alive
                    [Upgrade-Insecure-Requests] => 1
                    [User-Agent] => Mozilla/5.0 (Windows NT 10.0; WOW64) AppleWebKit/537.36 (KHTML, like Gecko) Chrome/51.0.2704.103 Safari/537.36
                    [Accept] => text/html,application/xhtml+xml,application/xml;q=0.9,image/webp,*/*;q=0.8
                    [Accept-Encoding] => gzip, deflate, sdch
                    [Accept-Language] => it-IT,it;q=0.8,en-US;q=0.6,en;q=0.4
                )

        )

)

2016-07-05T14:35:24+02:00 SessionId :  ClientIP : ::1 [RESTGATEWAY] Array
(
    [timestamp] => 1467722124
    [result] => Array
        (
            [request_time] => Tue Jul 5 14:35:24 CEST 2016
            [code] => 200
            [response_time] => Tue Jul 5 14:35:24 CEST 2016
            [status] => success
            [tipoprodotto] => Array
                (
                    [0] => Array
                        (
                            [id_tipo_prodotto] => 10
                            [desc_tipo_prodotto] => ARROSTO RUSTICO
                            [id_aggregante] => 145
                            [desc_aggregante] => COTTO
                        )

                    [1] => Array
                        (
                            [id_tipo_prodotto] => 11
                            [desc_tipo_prodotto] => BLU
                            [id_aggregante] => 145
                            [desc_aggregante] => COTTO
                        )

                    [2] => Array
                        (
                            [id_tipo_prodotto] => 12
                            [desc_tipo_prodotto] => COTTO NOSTRANO
                            [id_aggregante] => 145
                            [desc_aggregante] => COTTO
                        )

                    [3] => Array
                        (
                            [id_tipo_prodotto] => 13
                            [desc_tipo_prodotto] => COTTO TUTTO GUSTO
                            [id_aggregante] => 145
                            [desc_aggregante] => COTTO
                        )

                    [4] => Array
                        (
                            [id_tipo_prodotto] => 14
                            [desc_tipo_prodotto] => FESTOSO
                            [id_aggregante] => 145
                            [desc_aggregante] => COTTO
                        )

                    [5] => Array
                        (
                            [id_tipo_prodotto] => 15
                            [desc_tipo_prodotto] => GIALLO
                            [id_aggregante] => 145
                            [desc_aggregante] => COTTO
                        )

                    [6] => Array
                        (
                            [id_tipo_prodotto] => 16
                            [desc_tipo_prodotto] => GIROTONDO
                            [id_aggregante] => 145
                            [desc_aggregante] => COTTO
                        )

                    [7] => Array
                        (
                            [id_tipo_prodotto] => 17
                            [desc_tipo_prodotto] => GRAN BISCOTTO
                            [id_aggregante] => 145
                            [desc_aggregante] => COTTO
                        )

                    [8] => Array
                        (
                            [id_tipo_prodotto] => 18
                            [desc_tipo_prodotto] => GRAN BISCOTTO BRACE
                            [id_aggregante] => 145
                            [desc_aggregante] => COTTO
                        )

                    [9] => Array
                        (
                            [id_tipo_prodotto] => 19
                            [desc_tipo_prodotto] => GRAN CARATTERE
                            [id_aggregante] => 145
                            [desc_aggregante] => COTTO
                        )

                    [10] => Array
                        (
                            [id_tipo_prodotto] => 20
                            [desc_tipo_prodotto] => GRAN GUSTO
                            [id_aggregante] => 145
                            [desc_aggregante] => COTTO
                        )

                    [11] => Array
                        (
                            [id_tipo_prodotto] => 21
                            [desc_tipo_prodotto] => GRAN PIACERE
                            [id_aggregante] => 145
                            [desc_aggregante] => COTTO
                        )

                    [12] => Array
                        (
                            [id_tipo_prodotto] => 22
                            [desc_tipo_prodotto] => GRAN SAPORE
                            [id_aggregante] => 145
                            [desc_aggregante] => COTTO
                        )

                    [13] => Array
                        (
                            [id_tipo_prodotto] => 23
                            [desc_tipo_prodotto] => MEDITERRANEO
                            [id_aggregante] => 145
                            [desc_aggregante] => COTTO
                        )

                    [14] => Array
                        (
                            [id_tipo_prodotto] => 24
                            [desc_tipo_prodotto] => PRAGA
                            [id_aggregante] => 145
                            [desc_aggregante] => COTTO
                        )

                    [15] => Array
                        (
                            [id_tipo_prodotto] => 25
                            [desc_tipo_prodotto] => SNELLO GUSTO E BENESSERE
                            [id_aggregante] => 145
                            [desc_aggregante] => COTTO
                        )

                    [16] => Array
                        (
                            [id_tipo_prodotto] => 26
                            [desc_tipo_prodotto] => VERDE
                            [id_aggregante] => 145
                            [desc_aggregante] => COTTO
                        )

                )

        )

)

