2016-06-27T15:26:02+02:00 [RESTGATEWAY] Array
(
    [timestamp] => 1467033962
    [request] => backend\common\rest\library\Request Object
        (
            [url_elements] => Array
                (
                    [0] => 
                    [1] => rilevazione
                    [2] => 1
                    [3] => 4
                )

            [verb] => GET
            [parameters] => Array
                (
                )

            [format] => json
            [datetime] => 1467033962
            [httpheaders] => Array
                (
                    [Host] => localhost
                    [Connection] => keep-alive
                    [Upgrade-Insecure-Requests] => 1
                    [User-Agent] => Mozilla/5.0 (Windows NT 10.0; WOW64) AppleWebKit/537.36 (KHTML, like Gecko) Chrome/51.0.2704.103 Safari/537.36
                    [Accept] => text/html,application/xhtml+xml,application/xml;q=0.9,image/webp,*/*;q=0.8
                    [Accept-Encoding] => gzip, deflate, sdch
                    [Accept-Language] => it-IT,it;q=0.8,en-US;q=0.6,en;q=0.4
                )

        )

)

2016-06-27T15:26:02+02:00 [RESTGATEWAY] Array
(
    [timestamp] => 1467033962
    [result] => Array
        (
            [request_time] => Mon Jun 27 15:26:02 CEST 2016
            [code] => 200
            [response_time] => Mon Jun 27 15:26:02 CEST 2016
            [status] => success
            [rilevazione] => Array
                (
                    [0] => Array
                        (
                            [id_rilevazione] => 4
                            [id_scheda_rilevazione] => 1
                            [id_cliente] => 1
                            [nomecliente] => ANGELINI ALESSANDRO
                            [id_utente] => 1
                            [username] => user9002
                            [id_dati_prodotto] => 13
                            [id_famiglia_prodotto] => 12
                            [famiglia_prodotto] => PANCETTA
                            [data_inizio_validita] => 2015-04-01 00:00:00
                            [data_fine_validita] => 2016-12-31 00:00:00
                            [data_creazione_scheda] => 2016-06-20 16:57:53
                            [data_ultimo_aggiornamento_scheda] => 2016-06-27 12:16:03
                            [prezzo_prodotto] => 112.00
                            [ordine_prodotto] => 0
                            [prodotto_in_promozione] => 1
                            [prodotto_top_seller] => 1
                            [id_concorrente] => 1
                            [id_tipo_prodotto] => 328
                            [desc_tipo_prodotto] => ARROSTI POLLO
                            [id_tipo_prodotto_rovagnati] => 328
                            [desc_tipo_prodotto_rovagnati] => ARROSTI POLLO
                        )

                )

        )

)

