2016-09-19T18:47:38+02:00 SessionId :  ClientIP : ::1 [RESTGATEWAY] Array
(
    [timestamp] => 1474303649
    [request] => backend\common\rest\library\Request Object
        (
            [url_elements] => Array
                (
                    [0] => 
                    [1] => cliente
                    [2] => 36487
                    [3] => parametridicontrollo
                    [4] => 2016
                    [5] => 09
                    [6] => 4
                    [7] => 172
                )

            [verb] => GET
            [parameters] => Array
                (
                )

            [format] => json
            [datetime] => 1474303649
            [httpheaders] => Array
                (
                    [Host] => localhost
                    [Connection] => keep-alive
                    [Upgrade-Insecure-Requests] => 1
                    [User-Agent] => Mozilla/5.0 (Windows NT 10.0; WOW64) AppleWebKit/537.36 (KHTML, like Gecko) Chrome/53.0.2785.116 Safari/537.36
                    [Accept] => text/html,application/xhtml+xml,application/xml;q=0.9,image/webp,*/*;q=0.8
                    [Accept-Encoding] => gzip, deflate, sdch
                    [Accept-Language] => it-IT,it;q=0.8,en-US;q=0.6,en;q=0.4
                )

        )

)

2016-09-19T18:47:47+02:00 SessionId :  ClientIP : ::1 [RESTGATEWAY] Array
(
    [timestamp] => 1474303667
    [request] => backend\common\rest\library\Request Object
        (
            [url_elements] => Array
                (
                    [0] => 
                    [1] => cliente
                    [2] => 36487
                    [3] => parametridicontrollo
                    [4] => 2016
                    [5] => 09
                    [6] => 4
                    [7] => 172
                )

            [verb] => GET
            [parameters] => Array
                (
                )

            [format] => json
            [datetime] => 1474303667
            [httpheaders] => Array
                (
                    [Host] => localhost
                    [Connection] => keep-alive
                    [Cache-Control] => max-age=0
                    [Upgrade-Insecure-Requests] => 1
                    [User-Agent] => Mozilla/5.0 (Windows NT 10.0; WOW64) AppleWebKit/537.36 (KHTML, like Gecko) Chrome/53.0.2785.116 Safari/537.36
                    [Accept] => text/html,application/xhtml+xml,application/xml;q=0.9,image/webp,*/*;q=0.8
                    [Accept-Encoding] => gzip, deflate, sdch
                    [Accept-Language] => it-IT,it;q=0.8,en-US;q=0.6,en;q=0.4
                )

        )

)

2016-09-19T18:47:48+02:00 SessionId :  ClientIP : ::1 [RESTGATEWAY] Array
(
    [timestamp] => 1474303668
    [request] => backend\common\rest\library\Request Object
        (
            [url_elements] => Array
                (
                    [0] => 
                    [1] => cliente
                    [2] => 36487
                    [3] => parametridicontrollo
                    [4] => 2016
                    [5] => 09
                    [6] => 4
                    [7] => 172
                )

            [verb] => GET
            [parameters] => Array
                (
                )

            [format] => json
            [datetime] => 1474303668
            [httpheaders] => Array
                (
                    [Host] => localhost
                    [Connection] => keep-alive
                    [Cache-Control] => max-age=0
                    [Upgrade-Insecure-Requests] => 1
                    [User-Agent] => Mozilla/5.0 (Windows NT 10.0; WOW64) AppleWebKit/537.36 (KHTML, like Gecko) Chrome/53.0.2785.116 Safari/537.36
                    [Accept] => text/html,application/xhtml+xml,application/xml;q=0.9,image/webp,*/*;q=0.8
                    [Accept-Encoding] => gzip, deflate, sdch
                    [Accept-Language] => it-IT,it;q=0.8,en-US;q=0.6,en;q=0.4
                )

        )

)

2016-09-19T18:50:55+02:00 SessionId :  ClientIP : ::1 [RESTGATEWAY] Array
(
    [timestamp] => 1474303855
    [request] => backend\common\rest\library\Request Object
        (
            [url_elements] => Array
                (
                    [0] => 
                    [1] => cliente
                    [2] => 36487
                    [3] => parametridicontrollo
                    [4] => 2016
                    [5] => 09
                    [6] => 4
                    [7] => 172
                )

            [verb] => GET
            [parameters] => Array
                (
                )

            [format] => json
            [datetime] => 1474303855
            [httpheaders] => Array
                (
                    [Host] => localhost
                    [Connection] => keep-alive
                    [Cache-Control] => max-age=0
                    [Upgrade-Insecure-Requests] => 1
                    [User-Agent] => Mozilla/5.0 (Windows NT 10.0; WOW64) AppleWebKit/537.36 (KHTML, like Gecko) Chrome/53.0.2785.116 Safari/537.36
                    [Accept] => text/html,application/xhtml+xml,application/xml;q=0.9,image/webp,*/*;q=0.8
                    [Accept-Encoding] => gzip, deflate, sdch
                    [Accept-Language] => it-IT,it;q=0.8,en-US;q=0.6,en;q=0.4
                )

        )

)

2016-09-19T18:52:04+02:00 SessionId :  ClientIP : ::1 [RESTGATEWAY] Array
(
    [timestamp] => 1474303924
    [request] => backend\common\rest\library\Request Object
        (
            [url_elements] => Array
                (
                    [0] => 
                    [1] => cliente
                    [2] => 36487
                    [3] => parametridicontrollo
                    [4] => 2016
                    [5] => 09
                    [6] => 4
                    [7] => 172
                )

            [verb] => GET
            [parameters] => Array
                (
                )

            [format] => json
            [datetime] => 1474303924
            [httpheaders] => Array
                (
                    [Host] => localhost
                    [Connection] => keep-alive
                    [Cache-Control] => max-age=0
                    [Upgrade-Insecure-Requests] => 1
                    [User-Agent] => Mozilla/5.0 (Windows NT 10.0; WOW64) AppleWebKit/537.36 (KHTML, like Gecko) Chrome/53.0.2785.116 Safari/537.36
                    [Accept] => text/html,application/xhtml+xml,application/xml;q=0.9,image/webp,*/*;q=0.8
                    [Accept-Encoding] => gzip, deflate, sdch
                    [Accept-Language] => it-IT,it;q=0.8,en-US;q=0.6,en;q=0.4
                )

        )

)

2016-09-19T18:54:48+02:00 SessionId :  ClientIP : ::1 [RESTGATEWAY] Array
(
    [timestamp] => 1474303924
    [result] => Array
        (
            [request_time] => Mon Sep 19 18:52:04 CEST 2016
            [code] => 200
            [response_time] => Mon Sep 19 18:54:48 CEST 2016
            [version_number] => 1
            [status] => success
            [profilocliente] => Array
                (
                    [0] => Array
                        (
                            [id_livello] => 172
                            [descrizione_livello] => GRAN PIACERE
                        )

                )

        )

)

