2017-02-10T12:51:52+01:00 SessionId :  ClientIP : ::1 [RESTGATEWAY] Array
(
    [timestamp] => 1486727511
    [request] => backend\common\rest\library\Request Object
        (
            [url_elements] => Array
                (
                    [0] => 
                    [1] => waveserijakala
                    [2] => elencowavecorrenti
                )

            [verb] => GET
            [parameters] => Array
                (
                )

            [format] => json
            [datetime] => 1486727511
            [httpheaders] => Array
                (
                    [Host] => localhost
                    [Connection] => keep-alive
                    [Upgrade-Insecure-Requests] => 1
                    [User-Agent] => Mozilla/5.0 (Windows NT 10.0; WOW64) AppleWebKit/537.36 (KHTML, like Gecko) Chrome/56.0.2924.87 Safari/537.36
                    [Accept] => text/html,application/xhtml+xml,application/xml;q=0.9,image/webp,*/*;q=0.8
                    [Accept-Encoding] => gzip, deflate, sdch, br
                    [Accept-Language] => it-IT,it;q=0.8,en-US;q=0.6,en;q=0.4
                )

        )

)

2017-02-10T12:51:52+01:00 SessionId :  ClientIP : ::1 [RESTGATEWAY] Array
(
    [timestamp] => 1486727511
    [result] => Array
        (
            [request_time] => Fri Feb 10 12:51:51 CET 2017
            [code] => 200
            [response_time] => Fri Feb 10 12:51:52 CET 2017
            [version_number] => 1
            [status] => success
            [wave] => Array
                (
                    [0] => Array
                        (
                            [id] => 1
                            [descrizione] => TLEXTRA
                            [tipologia_wave] => INCREMENTOFATTURATO
                            [datainizio] => 2016-10-01
                            [datafine] => 2016-12-31
                            [claim] => <style>
    * {
        font-size : 22px;
        font-family: "Arial";
    }
</style>
<p>Rovagnati presenta <b>"La Stagione dei Premi"</b>, la nuova iniziativa che ricompensa la tua voglia di crescere.<br>
Scegli la qualit&agrave; dei prodotti Rovagnati e scopri i premi pensati su misura per te.<br><br>
<b>Periodo</b>: Ottobre/Dicembre 2016<br>
<b>Meccanica</b>: incrementa il tuo fatturato rispetto allo stesso periodo dell’anno precedente. Maggiore sarà la tua crescita, più prezioso sarà il tuo premio. 
<br>Una collezione tutta nuova, da scoprire, pensata per incontrare i gusti e le passioni più diverse.
</p>

                        )

                    [1] => Array
                        (
                            [id] => 2
                            [descrizione] => SALAMI PREMIUM
                            [tipologia_wave] => PUNTI
                            [datainizio] => 2016-09-19
                            [datafine] => 2016-12-16
                            [claim] => <style>
    * {
        font-size : 20px;
        font-family: "Arial";
    }
    tr:nth-child(even) {background: #CCC}
		tr:nth-child(odd) {background: #FFF}
</style>
<p align="center"><b>Modalit&agrave; calcolo punti:</b> la vendita di un salame della lista equivale ad 1 punto. <br> Ordini dal 19 settembre al 16 dicembre 2016</p>
<table align="center" width="50%">
    <tr>
        <td colspan="2"><b><center>LISTA PRODOTTI</center></b></td>
    </tr>
    <tr>
        <td align="center"><i>Codice</i></td>
        <td align="center"><i>Descrizione</i></td>
    </tr>
    <tr>
        <td><b>G2901 - G3702</b></td>
        <td>Salame Milano</td>
    </tr>
    <tr>
        <td><b>G3802 - G3101</b></td>
        <td>Salame Ungherese</td>
    </tr>
    <tr>
        <td><b>G3301</b></td>
        <td>Salame Napoli</td>
    </tr>
    <tr>
        <td><b>318 - 319</b></td>
        <td>Salame Ventricina</td>
    </tr>
    <tr>
        <td><b>G3208</b></td>
        <td>Salame Marcellino</td>
    </tr>
    <tr>
        <td><b>G5001</b></td>
        <td>Salame Italo</td>
    </tr>
    <tr>
        <td><b>324 - 326</b></td>
        <td>Salame Nostrano</td>
    </tr>

</table>
                        )

                    [2] => Array
                        (
                            [id] => 3
                            [descrizione] => GIRODITALIA
                            [tipologia_wave] => GIRODITALIA
                            [datainizio] => 2017-01-01
                            [datafine] => 2017-12-31
                            [claim] => 
                        )

                )

        )

)

2017-02-10T12:52:04+01:00 SessionId :  ClientIP : ::1 [RESTGATEWAY] Array
(
    [timestamp] => 1486727524
    [request] => backend\common\rest\library\Request Object
        (
            [url_elements] => Array
                (
                    [0] => 
                    [1] => waveserijakala
                    [2] => 3
                )

            [verb] => GET
            [parameters] => Array
                (
                )

            [format] => json
            [datetime] => 1486727524
            [httpheaders] => Array
                (
                    [Host] => localhost
                    [Connection] => keep-alive
                    [Upgrade-Insecure-Requests] => 1
                    [User-Agent] => Mozilla/5.0 (Windows NT 10.0; WOW64) AppleWebKit/537.36 (KHTML, like Gecko) Chrome/56.0.2924.87 Safari/537.36
                    [Accept] => text/html,application/xhtml+xml,application/xml;q=0.9,image/webp,*/*;q=0.8
                    [Accept-Encoding] => gzip, deflate, sdch, br
                    [Accept-Language] => it-IT,it;q=0.8,en-US;q=0.6,en;q=0.4
                )

        )

)

2017-02-10T12:52:04+01:00 SessionId :  ClientIP : ::1 [RESTGATEWAY] Array
(
    [timestamp] => 1486727524
    [result] => Array
        (
            [request_time] => Fri Feb 10 12:52:04 CET 2017
            [code] => 200
        )

)

2017-02-10T12:52:54+01:00 SessionId :  ClientIP : ::1 [RESTGATEWAY] Array
(
    [timestamp] => 1486727574
    [request] => backend\common\rest\library\Request Object
        (
            [url_elements] => Array
                (
                    [0] => 
                    [1] => waveserijakala
                )

            [verb] => GET
            [parameters] => Array
                (
                )

            [format] => json
            [datetime] => 1486727574
            [httpheaders] => Array
                (
                    [Host] => localhost
                    [Connection] => keep-alive
                    [Upgrade-Insecure-Requests] => 1
                    [User-Agent] => Mozilla/5.0 (Windows NT 10.0; WOW64) AppleWebKit/537.36 (KHTML, like Gecko) Chrome/56.0.2924.87 Safari/537.36
                    [Accept] => text/html,application/xhtml+xml,application/xml;q=0.9,image/webp,*/*;q=0.8
                    [Accept-Encoding] => gzip, deflate, sdch, br
                    [Accept-Language] => it-IT,it;q=0.8,en-US;q=0.6,en;q=0.4
                )

        )

)

2017-02-10T12:52:54+01:00 SessionId :  ClientIP : ::1 [RESTGATEWAY] Array
(
    [timestamp] => 1486727574
    [result] => Array
        (
            [request_time] => Fri Feb 10 12:52:54 CET 2017
            [code] => 200
        )

)

2017-02-10T12:53:25+01:00 SessionId :  ClientIP : ::1 [RESTGATEWAY] Array
(
    [timestamp] => 1486727605
    [request] => backend\common\rest\library\Request Object
        (
            [url_elements] => Array
                (
                    [0] => 
                    [1] => waveserijakala
                    [2] => 1
                    [3] => elencopremi
                )

            [verb] => GET
            [parameters] => Array
                (
                )

            [format] => json
            [datetime] => 1486727605
            [httpheaders] => Array
                (
                    [Host] => localhost
                    [Connection] => keep-alive
                    [Upgrade-Insecure-Requests] => 1
                    [User-Agent] => Mozilla/5.0 (Windows NT 10.0; WOW64) AppleWebKit/537.36 (KHTML, like Gecko) Chrome/56.0.2924.87 Safari/537.36
                    [Accept] => text/html,application/xhtml+xml,application/xml;q=0.9,image/webp,*/*;q=0.8
                    [Accept-Encoding] => gzip, deflate, sdch, br
                    [Accept-Language] => it-IT,it;q=0.8,en-US;q=0.6,en;q=0.4
                )

        )

)

2017-02-10T12:53:25+01:00 SessionId :  ClientIP : ::1 [RESTGATEWAY] Array
(
    [timestamp] => 1486727605
    [result] => Array
        (
            [request_time] => Fri Feb 10 12:53:25 CET 2017
            [code] => 200
            [response_time] => Fri Feb 10 12:53:25 CET 2017
            [version_number] => 1
            [status] => success
            [premiwave] => Array
                (
                    [700] => Array
                        (
                            [0] => Array
                                (
                                    [id_premio] => 5
                                    [descrizione] => iPod Shuffle Silver
                                    [produttore] => Apple
                                    [id_fascia] => 2
                                )

                            [1] => Array
                                (
                                    [id_premio] => 6
                                    [descrizione] => FIFA 16 Xbox One
                                    [produttore] => EA
                                    [id_fascia] => 2
                                )

                            [2] => Array
                                (
                                    [id_premio] => 3
                                    [descrizione] => 12 mesi di MEDICAL CARD Family
                                    [produttore] => Medical Card
                                    [id_fascia] => 2
                                )

                            [3] => Array
                                (
                                    [id_premio] => 8
                                    [descrizione] => Orologio sveglia DreamScience
                                    [produttore] => Oregon Scientific
                                    [id_fascia] => 2
                                )

                            [4] => Array
                                (
                                    [id_premio] => 7
                                    [descrizione] => Zaino porta pc 27 litri
                                    [produttore] => Samsonite
                                    [id_fascia] => 2
                                )

                            [5] => Array
                                (
                                    [id_premio] => 4
                                    [descrizione] => Auricolare senza fili
                                    [produttore] => Sony
                                    [id_fascia] => 2
                                )

                        )

                    [1500] => Array
                        (
                            [0] => Array
                                (
                                    [id_premio] => 12
                                    [descrizione] => Rasoio per uomo
                                    [produttore] => Braun
                                    [id_fascia] => 3
                                )

                            [1] => Array
                                (
                                    [id_premio] => 14
                                    [descrizione] => Manpower - 10 ore di collaborazione domestica a scelta
                                    [produttore] => CartaOra
                                    [id_fascia] => 3
                                )

                            [2] => Array
                                (
                                    [id_premio] => 9
                                    [descrizione] => Orologio analogico fitness band Vivomove
                                    [produttore] => Garmin
                                    [id_fascia] => 3
                                )

                            [3] => Array
                                (
                                    [id_premio] => 11
                                    [descrizione] => Friggitrice airfryer
                                    [produttore] => Philips
                                    [id_fascia] => 3
                                )

                            [4] => Array
                                (
                                    [id_premio] => 13
                                    [descrizione] => Trolley spinner 55/20 Neopulse
                                    [produttore] => Samsonite
                                    [id_fascia] => 3
                                )

                            [5] => Array
                                (
                                    [id_premio] => 10
                                    [descrizione] => SOGGIORNI E SAPORI D'ITALIA
                                    [produttore] => SmartBox
                                    [id_fascia] => 3
                                )

                        )

                    [3000] => Array
                        (
                            [0] => Array
                                (
                                    [id_premio] => 16
                                    [descrizione] => AirPort Time Capsule - 2TB
                                    [produttore] => Apple
                                    [id_fascia] => 4
                                )

                            [1] => Array
                                (
                                    [id_premio] => 18
                                    [descrizione] => Robot aspirapolvere Roomba 616
                                    [produttore] => Irobot
                                    [id_fascia] => 4
                                )

                            [2] => Array
                                (
                                    [id_premio] => 20
                                    [descrizione] => Robot multifunzione Kcook
                                    [produttore] => Kenwood
                                    [id_fascia] => 4
                                )

                            [3] => Array
                                (
                                    [id_premio] => 15
                                    [descrizione] => Kitchen Machine
                                    [produttore] => Philips
                                    [id_fascia] => 4
                                )

                            [4] => Array
                                (
                                    [id_premio] => 19
                                    [descrizione] => Galaxy Tab A 2016 LTE 10.1
                                    [produttore] => Samsung
                                    [id_fascia] => 4
                                )

                            [5] => Array
                                (
                                    [id_premio] => 17
                                    [descrizione] => TV LED 32" Full HD
                                    [produttore] => Samsung
                                    [id_fascia] => 4
                                )

                        )

                    [4000] => Array
                        (
                            [0] => Array
                                (
                                    [id_premio] => 23
                                    [descrizione] => Manpower - 25 ore di collaborazione domestica a scelta
                                    [produttore] => CartaOra
                                    [id_fascia] => 5
                                )

                            [1] => Array
                                (
                                    [id_premio] => 25
                                    [descrizione] => Palestra multifunzione JK Fitness 6097
                                    [produttore] => JK Fitness
                                    [id_fascia] => 5
                                )

                            [2] => Array
                                (
                                    [id_premio] => 22
                                    [descrizione] => Videocamera Gear 360°
                                    [produttore] => Samsung
                                    [id_fascia] => 5
                                )

                            [3] => Array
                                (
                                    [id_premio] => 21
                                    [descrizione] => Galaxy A5 2016
                                    [produttore] => Samsung
                                    [id_fascia] => 5
                                )

                            [4] => Array
                                (
                                    [id_premio] => 26
                                    [descrizione] => TV 40" LED Full HD
                                    [produttore] => Sony
                                    [id_fascia] => 5
                                )

                            [5] => Array
                                (
                                    [id_premio] => 24
                                    [descrizione] => Tablet Xperia Z3 4G 16GB
                                    [produttore] => Sony
                                    [id_fascia] => 5
                                )

                        )

                )

        )

)

2017-02-10T13:01:01+01:00 SessionId :  ClientIP : ::1 [RESTGATEWAY] Array
(
    [timestamp] => 1486728061
    [request] => backend\common\rest\library\Request Object
        (
            [url_elements] => Array
                (
                    [0] => 
                    [1] => waveserijakala
                    [2] => descrizione
                )

            [verb] => GET
            [parameters] => Array
                (
                )

            [format] => json
            [datetime] => 1486728061
            [httpheaders] => Array
                (
                    [Host] => localhost
                    [Connection] => keep-alive
                    [Upgrade-Insecure-Requests] => 1
                    [User-Agent] => Mozilla/5.0 (Windows NT 10.0; WOW64) AppleWebKit/537.36 (KHTML, like Gecko) Chrome/56.0.2924.87 Safari/537.36
                    [Accept] => text/html,application/xhtml+xml,application/xml;q=0.9,image/webp,*/*;q=0.8
                    [Accept-Encoding] => gzip, deflate, sdch, br
                    [Accept-Language] => it-IT,it;q=0.8,en-US;q=0.6,en;q=0.4
                )

        )

)

2017-02-10T13:01:02+01:00 SessionId :  ClientIP : ::1 [RESTGATEWAY] Array
(
    [timestamp] => 1486728061
    [result] => Array
        (
            [request_time] => Fri Feb 10 13:01:01 CET 2017
            [code] => 200
        )

)

2017-02-10T13:01:16+01:00 SessionId :  ClientIP : ::1 [RESTGATEWAY] Array
(
    [timestamp] => 1486728075
    [request] => backend\common\rest\library\Request Object
        (
            [url_elements] => Array
                (
                    [0] => 
                    [1] => waveserijakala
                    [2] => descrizione
                    [3] => gg
                )

            [verb] => GET
            [parameters] => Array
                (
                )

            [format] => json
            [datetime] => 1486728075
            [httpheaders] => Array
                (
                    [Host] => localhost
                    [Connection] => keep-alive
                    [Upgrade-Insecure-Requests] => 1
                    [User-Agent] => Mozilla/5.0 (Windows NT 10.0; WOW64) AppleWebKit/537.36 (KHTML, like Gecko) Chrome/56.0.2924.87 Safari/537.36
                    [Accept] => text/html,application/xhtml+xml,application/xml;q=0.9,image/webp,*/*;q=0.8
                    [Accept-Encoding] => gzip, deflate, sdch, br
                    [Accept-Language] => it-IT,it;q=0.8,en-US;q=0.6,en;q=0.4
                )

        )

)

2017-02-10T13:01:16+01:00 SessionId :  ClientIP : ::1 [RESTGATEWAY] Array
(
    [timestamp] => 1486728075
    [result] => Array
        (
            [request_time] => Fri Feb 10 13:01:15 CET 2017
            [code] => 200
            [response_time] => Fri Feb 10 13:01:16 CET 2017
            [version_number] => 1
            [status] => success
            [wave] => Array
                (
                )

        )

)

2017-02-10T13:01:52+01:00 SessionId :  ClientIP : ::1 [RESTGATEWAY] Array
(
    [timestamp] => 1486728112
    [request] => backend\common\rest\library\Request Object
        (
            [url_elements] => Array
                (
                    [0] => 
                    [1] => waveserijakala
                    [2] => descrizione
                    [3] => GIRODITALIA2017
                )

            [verb] => GET
            [parameters] => Array
                (
                )

            [format] => json
            [datetime] => 1486728112
            [httpheaders] => Array
                (
                    [Host] => localhost
                    [Connection] => keep-alive
                    [Upgrade-Insecure-Requests] => 1
                    [User-Agent] => Mozilla/5.0 (Windows NT 10.0; WOW64) AppleWebKit/537.36 (KHTML, like Gecko) Chrome/56.0.2924.87 Safari/537.36
                    [Accept] => text/html,application/xhtml+xml,application/xml;q=0.9,image/webp,*/*;q=0.8
                    [Accept-Encoding] => gzip, deflate, sdch, br
                    [Accept-Language] => it-IT,it;q=0.8,en-US;q=0.6,en;q=0.4
                )

        )

)

2017-02-10T13:01:52+01:00 SessionId :  ClientIP : ::1 [RESTGATEWAY] Array
(
    [timestamp] => 1486728112
    [result] => Array
        (
            [request_time] => Fri Feb 10 13:01:52 CET 2017
            [code] => 200
            [response_time] => Fri Feb 10 13:01:52 CET 2017
            [version_number] => 1
            [status] => success
            [wave] => Array
                (
                )

        )

)

2017-02-10T13:02:25+01:00 SessionId :  ClientIP : ::1 [RESTGATEWAY] Array
(
    [timestamp] => 1486728145
    [request] => backend\common\rest\library\Request Object
        (
            [url_elements] => Array
                (
                    [0] => 
                    [1] => waveserijakala
                    [2] => tipologia
                )

            [verb] => GET
            [parameters] => Array
                (
                )

            [format] => json
            [datetime] => 1486728145
            [httpheaders] => Array
                (
                    [Host] => localhost
                    [Connection] => keep-alive
                    [Upgrade-Insecure-Requests] => 1
                    [User-Agent] => Mozilla/5.0 (Windows NT 10.0; WOW64) AppleWebKit/537.36 (KHTML, like Gecko) Chrome/56.0.2924.87 Safari/537.36
                    [Accept] => text/html,application/xhtml+xml,application/xml;q=0.9,image/webp,*/*;q=0.8
                    [Accept-Encoding] => gzip, deflate, sdch, br
                    [Accept-Language] => it-IT,it;q=0.8,en-US;q=0.6,en;q=0.4
                )

        )

)

2017-02-10T13:02:46+01:00 SessionId :  ClientIP : ::1 [RESTGATEWAY] Array
(
    [timestamp] => 1486728166
    [request] => backend\common\rest\library\Request Object
        (
            [url_elements] => Array
                (
                    [0] => 
                    [1] => waveserijakala
                    [2] => tipologia
                )

            [verb] => GET
            [parameters] => Array
                (
                )

            [format] => json
            [datetime] => 1486728166
            [httpheaders] => Array
                (
                    [Host] => localhost
                    [Connection] => keep-alive
                    [Cache-Control] => max-age=0
                    [Upgrade-Insecure-Requests] => 1
                    [User-Agent] => Mozilla/5.0 (Windows NT 10.0; WOW64) AppleWebKit/537.36 (KHTML, like Gecko) Chrome/56.0.2924.87 Safari/537.36
                    [Accept] => text/html,application/xhtml+xml,application/xml;q=0.9,image/webp,*/*;q=0.8
                    [Accept-Encoding] => gzip, deflate, sdch, br
                    [Accept-Language] => it-IT,it;q=0.8,en-US;q=0.6,en;q=0.4
                )

        )

)

2017-02-10T13:03:18+01:00 SessionId :  ClientIP : ::1 [RESTGATEWAY] Array
(
    [timestamp] => 1486728198
    [request] => backend\common\rest\library\Request Object
        (
            [url_elements] => Array
                (
                    [0] => 
                    [1] => waveserijakala
                    [2] => tipologia
                )

            [verb] => GET
            [parameters] => Array
                (
                )

            [format] => json
            [datetime] => 1486728198
            [httpheaders] => Array
                (
                    [Host] => localhost
                    [Connection] => keep-alive
                    [Cache-Control] => max-age=0
                    [Upgrade-Insecure-Requests] => 1
                    [User-Agent] => Mozilla/5.0 (Windows NT 10.0; WOW64) AppleWebKit/537.36 (KHTML, like Gecko) Chrome/56.0.2924.87 Safari/537.36
                    [Accept] => text/html,application/xhtml+xml,application/xml;q=0.9,image/webp,*/*;q=0.8
                    [Accept-Encoding] => gzip, deflate, sdch, br
                    [Accept-Language] => it-IT,it;q=0.8,en-US;q=0.6,en;q=0.4
                )

        )

)

2017-02-10T13:03:18+01:00 SessionId :  ClientIP : ::1 [RESTGATEWAY] Array
(
    [timestamp] => 1486728198
    [result] => Array
        (
            [request_time] => Fri Feb 10 13:03:18 CET 2017
            [code] => 200
        )

)

2017-02-10T13:03:39+01:00 SessionId :  ClientIP : ::1 [RESTGATEWAY] Array
(
    [timestamp] => 1486728219
    [request] => backend\common\rest\library\Request Object
        (
            [url_elements] => Array
                (
                    [0] => 
                    [1] => waveserijakala
                    [2] => tipologia
                    [3] => 
                )

            [verb] => GET
            [parameters] => Array
                (
                )

            [format] => json
            [datetime] => 1486728219
            [httpheaders] => Array
                (
                    [Host] => localhost
                    [Connection] => keep-alive
                    [Upgrade-Insecure-Requests] => 1
                    [User-Agent] => Mozilla/5.0 (Windows NT 10.0; WOW64) AppleWebKit/537.36 (KHTML, like Gecko) Chrome/56.0.2924.87 Safari/537.36
                    [Accept] => text/html,application/xhtml+xml,application/xml;q=0.9,image/webp,*/*;q=0.8
                    [Accept-Encoding] => gzip, deflate, sdch, br
                    [Accept-Language] => it-IT,it;q=0.8,en-US;q=0.6,en;q=0.4
                )

        )

)

2017-02-10T13:03:44+01:00 SessionId :  ClientIP : ::1 [RESTGATEWAY] Array
(
    [timestamp] => 1486728224
    [request] => backend\common\rest\library\Request Object
        (
            [url_elements] => Array
                (
                    [0] => 
                    [1] => waveserijakala
                    [2] => tipologia
                    [3] => aa
                )

            [verb] => GET
            [parameters] => Array
                (
                )

            [format] => json
            [datetime] => 1486728224
            [httpheaders] => Array
                (
                    [Host] => localhost
                    [Connection] => keep-alive
                    [Upgrade-Insecure-Requests] => 1
                    [User-Agent] => Mozilla/5.0 (Windows NT 10.0; WOW64) AppleWebKit/537.36 (KHTML, like Gecko) Chrome/56.0.2924.87 Safari/537.36
                    [Accept] => text/html,application/xhtml+xml,application/xml;q=0.9,image/webp,*/*;q=0.8
                    [Accept-Encoding] => gzip, deflate, sdch, br
                    [Accept-Language] => it-IT,it;q=0.8,en-US;q=0.6,en;q=0.4
                )

        )

)

2017-02-10T13:04:00+01:00 SessionId :  ClientIP : ::1 [RESTGATEWAY] Array
(
    [timestamp] => 1486728240
    [request] => backend\common\rest\library\Request Object
        (
            [url_elements] => Array
                (
                    [0] => 
                    [1] => waveserijakala
                    [2] => tipologia
                    [3] => aa
                )

            [verb] => GET
            [parameters] => Array
                (
                )

            [format] => json
            [datetime] => 1486728240
            [httpheaders] => Array
                (
                    [Host] => localhost
                    [Connection] => keep-alive
                    [Cache-Control] => max-age=0
                    [Upgrade-Insecure-Requests] => 1
                    [User-Agent] => Mozilla/5.0 (Windows NT 10.0; WOW64) AppleWebKit/537.36 (KHTML, like Gecko) Chrome/56.0.2924.87 Safari/537.36
                    [Accept] => text/html,application/xhtml+xml,application/xml;q=0.9,image/webp,*/*;q=0.8
                    [Accept-Encoding] => gzip, deflate, sdch, br
                    [Accept-Language] => it-IT,it;q=0.8,en-US;q=0.6,en;q=0.4
                )

        )

)

2017-02-10T13:05:25+01:00 SessionId :  ClientIP : ::1 [RESTGATEWAY] Array
(
    [timestamp] => 1486728325
    [request] => backend\common\rest\library\Request Object
        (
            [url_elements] => Array
                (
                    [0] => 
                    [1] => waveserijakala
                    [2] => tipologia
                    [3] => GIRODITALIA2017
                )

            [verb] => GET
            [parameters] => Array
                (
                )

            [format] => json
            [datetime] => 1486728325
            [httpheaders] => Array
                (
                    [Host] => localhost
                    [Connection] => keep-alive
                    [Upgrade-Insecure-Requests] => 1
                    [User-Agent] => Mozilla/5.0 (Windows NT 10.0; WOW64) AppleWebKit/537.36 (KHTML, like Gecko) Chrome/56.0.2924.87 Safari/537.36
                    [Accept] => text/html,application/xhtml+xml,application/xml;q=0.9,image/webp,*/*;q=0.8
                    [Accept-Encoding] => gzip, deflate, sdch, br
                    [Accept-Language] => it-IT,it;q=0.8,en-US;q=0.6,en;q=0.4
                )

        )

)

2017-02-10T13:05:25+01:00 SessionId :  ClientIP : ::1 [RESTGATEWAY] Array
(
    [timestamp] => 1486728325
    [result] => Array
        (
            [request_time] => Fri Feb 10 13:05:25 CET 2017
            [code] => 200
            [response_time] => Fri Feb 10 13:05:25 CET 2017
            [version_number] => 1
            [status] => success
            [wave] => Array
                (
                    [0] => Array
                        (
                            [id] => 3
                            [descrizione] => GIRODITALIA2017
                            [tipologia_wave] => GIRODITALIA2017
                            [datainizio] => 2017-01-01
                            [datafine] => 2017-12-31
                            [claim] => 
                        )

                )

        )

)

2017-02-10T13:13:21+01:00 SessionId :  ClientIP : ::1 [RESTGATEWAY] Array
(
    [timestamp] => 1486728801
    [request] => backend\common\rest\library\Request Object
        (
            [url_elements] => Array
                (
                    [0] => 
                    [1] => waveserijakala
                    [2] => tipologia
                    [3] => GIRODITALIA2017
                )

            [verb] => GET
            [parameters] => Array
                (
                )

            [format] => json
            [datetime] => 1486728801
            [httpheaders] => Array
                (
                    [Host] => localhost
                    [Connection] => keep-alive
                    [Cache-Control] => max-age=0
                    [Upgrade-Insecure-Requests] => 1
                    [User-Agent] => Mozilla/5.0 (Windows NT 10.0; WOW64) AppleWebKit/537.36 (KHTML, like Gecko) Chrome/56.0.2924.87 Safari/537.36
                    [Accept] => text/html,application/xhtml+xml,application/xml;q=0.9,image/webp,*/*;q=0.8
                    [Accept-Encoding] => gzip, deflate, sdch, br
                    [Accept-Language] => it-IT,it;q=0.8,en-US;q=0.6,en;q=0.4
                )

        )

)

2017-02-10T13:13:22+01:00 SessionId :  ClientIP : ::1 [RESTGATEWAY] Array
(
    [timestamp] => 1486728801
    [result] => Array
        (
            [request_time] => Fri Feb 10 13:13:21 CET 2017
            [code] => 200
            [response_time] => Fri Feb 10 13:13:22 CET 2017
            [version_number] => 1
            [status] => success
            [wave] => Array
                (
                    [0] => Array
                        (
                            [id] => 3
                            [descrizione] => GIRODITALIA2017
                            [tipologia_wave] => GIRODITALIA2017
                            [datainizio] => 2017-01-01
                            [datafine] => 2017-12-31
                            [claim] => 
                        )

                )

        )

)

2017-02-10T15:34:07+01:00 SessionId :  ClientIP : ::1 [RESTGATEWAY] Array
(
    [timestamp] => 1486737247
    [request] => backend\common\rest\library\Request Object
        (
            [url_elements] => Array
                (
                    [0] => 
                    [1] => contrattino
                )

            [verb] => GET
            [parameters] => Array
                (
                )

            [format] => json
            [datetime] => 1486737247
            [httpheaders] => Array
                (
                    [Host] => localhost
                    [Connection] => keep-alive
                    [Upgrade-Insecure-Requests] => 1
                    [User-Agent] => Mozilla/5.0 (Windows NT 10.0; WOW64) AppleWebKit/537.36 (KHTML, like Gecko) Chrome/56.0.2924.87 Safari/537.36
                    [Accept] => text/html,application/xhtml+xml,application/xml;q=0.9,image/webp,*/*;q=0.8
                    [Accept-Encoding] => gzip, deflate, sdch, br
                    [Accept-Language] => it-IT,it;q=0.8,en-US;q=0.6,en;q=0.4
                )

        )

)

2017-02-10T15:34:07+01:00 SessionId :  ClientIP : ::1 [RESTGATEWAY] Array
(
    [timestamp] => 1486737247
    [result] => Array
        (
            [request_time] => Fri Feb 10 15:34:07 CET 2017
            [code] => 405
        )

)

2017-02-10T15:35:00+01:00 SessionId :  ClientIP : ::1 [RESTGATEWAY] Array
(
    [timestamp] => 1486737300
    [request] => backend\common\rest\library\Request Object
        (
            [url_elements] => Array
                (
                    [0] => 
                    [1] => contrattino
                    [2] => datacorrente
                )

            [verb] => GET
            [parameters] => Array
                (
                )

            [format] => json
            [datetime] => 1486737300
            [httpheaders] => Array
                (
                    [Host] => localhost
                    [Connection] => keep-alive
                    [Upgrade-Insecure-Requests] => 1
                    [User-Agent] => Mozilla/5.0 (Windows NT 10.0; WOW64) AppleWebKit/537.36 (KHTML, like Gecko) Chrome/56.0.2924.87 Safari/537.36
                    [Accept] => text/html,application/xhtml+xml,application/xml;q=0.9,image/webp,*/*;q=0.8
                    [Accept-Encoding] => gzip, deflate, sdch, br
                    [Accept-Language] => it-IT,it;q=0.8,en-US;q=0.6,en;q=0.4
                )

        )

)

2017-02-10T15:35:00+01:00 SessionId :  ClientIP : ::1 [RESTGATEWAY] Array
(
    [timestamp] => 1486737300
    [result] => Array
        (
            [request_time] => Fri Feb 10 15:35:00 CET 2017
            [code] => 200
            [response_time] => Fri Feb 10 15:35:00 CET 2017
            [version_number] => 1
            [status] => success
            [datacorrente] => 2017-02-10
        )

)

2017-02-10T15:40:44+01:00 SessionId :  ClientIP : 127.0.0.1 [RESTGATEWAY] Array
(
    [timestamp] => 1486737644
    [request] => backend\common\rest\library\Request Object
        (
            [url_elements] => Array
                (
                    [0] => 
                    [1] => contrattino
                )

            [verb] => POST
            [parameters] => Array
                (
                )

            [format] => json
            [datetime] => 1486737644
            [httpheaders] => Array
                (
                    [Accept-Encoding] => gzip,deflate
                    [Content-Type] => application/json
                    [Content-Length] => 0
                    [Host] => localhost
                    [Connection] => Keep-Alive
                    [User-Agent] => Apache-HttpClient/4.1.1 (java 1.5)
                )

        )

)

2017-02-10T15:40:44+01:00 SessionId :  ClientIP : 127.0.0.1 [RESTGATEWAY] Array
(
    [timestamp] => 1486737644
    [result] => Array
        (
            [request_time] => Fri Feb 10 15:40:44 CET 2017
            [code] => 200
            [response_time] => Fri Feb 10 15:40:44 CET 2017
            [version_number] => 1
            [status] => success
            [contrattino] => Array
                (
                    [status] => KO
                    [message] => SQLSTATE[42000]: Syntax error or access violation: 1065 Query was empty - #0 D:\xampp-5.6.3\htdocs\rilevazioni\backend\app\dao\ContrattinoDAO.php(270): PDOStatement->execute()
#1 D:\xampp-5.6.3\htdocs\rilevazioni\backend\libraries\lisachenko\go-aop-php\src\Aop\Framework\ClosureDynamicMethodInvocation56.php(50): backend\app\dao\ContrattinoDAO__AopProxied->create(Array)
#2 D:\xampp-5.6.3\htdocs\rilevazioni\backend\app\aop\aspects\TransactionAspect.php(21): Go\Aop\Framework\ClosureDynamicMethodInvocation56->proceed()
#3 D:\xampp-5.6.3\htdocs\rilevazioni\backend\libraries\lisachenko\go-aop-php\src\Aop\Framework\BaseAdvice.php(194): backend\app\dao\ContrattinoDAO__AopProxied->manageTransaction(Object(Go\Aop\Framework\ClosureDynamicMethodInvocation56))
#4 D:\xampp-5.6.3\htdocs\rilevazioni\backend\libraries\lisachenko\go-aop-php\src\Aop\Framework\MethodAroundInterceptor.php(34): Go\Aop\Framework\MethodAroundInterceptor::Go\Aop\Framework\{closure}(Object(Go\Aop\Framework\ClosureDynamicMethodInvocation56))
#5 D:\xampp-5.6.3\htdocs\rilevazioni\backend\libraries\lisachenko\go-aop-php\src\Aop\Framework\ClosureDynamicMethodInvocation56.php(34): Go\Aop\Framework\MethodAroundInterceptor->invoke(Object(Go\Aop\Framework\ClosureDynamicMethodInvocation56))
#6 D:\xampp-5.6.3\htdocs\rilevazioni\backend\libraries\lisachenko\go-aop-php\src\Aop\Framework\AbstractMethodInvocation.php(115): Go\Aop\Framework\ClosureDynamicMethodInvocation56->proceed()
#7 D:\xampp-5.6.3\htdocs\rilevazioni\rest\cache\_proxies\backend\app\dao\ContrattinoDAO.php(18): Go\Aop\Framework\AbstractMethodInvocation->__invoke(Object(backend\app\dao\ContrattinoDAO), Array)
#8 D:\xampp-5.6.3\htdocs\rilevazioni\backend\app\service\ContrattinoService.php(55): backend\app\dao\ContrattinoDAO->create(Array)
#9 D:\xampp-5.6.3\htdocs\rilevazioni\backend\app\rest\controllers\ContrattinoController.php(74): backend\app\service\ContrattinoService->create(Array)
#10 D:\xampp-5.6.3\htdocs\rilevazioni\backend\libraries\lisachenko\go-aop-php\src\Aop\Framework\ClosureDynamicMethodInvocation56.php(50): backend\app\rest\controllers\ContrattinoController__AopProxied->postAction()
#11 D:\xampp-5.6.3\htdocs\rilevazioni\backend\app\aop\aspects\SecurityAspect.php(62): Go\Aop\Framework\ClosureDynamicMethodInvocation56->proceed()
#12 D:\xampp-5.6.3\htdocs\rilevazioni\backend\libraries\lisachenko\go-aop-php\src\Aop\Framework\BaseAdvice.php(194): backend\app\rest\controllers\ContrattinoController__AopProxied->checkAuthorization(Object(Go\Aop\Framework\ClosureDynamicMethodInvocation56))
#13 D:\xampp-5.6.3\htdocs\rilevazioni\backend\libraries\lisachenko\go-aop-php\src\Aop\Framework\MethodAroundInterceptor.php(34): Go\Aop\Framework\MethodAroundInterceptor::Go\Aop\Framework\{closure}(Object(Go\Aop\Framework\ClosureDynamicMethodInvocation56))
#14 D:\xampp-5.6.3\htdocs\rilevazioni\backend\libraries\lisachenko\go-aop-php\src\Aop\Framework\ClosureDynamicMethodInvocation56.php(34): Go\Aop\Framework\MethodAroundInterceptor->invoke(Object(Go\Aop\Framework\ClosureDynamicMethodInvocation56))
#15 D:\xampp-5.6.3\htdocs\rilevazioni\backend\libraries\lisachenko\go-aop-php\src\Aop\Framework\AbstractMethodInvocation.php(115): Go\Aop\Framework\ClosureDynamicMethodInvocation56->proceed()
#16 D:\xampp-5.6.3\htdocs\rilevazioni\rest\cache\_proxies\backend\app\rest\controllers\ContrattinoController.php(30): Go\Aop\Framework\AbstractMethodInvocation->__invoke(Object(backend\app\rest\controllers\ContrattinoController))
#17 D:\xampp-5.6.3\htdocs\rilevazioni\rest\index.php(38): backend\app\rest\controllers\ContrattinoController->postAction()
#18 {main}
                )

        )

)

2017-02-10T15:43:54+01:00 SessionId :  ClientIP : 127.0.0.1 [RESTGATEWAY] Array
(
    [timestamp] => 1486737834
    [request] => backend\common\rest\library\Request Object
        (
            [url_elements] => Array
                (
                    [0] => 
                    [1] => contrattino
                )

            [verb] => POST
            [parameters] => Array
                (
                    [id_cliente] => 505099
                    [id_utente_crea] => 23121
                    [data_inserimento] => 2017-02-10
                    [tipo_contratto] => GIRODITALIA2017
                )

            [format] => json
            [datetime] => 1486737834
            [httpheaders] => Array
                (
                    [Accept-Encoding] => gzip,deflate
                    [Content-Type] => application/json
                    [Content-Length] => 133
                    [Host] => localhost
                    [Connection] => Keep-Alive
                    [User-Agent] => Apache-HttpClient/4.1.1 (java 1.5)
                )

        )

)

2017-02-10T15:43:54+01:00 SessionId :  ClientIP : 127.0.0.1 [RESTGATEWAY] Array
(
    [timestamp] => 1486737834
    [result] => Array
        (
            [request_time] => Fri Feb 10 15:43:54 CET 2017
            [code] => 200
            [response_time] => Fri Feb 10 15:43:54 CET 2017
            [version_number] => 1
            [status] => success
            [contrattino] => Array
                (
                    [0] => Array
                        (
                            [id] => 2289
                            [id_cliente] => 505099
                            [ragione_sociale] => ROVAGNATI FRANCE
                            [codice_cliente] => 90
                            [ct] => 90
                            [data_creazione] => 2017-02-10 15:43:54
                            [data_aggiornamento] => 
                            [id_utente_crea] => 23121
                            [cod_dipendente_crea] => 9079
                            [nome_dipendente_crea] => CICERI CLAUDIO
                            [cod_dipendente_mod] => 
                            [nome_dipendente_mod] => 
                            [id_utente_mod] => 
                            [stato] => 0
                            [tipo_contratto] => 
                            [codice_fatturazione_totale] => 
                            [codici_fatturazione] => 
                            [liquidazione] => 
                            [data_esportazione] => 
                            [data_inserimento] => 2017-02-10 00:00:00
                            [note_agente] => 
                            [note_ispettore] => 
                            [note_capoarea] => 
                            [modalitaliquidazione] => 
                            [tempisticadiliquidazione] => 
                            [meseannoinizio] => 
                            [meseannofine] => 
                            [divisionidaconsiderare] => 
                            [modalitadefinizioneobbiettivo] => 
                            [modalitadefinizionepremio] => 
                            [obbiettivo_valore_1] => 
                            [obbiettivo_premio_1] => 
                            [obbiettivo_valore_2] => 
                            [obbiettivo_premio_2] => 
                            [obbiettivo_valore_3] => 
                            [obbiettivo_premio_3] => 
                            [obbiettivo_valore_4] => 
                            [obbiettivo_premio_4] => 
                            [obbiettivo_valore_5] => 
                            [obbiettivo_premio_5] => 
                            [obbiettivo_qualificante_1] => 
                            [obbiettivo_qualificante_2] => 
                            [livello_obbiettivo_1] => 
                            [livello_obbiettivo_2] => 
                            [perc_target_totale_obb_qualificante] => 
                            [obbiettivo_minimo_obb_qualificante] => 
                            [premio1_obb_qualificante] => 
                            [tipo1_obb_qualificante] => 
                            [obbiettivo_ulteriore_obb_qualificante] => 
                            [premio2_obb_qualificante] => 
                            [tipo2_obb_qualificante] => 
                            [supero1_tipoobbiettivo] => 
                            [supero1_obbiettivi] => 
                            [supero1_premio] => 
                            [supero1_tipopremio] => 
                            [supero2_tipoobbiettivo] => 
                            [supero2_obbiettivi] => 
                            [supero2_premio] => 
                            [supero2_tipopremio] => 
                            [supero3_tipoobbiettivo] => 
                            [supero3_obbiettivi] => 
                            [supero3_premio] => 
                            [supero3_tipopremio] => 
                            [supero4_tipoobbiettivo] => 
                            [supero4_obbiettivi] => 
                            [supero4_premio] => 
                            [supero4_tipopremio] => 
                            [supero5_tipoobbiettivo] => 
                            [supero5_obbiettivi] => 
                            [supero5_premio] => 
                            [supero5_tipopremio] => 
                            [tcs_livello_obbiettivo_1] => 
                            [tcs_obbiettivo_1] => 
                            [tcs_sconto_fattura_1] => 
                            [tcs_livello_obbiettivo_2] => 
                            [tcs_obbiettivo_2] => 
                            [tcs_sconto_fattura_2] => 
                            [tcs_livello_obbiettivo_3] => 
                            [tcs_obbiettivo_3] => 
                            [tcs_sconto_fattura_3] => 
                            [tcs_livello_obbiettivo_4] => 
                            [tcs_obbiettivo_4] => 
                            [tcs_sconto_fattura_4] => 
                            [tcs_livello_obbiettivo_5] => 
                            [tcs_obbiettivo_5] => 
                            [tcs_sconto_fattura_5] => 
                            [id_fascia] => 
                            [id_premio_incremento_fatturato] => 
                            [descrizione_premio_incremento_fatturato] => 
                            [produttore_premio_incremento_fatturato] => 
                            [label_fascia_premio_incremento_fatturato] => 
                            [id_premio_punti_1] => 
                            [descrizione_premio_punti_1] => 
                            [produttore_premio_punti_1] => 
                            [punti_kg_1] => 
                            [id_premio_punti_2] => 
                            [descrizione_premio_punti_2] => 
                            [produttore_premio_punti_2] => 
                            [punti_kg_2] => 
                            [id_premio_punti_3] => 
                            [descrizione_premio_punti_3] => 
                            [produttore_premio_punti_3] => 
                            [punti_kg_3] => 
                            [descrizione_wave] => 
                            [tipologia_wave] => 
                        )

                )

        )

)

2017-02-10T15:44:38+01:00 SessionId :  ClientIP : 127.0.0.1 [RESTGATEWAY] Array
(
    [timestamp] => 1486737878
    [request] => backend\common\rest\library\Request Object
        (
            [url_elements] => Array
                (
                    [0] => 
                    [1] => contrattino
                )

            [verb] => POST
            [parameters] => Array
                (
                    [id_cliente] => 505099
                    [id_utente_crea] => 23121
                    [data_inserimento] => 2017-02-10
                    [tipo_contratto] => GIRODITALIA2017
                    [id_kit] => 2
                )

            [format] => json
            [datetime] => 1486737878
            [httpheaders] => Array
                (
                    [Accept-Encoding] => gzip,deflate
                    [Content-Type] => application/json
                    [Content-Length] => 150
                    [Host] => localhost
                    [Connection] => Keep-Alive
                    [User-Agent] => Apache-HttpClient/4.1.1 (java 1.5)
                )

        )

)

2017-02-10T15:44:38+01:00 SessionId :  ClientIP : 127.0.0.1 [RESTGATEWAY] Array
(
    [timestamp] => 1486737878
    [result] => Array
        (
            [request_time] => Fri Feb 10 15:44:38 CET 2017
            [code] => 200
            [response_time] => Fri Feb 10 15:44:38 CET 2017
            [version_number] => 1
            [status] => success
            [contrattino] => Array
                (
                    [0] => Array
                        (
                            [id] => 2290
                            [id_cliente] => 505099
                            [ragione_sociale] => ROVAGNATI FRANCE
                            [codice_cliente] => 90
                            [ct] => 90
                            [data_creazione] => 2017-02-10 15:44:38
                            [data_aggiornamento] => 
                            [id_utente_crea] => 23121
                            [cod_dipendente_crea] => 9079
                            [nome_dipendente_crea] => CICERI CLAUDIO
                            [cod_dipendente_mod] => 
                            [nome_dipendente_mod] => 
                            [id_utente_mod] => 
                            [stato] => 0
                            [tipo_contratto] => 
                            [codice_fatturazione_totale] => 
                            [codici_fatturazione] => 
                            [liquidazione] => 
                            [data_esportazione] => 
                            [data_inserimento] => 2017-02-10 00:00:00
                            [note_agente] => 
                            [note_ispettore] => 
                            [note_capoarea] => 
                            [modalitaliquidazione] => 
                            [tempisticadiliquidazione] => 
                            [meseannoinizio] => 
                            [meseannofine] => 
                            [divisionidaconsiderare] => 
                            [modalitadefinizioneobbiettivo] => 
                            [modalitadefinizionepremio] => 
                            [obbiettivo_valore_1] => 
                            [obbiettivo_premio_1] => 
                            [obbiettivo_valore_2] => 
                            [obbiettivo_premio_2] => 
                            [obbiettivo_valore_3] => 
                            [obbiettivo_premio_3] => 
                            [obbiettivo_valore_4] => 
                            [obbiettivo_premio_4] => 
                            [obbiettivo_valore_5] => 
                            [obbiettivo_premio_5] => 
                            [obbiettivo_qualificante_1] => 
                            [obbiettivo_qualificante_2] => 
                            [livello_obbiettivo_1] => 
                            [livello_obbiettivo_2] => 
                            [perc_target_totale_obb_qualificante] => 
                            [obbiettivo_minimo_obb_qualificante] => 
                            [premio1_obb_qualificante] => 
                            [tipo1_obb_qualificante] => 
                            [obbiettivo_ulteriore_obb_qualificante] => 
                            [premio2_obb_qualificante] => 
                            [tipo2_obb_qualificante] => 
                            [supero1_tipoobbiettivo] => 
                            [supero1_obbiettivi] => 
                            [supero1_premio] => 
                            [supero1_tipopremio] => 
                            [supero2_tipoobbiettivo] => 
                            [supero2_obbiettivi] => 
                            [supero2_premio] => 
                            [supero2_tipopremio] => 
                            [supero3_tipoobbiettivo] => 
                            [supero3_obbiettivi] => 
                            [supero3_premio] => 
                            [supero3_tipopremio] => 
                            [supero4_tipoobbiettivo] => 
                            [supero4_obbiettivi] => 
                            [supero4_premio] => 
                            [supero4_tipopremio] => 
                            [supero5_tipoobbiettivo] => 
                            [supero5_obbiettivi] => 
                            [supero5_premio] => 
                            [supero5_tipopremio] => 
                            [tcs_livello_obbiettivo_1] => 
                            [tcs_obbiettivo_1] => 
                            [tcs_sconto_fattura_1] => 
                            [tcs_livello_obbiettivo_2] => 
                            [tcs_obbiettivo_2] => 
                            [tcs_sconto_fattura_2] => 
                            [tcs_livello_obbiettivo_3] => 
                            [tcs_obbiettivo_3] => 
                            [tcs_sconto_fattura_3] => 
                            [tcs_livello_obbiettivo_4] => 
                            [tcs_obbiettivo_4] => 
                            [tcs_sconto_fattura_4] => 
                            [tcs_livello_obbiettivo_5] => 
                            [tcs_obbiettivo_5] => 
                            [tcs_sconto_fattura_5] => 
                            [id_fascia] => 
                            [id_premio_incremento_fatturato] => 
                            [descrizione_premio_incremento_fatturato] => 
                            [produttore_premio_incremento_fatturato] => 
                            [label_fascia_premio_incremento_fatturato] => 
                            [id_premio_punti_1] => 
                            [descrizione_premio_punti_1] => 
                            [produttore_premio_punti_1] => 
                            [punti_kg_1] => 
                            [id_premio_punti_2] => 
                            [descrizione_premio_punti_2] => 
                            [produttore_premio_punti_2] => 
                            [punti_kg_2] => 
                            [id_premio_punti_3] => 
                            [descrizione_premio_punti_3] => 
                            [produttore_premio_punti_3] => 
                            [punti_kg_3] => 
                            [descrizione_wave] => 
                            [tipologia_wave] => 
                        )

                )

        )

)

2017-02-10T16:28:38+01:00 SessionId :  ClientIP : ::1 [RESTGATEWAY] Array
(
    [timestamp] => 1486740518
    [request] => backend\common\rest\library\Request Object
        (
            [url_elements] => Array
                (
                    [0] => 
                    [1] => waveserijakala
                    [2] => tipologia
                )

            [verb] => GET
            [parameters] => Array
                (
                )

            [format] => json
            [datetime] => 1486740518
            [httpheaders] => Array
                (
                    [Host] => localhost
                    [Connection] => keep-alive
                    [Upgrade-Insecure-Requests] => 1
                    [User-Agent] => Mozilla/5.0 (Windows NT 10.0; WOW64) AppleWebKit/537.36 (KHTML, like Gecko) Chrome/56.0.2924.87 Safari/537.36
                    [Accept] => text/html,application/xhtml+xml,application/xml;q=0.9,image/webp,*/*;q=0.8
                    [Accept-Encoding] => gzip, deflate, sdch, br
                    [Accept-Language] => it-IT,it;q=0.8,en-US;q=0.6,en;q=0.4
                )

        )

)

2017-02-10T16:28:38+01:00 SessionId :  ClientIP : ::1 [RESTGATEWAY] Array
(
    [timestamp] => 1486740518
    [result] => Array
        (
            [request_time] => Fri Feb 10 16:28:38 CET 2017
            [code] => 200
        )

)

2017-02-10T16:28:43+01:00 SessionId :  ClientIP : ::1 [RESTGATEWAY] Array
(
    [timestamp] => 1486740523
    [request] => backend\common\rest\library\Request Object
        (
            [url_elements] => Array
                (
                    [0] => 
                    [1] => waveserijakala
                    [2] => tipologia
                    [3] => GIRODITALIA2017
                )

            [verb] => GET
            [parameters] => Array
                (
                )

            [format] => json
            [datetime] => 1486740523
            [httpheaders] => Array
                (
                    [Host] => localhost
                    [Connection] => keep-alive
                    [Upgrade-Insecure-Requests] => 1
                    [User-Agent] => Mozilla/5.0 (Windows NT 10.0; WOW64) AppleWebKit/537.36 (KHTML, like Gecko) Chrome/56.0.2924.87 Safari/537.36
                    [Accept] => text/html,application/xhtml+xml,application/xml;q=0.9,image/webp,*/*;q=0.8
                    [Accept-Encoding] => gzip, deflate, sdch, br
                    [Accept-Language] => it-IT,it;q=0.8,en-US;q=0.6,en;q=0.4
                )

        )

)

2017-02-10T16:28:43+01:00 SessionId :  ClientIP : ::1 [RESTGATEWAY] Array
(
    [timestamp] => 1486740523
    [result] => Array
        (
            [request_time] => Fri Feb 10 16:28:43 CET 2017
            [code] => 200
            [response_time] => Fri Feb 10 16:28:43 CET 2017
            [version_number] => 1
            [status] => success
            [wave] => Array
                (
                    [0] => Array
                        (
                            [id] => 3
                            [descrizione] => GIRODITALIA2017
                            [tipologia_wave] => GIRODITALIA2017
                            [datainizio] => 2017-01-01
                            [datafine] => 2017-12-31
                            [claim] => 
                        )

                )

        )

)

