2016-07-06T11:11:22+02:00 SessionId :  ClientIP : 127.0.0.1 [RESTGATEWAY] Array
(
    [timestamp] => 1467796281
    [request] => backend\common\rest\library\Request Object
        (
            [url_elements] => Array
                (
                    [0] => 
                    [1] => rilevazione
                    [2] => 2
                    [3] => 4
                    [4] => prodotto
                    [5] => 75
                )

            [verb] => PUT
            [parameters] => Array
                (
                    [prezzo_prodotto] => 99999999
                    [prodotto_in_promozione] => 1
                    [prodotto_top_seller] => 1
                    [ordine_prodotto] => 0
                    [id_tipo_prodotto] => 328
                    [nome_fornitore] => FABIO00
                    [id_tipo_prodotto_rovagnati] => 11
                    [id_utente] => 18422
                    [topsell] => 1
                )

            [format] => json
            [datetime] => 1467796281
            [httpheaders] => Array
                (
                    [Accept-Encoding] => gzip,deflate
                    [Content-Type] => application/json
                    [Content-Length] => 316
                    [Host] => localhost
                    [Connection] => Keep-Alive
                    [User-Agent] => Apache-HttpClient/4.1.1 (java 1.5)
                )

        )

)

2016-07-06T11:12:15+02:00 SessionId :  ClientIP : 127.0.0.1 [RESTGATEWAY] Array
(
    [timestamp] => 1467796334
    [request] => backend\common\rest\library\Request Object
        (
            [url_elements] => Array
                (
                    [0] => 
                    [1] => rilevazione
                    [2] => 2
                    [3] => 4
                    [4] => prodotto
                    [5] => 75
                )

            [verb] => PUT
            [parameters] => Array
                (
                    [prezzo_prodotto] => 99999999
                    [prodotto_in_promozione] => 1
                    [prodotto_top_seller] => 1
                    [ordine_prodotto] => 0
                    [id_tipo_prodotto] => 328
                    [nome_fornitore] => FABIO00
                    [id_tipo_prodotto_rovagnati] => 11
                    [id_utente] => 18422
                    [topsell] => 1
                )

            [format] => json
            [datetime] => 1467796334
            [httpheaders] => Array
                (
                    [Accept-Encoding] => gzip,deflate
                    [Content-Type] => application/json
                    [Content-Length] => 316
                    [Host] => localhost
                    [Connection] => Keep-Alive
                    [User-Agent] => Apache-HttpClient/4.1.1 (java 1.5)
                )

        )

)

2016-07-06T11:14:02+02:00 SessionId :  ClientIP : 127.0.0.1 [RESTGATEWAY] Array
(
    [timestamp] => 1467796442
    [request] => backend\common\rest\library\Request Object
        (
            [url_elements] => Array
                (
                    [0] => 
                    [1] => rilevazione
                    [2] => 2
                    [3] => 4
                    [4] => prodotto
                    [5] => 75
                )

            [verb] => PUT
            [parameters] => Array
                (
                )

            [format] => json
            [datetime] => 1467796442
            [httpheaders] => Array
                (
                    [Accept-Encoding] => gzip,deflate
                    [Content-Type] => application/json
                    [Content-Length] => 313
                    [Host] => localhost
                    [Connection] => Keep-Alive
                    [User-Agent] => Apache-HttpClient/4.1.1 (java 1.5)
                )

        )

)

2016-07-06T11:14:07+02:00 SessionId :  ClientIP : 127.0.0.1 [RESTGATEWAY] Array
(
    [timestamp] => 1467796442
    [result] => Array
        (
            [request_time] => Wed Jul 6 11:14:02 CEST 2016
            [code] => 200
            [response_time] => Wed Jul 6 11:14:07 CEST 2016
            [status] => success
            [prodotto] => Array
                (
                    [0] => Array
                        (
                            [id] => 75
                            [prezzo] => 25677.00
                            [ordine] => 0
                            [promozione] => 0
                            [topsell] => 1
                            [id_scheda_rilevazione] => 1
                            [id_concorrente] => 2
                            [id_tipo_prodotto] => 327
                            [id_tipo_rovagnati] => 14
                            [nome_fornitore] => 
                        )

                )

        )

)

2016-07-06T11:16:32+02:00 SessionId :  ClientIP : 127.0.0.1 [RESTGATEWAY] Array
(
    [timestamp] => 1467796592
    [request] => backend\common\rest\library\Request Object
        (
            [url_elements] => Array
                (
                    [0] => 
                    [1] => rilevazione
                    [2] => 2
                    [3] => 4
                    [4] => prodotto
                    [5] => 75
                )

            [verb] => PUT
            [parameters] => Array
                (
                )

            [format] => json
            [datetime] => 1467796592
            [httpheaders] => Array
                (
                    [Accept-Encoding] => gzip,deflate
                    [Content-Type] => application/json
                    [Content-Length] => 313
                    [Host] => localhost
                    [Connection] => Keep-Alive
                    [User-Agent] => Apache-HttpClient/4.1.1 (java 1.5)
                )

        )

)

2016-07-06T11:17:02+02:00 SessionId :  ClientIP : 127.0.0.1 [RESTGATEWAY] Array
(
    [timestamp] => 1467796622
    [request] => backend\common\rest\library\Request Object
        (
            [url_elements] => Array
                (
                    [0] => 
                    [1] => rilevazione
                    [2] => 2
                    [3] => 4
                    [4] => prodotto
                    [5] => 75
                )

            [verb] => PUT
            [parameters] => Array
                (
                    [prezzo_prodotto] => 99999999
                    [prodotto_in_promozione] => 1
                    [prodotto_top_seller] => 1
                    [ordine_prodotto] => 0
                    [id_tipo_prodotto] => 328
                    [nome_fornitore] => FABIO00
                    [id_tipo_prodotto_rovagnati] => 11
                    [id_utente] => 6
                    [topsell] => 1
                )

            [format] => json
            [datetime] => 1467796622
            [httpheaders] => Array
                (
                    [Accept-Encoding] => gzip,deflate
                    [Content-Type] => application/json
                    [Content-Length] => 312
                    [Host] => localhost
                    [Connection] => Keep-Alive
                    [User-Agent] => Apache-HttpClient/4.1.1 (java 1.5)
                )

        )

)

2016-07-06T11:17:43+02:00 SessionId :  ClientIP : 127.0.0.1 [RESTGATEWAY] Array
(
    [timestamp] => 1467796663
    [request] => backend\common\rest\library\Request Object
        (
            [url_elements] => Array
                (
                    [0] => 
                    [1] => rilevazione
                    [2] => 2
                    [3] => 4
                    [4] => prodotto
                    [5] => 75
                )

            [verb] => PUT
            [parameters] => Array
                (
                    [prezzo_prodotto] => 99999999
                    [prodotto_in_promozione] => 1
                    [prodotto_top_seller] => 1
                    [ordine_prodotto] => 0
                    [id_tipo_prodotto] => 328
                    [nome_fornitore] => FABIO00
                    [id_tipo_prodotto_rovagnati] => 11
                    [id_utente] => 6
                    [topsell] => 1
                )

            [format] => json
            [datetime] => 1467796663
            [httpheaders] => Array
                (
                    [Accept-Encoding] => gzip,deflate
                    [Content-Type] => application/json
                    [Content-Length] => 312
                    [Host] => localhost
                    [Connection] => Keep-Alive
                    [User-Agent] => Apache-HttpClient/4.1.1 (java 1.5)
                )

        )

)

2016-07-06T11:18:25+02:00 SessionId :  ClientIP : 127.0.0.1 [RESTGATEWAY] Array
(
    [timestamp] => 1467796705
    [request] => backend\common\rest\library\Request Object
        (
            [url_elements] => Array
                (
                    [0] => 
                    [1] => rilevazione
                    [2] => 2
                    [3] => 4
                    [4] => prodotto
                    [5] => 75
                )

            [verb] => PUT
            [parameters] => Array
                (
                    [prezzo_prodotto] => 99999999
                    [prodotto_in_promozione] => 1
                    [prodotto_top_seller] => 1
                    [ordine_prodotto] => 0
                    [id_tipo_prodotto] => 328
                    [nome_fornitore] => FABIO00
                    [id_tipo_prodotto_rovagnati] => 11
                    [id_utente] => 6
                    [topsell] => 1
                )

            [format] => json
            [datetime] => 1467796705
            [httpheaders] => Array
                (
                    [Accept-Encoding] => gzip,deflate
                    [Content-Type] => application/json
                    [Content-Length] => 312
                    [Host] => localhost
                    [Connection] => Keep-Alive
                    [User-Agent] => Apache-HttpClient/4.1.1 (java 1.5)
                )

        )

)

2016-07-06T11:26:00+02:00 SessionId :  ClientIP : 127.0.0.1 [RESTGATEWAY] Array
(
    [timestamp] => 1467797160
    [request] => backend\common\rest\library\Request Object
        (
            [url_elements] => Array
                (
                    [0] => 
                    [1] => rilevazione
                    [2] => 2
                    [3] => 4
                    [4] => prodotto
                    [5] => 75
                )

            [verb] => PUT
            [parameters] => Array
                (
                    [prezzo_prodotto] => 99999999
                    [prodotto_in_promozione] => 1
                    [prodotto_top_seller] => 1
                    [ordine_prodotto] => 0
                    [id_tipo_prodotto] => 328
                    [nome_fornitore] => FABIO00
                    [id_tipo_prodotto_rovagnati] => 11
                    [id_utente] => 6
                    [topsell] => 1
                )

            [format] => json
            [datetime] => 1467797160
            [httpheaders] => Array
                (
                    [Accept-Encoding] => gzip,deflate
                    [Content-Type] => application/json
                    [Content-Length] => 312
                    [Host] => localhost
                    [Connection] => Keep-Alive
                    [User-Agent] => Apache-HttpClient/4.1.1 (java 1.5)
                )

        )

)

2016-07-06T11:26:35+02:00 SessionId :  ClientIP : 127.0.0.1 [RESTGATEWAY] Array
(
    [timestamp] => 1467797195
    [request] => backend\common\rest\library\Request Object
        (
            [url_elements] => Array
                (
                    [0] => 
                    [1] => rilevazione
                    [2] => 2
                    [3] => 4
                    [4] => prodotto
                    [5] => 75
                )

            [verb] => PUT
            [parameters] => Array
                (
                    [prezzo_prodotto] => 99999999
                    [prodotto_in_promozione] => 1
                    [prodotto_top_seller] => 1
                    [ordine_prodotto] => 0
                    [id_tipo_prodotto] => 328
                    [nome_fornitore] => FABIO00
                    [id_tipo_prodotto_rovagnati] => 11
                    [id_utente] => 6
                    [topsell] => 1
                )

            [format] => json
            [datetime] => 1467797195
            [httpheaders] => Array
                (
                    [Accept-Encoding] => gzip,deflate
                    [Content-Type] => application/json
                    [Content-Length] => 312
                    [Host] => localhost
                    [Connection] => Keep-Alive
                    [User-Agent] => Apache-HttpClient/4.1.1 (java 1.5)
                )

        )

)

2016-07-06T11:26:40+02:00 SessionId :  ClientIP : 127.0.0.1 [RESTGATEWAY] Array
(
    [timestamp] => 1467797195
    [result] => Array
        (
            [request_time] => Wed Jul 6 11:26:35 CEST 2016
            [code] => 200
            [response_time] => Wed Jul 6 11:26:40 CEST 2016
            [status] => success
            [prodotto] => Array
                (
                    [0] => Array
                        (
                            [id] => 75
                            [prezzo] => 99999999.00
                            [ordine] => 0
                            [promozione] => 1
                            [topsell] => 1
                            [id_scheda_rilevazione] => 1
                            [id_concorrente] => 2
                            [id_tipo_prodotto] => 328
                            [id_tipo_rovagnati] => 11
                            [nome_fornitore] => FABIO00
                        )

                )

        )

)

2016-07-06T16:31:10+02:00 SessionId :  ClientIP : ::1 [RESTGATEWAY] Array
(
    [timestamp] => 1467815466
    [request] => backend\common\rest\library\Request Object
        (
            [url_elements] => Array
                (
                    [0] => 
                    [1] => famigliaprodotto
                    [2] => 8
                    [3] => tipoprodottorovagnati
                )

            [verb] => GET
            [parameters] => Array
                (
                )

            [format] => json
            [datetime] => 1467815466
            [httpheaders] => Array
                (
                    [Host] => localhost
                    [Connection] => keep-alive
                    [Cache-Control] => max-age=0
                    [Upgrade-Insecure-Requests] => 1
                    [User-Agent] => Mozilla/5.0 (Windows NT 10.0; WOW64) AppleWebKit/537.36 (KHTML, like Gecko) Chrome/51.0.2704.103 Safari/537.36
                    [Accept] => text/html,application/xhtml+xml,application/xml;q=0.9,image/webp,*/*;q=0.8
                    [Accept-Encoding] => gzip, deflate, sdch
                    [Accept-Language] => it-IT,it;q=0.8,en-US;q=0.6,en;q=0.4
                )

        )

)

2016-07-06T16:31:17+02:00 SessionId :  ClientIP : ::1 [RESTGATEWAY] Array
(
    [timestamp] => 1467815466
    [result] => Array
        (
            [request_time] => Wed Jul 6 16:31:06 CEST 2016
            [code] => 200
            [response_time] => Wed Jul 6 16:31:17 CEST 2016
            [status] => success
            [tipoprodotto] => Array
                (
                    [0] => Array
                        (
                            [id_tipo_prodotto] => 10
                            [desc_tipo_prodotto] => ARROSTO RUSTICO
                            [id_aggregante] => 145
                            [desc_aggregante] => COTTO
                        )

                    [1] => Array
                        (
                            [id_tipo_prodotto] => 11
                            [desc_tipo_prodotto] => BLU
                            [id_aggregante] => 145
                            [desc_aggregante] => COTTO
                        )

                    [2] => Array
                        (
                            [id_tipo_prodotto] => 12
                            [desc_tipo_prodotto] => COTTO NOSTRANO
                            [id_aggregante] => 145
                            [desc_aggregante] => COTTO
                        )

                    [3] => Array
                        (
                            [id_tipo_prodotto] => 13
                            [desc_tipo_prodotto] => COTTO TUTTO GUSTO
                            [id_aggregante] => 145
                            [desc_aggregante] => COTTO
                        )

                    [4] => Array
                        (
                            [id_tipo_prodotto] => 14
                            [desc_tipo_prodotto] => FESTOSO
                            [id_aggregante] => 145
                            [desc_aggregante] => COTTO
                        )

                    [5] => Array
                        (
                            [id_tipo_prodotto] => 15
                            [desc_tipo_prodotto] => GIALLO
                            [id_aggregante] => 145
                            [desc_aggregante] => COTTO
                        )

                    [6] => Array
                        (
                            [id_tipo_prodotto] => 16
                            [desc_tipo_prodotto] => GIROTONDO
                            [id_aggregante] => 145
                            [desc_aggregante] => COTTO
                        )

                    [7] => Array
                        (
                            [id_tipo_prodotto] => 17
                            [desc_tipo_prodotto] => GRAN BISCOTTO
                            [id_aggregante] => 145
                            [desc_aggregante] => COTTO
                        )

                    [8] => Array
                        (
                            [id_tipo_prodotto] => 18
                            [desc_tipo_prodotto] => GRAN BISCOTTO BRACE
                            [id_aggregante] => 145
                            [desc_aggregante] => COTTO
                        )

                    [9] => Array
                        (
                            [id_tipo_prodotto] => 19
                            [desc_tipo_prodotto] => GRAN CARATTERE
                            [id_aggregante] => 145
                            [desc_aggregante] => COTTO
                        )

                    [10] => Array
                        (
                            [id_tipo_prodotto] => 20
                            [desc_tipo_prodotto] => GRAN GUSTO
                            [id_aggregante] => 145
                            [desc_aggregante] => COTTO
                        )

                    [11] => Array
                        (
                            [id_tipo_prodotto] => 21
                            [desc_tipo_prodotto] => GRAN PIACERE
                            [id_aggregante] => 145
                            [desc_aggregante] => COTTO
                        )

                    [12] => Array
                        (
                            [id_tipo_prodotto] => 22
                            [desc_tipo_prodotto] => GRAN SAPORE
                            [id_aggregante] => 145
                            [desc_aggregante] => COTTO
                        )

                    [13] => Array
                        (
                            [id_tipo_prodotto] => 23
                            [desc_tipo_prodotto] => MEDITERRANEO
                            [id_aggregante] => 145
                            [desc_aggregante] => COTTO
                        )

                    [14] => Array
                        (
                            [id_tipo_prodotto] => 24
                            [desc_tipo_prodotto] => PRAGA
                            [id_aggregante] => 145
                            [desc_aggregante] => COTTO
                        )

                    [15] => Array
                        (
                            [id_tipo_prodotto] => 25
                            [desc_tipo_prodotto] => SNELLO GUSTO E BENESSERE
                            [id_aggregante] => 145
                            [desc_aggregante] => COTTO
                        )

                    [16] => Array
                        (
                            [id_tipo_prodotto] => 26
                            [desc_tipo_prodotto] => VERDE
                            [id_aggregante] => 145
                            [desc_aggregante] => COTTO
                        )

                )

        )

)

2016-07-06T16:40:27+02:00 SessionId :  ClientIP : ::1 [RESTGATEWAY] Array
(
    [timestamp] => 1467816027
    [request] => backend\common\rest\library\Request Object
        (
            [url_elements] => Array
                (
                    [0] => 
                    [1] => famigliaprodotto
                    [2] => 8
                    [3] => tipoprodottorovagnati
                    [4] => filtropertipo
                )

            [verb] => GET
            [parameters] => Array
                (
                )

            [format] => json
            [datetime] => 1467816027
            [httpheaders] => Array
                (
                    [Host] => localhost
                    [Connection] => keep-alive
                    [Upgrade-Insecure-Requests] => 1
                    [User-Agent] => Mozilla/5.0 (Windows NT 10.0; WOW64) AppleWebKit/537.36 (KHTML, like Gecko) Chrome/51.0.2704.103 Safari/537.36
                    [Accept] => text/html,application/xhtml+xml,application/xml;q=0.9,image/webp,*/*;q=0.8
                    [Accept-Encoding] => gzip, deflate, sdch
                    [Accept-Language] => it-IT,it;q=0.8,en-US;q=0.6,en;q=0.4
                )

        )

)

2016-07-06T16:40:35+02:00 SessionId :  ClientIP : ::1 [RESTGATEWAY] Array
(
    [timestamp] => 1467816027
    [result] => Array
        (
            [request_time] => Wed Jul 6 16:40:27 CEST 2016
            [code] => 404
            [response_time] => Wed Jul 6 16:40:35 CEST 2016
            [status] => fail
            [error] => NO_DATA
        )

)

2016-07-06T16:40:57+02:00 SessionId :  ClientIP : ::1 [RESTGATEWAY] Array
(
    [timestamp] => 1467816057
    [request] => backend\common\rest\library\Request Object
        (
            [url_elements] => Array
                (
                    [0] => 
                    [1] => famigliaprodotto
                    [2] => 14
                    [3] => tipoprodottorovagnati
                    [4] => filtropertipo
                    [5] => 
                )

            [verb] => GET
            [parameters] => Array
                (
                )

            [format] => json
            [datetime] => 1467816057
            [httpheaders] => Array
                (
                    [Host] => localhost
                    [Connection] => keep-alive
                    [Upgrade-Insecure-Requests] => 1
                    [User-Agent] => Mozilla/5.0 (Windows NT 10.0; WOW64) AppleWebKit/537.36 (KHTML, like Gecko) Chrome/51.0.2704.103 Safari/537.36
                    [Accept] => text/html,application/xhtml+xml,application/xml;q=0.9,image/webp,*/*;q=0.8
                    [Accept-Encoding] => gzip, deflate, sdch
                    [Accept-Language] => it-IT,it;q=0.8,en-US;q=0.6,en;q=0.4
                )

        )

)

2016-07-06T16:41:02+02:00 SessionId :  ClientIP : ::1 [RESTGATEWAY] Array
(
    [timestamp] => 1467816057
    [result] => Array
        (
            [request_time] => Wed Jul 6 16:40:57 CEST 2016
            [code] => 404
            [response_time] => Wed Jul 6 16:41:02 CEST 2016
            [status] => fail
            [error] => NO_DATA
        )

)

2016-07-06T16:41:04+02:00 SessionId :  ClientIP : ::1 [RESTGATEWAY] Array
(
    [timestamp] => 1467816064
    [request] => backend\common\rest\library\Request Object
        (
            [url_elements] => Array
                (
                    [0] => 
                    [1] => famigliaprodotto
                    [2] => 14
                    [3] => tipoprodottorovagnati
                    [4] => 
                )

            [verb] => GET
            [parameters] => Array
                (
                )

            [format] => json
            [datetime] => 1467816064
            [httpheaders] => Array
                (
                    [Host] => localhost
                    [Connection] => keep-alive
                    [Upgrade-Insecure-Requests] => 1
                    [User-Agent] => Mozilla/5.0 (Windows NT 10.0; WOW64) AppleWebKit/537.36 (KHTML, like Gecko) Chrome/51.0.2704.103 Safari/537.36
                    [Accept] => text/html,application/xhtml+xml,application/xml;q=0.9,image/webp,*/*;q=0.8
                    [Accept-Encoding] => gzip, deflate, sdch
                    [Accept-Language] => it-IT,it;q=0.8,en-US;q=0.6,en;q=0.4
                )

        )

)

2016-07-06T16:41:09+02:00 SessionId :  ClientIP : ::1 [RESTGATEWAY] Array
(
    [timestamp] => 1467816064
    [result] => Array
        (
            [request_time] => Wed Jul 6 16:41:04 CEST 2016
            [code] => 200
            [response_time] => Wed Jul 6 16:41:09 CEST 2016
            [status] => success
            [tipoprodotto] => Array
                (
                    [0] => Array
                        (
                            [id_tipo_prodotto] => 1
                            [desc_tipo_prodotto] => MANZO ALL'INGLESE
                            [id_aggregante] => 142
                            [desc_aggregante] => ARROSTI
                        )

                    [1] => Array
                        (
                            [id_tipo_prodotto] => 2
                            [desc_tipo_prodotto] => PROSCIUTTO POLLO
                            [id_aggregante] => 142
                            [desc_aggregante] => ARROSTI
                        )

                    [2] => Array
                        (
                            [id_tipo_prodotto] => 3
                            [desc_tipo_prodotto] => PROSCIUTTO TACCHINI
                            [id_aggregante] => 142
                            [desc_aggregante] => ARROSTI
                        )

                    [3] => Array
                        (
                            [id_tipo_prodotto] => 4
                            [desc_tipo_prodotto] => ROAST BEEF
                            [id_aggregante] => 142
                            [desc_aggregante] => ARROSTI
                        )

                    [4] => Array
                        (
                            [id_tipo_prodotto] => 5
                            [desc_tipo_prodotto] => GINESTRA
                            [id_aggregante] => 143
                            [desc_aggregante] => BRESAOLA
                        )

                    [5] => Array
                        (
                            [id_tipo_prodotto] => 6
                            [desc_tipo_prodotto] => GINESTRELLA
                            [id_aggregante] => 143
                            [desc_aggregante] => BRESAOLA
                        )

                    [6] => Array
                        (
                            [id_tipo_prodotto] => 7
                            [desc_tipo_prodotto] => GRAN GINESTRA
                            [id_aggregante] => 143
                            [desc_aggregante] => BRESAOLA
                        )

                )

        )

)

2016-07-06T16:41:34+02:00 SessionId :  ClientIP : ::1 [RESTGATEWAY] Array
(
    [timestamp] => 1467816094
    [request] => backend\common\rest\library\Request Object
        (
            [url_elements] => Array
                (
                    [0] => 
                    [1] => famigliaprodotto
                    [2] => 14
                    [3] => tipoprodottorovagnati
                    [4] => filtropertipo
                    [5] => 5
                )

            [verb] => GET
            [parameters] => Array
                (
                )

            [format] => json
            [datetime] => 1467816094
            [httpheaders] => Array
                (
                    [Host] => localhost
                    [Connection] => keep-alive
                    [Upgrade-Insecure-Requests] => 1
                    [User-Agent] => Mozilla/5.0 (Windows NT 10.0; WOW64) AppleWebKit/537.36 (KHTML, like Gecko) Chrome/51.0.2704.103 Safari/537.36
                    [Accept] => text/html,application/xhtml+xml,application/xml;q=0.9,image/webp,*/*;q=0.8
                    [Accept-Encoding] => gzip, deflate, sdch
                    [Accept-Language] => it-IT,it;q=0.8,en-US;q=0.6,en;q=0.4
                )

        )

)

2016-07-06T16:41:39+02:00 SessionId :  ClientIP : ::1 [RESTGATEWAY] Array
(
    [timestamp] => 1467816094
    [result] => Array
        (
            [request_time] => Wed Jul 6 16:41:34 CEST 2016
            [code] => 404
            [response_time] => Wed Jul 6 16:41:39 CEST 2016
            [status] => fail
            [error] => NO_DATA
        )

)

2016-07-06T16:41:47+02:00 SessionId :  ClientIP : ::1 [RESTGATEWAY] Array
(
    [timestamp] => 1467816107
    [request] => backend\common\rest\library\Request Object
        (
            [url_elements] => Array
                (
                    [0] => 
                    [1] => famigliaprodotto
                    [2] => 14
                    [3] => tipoprodottorovagnati
                )

            [verb] => GET
            [parameters] => Array
                (
                )

            [format] => json
            [datetime] => 1467816107
            [httpheaders] => Array
                (
                    [Host] => localhost
                    [Connection] => keep-alive
                    [Upgrade-Insecure-Requests] => 1
                    [User-Agent] => Mozilla/5.0 (Windows NT 10.0; WOW64) AppleWebKit/537.36 (KHTML, like Gecko) Chrome/51.0.2704.103 Safari/537.36
                    [Accept] => text/html,application/xhtml+xml,application/xml;q=0.9,image/webp,*/*;q=0.8
                    [Accept-Encoding] => gzip, deflate, sdch
                    [Accept-Language] => it-IT,it;q=0.8,en-US;q=0.6,en;q=0.4
                )

        )

)

2016-07-06T16:41:51+02:00 SessionId :  ClientIP : ::1 [RESTGATEWAY] Array
(
    [timestamp] => 1467816107
    [result] => Array
        (
            [request_time] => Wed Jul 6 16:41:47 CEST 2016
            [code] => 200
            [response_time] => Wed Jul 6 16:41:51 CEST 2016
            [status] => success
            [tipoprodotto] => Array
                (
                    [0] => Array
                        (
                            [id_tipo_prodotto] => 1
                            [desc_tipo_prodotto] => MANZO ALL'INGLESE
                            [id_aggregante] => 142
                            [desc_aggregante] => ARROSTI
                        )

                    [1] => Array
                        (
                            [id_tipo_prodotto] => 2
                            [desc_tipo_prodotto] => PROSCIUTTO POLLO
                            [id_aggregante] => 142
                            [desc_aggregante] => ARROSTI
                        )

                    [2] => Array
                        (
                            [id_tipo_prodotto] => 3
                            [desc_tipo_prodotto] => PROSCIUTTO TACCHINI
                            [id_aggregante] => 142
                            [desc_aggregante] => ARROSTI
                        )

                    [3] => Array
                        (
                            [id_tipo_prodotto] => 4
                            [desc_tipo_prodotto] => ROAST BEEF
                            [id_aggregante] => 142
                            [desc_aggregante] => ARROSTI
                        )

                    [4] => Array
                        (
                            [id_tipo_prodotto] => 5
                            [desc_tipo_prodotto] => GINESTRA
                            [id_aggregante] => 143
                            [desc_aggregante] => BRESAOLA
                        )

                    [5] => Array
                        (
                            [id_tipo_prodotto] => 6
                            [desc_tipo_prodotto] => GINESTRELLA
                            [id_aggregante] => 143
                            [desc_aggregante] => BRESAOLA
                        )

                    [6] => Array
                        (
                            [id_tipo_prodotto] => 7
                            [desc_tipo_prodotto] => GRAN GINESTRA
                            [id_aggregante] => 143
                            [desc_aggregante] => BRESAOLA
                        )

                )

        )

)

2016-07-06T16:43:37+02:00 SessionId :  ClientIP : ::1 [RESTGATEWAY] Array
(
    [timestamp] => 1467816217
    [request] => backend\common\rest\library\Request Object
        (
            [url_elements] => Array
                (
                    [0] => 
                    [1] => famigliaprodotto
                    [2] => 14
                    [3] => tipoprodottorovagnati
                )

            [verb] => GET
            [parameters] => Array
                (
                )

            [format] => json
            [datetime] => 1467816217
            [httpheaders] => Array
                (
                    [Host] => localhost
                    [Connection] => keep-alive
                    [Cache-Control] => max-age=0
                    [Upgrade-Insecure-Requests] => 1
                    [User-Agent] => Mozilla/5.0 (Windows NT 10.0; WOW64) AppleWebKit/537.36 (KHTML, like Gecko) Chrome/51.0.2704.103 Safari/537.36
                    [Accept] => text/html,application/xhtml+xml,application/xml;q=0.9,image/webp,*/*;q=0.8
                    [Accept-Encoding] => gzip, deflate, sdch
                    [Accept-Language] => it-IT,it;q=0.8,en-US;q=0.6,en;q=0.4
                )

        )

)

2016-07-06T16:43:42+02:00 SessionId :  ClientIP : ::1 [RESTGATEWAY] Array
(
    [timestamp] => 1467816217
    [result] => Array
        (
            [request_time] => Wed Jul 6 16:43:37 CEST 2016
            [code] => 200
            [response_time] => Wed Jul 6 16:43:42 CEST 2016
            [status] => success
            [tipoprodotto] => Array
                (
                    [0] => Array
                        (
                            [id_tipo_prodotto] => 1
                            [desc_tipo_prodotto] => MANZO ALL'INGLESE
                            [id_aggregante] => 142
                            [desc_aggregante] => ARROSTI
                        )

                    [1] => Array
                        (
                            [id_tipo_prodotto] => 2
                            [desc_tipo_prodotto] => PROSCIUTTO POLLO
                            [id_aggregante] => 142
                            [desc_aggregante] => ARROSTI
                        )

                    [2] => Array
                        (
                            [id_tipo_prodotto] => 3
                            [desc_tipo_prodotto] => PROSCIUTTO TACCHINI
                            [id_aggregante] => 142
                            [desc_aggregante] => ARROSTI
                        )

                    [3] => Array
                        (
                            [id_tipo_prodotto] => 4
                            [desc_tipo_prodotto] => ROAST BEEF
                            [id_aggregante] => 142
                            [desc_aggregante] => ARROSTI
                        )

                    [4] => Array
                        (
                            [id_tipo_prodotto] => 5
                            [desc_tipo_prodotto] => GINESTRA
                            [id_aggregante] => 143
                            [desc_aggregante] => BRESAOLA
                        )

                    [5] => Array
                        (
                            [id_tipo_prodotto] => 6
                            [desc_tipo_prodotto] => GINESTRELLA
                            [id_aggregante] => 143
                            [desc_aggregante] => BRESAOLA
                        )

                    [6] => Array
                        (
                            [id_tipo_prodotto] => 7
                            [desc_tipo_prodotto] => GRAN GINESTRA
                            [id_aggregante] => 143
                            [desc_aggregante] => BRESAOLA
                        )

                )

        )

)

2016-07-06T16:44:23+02:00 SessionId :  ClientIP : ::1 [RESTGATEWAY] Array
(
    [timestamp] => 1467816263
    [request] => backend\common\rest\library\Request Object
        (
            [url_elements] => Array
                (
                    [0] => 
                    [1] => famigliaprodotto
                    [2] => 14
                    [3] => tipoprodottorovagnati
                    [4] => filtropertipo
                    [5] => 5
                )

            [verb] => GET
            [parameters] => Array
                (
                )

            [format] => json
            [datetime] => 1467816263
            [httpheaders] => Array
                (
                    [Host] => localhost
                    [Connection] => keep-alive
                    [Upgrade-Insecure-Requests] => 1
                    [User-Agent] => Mozilla/5.0 (Windows NT 10.0; WOW64) AppleWebKit/537.36 (KHTML, like Gecko) Chrome/51.0.2704.103 Safari/537.36
                    [Accept] => text/html,application/xhtml+xml,application/xml;q=0.9,image/webp,*/*;q=0.8
                    [Accept-Encoding] => gzip, deflate, sdch
                    [Accept-Language] => it-IT,it;q=0.8,en-US;q=0.6,en;q=0.4
                )

        )

)

2016-07-06T16:44:28+02:00 SessionId :  ClientIP : ::1 [RESTGATEWAY] Array
(
    [timestamp] => 1467816263
    [result] => Array
        (
            [request_time] => Wed Jul 6 16:44:23 CEST 2016
            [code] => 404
            [response_time] => Wed Jul 6 16:44:28 CEST 2016
            [status] => fail
            [error] => NO_DATA
        )

)

2016-07-06T16:45:00+02:00 SessionId :  ClientIP : ::1 [RESTGATEWAY] Array
(
    [timestamp] => 1467816300
    [request] => backend\common\rest\library\Request Object
        (
            [url_elements] => Array
                (
                    [0] => 
                    [1] => famigliaprodotto
                    [2] => 14
                    [3] => tipoprodottorovagnati
                    [4] => filtropertipo
                    [5] => 5
                )

            [verb] => GET
            [parameters] => Array
                (
                )

            [format] => json
            [datetime] => 1467816300
            [httpheaders] => Array
                (
                    [Host] => localhost
                    [Connection] => keep-alive
                    [Cache-Control] => max-age=0
                    [Upgrade-Insecure-Requests] => 1
                    [User-Agent] => Mozilla/5.0 (Windows NT 10.0; WOW64) AppleWebKit/537.36 (KHTML, like Gecko) Chrome/51.0.2704.103 Safari/537.36
                    [Accept] => text/html,application/xhtml+xml,application/xml;q=0.9,image/webp,*/*;q=0.8
                    [Accept-Encoding] => gzip, deflate, sdch
                    [Accept-Language] => it-IT,it;q=0.8,en-US;q=0.6,en;q=0.4
                )

        )

)

2016-07-06T16:45:11+02:00 SessionId :  ClientIP : ::1 [RESTGATEWAY] Array
(
    [timestamp] => 1467816311
    [request] => backend\common\rest\library\Request Object
        (
            [url_elements] => Array
                (
                    [0] => 
                    [1] => famigliaprodotto
                    [2] => 14
                    [3] => tipoprodottorovagnati
                    [4] => filtropertipo
                    [5] => 5
                )

            [verb] => GET
            [parameters] => Array
                (
                )

            [format] => json
            [datetime] => 1467816311
            [httpheaders] => Array
                (
                    [Host] => localhost
                    [Connection] => keep-alive
                    [Cache-Control] => max-age=0
                    [Upgrade-Insecure-Requests] => 1
                    [User-Agent] => Mozilla/5.0 (Windows NT 10.0; WOW64) AppleWebKit/537.36 (KHTML, like Gecko) Chrome/51.0.2704.103 Safari/537.36
                    [Accept] => text/html,application/xhtml+xml,application/xml;q=0.9,image/webp,*/*;q=0.8
                    [Accept-Encoding] => gzip, deflate, sdch
                    [Accept-Language] => it-IT,it;q=0.8,en-US;q=0.6,en;q=0.4
                )

        )

)

2016-07-06T16:45:21+02:00 SessionId :  ClientIP : ::1 [RESTGATEWAY] Array
(
    [timestamp] => 1467816321
    [request] => backend\common\rest\library\Request Object
        (
            [url_elements] => Array
                (
                    [0] => 
                    [1] => famigliaprodotto
                    [2] => 14
                    [3] => tipoprodottorovagnati
                    [4] => filtropertipo
                    [5] => 5
                )

            [verb] => GET
            [parameters] => Array
                (
                )

            [format] => json
            [datetime] => 1467816321
            [httpheaders] => Array
                (
                    [Host] => localhost
                    [Connection] => keep-alive
                    [Cache-Control] => max-age=0
                    [Upgrade-Insecure-Requests] => 1
                    [User-Agent] => Mozilla/5.0 (Windows NT 10.0; WOW64) AppleWebKit/537.36 (KHTML, like Gecko) Chrome/51.0.2704.103 Safari/537.36
                    [Accept] => text/html,application/xhtml+xml,application/xml;q=0.9,image/webp,*/*;q=0.8
                    [Accept-Encoding] => gzip, deflate, sdch
                    [Accept-Language] => it-IT,it;q=0.8,en-US;q=0.6,en;q=0.4
                )

        )

)

2016-07-06T16:47:03+02:00 SessionId :  ClientIP : ::1 [RESTGATEWAY] Array
(
    [timestamp] => 1467816423
    [request] => backend\common\rest\library\Request Object
        (
            [url_elements] => Array
                (
                    [0] => 
                    [1] => famigliaprodotto
                    [2] => 14
                    [3] => tipoprodottorovagnati
                )

            [verb] => GET
            [parameters] => Array
                (
                )

            [format] => json
            [datetime] => 1467816423
            [httpheaders] => Array
                (
                    [Host] => localhost
                    [Connection] => keep-alive
                    [Upgrade-Insecure-Requests] => 1
                    [User-Agent] => Mozilla/5.0 (Windows NT 10.0; WOW64) AppleWebKit/537.36 (KHTML, like Gecko) Chrome/51.0.2704.103 Safari/537.36
                    [Accept] => text/html,application/xhtml+xml,application/xml;q=0.9,image/webp,*/*;q=0.8
                    [Accept-Encoding] => gzip, deflate, sdch
                    [Accept-Language] => it-IT,it;q=0.8,en-US;q=0.6,en;q=0.4
                )

        )

)

2016-07-06T16:47:08+02:00 SessionId :  ClientIP : ::1 [RESTGATEWAY] Array
(
    [timestamp] => 1467816423
    [result] => Array
        (
            [request_time] => Wed Jul 6 16:47:03 CEST 2016
            [code] => 200
            [response_time] => Wed Jul 6 16:47:08 CEST 2016
            [status] => success
            [tipoprodotto] => Array
                (
                    [0] => Array
                        (
                            [id_tipo_prodotto] => 1
                            [desc_tipo_prodotto] => MANZO ALL'INGLESE
                            [id_aggregante] => 142
                            [desc_aggregante] => ARROSTI
                        )

                    [1] => Array
                        (
                            [id_tipo_prodotto] => 2
                            [desc_tipo_prodotto] => PROSCIUTTO POLLO
                            [id_aggregante] => 142
                            [desc_aggregante] => ARROSTI
                        )

                    [2] => Array
                        (
                            [id_tipo_prodotto] => 3
                            [desc_tipo_prodotto] => PROSCIUTTO TACCHINI
                            [id_aggregante] => 142
                            [desc_aggregante] => ARROSTI
                        )

                    [3] => Array
                        (
                            [id_tipo_prodotto] => 4
                            [desc_tipo_prodotto] => ROAST BEEF
                            [id_aggregante] => 142
                            [desc_aggregante] => ARROSTI
                        )

                    [4] => Array
                        (
                            [id_tipo_prodotto] => 5
                            [desc_tipo_prodotto] => GINESTRA
                            [id_aggregante] => 143
                            [desc_aggregante] => BRESAOLA
                        )

                    [5] => Array
                        (
                            [id_tipo_prodotto] => 6
                            [desc_tipo_prodotto] => GINESTRELLA
                            [id_aggregante] => 143
                            [desc_aggregante] => BRESAOLA
                        )

                    [6] => Array
                        (
                            [id_tipo_prodotto] => 7
                            [desc_tipo_prodotto] => GRAN GINESTRA
                            [id_aggregante] => 143
                            [desc_aggregante] => BRESAOLA
                        )

                )

        )

)

2016-07-06T16:49:33+02:00 SessionId :  ClientIP : ::1 [RESTGATEWAY] Array
(
    [timestamp] => 1467816573
    [request] => backend\common\rest\library\Request Object
        (
            [url_elements] => Array
                (
                    [0] => 
                    [1] => famigliaprodotto
                    [2] => 14
                    [3] => tipoprodotto
                )

            [verb] => GET
            [parameters] => Array
                (
                )

            [format] => json
            [datetime] => 1467816573
            [httpheaders] => Array
                (
                    [Host] => localhost
                    [Connection] => keep-alive
                    [Upgrade-Insecure-Requests] => 1
                    [User-Agent] => Mozilla/5.0 (Windows NT 10.0; WOW64) AppleWebKit/537.36 (KHTML, like Gecko) Chrome/51.0.2704.103 Safari/537.36
                    [Accept] => text/html,application/xhtml+xml,application/xml;q=0.9,image/webp,*/*;q=0.8
                    [Accept-Encoding] => gzip, deflate, sdch
                    [Accept-Language] => it-IT,it;q=0.8,en-US;q=0.6,en;q=0.4
                )

        )

)

2016-07-06T16:49:38+02:00 SessionId :  ClientIP : ::1 [RESTGATEWAY] Array
(
    [timestamp] => 1467816573
    [result] => Array
        (
            [request_time] => Wed Jul 6 16:49:33 CEST 2016
            [code] => 200
            [response_time] => Wed Jul 6 16:49:38 CEST 2016
            [status] => success
            [tipoprodotto] => Array
                (
                    [0] => Array
                        (
                            [id_tipo_prodotto] => 328
                            [desc_tipo_prodotto] => ARROSTI POLLO
                            [id_aggregante] => 142
                            [desc_aggregante] => ARROSTI
                        )

                    [1] => Array
                        (
                            [id_tipo_prodotto] => 329
                            [desc_tipo_prodotto] => ARROSTI TACCHINO
                            [id_aggregante] => 142
                            [desc_aggregante] => ARROSTI
                        )

                    [2] => Array
                        (
                            [id_tipo_prodotto] => 341
                            [desc_tipo_prodotto] => MANZO (ARROSTI, CARNE SALADA)
                            [id_aggregante] => 142
                            [desc_aggregante] => ARROSTI
                        )

                    [3] => Array
                        (
                            [id_tipo_prodotto] => 319
                            [desc_tipo_prodotto] => ALTRE BRESAOLE
                            [id_aggregante] => 143
                            [desc_aggregante] => BRESAOLA
                        )

                    [4] => Array
                        (
                            [id_tipo_prodotto] => 331
                            [desc_tipo_prodotto] => BRESAOLA DOP VALTELLINA
                            [id_aggregante] => 143
                            [desc_aggregante] => BRESAOLA
                        )

                )

        )

)

2016-07-06T16:49:49+02:00 SessionId :  ClientIP : ::1 [RESTGATEWAY] Array
(
    [timestamp] => 1467816589
    [request] => backend\common\rest\library\Request Object
        (
            [url_elements] => Array
                (
                    [0] => 
                    [1] => famigliaprodotto
                    [2] => 14
                    [3] => tipoprodottorovagnati
                    [4] => filtropertipo
                    [5] => 319
                )

            [verb] => GET
            [parameters] => Array
                (
                )

            [format] => json
            [datetime] => 1467816589
            [httpheaders] => Array
                (
                    [Host] => localhost
                    [Connection] => keep-alive
                    [Upgrade-Insecure-Requests] => 1
                    [User-Agent] => Mozilla/5.0 (Windows NT 10.0; WOW64) AppleWebKit/537.36 (KHTML, like Gecko) Chrome/51.0.2704.103 Safari/537.36
                    [Accept] => text/html,application/xhtml+xml,application/xml;q=0.9,image/webp,*/*;q=0.8
                    [Accept-Encoding] => gzip, deflate, sdch
                    [Accept-Language] => it-IT,it;q=0.8,en-US;q=0.6,en;q=0.4
                )

        )

)

2016-07-06T16:50:09+02:00 SessionId :  ClientIP : ::1 [RESTGATEWAY] Array
(
    [timestamp] => 1467816609
    [request] => backend\common\rest\library\Request Object
        (
            [url_elements] => Array
                (
                    [0] => 
                    [1] => famigliaprodotto
                    [2] => 14
                    [3] => tipoprodottorovagnati
                    [4] => filtropertipo
                    [5] => 319
                )

            [verb] => GET
            [parameters] => Array
                (
                )

            [format] => json
            [datetime] => 1467816609
            [httpheaders] => Array
                (
                    [Host] => localhost
                    [Connection] => keep-alive
                    [Cache-Control] => max-age=0
                    [Upgrade-Insecure-Requests] => 1
                    [User-Agent] => Mozilla/5.0 (Windows NT 10.0; WOW64) AppleWebKit/537.36 (KHTML, like Gecko) Chrome/51.0.2704.103 Safari/537.36
                    [Accept] => text/html,application/xhtml+xml,application/xml;q=0.9,image/webp,*/*;q=0.8
                    [Accept-Encoding] => gzip, deflate, sdch
                    [Accept-Language] => it-IT,it;q=0.8,en-US;q=0.6,en;q=0.4
                )

        )

)

2016-07-06T16:50:14+02:00 SessionId :  ClientIP : ::1 [RESTGATEWAY] Array
(
    [timestamp] => 1467816609
    [result] => Array
        (
            [request_time] => Wed Jul 6 16:50:09 CEST 2016
            [code] => 404
            [response_time] => Wed Jul 6 16:50:14 CEST 2016
            [status] => fail
            [error] => NO_DATA
        )

)

2016-07-06T16:51:19+02:00 SessionId :  ClientIP : ::1 [RESTGATEWAY] Array
(
    [timestamp] => 1467816679
    [request] => backend\common\rest\library\Request Object
        (
            [url_elements] => Array
                (
                    [0] => 
                    [1] => famigliaprodotto
                    [2] => 14
                    [3] => tipoprodottorovagnati
                    [4] => filtropertipo
                    [5] => 319
                )

            [verb] => GET
            [parameters] => Array
                (
                )

            [format] => json
            [datetime] => 1467816679
            [httpheaders] => Array
                (
                    [Host] => localhost
                    [Connection] => keep-alive
                    [Cache-Control] => max-age=0
                    [Upgrade-Insecure-Requests] => 1
                    [User-Agent] => Mozilla/5.0 (Windows NT 10.0; WOW64) AppleWebKit/537.36 (KHTML, like Gecko) Chrome/51.0.2704.103 Safari/537.36
                    [Accept] => text/html,application/xhtml+xml,application/xml;q=0.9,image/webp,*/*;q=0.8
                    [Accept-Encoding] => gzip, deflate, sdch
                    [Accept-Language] => it-IT,it;q=0.8,en-US;q=0.6,en;q=0.4
                )

        )

)

2016-07-06T16:51:24+02:00 SessionId :  ClientIP : ::1 [RESTGATEWAY] Array
(
    [timestamp] => 1467816679
    [result] => Array
        (
            [request_time] => Wed Jul 6 16:51:19 CEST 2016
            [code] => 404
            [response_time] => Wed Jul 6 16:51:24 CEST 2016
            [status] => fail
            [error] => NO_DATA
        )

)

2016-07-06T16:51:47+02:00 SessionId :  ClientIP : ::1 [RESTGATEWAY] Array
(
    [timestamp] => 1467816707
    [request] => backend\common\rest\library\Request Object
        (
            [url_elements] => Array
                (
                    [0] => 
                    [1] => famigliaprodotto
                    [2] => 14
                    [3] => tipoprodottorovagnati
                    [4] => filtropertipo
                    [5] => 319
                )

            [verb] => GET
            [parameters] => Array
                (
                )

            [format] => json
            [datetime] => 1467816707
            [httpheaders] => Array
                (
                    [Host] => localhost
                    [Connection] => keep-alive
                    [Cache-Control] => max-age=0
                    [Upgrade-Insecure-Requests] => 1
                    [User-Agent] => Mozilla/5.0 (Windows NT 10.0; WOW64) AppleWebKit/537.36 (KHTML, like Gecko) Chrome/51.0.2704.103 Safari/537.36
                    [Accept] => text/html,application/xhtml+xml,application/xml;q=0.9,image/webp,*/*;q=0.8
                    [Accept-Encoding] => gzip, deflate, sdch
                    [Accept-Language] => it-IT,it;q=0.8,en-US;q=0.6,en;q=0.4
                )

        )

)

2016-07-06T16:53:22+02:00 SessionId :  ClientIP : ::1 [RESTGATEWAY] Array
(
    [timestamp] => 1467816802
    [request] => backend\common\rest\library\Request Object
        (
            [url_elements] => Array
                (
                    [0] => 
                    [1] => famigliaprodotto
                    [2] => 14
                    [3] => tipoprodotto
                )

            [verb] => GET
            [parameters] => Array
                (
                )

            [format] => json
            [datetime] => 1467816802
            [httpheaders] => Array
                (
                    [Host] => localhost
                    [Connection] => keep-alive
                    [Cache-Control] => max-age=0
                    [Upgrade-Insecure-Requests] => 1
                    [User-Agent] => Mozilla/5.0 (Windows NT 10.0; WOW64) AppleWebKit/537.36 (KHTML, like Gecko) Chrome/51.0.2704.103 Safari/537.36
                    [Accept] => text/html,application/xhtml+xml,application/xml;q=0.9,image/webp,*/*;q=0.8
                    [Accept-Encoding] => gzip, deflate, sdch
                    [Accept-Language] => it-IT,it;q=0.8,en-US;q=0.6,en;q=0.4
                )

        )

)

2016-07-06T16:53:24+02:00 SessionId :  ClientIP : ::1 [RESTGATEWAY] Array
(
    [timestamp] => 1467816804
    [request] => backend\common\rest\library\Request Object
        (
            [url_elements] => Array
                (
                    [0] => 
                    [1] => famigliaprodotto
                    [2] => 14
                    [3] => tipoprodottorovagnati
                    [4] => filtropertipo
                    [5] => 319
                )

            [verb] => GET
            [parameters] => Array
                (
                )

            [format] => json
            [datetime] => 1467816804
            [httpheaders] => Array
                (
                    [Host] => localhost
                    [Connection] => keep-alive
                    [Cache-Control] => max-age=0
                    [Upgrade-Insecure-Requests] => 1
                    [User-Agent] => Mozilla/5.0 (Windows NT 10.0; WOW64) AppleWebKit/537.36 (KHTML, like Gecko) Chrome/51.0.2704.103 Safari/537.36
                    [Accept] => text/html,application/xhtml+xml,application/xml;q=0.9,image/webp,*/*;q=0.8
                    [Accept-Encoding] => gzip, deflate, sdch
                    [Accept-Language] => it-IT,it;q=0.8,en-US;q=0.6,en;q=0.4
                )

        )

)

2016-07-06T16:53:27+02:00 SessionId :  ClientIP : ::1 [RESTGATEWAY] Array
(
    [timestamp] => 1467816802
    [result] => Array
        (
            [request_time] => Wed Jul 6 16:53:22 CEST 2016
            [code] => 200
            [response_time] => Wed Jul 6 16:53:27 CEST 2016
            [status] => success
            [tipoprodotto] => Array
                (
                    [0] => Array
                        (
                            [id_tipo_prodotto] => 328
                            [desc_tipo_prodotto] => ARROSTI POLLO
                            [id_aggregante] => 142
                            [desc_aggregante] => ARROSTI
                        )

                    [1] => Array
                        (
                            [id_tipo_prodotto] => 329
                            [desc_tipo_prodotto] => ARROSTI TACCHINO
                            [id_aggregante] => 142
                            [desc_aggregante] => ARROSTI
                        )

                    [2] => Array
                        (
                            [id_tipo_prodotto] => 341
                            [desc_tipo_prodotto] => MANZO (ARROSTI, CARNE SALADA)
                            [id_aggregante] => 142
                            [desc_aggregante] => ARROSTI
                        )

                    [3] => Array
                        (
                            [id_tipo_prodotto] => 319
                            [desc_tipo_prodotto] => ALTRE BRESAOLE
                            [id_aggregante] => 143
                            [desc_aggregante] => BRESAOLA
                        )

                    [4] => Array
                        (
                            [id_tipo_prodotto] => 331
                            [desc_tipo_prodotto] => BRESAOLA DOP VALTELLINA
                            [id_aggregante] => 143
                            [desc_aggregante] => BRESAOLA
                        )

                )

        )

)

2016-07-06T16:53:31+02:00 SessionId :  ClientIP : ::1 [RESTGATEWAY] Array
(
    [timestamp] => 1467816804
    [result] => Array
        (
            [request_time] => Wed Jul 6 16:53:24 CEST 2016
            [code] => 404
            [response_time] => Wed Jul 6 16:53:31 CEST 2016
            [status] => fail
            [error] => NO_DATA
        )

)

2016-07-06T16:53:53+02:00 SessionId :  ClientIP : ::1 [RESTGATEWAY] Array
(
    [timestamp] => 1467816833
    [request] => backend\common\rest\library\Request Object
        (
            [url_elements] => Array
                (
                    [0] => 
                    [1] => famigliaprodotto
                    [2] => 14
                    [3] => tipoprodottorovagnati
                    [4] => filtropertipo
                    [5] => 319
                )

            [verb] => GET
            [parameters] => Array
                (
                )

            [format] => json
            [datetime] => 1467816833
            [httpheaders] => Array
                (
                    [Host] => localhost
                    [Connection] => keep-alive
                    [Cache-Control] => max-age=0
                    [Upgrade-Insecure-Requests] => 1
                    [User-Agent] => Mozilla/5.0 (Windows NT 10.0; WOW64) AppleWebKit/537.36 (KHTML, like Gecko) Chrome/51.0.2704.103 Safari/537.36
                    [Accept] => text/html,application/xhtml+xml,application/xml;q=0.9,image/webp,*/*;q=0.8
                    [Accept-Encoding] => gzip, deflate, sdch
                    [Accept-Language] => it-IT,it;q=0.8,en-US;q=0.6,en;q=0.4
                )

        )

)

2016-07-06T16:53:58+02:00 SessionId :  ClientIP : ::1 [RESTGATEWAY] Array
(
    [timestamp] => 1467816833
    [result] => Array
        (
            [request_time] => Wed Jul 6 16:53:53 CEST 2016
            [code] => 200
            [response_time] => Wed Jul 6 16:53:58 CEST 2016
            [status] => success
            [tipoprodotto] => Array
                (
                    [0] => Array
                        (
                            [id_tipo_prodotto] => 5
                            [desc_tipo_prodotto] => GINESTRA
                            [id_aggregante] => 143
                            [desc_aggregante] => BRESAOLA
                        )

                    [1] => Array
                        (
                            [id_tipo_prodotto] => 6
                            [desc_tipo_prodotto] => GINESTRELLA
                            [id_aggregante] => 143
                            [desc_aggregante] => BRESAOLA
                        )

                    [2] => Array
                        (
                            [id_tipo_prodotto] => 7
                            [desc_tipo_prodotto] => GRAN GINESTRA
                            [id_aggregante] => 143
                            [desc_aggregante] => BRESAOLA
                        )

                )

        )

)

2016-07-06T17:03:56+02:00 SessionId :  ClientIP : ::1 [RESTGATEWAY] Array
(
    [timestamp] => 1467817436
    [request] => backend\common\rest\library\Request Object
        (
            [url_elements] => Array
                (
                    [0] => 
                    [1] => famigliaprodotto
                    [2] => 14
                    [3] => tipoprodottorovagnati
                )

            [verb] => GET
            [parameters] => Array
                (
                )

            [format] => json
            [datetime] => 1467817436
            [httpheaders] => Array
                (
                    [Host] => localhost
                    [Connection] => keep-alive
                    [Upgrade-Insecure-Requests] => 1
                    [User-Agent] => Mozilla/5.0 (Windows NT 10.0; WOW64) AppleWebKit/537.36 (KHTML, like Gecko) Chrome/51.0.2704.103 Safari/537.36
                    [Accept] => text/html,application/xhtml+xml,application/xml;q=0.9,image/webp,*/*;q=0.8
                    [Accept-Encoding] => gzip, deflate, sdch
                    [Accept-Language] => it-IT,it;q=0.8,en-US;q=0.6,en;q=0.4
                )

        )

)

2016-07-06T17:04:00+02:00 SessionId :  ClientIP : ::1 [RESTGATEWAY] Array
(
    [timestamp] => 1467817436
    [result] => Array
        (
            [request_time] => Wed Jul 6 17:03:56 CEST 2016
            [code] => 200
            [response_time] => Wed Jul 6 17:04:00 CEST 2016
            [status] => success
            [tipoprodotto] => Array
                (
                    [0] => Array
                        (
                            [id_tipo_prodotto] => 1
                            [desc_tipo_prodotto] => MANZO ALL'INGLESE
                            [id_aggregante] => 142
                            [desc_aggregante] => ARROSTI
                        )

                    [1] => Array
                        (
                            [id_tipo_prodotto] => 2
                            [desc_tipo_prodotto] => PROSCIUTTO POLLO
                            [id_aggregante] => 142
                            [desc_aggregante] => ARROSTI
                        )

                    [2] => Array
                        (
                            [id_tipo_prodotto] => 3
                            [desc_tipo_prodotto] => PROSCIUTTO TACCHINI
                            [id_aggregante] => 142
                            [desc_aggregante] => ARROSTI
                        )

                    [3] => Array
                        (
                            [id_tipo_prodotto] => 4
                            [desc_tipo_prodotto] => ROAST BEEF
                            [id_aggregante] => 142
                            [desc_aggregante] => ARROSTI
                        )

                    [4] => Array
                        (
                            [id_tipo_prodotto] => 5
                            [desc_tipo_prodotto] => GINESTRA
                            [id_aggregante] => 143
                            [desc_aggregante] => BRESAOLA
                        )

                    [5] => Array
                        (
                            [id_tipo_prodotto] => 6
                            [desc_tipo_prodotto] => GINESTRELLA
                            [id_aggregante] => 143
                            [desc_aggregante] => BRESAOLA
                        )

                    [6] => Array
                        (
                            [id_tipo_prodotto] => 7
                            [desc_tipo_prodotto] => GRAN GINESTRA
                            [id_aggregante] => 143
                            [desc_aggregante] => BRESAOLA
                        )

                )

        )

)

2016-07-06T17:04:13+02:00 SessionId :  ClientIP : ::1 [RESTGATEWAY] Array
(
    [timestamp] => 1467817453
    [request] => backend\common\rest\library\Request Object
        (
            [url_elements] => Array
                (
                    [0] => 
                    [1] => famigliaprodotto
                    [2] => 15
                    [3] => tipoprodotto
                )

            [verb] => GET
            [parameters] => Array
                (
                )

            [format] => json
            [datetime] => 1467817453
            [httpheaders] => Array
                (
                    [Host] => localhost
                    [Connection] => keep-alive
                    [Upgrade-Insecure-Requests] => 1
                    [User-Agent] => Mozilla/5.0 (Windows NT 10.0; WOW64) AppleWebKit/537.36 (KHTML, like Gecko) Chrome/51.0.2704.103 Safari/537.36
                    [Accept] => text/html,application/xhtml+xml,application/xml;q=0.9,image/webp,*/*;q=0.8
                    [Accept-Encoding] => gzip, deflate, sdch
                    [Accept-Language] => it-IT,it;q=0.8,en-US;q=0.6,en;q=0.4
                )

        )

)

2016-07-06T17:04:17+02:00 SessionId :  ClientIP : ::1 [RESTGATEWAY] Array
(
    [timestamp] => 1467817453
    [result] => Array
        (
            [request_time] => Wed Jul 6 17:04:13 CEST 2016
            [code] => 404
            [response_time] => Wed Jul 6 17:04:17 CEST 2016
            [status] => fail
            [message] => tipo prodotto non trovato
            [error] => NO_DATA
        )

)

2016-07-06T17:04:24+02:00 SessionId :  ClientIP : ::1 [RESTGATEWAY] Array
(
    [timestamp] => 1467817464
    [request] => backend\common\rest\library\Request Object
        (
            [url_elements] => Array
                (
                    [0] => 
                    [1] => famigliaprodotto
                    [2] => 13
                    [3] => tipoprodotto
                )

            [verb] => GET
            [parameters] => Array
                (
                )

            [format] => json
            [datetime] => 1467817464
            [httpheaders] => Array
                (
                    [Host] => localhost
                    [Connection] => keep-alive
                    [Upgrade-Insecure-Requests] => 1
                    [User-Agent] => Mozilla/5.0 (Windows NT 10.0; WOW64) AppleWebKit/537.36 (KHTML, like Gecko) Chrome/51.0.2704.103 Safari/537.36
                    [Accept] => text/html,application/xhtml+xml,application/xml;q=0.9,image/webp,*/*;q=0.8
                    [Accept-Encoding] => gzip, deflate, sdch
                    [Accept-Language] => it-IT,it;q=0.8,en-US;q=0.6,en;q=0.4
                )

        )

)

2016-07-06T17:04:29+02:00 SessionId :  ClientIP : ::1 [RESTGATEWAY] Array
(
    [timestamp] => 1467817464
    [result] => Array
        (
            [request_time] => Wed Jul 6 17:04:24 CEST 2016
            [code] => 200
            [response_time] => Wed Jul 6 17:04:29 CEST 2016
            [status] => success
            [tipoprodotto] => Array
                (
                    [0] => Array
                        (
                            [id_tipo_prodotto] => 320
                            [desc_tipo_prodotto] => ALTRE COPPE
                            [id_aggregante] => 144
                            [desc_aggregante] => COPPE
                        )

                    [1] => Array
                        (
                            [id_tipo_prodotto] => 333
                            [desc_tipo_prodotto] => COPPA DOP - IGP
                            [id_aggregante] => 144
                            [desc_aggregante] => COPPE
                        )

                    [2] => Array
                        (
                            [id_tipo_prodotto] => 335
                            [desc_tipo_prodotto] => CULATELLO
                            [id_aggregante] => 147
                            [desc_aggregante] => CULATELLO
                        )

                    [3] => Array
                        (
                            [id_tipo_prodotto] => 336
                            [desc_tipo_prodotto] => GUANCIALE
                            [id_aggregante] => 148
                            [desc_aggregante] => GUANCIALE
                        )

                    [4] => Array
                        (
                            [id_tipo_prodotto] => 325
                            [desc_tipo_prodotto] => ALTRO LARDO
                            [id_aggregante] => 149
                            [desc_aggregante] => LARDO
                        )

                    [5] => Array
                        (
                            [id_tipo_prodotto] => 339
                            [desc_tipo_prodotto] => LARDO DOP - IGP
                            [id_aggregante] => 149
                            [desc_aggregante] => LARDO
                        )

                    [6] => Array
                        (
                            [id_tipo_prodotto] => 349
                            [desc_tipo_prodotto] => PORCHETTA
                            [id_aggregante] => 152
                            [desc_aggregante] => PORCHETTA
                        )

                    [7] => Array
                        (
                            [id_tipo_prodotto] => 354
                            [desc_tipo_prodotto] => SPECK
                            [id_aggregante] => 154
                            [desc_aggregante] => SPECK
                        )

                )

        )

)

2016-07-06T17:05:03+02:00 SessionId :  ClientIP : ::1 [RESTGATEWAY] Array
(
    [timestamp] => 1467817503
    [request] => backend\common\rest\library\Request Object
        (
            [url_elements] => Array
                (
                    [0] => 
                    [1] => famigliaprodotto
                    [2] => 13
                    [3] => tipoprodottorovagnati
                    [4] => filtropertipo
                    [5] => 325
                )

            [verb] => GET
            [parameters] => Array
                (
                )

            [format] => json
            [datetime] => 1467817503
            [httpheaders] => Array
                (
                    [Host] => localhost
                    [Connection] => keep-alive
                    [Upgrade-Insecure-Requests] => 1
                    [User-Agent] => Mozilla/5.0 (Windows NT 10.0; WOW64) AppleWebKit/537.36 (KHTML, like Gecko) Chrome/51.0.2704.103 Safari/537.36
                    [Accept] => text/html,application/xhtml+xml,application/xml;q=0.9,image/webp,*/*;q=0.8
                    [Accept-Encoding] => gzip, deflate, sdch
                    [Accept-Language] => it-IT,it;q=0.8,en-US;q=0.6,en;q=0.4
                )

        )

)

2016-07-06T17:05:08+02:00 SessionId :  ClientIP : ::1 [RESTGATEWAY] Array
(
    [timestamp] => 1467817503
    [result] => Array
        (
            [request_time] => Wed Jul 6 17:05:03 CEST 2016
            [code] => 200
            [response_time] => Wed Jul 6 17:05:08 CEST 2016
            [status] => success
            [tipoprodotto] => Array
                (
                    [0] => Array
                        (
                            [id_tipo_prodotto] => 36
                            [desc_tipo_prodotto] => LARDO
                            [id_aggregante] => 149
                            [desc_aggregante] => LARDO
                        )

                )

        )

)

2016-07-06T17:20:35+02:00 SessionId :  ClientIP : ::1 [RESTGATEWAY] Array
(
    [timestamp] => 1467818435
    [request] => backend\common\rest\library\Request Object
        (
            [url_elements] => Array
                (
                    [0] => 
                    [1] => famigliaprodotto
                    [2] => 14
                    [3] => tipoprodotto
                )

            [verb] => GET
            [parameters] => Array
                (
                )

            [format] => json
            [datetime] => 1467818435
            [httpheaders] => Array
                (
                    [Host] => localhost
                    [Connection] => keep-alive
                    [Upgrade-Insecure-Requests] => 1
                    [User-Agent] => Mozilla/5.0 (Windows NT 10.0; WOW64) AppleWebKit/537.36 (KHTML, like Gecko) Chrome/51.0.2704.103 Safari/537.36
                    [Accept] => text/html,application/xhtml+xml,application/xml;q=0.9,image/webp,*/*;q=0.8
                    [Accept-Encoding] => gzip, deflate, sdch
                    [Accept-Language] => it-IT,it;q=0.8,en-US;q=0.6,en;q=0.4
                )

        )

)

2016-07-06T17:20:40+02:00 SessionId :  ClientIP : ::1 [RESTGATEWAY] Array
(
    [timestamp] => 1467818435
    [result] => Array
        (
            [request_time] => Wed Jul 6 17:20:35 CEST 2016
            [code] => 200
            [response_time] => Wed Jul 6 17:20:40 CEST 2016
            [status] => success
            [tipoprodotto] => Array
                (
                    [0] => Array
                        (
                            [id_tipo_prodotto] => 328
                            [desc_tipo_prodotto] => ARROSTI POLLO
                            [id_aggregante] => 142
                            [desc_aggregante] => ARROSTI
                        )

                    [1] => Array
                        (
                            [id_tipo_prodotto] => 329
                            [desc_tipo_prodotto] => ARROSTI TACCHINO
                            [id_aggregante] => 142
                            [desc_aggregante] => ARROSTI
                        )

                    [2] => Array
                        (
                            [id_tipo_prodotto] => 341
                            [desc_tipo_prodotto] => MANZO (ARROSTI, CARNE SALADA)
                            [id_aggregante] => 142
                            [desc_aggregante] => ARROSTI
                        )

                    [3] => Array
                        (
                            [id_tipo_prodotto] => 319
                            [desc_tipo_prodotto] => ALTRE BRESAOLE
                            [id_aggregante] => 143
                            [desc_aggregante] => BRESAOLA
                        )

                    [4] => Array
                        (
                            [id_tipo_prodotto] => 331
                            [desc_tipo_prodotto] => BRESAOLA DOP VALTELLINA
                            [id_aggregante] => 143
                            [desc_aggregante] => BRESAOLA
                        )

                )

        )

)

2016-07-06T17:20:52+02:00 SessionId :  ClientIP : ::1 [RESTGATEWAY] Array
(
    [timestamp] => 1467818452
    [request] => backend\common\rest\library\Request Object
        (
            [url_elements] => Array
                (
                    [0] => 
                    [1] => famigliaprodotto
                    [2] => 13
                    [3] => tipoprodotto
                )

            [verb] => GET
            [parameters] => Array
                (
                )

            [format] => json
            [datetime] => 1467818452
            [httpheaders] => Array
                (
                    [Host] => localhost
                    [Connection] => keep-alive
                    [Upgrade-Insecure-Requests] => 1
                    [User-Agent] => Mozilla/5.0 (Windows NT 10.0; WOW64) AppleWebKit/537.36 (KHTML, like Gecko) Chrome/51.0.2704.103 Safari/537.36
                    [Accept] => text/html,application/xhtml+xml,application/xml;q=0.9,image/webp,*/*;q=0.8
                    [Accept-Encoding] => gzip, deflate, sdch
                    [Accept-Language] => it-IT,it;q=0.8,en-US;q=0.6,en;q=0.4
                )

        )

)

2016-07-06T17:20:56+02:00 SessionId :  ClientIP : ::1 [RESTGATEWAY] Array
(
    [timestamp] => 1467818452
    [result] => Array
        (
            [request_time] => Wed Jul 6 17:20:52 CEST 2016
            [code] => 200
            [response_time] => Wed Jul 6 17:20:56 CEST 2016
            [status] => success
            [tipoprodotto] => Array
                (
                    [0] => Array
                        (
                            [id_tipo_prodotto] => 320
                            [desc_tipo_prodotto] => ALTRE COPPE
                            [id_aggregante] => 144
                            [desc_aggregante] => COPPE
                        )

                    [1] => Array
                        (
                            [id_tipo_prodotto] => 333
                            [desc_tipo_prodotto] => COPPA DOP - IGP
                            [id_aggregante] => 144
                            [desc_aggregante] => COPPE
                        )

                    [2] => Array
                        (
                            [id_tipo_prodotto] => 335
                            [desc_tipo_prodotto] => CULATELLO
                            [id_aggregante] => 147
                            [desc_aggregante] => CULATELLO
                        )

                    [3] => Array
                        (
                            [id_tipo_prodotto] => 336
                            [desc_tipo_prodotto] => GUANCIALE
                            [id_aggregante] => 148
                            [desc_aggregante] => GUANCIALE
                        )

                    [4] => Array
                        (
                            [id_tipo_prodotto] => 325
                            [desc_tipo_prodotto] => ALTRO LARDO
                            [id_aggregante] => 149
                            [desc_aggregante] => LARDO
                        )

                    [5] => Array
                        (
                            [id_tipo_prodotto] => 339
                            [desc_tipo_prodotto] => LARDO DOP - IGP
                            [id_aggregante] => 149
                            [desc_aggregante] => LARDO
                        )

                    [6] => Array
                        (
                            [id_tipo_prodotto] => 349
                            [desc_tipo_prodotto] => PORCHETTA
                            [id_aggregante] => 152
                            [desc_aggregante] => PORCHETTA
                        )

                    [7] => Array
                        (
                            [id_tipo_prodotto] => 354
                            [desc_tipo_prodotto] => SPECK
                            [id_aggregante] => 154
                            [desc_aggregante] => SPECK
                        )

                )

        )

)

