2016-06-30T14:50:52+02:00 SessionId :  ClientIP : ::1 [RESTGATEWAY] Array
(
    [timestamp] => 1467291051
    [request] => backend\common\rest\library\Request Object
        (
            [url_elements] => Array
                (
                    [0] => 
                    [1] => rilevazione
                    [2] => 1
                    [3] => 4
                )

            [verb] => GET
            [parameters] => Array
                (
                )

            [format] => json
            [datetime] => 1467291051
            [httpheaders] => Array
                (
                    [Host] => localhost
                    [Connection] => keep-alive
                    [Upgrade-Insecure-Requests] => 1
                    [User-Agent] => Mozilla/5.0 (Windows NT 10.0; WOW64) AppleWebKit/537.36 (KHTML, like Gecko) Chrome/51.0.2704.103 Safari/537.36
                    [Accept] => text/html,application/xhtml+xml,application/xml;q=0.9,image/webp,*/*;q=0.8
                    [Accept-Encoding] => gzip, deflate, sdch
                    [Accept-Language] => it-IT,it;q=0.8,en-US;q=0.6,en;q=0.4
                )

        )

)

2016-06-30T14:50:53+02:00 SessionId :  ClientIP : ::1 [RESTGATEWAY] Array
(
    [timestamp] => 1467291051
    [result] => Array
        (
            [request_time] => Thu Jun 30 14:50:51 CEST 2016
            [code] => 404
            [response_time] => Thu Jun 30 14:50:53 CEST 2016
            [status] => fail
            [message] => nessuna rilevazione attiva
            [error] => NO_DATA
        )

)

2016-06-30T16:31:44+02:00 SessionId :  ClientIP : ::1 [RESTGATEWAY] Array
(
    [timestamp] => 1467297104
    [request] => backend\common\rest\library\Request Object
        (
            [url_elements] => Array
                (
                    [0] => 
                    [1] => rilevazione
                    [2] => 1
                    [3] => 4
                    [4] => 
                )

            [verb] => GET
            [parameters] => Array
                (
                )

            [format] => json
            [datetime] => 1467297104
            [httpheaders] => Array
                (
                    [Host] => localhost
                    [Connection] => keep-alive
                    [Upgrade-Insecure-Requests] => 1
                    [User-Agent] => Mozilla/5.0 (Windows NT 10.0; WOW64) AppleWebKit/537.36 (KHTML, like Gecko) Chrome/51.0.2704.103 Safari/537.36
                    [Accept] => text/html,application/xhtml+xml,application/xml;q=0.9,image/webp,*/*;q=0.8
                    [Accept-Encoding] => gzip, deflate, sdch
                    [Accept-Language] => it-IT,it;q=0.8,en-US;q=0.6,en;q=0.4
                )

        )

)

2016-06-30T16:32:11+02:00 SessionId :  ClientIP : ::1 [RESTGATEWAY] Array
(
    [timestamp] => 1467297131
    [request] => backend\common\rest\library\Request Object
        (
            [url_elements] => Array
                (
                    [0] => 
                    [1] => rilevazione
                    [2] => 1
                    [3] => 4
                    [4] => 
                )

            [verb] => GET
            [parameters] => Array
                (
                )

            [format] => json
            [datetime] => 1467297131
            [httpheaders] => Array
                (
                    [Host] => localhost
                    [Connection] => keep-alive
                    [Cache-Control] => max-age=0
                    [Upgrade-Insecure-Requests] => 1
                    [User-Agent] => Mozilla/5.0 (Windows NT 10.0; WOW64) AppleWebKit/537.36 (KHTML, like Gecko) Chrome/51.0.2704.103 Safari/537.36
                    [Accept] => text/html,application/xhtml+xml,application/xml;q=0.9,image/webp,*/*;q=0.8
                    [Accept-Encoding] => gzip, deflate, sdch
                    [Accept-Language] => it-IT,it;q=0.8,en-US;q=0.6,en;q=0.4
                )

        )

)

2016-06-30T16:32:11+02:00 SessionId :  ClientIP : ::1 [RESTGATEWAY] Array
(
    [timestamp] => 1467297131
    [result] => Array
        (
            [request_time] => Thu Jun 30 16:32:11 CEST 2016
            [code] => 404
            [response_time] => Thu Jun 30 16:32:11 CEST 2016
            [status] => fail
            [message] => nessuna rilevazione attiva
            [error] => NO_DATA
        )

)

2016-06-30T16:43:19+02:00 SessionId :  ClientIP : 127.0.0.1 [RESTGATEWAY] Array
(
    [timestamp] => 1467297799
    [request] => backend\common\rest\library\Request Object
        (
            [url_elements] => Array
                (
                    [0] => 
                    [1] => rilevazione
                    [2] => 1
                    [3] => 4
                    [4] => prodotto
                )

            [verb] => POST
            [parameters] => Array
                (
                    [id_rilevazione] => 4
                    [id_cliente] => 1
                    [id_utente] => 1
                    [id_dati_prodotto] => 3
                    [prezzo_prodotto] => 2121.00
                    [prodotto_in_promozione] => 1
                    [prodotto_top_seller] => 1
                )

            [format] => json
            [datetime] => 1467297799
            [httpheaders] => Array
                (
                    [Accept-Encoding] => gzip,deflate
                    [Content-Type] => application/json
                    [Content-Length] => 226
                    [Host] => localhost
                    [Connection] => Keep-Alive
                    [User-Agent] => Apache-HttpClient/4.1.1 (java 1.5)
                )

        )

)

2016-06-30T16:43:35+02:00 SessionId :  ClientIP : 127.0.0.1 [RESTGATEWAY] Array
(
    [timestamp] => 1467297815
    [request] => backend\common\rest\library\Request Object
        (
            [url_elements] => Array
                (
                    [0] => 
                    [1] => rilevazione
                    [2] => 1
                    [3] => 4
                    [4] => prodotto
                )

            [verb] => POST
            [parameters] => Array
                (
                    [id_rilevazione] => 4
                    [id_cliente] => 1
                    [id_utente] => 2
                    [id_dati_prodotto] => 3
                    [prezzo_prodotto] => 2121.00
                    [prodotto_in_promozione] => 1
                    [prodotto_top_seller] => 1
                )

            [format] => json
            [datetime] => 1467297815
            [httpheaders] => Array
                (
                    [Accept-Encoding] => gzip,deflate
                    [Content-Type] => application/json
                    [Content-Length] => 226
                    [Host] => localhost
                    [Connection] => Keep-Alive
                    [User-Agent] => Apache-HttpClient/4.1.1 (java 1.5)
                )

        )

)

2016-06-30T16:47:01+02:00 SessionId :  ClientIP : 127.0.0.1 [RESTGATEWAY] Array
(
    [timestamp] => 1467298021
    [request] => backend\common\rest\library\Request Object
        (
            [url_elements] => Array
                (
                    [0] => 
                    [1] => rilevazione
                    [2] => 1
                    [3] => 4
                    [4] => prodotto
                )

            [verb] => POST
            [parameters] => Array
                (
                    [id_rilevazione] => 4
                    [id_cliente] => 1
                    [id_utente] => 5980
                    [id_dati_prodotto] => 1001
                    [prezzo_prodotto] => 2121.00
                    [prodotto_in_promozione] => 1
                    [prodotto_top_seller] => 1
                )

            [format] => json
            [datetime] => 1467298021
            [httpheaders] => Array
                (
                    [Accept-Encoding] => gzip,deflate
                    [Content-Type] => application/json
                    [Content-Length] => 232
                    [Host] => localhost
                    [Connection] => Keep-Alive
                    [User-Agent] => Apache-HttpClient/4.1.1 (java 1.5)
                )

        )

)

2016-06-30T16:47:03+02:00 SessionId :  ClientIP : 127.0.0.1 [RESTGATEWAY] Array
(
    [timestamp] => 1467298023
    [request] => backend\common\rest\library\Request Object
        (
            [url_elements] => Array
                (
                    [0] => 
                    [1] => rilevazione
                    [2] => 1
                    [3] => 4
                    [4] => prodotto
                )

            [verb] => POST
            [parameters] => Array
                (
                    [id_rilevazione] => 4
                    [id_cliente] => 1
                    [id_utente] => 5980
                    [id_dati_prodotto] => 1001
                    [prezzo_prodotto] => 2121.00
                    [prodotto_in_promozione] => 1
                    [prodotto_top_seller] => 1
                )

            [format] => json
            [datetime] => 1467298023
            [httpheaders] => Array
                (
                    [Accept-Encoding] => gzip,deflate
                    [Content-Type] => application/json
                    [Content-Length] => 232
                    [Host] => localhost
                    [Connection] => Keep-Alive
                    [User-Agent] => Apache-HttpClient/4.1.1 (java 1.5)
                )

        )

)

2016-06-30T16:47:23+02:00 SessionId :  ClientIP : 127.0.0.1 [RESTGATEWAY] Array
(
    [timestamp] => 1467298043
    [request] => backend\common\rest\library\Request Object
        (
            [url_elements] => Array
                (
                    [0] => 
                    [1] => rilevazione
                    [2] => 1
                    [3] => 4
                    [4] => prodotto
                )

            [verb] => POST
            [parameters] => Array
                (
                    [id_rilevazione] => 4
                    [id_cliente] => 1001
                    [id_utente] => 5980
                    [prezzo_prodotto] => 2121.00
                    [prodotto_in_promozione] => 1
                    [prodotto_top_seller] => 1
                )

            [format] => json
            [datetime] => 1467298043
            [httpheaders] => Array
                (
                    [Accept-Encoding] => gzip,deflate
                    [Content-Type] => application/json
                    [Content-Length] => 200
                    [Host] => localhost
                    [Connection] => Keep-Alive
                    [User-Agent] => Apache-HttpClient/4.1.1 (java 1.5)
                )

        )

)

2016-06-30T16:48:02+02:00 SessionId :  ClientIP : 127.0.0.1 [RESTGATEWAY] Array
(
    [timestamp] => 1467298082
    [request] => backend\common\rest\library\Request Object
        (
            [url_elements] => Array
                (
                    [0] => 
                    [1] => rilevazione
                    [2] => 1
                    [3] => 4
                    [4] => prodotto
                )

            [verb] => POST
            [parameters] => Array
                (
                    [id_rilevazione] => 4
                    [id_cliente] => 5980
                    [id_utente] => 1001
                    [prezzo_prodotto] => 2121.00
                    [prodotto_in_promozione] => 1
                    [prodotto_top_seller] => 1
                )

            [format] => json
            [datetime] => 1467298082
            [httpheaders] => Array
                (
                    [Accept-Encoding] => gzip,deflate
                    [Content-Type] => application/json
                    [Content-Length] => 200
                    [Host] => localhost
                    [Connection] => Keep-Alive
                    [User-Agent] => Apache-HttpClient/4.1.1 (java 1.5)
                )

        )

)

2016-06-30T16:48:36+02:00 SessionId :  ClientIP : 127.0.0.1 [RESTGATEWAY] Array
(
    [timestamp] => 1467298116
    [request] => backend\common\rest\library\Request Object
        (
            [url_elements] => Array
                (
                    [0] => 
                    [1] => rilevazione
                    [2] => 1
                    [3] => 4
                    [4] => prodotto
                )

            [verb] => POST
            [parameters] => Array
                (
                    [id_rilevazione] => 4
                    [id_cliente] => 1001
                    [prezzo_prodotto] => 2121.00
                    [prodotto_in_promozione] => 1
                    [prodotto_top_seller] => 1
                )

            [format] => json
            [datetime] => 1467298116
            [httpheaders] => Array
                (
                    [Accept-Encoding] => gzip,deflate
                    [Content-Type] => application/json
                    [Content-Length] => 172
                    [Host] => localhost
                    [Connection] => Keep-Alive
                    [User-Agent] => Apache-HttpClient/4.1.1 (java 1.5)
                )

        )

)

2016-06-30T16:50:39+02:00 SessionId :  ClientIP : 127.0.0.1 [RESTGATEWAY] Array
(
    [timestamp] => 1467298239
    [request] => backend\common\rest\library\Request Object
        (
            [url_elements] => Array
                (
                    [0] => 
                    [1] => rilevazione
                    [2] => 1001
                    [3] => 4
                    [4] => prodotto
                )

            [verb] => POST
            [parameters] => Array
                (
                    [id_rilevazione] => 4
                    [prezzo_prodotto] => 2121.00
                    [prodotto_in_promozione] => 1
                    [prodotto_top_seller] => 1
                )

            [format] => json
            [datetime] => 1467298239
            [httpheaders] => Array
                (
                    [Accept-Encoding] => gzip,deflate
                    [Content-Type] => application/json
                    [Content-Length] => 143
                    [Host] => localhost
                    [Connection] => Keep-Alive
                    [User-Agent] => Apache-HttpClient/4.1.1 (java 1.5)
                )

        )

)

2016-06-30T16:55:46+02:00 SessionId :  ClientIP : 127.0.0.1 [RESTGATEWAY] Array
(
    [timestamp] => 1467298546
    [request] => backend\common\rest\library\Request Object
        (
            [url_elements] => Array
                (
                    [0] => 
                    [1] => rilevazione
                    [2] => 1001
                    [3] => 4
                    [4] => prodotto
                )

            [verb] => POST
            [parameters] => Array
                (
                    [id_rilevazione] => 4
                    [prezzo_prodotto] => 2121.00
                    [prodotto_in_promozione] => 1
                    [prodotto_top_seller] => 1
                    [ordine_prodotto] => 0
                )

            [format] => json
            [datetime] => 1467298546
            [httpheaders] => Array
                (
                    [Accept-Encoding] => gzip,deflate
                    [Content-Type] => application/json
                    [Content-Length] => 175
                    [Host] => localhost
                    [Connection] => Keep-Alive
                    [User-Agent] => Apache-HttpClient/4.1.1 (java 1.5)
                )

        )

)

2016-06-30T16:58:42+02:00 SessionId :  ClientIP : 127.0.0.1 [RESTGATEWAY] Array
(
    [timestamp] => 1467298721
    [request] => backend\common\rest\library\Request Object
        (
            [url_elements] => Array
                (
                    [0] => 
                    [1] => rilevazione
                    [2] => 1001
                    [3] => 4
                    [4] => prodotto
                )

            [verb] => POST
            [parameters] => Array
                (
                )

            [format] => json
            [datetime] => 1467298721
            [httpheaders] => Array
                (
                    [Accept-Encoding] => gzip,deflate
                    [Content-Type] => application/json
                    [Content-Length] => 275
                    [Host] => localhost
                    [Connection] => Keep-Alive
                    [User-Agent] => Apache-HttpClient/4.1.1 (java 1.5)
                )

        )

)

2016-06-30T16:58:42+02:00 SessionId :  ClientIP : 127.0.0.1 [RESTGATEWAY] Array
(
    [timestamp] => 1467298721
    [result] => 
)

2016-06-30T17:00:58+02:00 SessionId :  ClientIP : 127.0.0.1 [RESTGATEWAY] Array
(
    [timestamp] => 1467298858
    [request] => backend\common\rest\library\Request Object
        (
            [url_elements] => Array
                (
                    [0] => 
                    [1] => rilevazione
                    [2] => 1001
                    [3] => 4
                    [4] => prodotto
                )

            [verb] => POST
            [parameters] => Array
                (
                    [id_rilevazione] => 4
                    [id_utente] => 5980
                    [prezzo_prodotto] => 2121.00
                    [prodotto_in_promozione] => 1
                    [prodotto_top_seller] => 1
                    [ordine_prodotto] => 0
                    [id_tipo_prodotto] => 328
                    [id_tipo_prodotto_rovagnati] => 329
                )

            [format] => json
            [datetime] => 1467298858
            [httpheaders] => Array
                (
                    [Accept-Encoding] => gzip,deflate
                    [Content-Type] => application/json
                    [Content-Length] => 285
                    [Host] => localhost
                    [Connection] => Keep-Alive
                    [User-Agent] => Apache-HttpClient/4.1.1 (java 1.5)
                )

        )

)

2016-06-30T17:00:58+02:00 SessionId :  ClientIP : 127.0.0.1 [RESTGATEWAY] Array
(
    [timestamp] => 1467298858
    [result] => 
)

2016-06-30T17:04:47+02:00 SessionId :  ClientIP : 127.0.0.1 [RESTGATEWAY] Array
(
    [timestamp] => 1467299087
    [request] => backend\common\rest\library\Request Object
        (
            [url_elements] => Array
                (
                    [0] => 
                    [1] => rilevazione
                    [2] => 1001
                    [3] => 4
                    [4] => prodotto
                )

            [verb] => POST
            [parameters] => Array
                (
                    [id_rilevazione] => 4
                    [id_utente] => 5980
                    [prezzo_prodotto] => 2121.00
                    [prodotto_in_promozione] => 1
                    [prodotto_top_seller] => 1
                    [ordine_prodotto] => 0
                    [id_tipo_prodotto] => 328
                    [id_tipo_prodotto_rovagnati] => 329
                )

            [format] => json
            [datetime] => 1467299087
            [httpheaders] => Array
                (
                    [Accept-Encoding] => gzip,deflate
                    [Content-Type] => application/json
                    [Content-Length] => 285
                    [Host] => localhost
                    [Connection] => Keep-Alive
                    [User-Agent] => Apache-HttpClient/4.1.1 (java 1.5)
                )

        )

)

2016-06-30T17:04:47+02:00 SessionId :  ClientIP : 127.0.0.1 [RESTGATEWAY] Array
(
    [timestamp] => 1467299087
    [result] => 
)

2016-06-30T17:06:18+02:00 SessionId :  ClientIP : 127.0.0.1 [RESTGATEWAY] Array
(
    [timestamp] => 1467299178
    [request] => backend\common\rest\library\Request Object
        (
            [url_elements] => Array
                (
                    [0] => 
                    [1] => rilevazione
                    [2] => 1001
                    [3] => 4
                    [4] => prodotto
                )

            [verb] => POST
            [parameters] => Array
                (
                    [id_rilevazione] => 4
                    [id_utente] => 5980
                    [prezzo_prodotto] => 2121.00
                    [prodotto_in_promozione] => 1
                    [prodotto_top_seller] => 1
                    [ordine_prodotto] => 0
                    [id_tipo_prodotto] => 328
                    [id_tipo_prodotto_rovagnati] => 329
                )

            [format] => json
            [datetime] => 1467299178
            [httpheaders] => Array
                (
                    [Accept-Encoding] => gzip,deflate
                    [Content-Type] => application/json
                    [Content-Length] => 285
                    [Host] => localhost
                    [Connection] => Keep-Alive
                    [User-Agent] => Apache-HttpClient/4.1.1 (java 1.5)
                )

        )

)

2016-06-30T17:06:29+02:00 SessionId :  ClientIP : 127.0.0.1 [RESTGATEWAY] Array
(
    [timestamp] => 1467299189
    [request] => backend\common\rest\library\Request Object
        (
            [url_elements] => Array
                (
                    [0] => 
                    [1] => rilevazione
                    [2] => 1001
                    [3] => 4
                    [4] => prodotto
                )

            [verb] => POST
            [parameters] => Array
                (
                    [id_rilevazione] => 4
                    [id_utente] => 5980
                    [prezzo_prodotto] => 2121.00
                    [prodotto_in_promozione] => 1
                    [prodotto_top_seller] => 1
                    [ordine_prodotto] => 0
                    [id_tipo_prodotto] => 328
                    [id_tipo_prodotto_rovagnati] => 329
                )

            [format] => json
            [datetime] => 1467299189
            [httpheaders] => Array
                (
                    [Accept-Encoding] => gzip,deflate
                    [Content-Type] => application/json
                    [Content-Length] => 285
                    [Host] => localhost
                    [Connection] => Keep-Alive
                    [User-Agent] => Apache-HttpClient/4.1.1 (java 1.5)
                )

        )

)

2016-06-30T17:07:56+02:00 SessionId :  ClientIP : 127.0.0.1 [RESTGATEWAY] Array
(
    [timestamp] => 1467299276
    [request] => backend\common\rest\library\Request Object
        (
            [url_elements] => Array
                (
                    [0] => 
                    [1] => rilevazione
                    [2] => 1001
                    [3] => 4
                    [4] => prodotto
                )

            [verb] => POST
            [parameters] => Array
                (
                    [id_rilevazione] => 4
                    [id_utente] => 5980
                    [prezzo_prodotto] => 2121.00
                    [prodotto_in_promozione] => 1
                    [prodotto_top_seller] => 1
                    [ordine_prodotto] => 0
                    [id_tipo_prodotto] => 328
                    [id_tipo_prodotto_rovagnati] => 329
                )

            [format] => json
            [datetime] => 1467299276
            [httpheaders] => Array
                (
                    [Accept-Encoding] => gzip,deflate
                    [Content-Type] => application/json
                    [Content-Length] => 285
                    [Host] => localhost
                    [Connection] => Keep-Alive
                    [User-Agent] => Apache-HttpClient/4.1.1 (java 1.5)
                )

        )

)

2016-06-30T17:11:42+02:00 SessionId :  ClientIP : 127.0.0.1 [RESTGATEWAY] Array
(
    [timestamp] => 1467299502
    [request] => backend\common\rest\library\Request Object
        (
            [url_elements] => Array
                (
                    [0] => 
                    [1] => rilevazione
                    [2] => 1001
                    [3] => 4
                    [4] => prodotto
                )

            [verb] => POST
            [parameters] => Array
                (
                    [id_rilevazione] => 4
                    [id_utente] => 5980
                    [prezzo_prodotto] => 2121.00
                    [prodotto_in_promozione] => 1
                    [prodotto_top_seller] => 1
                    [ordine_prodotto] => 0
                    [id_tipo_prodotto] => 328
                    [id_tipo_prodotto_rovagnati] => 329
                )

            [format] => json
            [datetime] => 1467299502
            [httpheaders] => Array
                (
                    [Accept-Encoding] => gzip,deflate
                    [Content-Type] => application/json
                    [Content-Length] => 285
                    [Host] => localhost
                    [Connection] => Keep-Alive
                    [User-Agent] => Apache-HttpClient/4.1.1 (java 1.5)
                )

        )

)

2016-06-30T17:11:43+02:00 SessionId :  ClientIP : 127.0.0.1 [RESTGATEWAY] Array
(
    [timestamp] => 1467299502
    [result] => 
)

2016-06-30T17:12:15+02:00 SessionId :  ClientIP : 127.0.0.1 [RESTGATEWAY] Array
(
    [timestamp] => 1467299535
    [request] => backend\common\rest\library\Request Object
        (
            [url_elements] => Array
                (
                    [0] => 
                    [1] => rilevazione
                    [2] => 1001
                    [3] => 4
                    [4] => prodotto
                )

            [verb] => POST
            [parameters] => Array
                (
                    [id_rilevazione] => 4
                    [id_utente] => 5980
                    [prezzo_prodotto] => 2121.00
                    [prodotto_in_promozione] => 1
                    [prodotto_top_seller] => 1
                    [ordine_prodotto] => 0
                    [id_tipo_prodotto] => 328
                    [id_tipo_prodotto_rovagnati] => 329
                )

            [format] => json
            [datetime] => 1467299535
            [httpheaders] => Array
                (
                    [Accept-Encoding] => gzip,deflate
                    [Content-Type] => application/json
                    [Content-Length] => 285
                    [Host] => localhost
                    [Connection] => Keep-Alive
                    [User-Agent] => Apache-HttpClient/4.1.1 (java 1.5)
                )

        )

)

2016-06-30T17:13:00+02:00 SessionId :  ClientIP : 127.0.0.1 [RESTGATEWAY] Array
(
    [timestamp] => 1467299580
    [request] => backend\common\rest\library\Request Object
        (
            [url_elements] => Array
                (
                    [0] => 
                    [1] => rilevazione
                    [2] => 1001
                    [3] => 4
                    [4] => prodotto
                )

            [verb] => POST
            [parameters] => Array
                (
                    [id_rilevazione] => 4
                    [id_utente] => 5980
                    [prezzo_prodotto] => 2121.00
                    [prodotto_in_promozione] => 1
                    [prodotto_top_seller] => 1
                    [ordine_prodotto] => 0
                    [id_tipo_prodotto] => 328
                    [id_tipo_prodotto_rovagnati] => 329
                )

            [format] => json
            [datetime] => 1467299580
            [httpheaders] => Array
                (
                    [Accept-Encoding] => gzip,deflate
                    [Content-Type] => application/json
                    [Content-Length] => 285
                    [Host] => localhost
                    [Connection] => Keep-Alive
                    [User-Agent] => Apache-HttpClient/4.1.1 (java 1.5)
                )

        )

)

2016-06-30T17:13:31+02:00 SessionId :  ClientIP : 127.0.0.1 [RESTGATEWAY] Array
(
    [timestamp] => 1467299611
    [request] => backend\common\rest\library\Request Object
        (
            [url_elements] => Array
                (
                    [0] => 
                    [1] => rilevazione
                    [2] => 1001
                    [3] => 4
                    [4] => prodotto
                )

            [verb] => POST
            [parameters] => Array
                (
                    [id_rilevazione] => 4
                    [id_utente] => 5980
                    [prezzo_prodotto] => 2121.00
                    [prodotto_in_promozione] => 1
                    [prodotto_top_seller] => 1
                    [ordine_prodotto] => 0
                    [id_tipo_prodotto] => 328
                    [id_tipo_prodotto_rovagnati] => 329
                )

            [format] => json
            [datetime] => 1467299611
            [httpheaders] => Array
                (
                    [Accept-Encoding] => gzip,deflate
                    [Content-Type] => application/json
                    [Content-Length] => 285
                    [Host] => localhost
                    [Connection] => Keep-Alive
                    [User-Agent] => Apache-HttpClient/4.1.1 (java 1.5)
                )

        )

)

2016-06-30T17:13:31+02:00 SessionId :  ClientIP : 127.0.0.1 [RESTGATEWAY] Array
(
    [timestamp] => 1467299611
    [result] => Array
        (
            [request_time] => Thu Jun 30 17:13:31 CEST 2016
            [code] => 200
            [response_time] => Thu Jun 30 17:13:31 CEST 2016
            [status] => success
            [prodotto] => Array
                (
                    [0] => Array
                        (
                            [id] => 12
                            [prezzo] => 2121.00
                            [ordine] => 0
                            [promozione] => 1
                            [topsell] => 1
                            [id_scheda_rilevazione] => 19
                            [id_concorrente] => 
                            [id_tipo_prodotto] => 328
                            [id_tipo_rovagnati] => 329
                        )

                )

        )

)

2016-06-30T17:29:41+02:00 SessionId :  ClientIP : 127.0.0.1 [RESTGATEWAY] Array
(
    [timestamp] => 1467300581
    [request] => backend\common\rest\library\Request Object
        (
            [url_elements] => Array
                (
                    [0] => 
                    [1] => rilevazione
                    [2] => 1001
                    [3] => 4
                    [4] => prodotto
                    [5] => 12
                )

            [verb] => PUT
            [parameters] => Array
                (
                    [id_rilevazione] => 4
                    [id_utente] => 5980
                    [prezzo_prodotto] => 2121.00
                    [prodotto_in_promozione] => 1
                    [prodotto_top_seller] => 1
                    [ordine_prodotto] => 0
                    [id_tipo_prodotto] => 328
                    [id_tipo_prodotto_rovagnati] => 329
                )

            [format] => json
            [datetime] => 1467300581
            [httpheaders] => Array
                (
                    [Accept-Encoding] => gzip,deflate
                    [Content-Type] => application/json
                    [Content-Length] => 285
                    [Host] => localhost
                    [Connection] => Keep-Alive
                    [User-Agent] => Apache-HttpClient/4.1.1 (java 1.5)
                )

        )

)

2016-06-30T17:30:29+02:00 SessionId :  ClientIP : 127.0.0.1 [RESTGATEWAY] Array
(
    [timestamp] => 1467300629
    [request] => backend\common\rest\library\Request Object
        (
            [url_elements] => Array
                (
                    [0] => 
                    [1] => rilevazione
                    [2] => 1001
                    [3] => 4
                    [4] => prodotto
                    [5] => 12
                )

            [verb] => PUT
            [parameters] => Array
                (
                    [id_rilevazione] => 4
                    [id_utente] => 5980
                    [prezzo_prodotto] => 2121.00
                    [prodotto_in_promozione] => 1
                    [prodotto_top_seller] => 1
                    [ordine_prodotto] => 0
                    [id_tipo_prodotto] => 328
                    [id_tipo_prodotto_rovagnati] => 329
                )

            [format] => json
            [datetime] => 1467300629
            [httpheaders] => Array
                (
                    [Accept-Encoding] => gzip,deflate
                    [Content-Type] => application/json
                    [Content-Length] => 285
                    [Host] => localhost
                    [Connection] => Keep-Alive
                    [User-Agent] => Apache-HttpClient/4.1.1 (java 1.5)
                )

        )

)

2016-06-30T17:30:32+02:00 SessionId :  ClientIP : 127.0.0.1 [RESTGATEWAY] Array
(
    [timestamp] => 1467300632
    [request] => backend\common\rest\library\Request Object
        (
            [url_elements] => Array
                (
                    [0] => 
                    [1] => rilevazione
                    [2] => 1001
                    [3] => 4
                    [4] => prodotto
                    [5] => 12
                )

            [verb] => PUT
            [parameters] => Array
                (
                    [id_rilevazione] => 4
                    [id_utente] => 5980
                    [prezzo_prodotto] => 2121.00
                    [prodotto_in_promozione] => 1
                    [prodotto_top_seller] => 1
                    [ordine_prodotto] => 0
                    [id_tipo_prodotto] => 328
                    [id_tipo_prodotto_rovagnati] => 329
                )

            [format] => json
            [datetime] => 1467300632
            [httpheaders] => Array
                (
                    [Accept-Encoding] => gzip,deflate
                    [Content-Type] => application/json
                    [Content-Length] => 285
                    [Host] => localhost
                    [Connection] => Keep-Alive
                    [User-Agent] => Apache-HttpClient/4.1.1 (java 1.5)
                )

        )

)

2016-06-30T17:31:04+02:00 SessionId :  ClientIP : 127.0.0.1 [RESTGATEWAY] Array
(
    [timestamp] => 1467300664
    [request] => backend\common\rest\library\Request Object
        (
            [url_elements] => Array
                (
                    [0] => 
                    [1] => rilevazione
                    [2] => 1001
                    [3] => 4
                    [4] => prodotto
                    [5] => 12
                )

            [verb] => PUT
            [parameters] => Array
                (
                    [id_rilevazione] => 4
                    [id_utente] => 5980
                    [prezzo_prodotto] => 2121.00
                    [prodotto_in_promozione] => 1
                    [prodotto_top_seller] => 1
                    [ordine_prodotto] => 0
                    [id_tipo_prodotto] => 328
                    [id_tipo_prodotto_rovagnati] => 329
                )

            [format] => json
            [datetime] => 1467300664
            [httpheaders] => Array
                (
                    [Accept-Encoding] => gzip,deflate
                    [Content-Type] => application/json
                    [Content-Length] => 285
                    [Host] => localhost
                    [Connection] => Keep-Alive
                    [User-Agent] => Apache-HttpClient/4.1.1 (java 1.5)
                )

        )

)

2016-06-30T17:31:24+02:00 SessionId :  ClientIP : 127.0.0.1 [RESTGATEWAY] Array
(
    [timestamp] => 1467300683
    [request] => backend\common\rest\library\Request Object
        (
            [url_elements] => Array
                (
                    [0] => 
                    [1] => rilevazione
                    [2] => 1001
                    [3] => 4
                    [4] => prodotto
                    [5] => 12
                )

            [verb] => PUT
            [parameters] => Array
                (
                    [id_rilevazione] => 4
                    [id_utente] => 5980
                    [prezzo_prodotto] => 2121.00
                    [prodotto_in_promozione] => 1
                    [prodotto_top_seller] => 1
                    [ordine_prodotto] => 0
                    [id_tipo_prodotto] => 328
                    [id_tipo_prodotto_rovagnati] => 329
                )

            [format] => json
            [datetime] => 1467300683
            [httpheaders] => Array
                (
                    [Accept-Encoding] => gzip,deflate
                    [Content-Type] => application/json
                    [Content-Length] => 285
                    [Host] => localhost
                    [Connection] => Keep-Alive
                    [User-Agent] => Apache-HttpClient/4.1.1 (java 1.5)
                )

        )

)

2016-06-30T17:34:01+02:00 SessionId :  ClientIP : 127.0.0.1 [RESTGATEWAY] Array
(
    [timestamp] => 1467300841
    [request] => backend\common\rest\library\Request Object
        (
            [url_elements] => Array
                (
                    [0] => 
                    [1] => rilevazione
                    [2] => 1001
                    [3] => 4
                    [4] => prodotto
                    [5] => 12
                )

            [verb] => PUT
            [parameters] => Array
                (
                    [id_rilevazione] => 4
                    [id_utente] => 5980
                    [prezzo_prodotto] => 2121.00
                    [prodotto_in_promozione] => 1
                    [prodotto_top_seller] => 1
                    [ordine_prodotto] => 0
                    [id_tipo_prodotto] => 328
                    [id_tipo_prodotto_rovagnati] => 329
                )

            [format] => json
            [datetime] => 1467300841
            [httpheaders] => Array
                (
                    [Accept-Encoding] => gzip,deflate
                    [Content-Type] => application/json
                    [Content-Length] => 285
                    [Host] => localhost
                    [Connection] => Keep-Alive
                    [User-Agent] => Apache-HttpClient/4.1.1 (java 1.5)
                )

        )

)

2016-06-30T17:34:42+02:00 SessionId :  ClientIP : 127.0.0.1 [RESTGATEWAY] Array
(
    [timestamp] => 1467300882
    [request] => backend\common\rest\library\Request Object
        (
            [url_elements] => Array
                (
                    [0] => 
                    [1] => rilevazione
                    [2] => 1001
                    [3] => 4
                    [4] => prodotto
                    [5] => 12
                )

            [verb] => PUT
            [parameters] => Array
                (
                    [id_rilevazione] => 4
                    [id_utente] => 5980
                    [prezzo_prodotto] => 2121.00
                    [prodotto_in_promozione] => 1
                    [prodotto_top_seller] => 1
                    [ordine_prodotto] => 0
                    [id_tipo_prodotto] => 328
                    [id_tipo_prodotto_rovagnati] => 329
                )

            [format] => json
            [datetime] => 1467300882
            [httpheaders] => Array
                (
                    [Accept-Encoding] => gzip,deflate
                    [Content-Type] => application/json
                    [Content-Length] => 285
                    [Host] => localhost
                    [Connection] => Keep-Alive
                    [User-Agent] => Apache-HttpClient/4.1.1 (java 1.5)
                )

        )

)

2016-06-30T17:34:42+02:00 SessionId :  ClientIP : 127.0.0.1 [RESTGATEWAY] Array
(
    [timestamp] => 1467300882
    [result] => Array
        (
            [request_time] => Thu Jun 30 17:34:42 CEST 2016
            [code] => 200
            [response_time] => Thu Jun 30 17:34:42 CEST 2016
            [status] => success
            [prodotto] => 
        )

)

2016-06-30T17:34:55+02:00 SessionId :  ClientIP : 127.0.0.1 [RESTGATEWAY] Array
(
    [timestamp] => 1467300895
    [request] => backend\common\rest\library\Request Object
        (
            [url_elements] => Array
                (
                    [0] => 
                    [1] => rilevazione
                    [2] => 1001
                    [3] => 4
                    [4] => prodotto
                    [5] => 12
                )

            [verb] => PUT
            [parameters] => Array
                (
                    [id_rilevazione] => 4
                    [id_utente] => 5980
                    [prezzo_prodotto] => 21223131.00
                    [prodotto_in_promozione] => 1
                    [prodotto_top_seller] => 1
                    [ordine_prodotto] => 0
                    [id_tipo_prodotto] => 328
                    [id_tipo_prodotto_rovagnati] => 329
                )

            [format] => json
            [datetime] => 1467300895
            [httpheaders] => Array
                (
                    [Accept-Encoding] => gzip,deflate
                    [Content-Type] => application/json
                    [Content-Length] => 289
                    [Host] => localhost
                    [Connection] => Keep-Alive
                    [User-Agent] => Apache-HttpClient/4.1.1 (java 1.5)
                )

        )

)

2016-06-30T17:34:55+02:00 SessionId :  ClientIP : 127.0.0.1 [RESTGATEWAY] Array
(
    [timestamp] => 1467300895
    [result] => Array
        (
            [request_time] => Thu Jun 30 17:34:55 CEST 2016
            [code] => 200
            [response_time] => Thu Jun 30 17:34:55 CEST 2016
            [status] => success
            [prodotto] => 
        )

)

2016-06-30T17:35:33+02:00 SessionId :  ClientIP : 127.0.0.1 [RESTGATEWAY] Array
(
    [timestamp] => 1467300933
    [request] => backend\common\rest\library\Request Object
        (
            [url_elements] => Array
                (
                    [0] => 
                    [1] => rilevazione
                    [2] => 1001
                    [3] => 4
                    [4] => prodotto
                    [5] => 12
                )

            [verb] => PUT
            [parameters] => Array
                (
                    [id_rilevazione] => 4
                    [id_utente] => 5980
                    [prezzo_prodotto] => 21223131.00
                    [prodotto_in_promozione] => 1
                    [prodotto_top_seller] => 1
                    [ordine_prodotto] => 0
                    [id_tipo_prodotto] => 328
                    [id_tipo_prodotto_rovagnati] => 329
                )

            [format] => json
            [datetime] => 1467300933
            [httpheaders] => Array
                (
                    [Accept-Encoding] => gzip,deflate
                    [Content-Type] => application/json
                    [Content-Length] => 289
                    [Host] => localhost
                    [Connection] => Keep-Alive
                    [User-Agent] => Apache-HttpClient/4.1.1 (java 1.5)
                )

        )

)

2016-06-30T17:35:33+02:00 SessionId :  ClientIP : 127.0.0.1 [RESTGATEWAY] Array
(
    [timestamp] => 1467300933
    [result] => Array
        (
            [request_time] => Thu Jun 30 17:35:33 CEST 2016
            [code] => 200
            [response_time] => Thu Jun 30 17:35:33 CEST 2016
            [status] => success
            [prodotto] => Array
                (
                    [0] => Array
                        (
                            [id] => 12
                            [prezzo] => 21223131.00
                            [ordine] => 0
                            [promozione] => 1
                            [topsell] => 1
                            [id_scheda_rilevazione] => 19
                            [id_concorrente] => 
                            [id_tipo_prodotto] => 328
                            [id_tipo_rovagnati] => 329
                        )

                )

        )

)

2016-06-30T17:35:42+02:00 SessionId :  ClientIP : 127.0.0.1 [RESTGATEWAY] Array
(
    [timestamp] => 1467300942
    [request] => backend\common\rest\library\Request Object
        (
            [url_elements] => Array
                (
                    [0] => 
                    [1] => rilevazione
                    [2] => 1001
                    [3] => 4
                    [4] => prodotto
                    [5] => 12
                )

            [verb] => PUT
            [parameters] => Array
                (
                    [id_rilevazione] => 4
                    [id_utente] => 5980
                    [prezzo_prodotto] => 4354353453
                    [prodotto_in_promozione] => 1
                    [prodotto_top_seller] => 1
                    [ordine_prodotto] => 0
                    [id_tipo_prodotto] => 328
                    [id_tipo_prodotto_rovagnati] => 329
                )

            [format] => json
            [datetime] => 1467300942
            [httpheaders] => Array
                (
                    [Accept-Encoding] => gzip,deflate
                    [Content-Type] => application/json
                    [Content-Length] => 288
                    [Host] => localhost
                    [Connection] => Keep-Alive
                    [User-Agent] => Apache-HttpClient/4.1.1 (java 1.5)
                )

        )

)

2016-06-30T17:35:42+02:00 SessionId :  ClientIP : 127.0.0.1 [RESTGATEWAY] Array
(
    [timestamp] => 1467300942
    [result] => Array
        (
            [request_time] => Thu Jun 30 17:35:42 CEST 2016
            [code] => 200
            [response_time] => Thu Jun 30 17:35:42 CEST 2016
            [status] => success
            [prodotto] => Array
                (
                    [0] => Array
                        (
                            [id] => 12
                            [prezzo] => 99999999.99
                            [ordine] => 0
                            [promozione] => 1
                            [topsell] => 1
                            [id_scheda_rilevazione] => 19
                            [id_concorrente] => 
                            [id_tipo_prodotto] => 328
                            [id_tipo_rovagnati] => 329
                        )

                )

        )

)

2016-06-30T17:35:48+02:00 SessionId :  ClientIP : 127.0.0.1 [RESTGATEWAY] Array
(
    [timestamp] => 1467300948
    [request] => backend\common\rest\library\Request Object
        (
            [url_elements] => Array
                (
                    [0] => 
                    [1] => rilevazione
                    [2] => 1001
                    [3] => 4
                    [4] => prodotto
                    [5] => 12
                )

            [verb] => PUT
            [parameters] => Array
                (
                    [id_rilevazione] => 4
                    [id_utente] => 5980
                    [prezzo_prodotto] => 21331
                    [prodotto_in_promozione] => 1
                    [prodotto_top_seller] => 1
                    [ordine_prodotto] => 0
                    [id_tipo_prodotto] => 328
                    [id_tipo_prodotto_rovagnati] => 329
                )

            [format] => json
            [datetime] => 1467300948
            [httpheaders] => Array
                (
                    [Accept-Encoding] => gzip,deflate
                    [Content-Type] => application/json
                    [Content-Length] => 283
                    [Host] => localhost
                    [Connection] => Keep-Alive
                    [User-Agent] => Apache-HttpClient/4.1.1 (java 1.5)
                )

        )

)

2016-06-30T17:35:48+02:00 SessionId :  ClientIP : 127.0.0.1 [RESTGATEWAY] Array
(
    [timestamp] => 1467300948
    [result] => Array
        (
            [request_time] => Thu Jun 30 17:35:48 CEST 2016
            [code] => 200
            [response_time] => Thu Jun 30 17:35:48 CEST 2016
            [status] => success
            [prodotto] => Array
                (
                    [0] => Array
                        (
                            [id] => 12
                            [prezzo] => 21331.00
                            [ordine] => 0
                            [promozione] => 1
                            [topsell] => 1
                            [id_scheda_rilevazione] => 19
                            [id_concorrente] => 
                            [id_tipo_prodotto] => 328
                            [id_tipo_rovagnati] => 329
                        )

                )

        )

)

2016-06-30T17:36:54+02:00 SessionId :  ClientIP : 127.0.0.1 [RESTGATEWAY] Array
(
    [timestamp] => 1467301014
    [request] => backend\common\rest\library\Request Object
        (
            [url_elements] => Array
                (
                    [0] => 
                    [1] => rilevazione
                    [2] => 1001
                    [3] => 4
                    [4] => prodotto
                    [5] => 12
                )

            [verb] => PUT
            [parameters] => Array
                (
                    [id_rilevazione] => 4
                    [id_utente] => 5980
                    [prezzo_prodotto] => 99999999
                    [prodotto_in_promozione] => 1
                    [prodotto_top_seller] => 1
                    [ordine_prodotto] => 0
                    [id_tipo_prodotto] => 328
                    [id_tipo_prodotto_rovagnati] => 329
                )

            [format] => json
            [datetime] => 1467301014
            [httpheaders] => Array
                (
                    [Accept-Encoding] => gzip,deflate
                    [Content-Type] => application/json
                    [Content-Length] => 286
                    [Host] => localhost
                    [Connection] => Keep-Alive
                    [User-Agent] => Apache-HttpClient/4.1.1 (java 1.5)
                )

        )

)

2016-06-30T17:36:54+02:00 SessionId :  ClientIP : 127.0.0.1 [RESTGATEWAY] Array
(
    [timestamp] => 1467301014
    [result] => Array
        (
            [request_time] => Thu Jun 30 17:36:54 CEST 2016
            [code] => 200
            [response_time] => Thu Jun 30 17:36:54 CEST 2016
            [status] => success
            [prodotto] => Array
                (
                    [0] => Array
                        (
                            [id] => 12
                            [prezzo] => 99999999.00
                            [ordine] => 0
                            [promozione] => 1
                            [topsell] => 1
                            [id_scheda_rilevazione] => 19
                            [id_concorrente] => 
                            [id_tipo_prodotto] => 328
                            [id_tipo_rovagnati] => 329
                        )

                )

        )

)

2016-06-30T17:53:58+02:00 SessionId :  ClientIP : 127.0.0.1 [RESTGATEWAY] Array
(
    [timestamp] => 1467302038
    [request] => backend\common\rest\library\Request Object
        (
            [url_elements] => Array
                (
                    [0] => 
                    [1] => rilevazione
                    [2] => 1001
                    [3] => 4
                    [4] => prodotto
                    [5] => 12
                )

            [verb] => DELETE
            [parameters] => Array
                (
                    [id_rilevazione] => 4
                    [id_utente] => 5980
                    [prezzo_prodotto] => 99999999
                    [prodotto_in_promozione] => 1
                    [prodotto_top_seller] => 1
                    [ordine_prodotto] => 0
                    [id_tipo_prodotto] => 328
                    [id_tipo_prodotto_rovagnati] => 329
                )

            [format] => json
            [datetime] => 1467302038
            [httpheaders] => Array
                (
                    [Accept-Encoding] => gzip,deflate
                    [Content-Type] => application/json
                    [Content-Length] => 286
                    [Host] => localhost
                    [Connection] => Keep-Alive
                    [User-Agent] => Apache-HttpClient/4.1.1 (java 1.5)
                )

        )

)

2016-06-30T17:53:58+02:00 SessionId :  ClientIP : 127.0.0.1 [RESTGATEWAY] Array
(
    [timestamp] => 1467302038
    [result] => 
)

2016-06-30T17:56:17+02:00 SessionId :  ClientIP : 127.0.0.1 [RESTGATEWAY] Array
(
    [timestamp] => 1467302177
    [request] => backend\common\rest\library\Request Object
        (
            [url_elements] => Array
                (
                    [0] => 
                    [1] => rilevazione
                    [2] => 1001
                    [3] => 4
                    [4] => prodotto
                    [5] => 12
                )

            [verb] => DELETE
            [parameters] => Array
                (
                    [id_rilevazione] => 4
                    [id_utente] => 5980
                    [prezzo_prodotto] => 99999999
                    [prodotto_in_promozione] => 1
                    [prodotto_top_seller] => 1
                    [ordine_prodotto] => 0
                    [id_tipo_prodotto] => 328
                    [id_tipo_prodotto_rovagnati] => 329
                )

            [format] => json
            [datetime] => 1467302177
            [httpheaders] => Array
                (
                    [Accept-Encoding] => gzip,deflate
                    [Content-Type] => application/json
                    [Content-Length] => 286
                    [Host] => localhost
                    [Connection] => Keep-Alive
                    [User-Agent] => Apache-HttpClient/4.1.1 (java 1.5)
                )

        )

)

2016-06-30T17:56:17+02:00 SessionId :  ClientIP : 127.0.0.1 [RESTGATEWAY] Array
(
    [timestamp] => 1467302177
    [result] => 
)

2016-06-30T17:58:12+02:00 SessionId :  ClientIP : 127.0.0.1 [RESTGATEWAY] Array
(
    [timestamp] => 1467302292
    [request] => backend\common\rest\library\Request Object
        (
            [url_elements] => Array
                (
                    [0] => 
                    [1] => rilevazione
                    [2] => 1001
                    [3] => 4
                    [4] => prodotto
                    [5] => 12
                )

            [verb] => DELETE
            [parameters] => Array
                (
                    [id_rilevazione] => 4
                    [id_utente] => 5980
                    [prezzo_prodotto] => 99999999
                    [prodotto_in_promozione] => 1
                    [prodotto_top_seller] => 1
                    [ordine_prodotto] => 0
                    [id_tipo_prodotto] => 328
                    [id_tipo_prodotto_rovagnati] => 329
                )

            [format] => json
            [datetime] => 1467302292
            [httpheaders] => Array
                (
                    [Accept-Encoding] => gzip,deflate
                    [Content-Type] => application/json
                    [Content-Length] => 286
                    [Host] => localhost
                    [Connection] => Keep-Alive
                    [User-Agent] => Apache-HttpClient/4.1.1 (java 1.5)
                )

        )

)

2016-06-30T17:59:06+02:00 SessionId :  ClientIP : 127.0.0.1 [RESTGATEWAY] Array
(
    [timestamp] => 1467302346
    [request] => backend\common\rest\library\Request Object
        (
            [url_elements] => Array
                (
                    [0] => 
                    [1] => rilevazione
                    [2] => 1001
                    [3] => 4
                    [4] => prodotto
                    [5] => 12
                )

            [verb] => DELETE
            [parameters] => Array
                (
                    [id_rilevazione] => 4
                    [id_utente] => 5980
                    [prezzo_prodotto] => 99999999
                    [prodotto_in_promozione] => 1
                    [prodotto_top_seller] => 1
                    [ordine_prodotto] => 0
                    [id_tipo_prodotto] => 328
                    [id_tipo_prodotto_rovagnati] => 329
                )

            [format] => json
            [datetime] => 1467302346
            [httpheaders] => Array
                (
                    [Accept-Encoding] => gzip,deflate
                    [Content-Type] => application/json
                    [Content-Length] => 286
                    [Host] => localhost
                    [Connection] => Keep-Alive
                    [User-Agent] => Apache-HttpClient/4.1.1 (java 1.5)
                )

        )

)

2016-06-30T17:59:06+02:00 SessionId :  ClientIP : 127.0.0.1 [RESTGATEWAY] Array
(
    [timestamp] => 1467302346
    [result] => Array
        (
            [request_time] => Thu Jun 30 17:59:06 CEST 2016
            [code] => 200
            [response_time] => Thu Jun 30 17:59:06 CEST 2016
            [status] => success
            [prodotto] => ok
        )

)

2016-06-30T18:16:09+02:00 SessionId :  ClientIP : 127.0.0.1 [RESTGATEWAY] Array
(
    [timestamp] => 1467303368
    [request] => backend\common\rest\library\Request Object
        (
            [url_elements] => Array
                (
                    [0] => 
                    [1] => rilevazione
                    [2] => 1001
                    [3] => 4
                    [4] => prodotto
                    [5] => 12
                )

            [verb] => POST
            [parameters] => Array
                (
                    [id_utente] => 5980
                    [prezzo_prodotto] => 99999999
                    [prodotto_in_promozione] => 1
                    [prodotto_top_seller] => 1
                    [ordine_prodotto] => 0
                    [id_tipo_prodotto] => 328
                    [id_tipo_prodotto_rovagnati] => 329
                )

            [format] => json
            [datetime] => 1467303368
            [httpheaders] => Array
                (
                    [Accept-Encoding] => gzip,deflate
                    [Content-Type] => application/json
                    [Content-Length] => 256
                    [Host] => localhost
                    [Connection] => Keep-Alive
                    [User-Agent] => Apache-HttpClient/4.1.1 (java 1.5)
                )

        )

)

2016-06-30T18:16:09+02:00 SessionId :  ClientIP : 127.0.0.1 [RESTGATEWAY] Array
(
    [timestamp] => 1467303368
    [result] => Array
        (
            [request_time] => Thu Jun 30 18:16:08 CEST 2016
            [code] => 200
            [response_time] => Thu Jun 30 18:16:09 CEST 2016
            [status] => success
            [prodotto] => Array
                (
                    [0] => Array
                        (
                            [id] => 13
                            [prezzo] => 99999999.00
                            [ordine] => 0
                            [promozione] => 1
                            [topsell] => 1
                            [id_scheda_rilevazione] => 19
                            [id_concorrente] => 
                            [id_tipo_prodotto] => 328
                            [id_tipo_rovagnati] => 329
                        )

                )

        )

)

2016-06-30T18:17:41+02:00 SessionId :  ClientIP : 127.0.0.1 [RESTGATEWAY] Array
(
    [timestamp] => 1467303461
    [request] => backend\common\rest\library\Request Object
        (
            [url_elements] => Array
                (
                    [0] => 
                    [1] => rilevazione
                    [2] => 1001
                    [3] => 4
                    [4] => prodotto
                    [5] => 12
                )

            [verb] => PUT
            [parameters] => Array
                (
                    [prezzo_prodotto] => 99999999
                    [prodotto_in_promozione] => 1
                    [prodotto_top_seller] => 1
                    [ordine_prodotto] => 0
                    [id_tipo_prodotto] => 328
                    [id_tipo_prodotto_rovagnati] => 329
                )

            [format] => json
            [datetime] => 1467303461
            [httpheaders] => Array
                (
                    [Accept-Encoding] => gzip,deflate
                    [Content-Type] => application/json
                    [Content-Length] => 226
                    [Host] => localhost
                    [Connection] => Keep-Alive
                    [User-Agent] => Apache-HttpClient/4.1.1 (java 1.5)
                )

        )

)

2016-06-30T18:17:41+02:00 SessionId :  ClientIP : 127.0.0.1 [RESTGATEWAY] Array
(
    [timestamp] => 1467303461
    [result] => Array
        (
            [request_time] => Thu Jun 30 18:17:41 CEST 2016
            [code] => 200
            [response_time] => Thu Jun 30 18:17:41 CEST 2016
            [status] => fail
            [message] => errore nella scrittura dei dati
            [error] => 
        )

)

2016-06-30T18:17:54+02:00 SessionId :  ClientIP : 127.0.0.1 [RESTGATEWAY] Array
(
    [timestamp] => 1467303474
    [request] => backend\common\rest\library\Request Object
        (
            [url_elements] => Array
                (
                    [0] => 
                    [1] => rilevazione
                    [2] => 1001
                    [3] => 4
                    [4] => prodotto
                    [5] => 13
                )

            [verb] => PUT
            [parameters] => Array
                (
                    [prezzo_prodotto] => 99999999
                    [prodotto_in_promozione] => 1
                    [prodotto_top_seller] => 1
                    [ordine_prodotto] => 0
                    [id_tipo_prodotto] => 328
                    [id_tipo_prodotto_rovagnati] => 329
                )

            [format] => json
            [datetime] => 1467303474
            [httpheaders] => Array
                (
                    [Accept-Encoding] => gzip,deflate
                    [Content-Type] => application/json
                    [Content-Length] => 226
                    [Host] => localhost
                    [Connection] => Keep-Alive
                    [User-Agent] => Apache-HttpClient/4.1.1 (java 1.5)
                )

        )

)

2016-06-30T18:17:54+02:00 SessionId :  ClientIP : 127.0.0.1 [RESTGATEWAY] Array
(
    [timestamp] => 1467303474
    [result] => Array
        (
            [request_time] => Thu Jun 30 18:17:54 CEST 2016
            [code] => 200
            [response_time] => Thu Jun 30 18:17:54 CEST 2016
            [status] => success
            [prodotto] => Array
                (
                    [0] => Array
                        (
                            [id] => 13
                            [prezzo] => 99999999.00
                            [ordine] => 0
                            [promozione] => 1
                            [topsell] => 1
                            [id_scheda_rilevazione] => 19
                            [id_concorrente] => 
                            [id_tipo_prodotto] => 328
                            [id_tipo_rovagnati] => 329
                        )

                )

        )

)

2016-06-30T18:18:33+02:00 SessionId :  ClientIP : 127.0.0.1 [RESTGATEWAY] Array
(
    [timestamp] => 1467303513
    [request] => backend\common\rest\library\Request Object
        (
            [url_elements] => Array
                (
                    [0] => 
                    [1] => rilevazione
                    [2] => 1001
                    [3] => 4
                    [4] => prodotto
                    [5] => 13
                )

            [verb] => DELETE
            [parameters] => Array
                (
                    [prezzo_prodotto] => 99999999
                    [prodotto_in_promozione] => 1
                    [prodotto_top_seller] => 1
                    [ordine_prodotto] => 0
                    [id_tipo_prodotto] => 328
                    [id_tipo_prodotto_rovagnati] => 329
                )

            [format] => json
            [datetime] => 1467303513
            [httpheaders] => Array
                (
                    [Accept-Encoding] => gzip,deflate
                    [Content-Type] => application/json
                    [Content-Length] => 226
                    [Host] => localhost
                    [Connection] => Keep-Alive
                    [User-Agent] => Apache-HttpClient/4.1.1 (java 1.5)
                )

        )

)

2016-06-30T18:18:33+02:00 SessionId :  ClientIP : 127.0.0.1 [RESTGATEWAY] Array
(
    [timestamp] => 1467303513
    [result] => Array
        (
            [request_time] => Thu Jun 30 18:18:33 CEST 2016
            [code] => 200
            [response_time] => Thu Jun 30 18:18:33 CEST 2016
            [status] => success
            [prodotto] => ok
        )

)

