2016-09-27T12:37:44+02:00 SessionId :  ClientIP : ::1 [RESTGATEWAY] Array
(
    [timestamp] => 1474972663
    [request] => backend\common\rest\library\Request Object
        (
            [url_elements] => Array
                (
                    [0] => 
                    [1] => contrattino
                    [2] => waveserijakala
                )

            [verb] => GET
            [parameters] => Array
                (
                )

            [format] => json
            [datetime] => 1474972663
            [httpheaders] => Array
                (
                    [Host] => localhost
                    [Connection] => keep-alive
                    [Upgrade-Insecure-Requests] => 1
                    [User-Agent] => Mozilla/5.0 (Windows NT 10.0; WOW64) AppleWebKit/537.36 (KHTML, like Gecko) Chrome/53.0.2785.116 Safari/537.36
                    [Accept] => text/html,application/xhtml+xml,application/xml;q=0.9,image/webp,*/*;q=0.8
                    [Accept-Encoding] => gzip, deflate, sdch
                    [Accept-Language] => it-IT,it;q=0.8,en-US;q=0.6,en;q=0.4
                )

        )

)

2016-09-27T12:38:07+02:00 SessionId :  ClientIP : ::1 [RESTGATEWAY] Array
(
    [timestamp] => 1474972687
    [request] => backend\common\rest\library\Request Object
        (
            [url_elements] => Array
                (
                    [0] => 
                    [1] => contrattino
                    [2] => waveserijakala
                )

            [verb] => GET
            [parameters] => Array
                (
                )

            [format] => json
            [datetime] => 1474972687
            [httpheaders] => Array
                (
                    [Host] => localhost
                    [Connection] => keep-alive
                    [Cache-Control] => max-age=0
                    [Upgrade-Insecure-Requests] => 1
                    [User-Agent] => Mozilla/5.0 (Windows NT 10.0; WOW64) AppleWebKit/537.36 (KHTML, like Gecko) Chrome/53.0.2785.116 Safari/537.36
                    [Accept] => text/html,application/xhtml+xml,application/xml;q=0.9,image/webp,*/*;q=0.8
                    [Accept-Encoding] => gzip, deflate, sdch
                    [Accept-Language] => it-IT,it;q=0.8,en-US;q=0.6,en;q=0.4
                )

        )

)

2016-09-27T12:38:07+02:00 SessionId :  ClientIP : ::1 [RESTGATEWAY] Array
(
    [timestamp] => 1474972687
    [result] => Array
        (
            [request_time] => Tue Sep 27 12:38:07 CEST 2016
            [code] => 200
            [response_time] => Tue Sep 27 12:38:07 CEST 2016
            [version_number] => 1
            [status] => success
            [wave] => Array
                (
                    [0] => Array
                        (
                            [id] => 1
                            [descrizione] => TLEXTRA
                            [tipologia_wave] => INCREMENTOFATTURATO
                        )

                )

        )

)

2016-09-27T15:02:58+02:00 SessionId :  ClientIP : ::1 [RESTGATEWAY] Array
(
    [timestamp] => 1474981378
    [request] => backend\common\rest\library\Request Object
        (
            [url_elements] => Array
                (
                    [0] => 
                    [1] => waveserijakala
                    [2] => 
                )

            [verb] => GET
            [parameters] => Array
                (
                )

            [format] => json
            [datetime] => 1474981378
            [httpheaders] => Array
                (
                    [Host] => localhost
                    [Connection] => keep-alive
                    [Upgrade-Insecure-Requests] => 1
                    [User-Agent] => Mozilla/5.0 (Windows NT 10.0; WOW64) AppleWebKit/537.36 (KHTML, like Gecko) Chrome/53.0.2785.116 Safari/537.36
                    [Accept] => text/html,application/xhtml+xml,application/xml;q=0.9,image/webp,*/*;q=0.8
                    [Accept-Encoding] => gzip, deflate, sdch
                    [Accept-Language] => it-IT,it;q=0.8,en-US;q=0.6,en;q=0.4
                )

        )

)

2016-09-27T15:03:33+02:00 SessionId :  ClientIP : ::1 [RESTGATEWAY] Array
(
    [timestamp] => 1474981413
    [request] => backend\common\rest\library\Request Object
        (
            [url_elements] => Array
                (
                    [0] => 
                    [1] => waveserijakala
                    [2] => 
                )

            [verb] => GET
            [parameters] => Array
                (
                )

            [format] => json
            [datetime] => 1474981413
            [httpheaders] => Array
                (
                    [Host] => localhost
                    [Connection] => keep-alive
                    [Cache-Control] => max-age=0
                    [Upgrade-Insecure-Requests] => 1
                    [User-Agent] => Mozilla/5.0 (Windows NT 10.0; WOW64) AppleWebKit/537.36 (KHTML, like Gecko) Chrome/53.0.2785.116 Safari/537.36
                    [Accept] => text/html,application/xhtml+xml,application/xml;q=0.9,image/webp,*/*;q=0.8
                    [Accept-Encoding] => gzip, deflate, sdch
                    [Accept-Language] => it-IT,it;q=0.8,en-US;q=0.6,en;q=0.4
                )

        )

)

2016-09-27T15:03:48+02:00 SessionId :  ClientIP : ::1 [RESTGATEWAY] Array
(
    [timestamp] => 1474981428
    [request] => backend\common\rest\library\Request Object
        (
            [url_elements] => Array
                (
                    [0] => 
                    [1] => waveserijakala
                    [2] => 
                )

            [verb] => GET
            [parameters] => Array
                (
                )

            [format] => json
            [datetime] => 1474981428
            [httpheaders] => Array
                (
                    [Host] => localhost
                    [Connection] => keep-alive
                    [Cache-Control] => max-age=0
                    [Upgrade-Insecure-Requests] => 1
                    [User-Agent] => Mozilla/5.0 (Windows NT 10.0; WOW64) AppleWebKit/537.36 (KHTML, like Gecko) Chrome/53.0.2785.116 Safari/537.36
                    [Accept] => text/html,application/xhtml+xml,application/xml;q=0.9,image/webp,*/*;q=0.8
                    [Accept-Encoding] => gzip, deflate, sdch
                    [Accept-Language] => it-IT,it;q=0.8,en-US;q=0.6,en;q=0.4
                )

        )

)

2016-09-27T15:03:48+02:00 SessionId :  ClientIP : ::1 [RESTGATEWAY] Array
(
    [timestamp] => 1474981428
    [result] => Array
        (
            [request_time] => Tue Sep 27 15:03:48 CEST 2016
            [code] => 200
        )

)

2016-09-27T15:03:59+02:00 SessionId :  ClientIP : ::1 [RESTGATEWAY] Array
(
    [timestamp] => 1474981439
    [request] => backend\common\rest\library\Request Object
        (
            [url_elements] => Array
                (
                    [0] => 
                    [1] => waveserijakala
                    [2] => wavecorrenti
                )

            [verb] => GET
            [parameters] => Array
                (
                )

            [format] => json
            [datetime] => 1474981439
            [httpheaders] => Array
                (
                    [Host] => localhost
                    [Connection] => keep-alive
                    [Upgrade-Insecure-Requests] => 1
                    [User-Agent] => Mozilla/5.0 (Windows NT 10.0; WOW64) AppleWebKit/537.36 (KHTML, like Gecko) Chrome/53.0.2785.116 Safari/537.36
                    [Accept] => text/html,application/xhtml+xml,application/xml;q=0.9,image/webp,*/*;q=0.8
                    [Accept-Encoding] => gzip, deflate, sdch
                    [Accept-Language] => it-IT,it;q=0.8,en-US;q=0.6,en;q=0.4
                )

        )

)

2016-09-27T15:03:59+02:00 SessionId :  ClientIP : ::1 [RESTGATEWAY] Array
(
    [timestamp] => 1474981439
    [result] => Array
        (
            [request_time] => Tue Sep 27 15:03:59 CEST 2016
            [code] => 200
            [response_time] => Tue Sep 27 15:03:59 CEST 2016
            [version_number] => 1
            [status] => success
            [wave] => Array
                (
                    [0] => Array
                        (
                            [id] => 1
                            [descrizione] => TLEXTRA
                            [tipologia_wave] => INCREMENTOFATTURATO
                        )

                )

        )

)

2016-09-27T15:04:22+02:00 SessionId :  ClientIP : ::1 [RESTGATEWAY] Array
(
    [timestamp] => 1474981462
    [request] => backend\common\rest\library\Request Object
        (
            [url_elements] => Array
                (
                    [0] => 
                    [1] => waveserijakala
                    [2] => elencowavecorrenti
                )

            [verb] => GET
            [parameters] => Array
                (
                )

            [format] => json
            [datetime] => 1474981462
            [httpheaders] => Array
                (
                    [Host] => localhost
                    [Connection] => keep-alive
                    [Upgrade-Insecure-Requests] => 1
                    [User-Agent] => Mozilla/5.0 (Windows NT 10.0; WOW64) AppleWebKit/537.36 (KHTML, like Gecko) Chrome/53.0.2785.116 Safari/537.36
                    [Accept] => text/html,application/xhtml+xml,application/xml;q=0.9,image/webp,*/*;q=0.8
                    [Accept-Encoding] => gzip, deflate, sdch
                    [Accept-Language] => it-IT,it;q=0.8,en-US;q=0.6,en;q=0.4
                )

        )

)

2016-09-27T15:04:22+02:00 SessionId :  ClientIP : ::1 [RESTGATEWAY] Array
(
    [timestamp] => 1474981462
    [result] => Array
        (
            [request_time] => Tue Sep 27 15:04:22 CEST 2016
            [code] => 200
            [response_time] => Tue Sep 27 15:04:22 CEST 2016
            [version_number] => 1
            [status] => success
            [wave] => Array
                (
                    [0] => Array
                        (
                            [id] => 1
                            [descrizione] => TLEXTRA
                            [tipologia_wave] => INCREMENTOFATTURATO
                        )

                )

        )

)

2016-09-27T15:53:28+02:00 SessionId :  ClientIP : ::1 [RESTGATEWAY] Array
(
    [timestamp] => 1474984408
    [request] => backend\common\rest\library\Request Object
        (
            [url_elements] => Array
                (
                    [0] => 
                    [1] => waveserijakala
                    [2] => elencowavecorrenti
                )

            [verb] => GET
            [parameters] => Array
                (
                )

            [format] => json
            [datetime] => 1474984408
            [httpheaders] => Array
                (
                    [Host] => localhost
                    [Connection] => keep-alive
                    [Cache-Control] => max-age=0
                    [Upgrade-Insecure-Requests] => 1
                    [User-Agent] => Mozilla/5.0 (Windows NT 10.0; WOW64) AppleWebKit/537.36 (KHTML, like Gecko) Chrome/53.0.2785.116 Safari/537.36
                    [Accept] => text/html,application/xhtml+xml,application/xml;q=0.9,image/webp,*/*;q=0.8
                    [Accept-Encoding] => gzip, deflate, sdch
                    [Accept-Language] => it-IT,it;q=0.8,en-US;q=0.6,en;q=0.4
                )

        )

)

2016-09-27T15:53:28+02:00 SessionId :  ClientIP : ::1 [RESTGATEWAY] Array
(
    [timestamp] => 1474984408
    [result] => Array
        (
            [request_time] => Tue Sep 27 15:53:28 CEST 2016
            [code] => 200
            [response_time] => Tue Sep 27 15:53:28 CEST 2016
            [version_number] => 1
            [status] => success
            [wave] => Array
                (
                    [0] => Array
                        (
                            [id] => 1
                            [descrizione] => TLEXTRA
                            [tipologia_wave] => INCREMENTOFATTURATO
                        )

                    [1] => Array
                        (
                            [id] => 2
                            [descrizione] => PUNTI
                            [tipologia_wave] => PUNTI
                        )

                )

        )

)

2016-09-27T16:19:46+02:00 SessionId :  ClientIP : ::1 [RESTGATEWAY] Array
(
    [timestamp] => 1474985986
    [request] => backend\common\rest\library\Request Object
        (
            [url_elements] => Array
                (
                    [0] => 
                    [1] => waveserijakala
                    [2] => 2
                    [3] => elencopremi
                )

            [verb] => GET
            [parameters] => Array
                (
                )

            [format] => json
            [datetime] => 1474985986
            [httpheaders] => Array
                (
                    [Host] => localhost
                    [Connection] => keep-alive
                    [Upgrade-Insecure-Requests] => 1
                    [User-Agent] => Mozilla/5.0 (Windows NT 10.0; WOW64) AppleWebKit/537.36 (KHTML, like Gecko) Chrome/53.0.2785.116 Safari/537.36
                    [Accept] => text/html,application/xhtml+xml,application/xml;q=0.9,image/webp,*/*;q=0.8
                    [Accept-Encoding] => gzip, deflate, sdch
                    [Accept-Language] => it-IT,it;q=0.8,en-US;q=0.6,en;q=0.4
                )

        )

)

2016-09-27T16:20:10+02:00 SessionId :  ClientIP : ::1 [RESTGATEWAY] Array
(
    [timestamp] => 1474986010
    [request] => backend\common\rest\library\Request Object
        (
            [url_elements] => Array
                (
                    [0] => 
                    [1] => waveserijakala
                    [2] => 2
                    [3] => elencopremi
                )

            [verb] => GET
            [parameters] => Array
                (
                )

            [format] => json
            [datetime] => 1474986010
            [httpheaders] => Array
                (
                    [Host] => localhost
                    [Connection] => keep-alive
                    [Cache-Control] => max-age=0
                    [Upgrade-Insecure-Requests] => 1
                    [User-Agent] => Mozilla/5.0 (Windows NT 10.0; WOW64) AppleWebKit/537.36 (KHTML, like Gecko) Chrome/53.0.2785.116 Safari/537.36
                    [Accept] => text/html,application/xhtml+xml,application/xml;q=0.9,image/webp,*/*;q=0.8
                    [Accept-Encoding] => gzip, deflate, sdch
                    [Accept-Language] => it-IT,it;q=0.8,en-US;q=0.6,en;q=0.4
                )

        )

)

2016-09-27T16:20:40+02:00 SessionId :  ClientIP : ::1 [RESTGATEWAY] Array
(
    [timestamp] => 1474986040
    [request] => backend\common\rest\library\Request Object
        (
            [url_elements] => Array
                (
                    [0] => 
                    [1] => waveserijakala
                    [2] => 2
                    [3] => elencopremi
                )

            [verb] => GET
            [parameters] => Array
                (
                )

            [format] => json
            [datetime] => 1474986040
            [httpheaders] => Array
                (
                    [Host] => localhost
                    [Connection] => keep-alive
                    [Cache-Control] => max-age=0
                    [Upgrade-Insecure-Requests] => 1
                    [User-Agent] => Mozilla/5.0 (Windows NT 10.0; WOW64) AppleWebKit/537.36 (KHTML, like Gecko) Chrome/53.0.2785.116 Safari/537.36
                    [Accept] => text/html,application/xhtml+xml,application/xml;q=0.9,image/webp,*/*;q=0.8
                    [Accept-Encoding] => gzip, deflate, sdch
                    [Accept-Language] => it-IT,it;q=0.8,en-US;q=0.6,en;q=0.4
                )

        )

)

2016-09-27T16:20:58+02:00 SessionId :  ClientIP : ::1 [RESTGATEWAY] Array
(
    [timestamp] => 1474986058
    [request] => backend\common\rest\library\Request Object
        (
            [url_elements] => Array
                (
                    [0] => 
                    [1] => waveserijakala
                    [2] => 2
                    [3] => elencopremi
                )

            [verb] => GET
            [parameters] => Array
                (
                )

            [format] => json
            [datetime] => 1474986058
            [httpheaders] => Array
                (
                    [Host] => localhost
                    [Connection] => keep-alive
                    [Cache-Control] => max-age=0
                    [Upgrade-Insecure-Requests] => 1
                    [User-Agent] => Mozilla/5.0 (Windows NT 10.0; WOW64) AppleWebKit/537.36 (KHTML, like Gecko) Chrome/53.0.2785.116 Safari/537.36
                    [Accept] => text/html,application/xhtml+xml,application/xml;q=0.9,image/webp,*/*;q=0.8
                    [Accept-Encoding] => gzip, deflate, sdch
                    [Accept-Language] => it-IT,it;q=0.8,en-US;q=0.6,en;q=0.4
                )

        )

)

2016-09-27T16:20:58+02:00 SessionId :  ClientIP : ::1 [RESTGATEWAY] Array
(
    [timestamp] => 1474986058
    [result] => Array
        (
            [request_time] => Tue Sep 27 16:20:58 CEST 2016
            [code] => 200
            [response_time] => Tue Sep 27 16:20:58 CEST 2016
            [version_number] => 1
            [status] => fail
        )

)

2016-09-27T16:21:11+02:00 SessionId :  ClientIP : ::1 [RESTGATEWAY] Array
(
    [timestamp] => 1474986071
    [request] => backend\common\rest\library\Request Object
        (
            [url_elements] => Array
                (
                    [0] => 
                    [1] => waveserijakala
                    [2] => 2
                    [3] => elencopremi
                )

            [verb] => GET
            [parameters] => Array
                (
                )

            [format] => json
            [datetime] => 1474986071
            [httpheaders] => Array
                (
                    [Host] => localhost
                    [Connection] => keep-alive
                    [Cache-Control] => max-age=0
                    [Upgrade-Insecure-Requests] => 1
                    [User-Agent] => Mozilla/5.0 (Windows NT 10.0; WOW64) AppleWebKit/537.36 (KHTML, like Gecko) Chrome/53.0.2785.116 Safari/537.36
                    [Accept] => text/html,application/xhtml+xml,application/xml;q=0.9,image/webp,*/*;q=0.8
                    [Accept-Encoding] => gzip, deflate, sdch
                    [Accept-Language] => it-IT,it;q=0.8,en-US;q=0.6,en;q=0.4
                )

        )

)

2016-09-27T16:21:11+02:00 SessionId :  ClientIP : ::1 [RESTGATEWAY] Array
(
    [timestamp] => 1474986071
    [result] => Array
        (
            [request_time] => Tue Sep 27 16:21:11 CEST 2016
            [code] => 200
            [response_time] => Tue Sep 27 16:21:11 CEST 2016
            [version_number] => 1
            [status] => fail
        )

)

2016-09-27T16:21:28+02:00 SessionId :  ClientIP : ::1 [RESTGATEWAY] Array
(
    [timestamp] => 1474986088
    [request] => backend\common\rest\library\Request Object
        (
            [url_elements] => Array
                (
                    [0] => 
                    [1] => waveserijakala
                    [2] => 2
                    [3] => elencopremi
                )

            [verb] => GET
            [parameters] => Array
                (
                )

            [format] => json
            [datetime] => 1474986088
            [httpheaders] => Array
                (
                    [Host] => localhost
                    [Connection] => keep-alive
                    [Pragma] => no-cache
                    [Cache-Control] => no-cache
                    [Upgrade-Insecure-Requests] => 1
                    [User-Agent] => Mozilla/5.0 (Windows NT 10.0; WOW64) AppleWebKit/537.36 (KHTML, like Gecko) Chrome/53.0.2785.116 Safari/537.36
                    [Accept] => text/html,application/xhtml+xml,application/xml;q=0.9,image/webp,*/*;q=0.8
                    [Accept-Encoding] => gzip, deflate, sdch
                    [Accept-Language] => it-IT,it;q=0.8,en-US;q=0.6,en;q=0.4
                )

        )

)

2016-09-27T16:21:48+02:00 SessionId :  ClientIP : ::1 [RESTGATEWAY] Array
(
    [timestamp] => 1474986108
    [request] => backend\common\rest\library\Request Object
        (
            [url_elements] => Array
                (
                    [0] => 
                    [1] => waveserijakala
                    [2] => 2
                    [3] => elencopremi
                )

            [verb] => GET
            [parameters] => Array
                (
                )

            [format] => json
            [datetime] => 1474986108
            [httpheaders] => Array
                (
                    [Host] => localhost
                    [Connection] => keep-alive
                    [Cache-Control] => max-age=0
                    [Upgrade-Insecure-Requests] => 1
                    [User-Agent] => Mozilla/5.0 (Windows NT 10.0; WOW64) AppleWebKit/537.36 (KHTML, like Gecko) Chrome/53.0.2785.116 Safari/537.36
                    [Accept] => text/html,application/xhtml+xml,application/xml;q=0.9,image/webp,*/*;q=0.8
                    [Accept-Encoding] => gzip, deflate, sdch
                    [Accept-Language] => it-IT,it;q=0.8,en-US;q=0.6,en;q=0.4
                )

        )

)

2016-09-27T17:03:46+02:00 SessionId :  ClientIP : ::1 [RESTGATEWAY] Array
(
    [timestamp] => 1474988626
    [request] => backend\common\rest\library\Request Object
        (
            [url_elements] => Array
                (
                    [0] => 
                    [1] => waveserijakala
                    [2] => 2
                    [3] => elencopremi
                )

            [verb] => GET
            [parameters] => Array
                (
                )

            [format] => json
            [datetime] => 1474988626
            [httpheaders] => Array
                (
                    [Host] => localhost
                    [Connection] => keep-alive
                    [Cache-Control] => max-age=0
                    [Upgrade-Insecure-Requests] => 1
                    [User-Agent] => Mozilla/5.0 (Windows NT 10.0; WOW64) AppleWebKit/537.36 (KHTML, like Gecko) Chrome/53.0.2785.116 Safari/537.36
                    [Accept] => text/html,application/xhtml+xml,application/xml;q=0.9,image/webp,*/*;q=0.8
                    [Accept-Encoding] => gzip, deflate, sdch
                    [Accept-Language] => it-IT,it;q=0.8,en-US;q=0.6,en;q=0.4
                )

        )

)

2016-09-27T17:04:04+02:00 SessionId :  ClientIP : ::1 [RESTGATEWAY] Array
(
    [timestamp] => 1474988644
    [request] => backend\common\rest\library\Request Object
        (
            [url_elements] => Array
                (
                    [0] => 
                    [1] => waveserijakala
                    [2] => 2
                    [3] => elencopremi
                )

            [verb] => GET
            [parameters] => Array
                (
                )

            [format] => json
            [datetime] => 1474988644
            [httpheaders] => Array
                (
                    [Host] => localhost
                    [Connection] => keep-alive
                    [Cache-Control] => max-age=0
                    [Upgrade-Insecure-Requests] => 1
                    [User-Agent] => Mozilla/5.0 (Windows NT 10.0; WOW64) AppleWebKit/537.36 (KHTML, like Gecko) Chrome/53.0.2785.116 Safari/537.36
                    [Accept] => text/html,application/xhtml+xml,application/xml;q=0.9,image/webp,*/*;q=0.8
                    [Accept-Encoding] => gzip, deflate, sdch
                    [Accept-Language] => it-IT,it;q=0.8,en-US;q=0.6,en;q=0.4
                )

        )

)

2016-09-27T17:04:34+02:00 SessionId :  ClientIP : ::1 [RESTGATEWAY] Array
(
    [timestamp] => 1474988674
    [request] => backend\common\rest\library\Request Object
        (
            [url_elements] => Array
                (
                    [0] => 
                    [1] => waveserijakala
                    [2] => 1
                    [3] => elencopremi
                )

            [verb] => GET
            [parameters] => Array
                (
                )

            [format] => json
            [datetime] => 1474988674
            [httpheaders] => Array
                (
                    [Host] => localhost
                    [Connection] => keep-alive
                    [Upgrade-Insecure-Requests] => 1
                    [User-Agent] => Mozilla/5.0 (Windows NT 10.0; WOW64) AppleWebKit/537.36 (KHTML, like Gecko) Chrome/53.0.2785.116 Safari/537.36
                    [Accept] => text/html,application/xhtml+xml,application/xml;q=0.9,image/webp,*/*;q=0.8
                    [Accept-Encoding] => gzip, deflate, sdch
                    [Accept-Language] => it-IT,it;q=0.8,en-US;q=0.6,en;q=0.4
                )

        )

)

2016-09-27T17:04:54+02:00 SessionId :  ClientIP : ::1 [RESTGATEWAY] Array
(
    [timestamp] => 1474988694
    [request] => backend\common\rest\library\Request Object
        (
            [url_elements] => Array
                (
                    [0] => 
                    [1] => waveserijakala
                    [2] => 1
                    [3] => elencopremi
                )

            [verb] => GET
            [parameters] => Array
                (
                )

            [format] => json
            [datetime] => 1474988694
            [httpheaders] => Array
                (
                    [Host] => localhost
                    [Connection] => keep-alive
                    [Cache-Control] => max-age=0
                    [Upgrade-Insecure-Requests] => 1
                    [User-Agent] => Mozilla/5.0 (Windows NT 10.0; WOW64) AppleWebKit/537.36 (KHTML, like Gecko) Chrome/53.0.2785.116 Safari/537.36
                    [Accept] => text/html,application/xhtml+xml,application/xml;q=0.9,image/webp,*/*;q=0.8
                    [Accept-Encoding] => gzip, deflate, sdch
                    [Accept-Language] => it-IT,it;q=0.8,en-US;q=0.6,en;q=0.4
                )

        )

)

2016-09-27T17:05:36+02:00 SessionId :  ClientIP : ::1 [RESTGATEWAY] Array
(
    [timestamp] => 1474988736
    [request] => backend\common\rest\library\Request Object
        (
            [url_elements] => Array
                (
                    [0] => 
                    [1] => waveserijakala
                    [2] => 1
                    [3] => elencopremi
                )

            [verb] => GET
            [parameters] => Array
                (
                )

            [format] => json
            [datetime] => 1474988736
            [httpheaders] => Array
                (
                    [Host] => localhost
                    [Connection] => keep-alive
                    [Cache-Control] => max-age=0
                    [Upgrade-Insecure-Requests] => 1
                    [User-Agent] => Mozilla/5.0 (Windows NT 10.0; WOW64) AppleWebKit/537.36 (KHTML, like Gecko) Chrome/53.0.2785.116 Safari/537.36
                    [Accept] => text/html,application/xhtml+xml,application/xml;q=0.9,image/webp,*/*;q=0.8
                    [Accept-Encoding] => gzip, deflate, sdch
                    [Accept-Language] => it-IT,it;q=0.8,en-US;q=0.6,en;q=0.4
                )

        )

)

2016-09-27T17:06:00+02:00 SessionId :  ClientIP : ::1 [RESTGATEWAY] Array
(
    [timestamp] => 1474988760
    [request] => backend\common\rest\library\Request Object
        (
            [url_elements] => Array
                (
                    [0] => 
                    [1] => waveserijakala
                    [2] => 1
                    [3] => elencopremi
                )

            [verb] => GET
            [parameters] => Array
                (
                )

            [format] => json
            [datetime] => 1474988760
            [httpheaders] => Array
                (
                    [Host] => localhost
                    [Connection] => keep-alive
                    [Cache-Control] => max-age=0
                    [Upgrade-Insecure-Requests] => 1
                    [User-Agent] => Mozilla/5.0 (Windows NT 10.0; WOW64) AppleWebKit/537.36 (KHTML, like Gecko) Chrome/53.0.2785.116 Safari/537.36
                    [Accept] => text/html,application/xhtml+xml,application/xml;q=0.9,image/webp,*/*;q=0.8
                    [Accept-Encoding] => gzip, deflate, sdch
                    [Accept-Language] => it-IT,it;q=0.8,en-US;q=0.6,en;q=0.4
                )

        )

)

2016-09-27T17:06:16+02:00 SessionId :  ClientIP : ::1 [RESTGATEWAY] Array
(
    [timestamp] => 1474988776
    [request] => backend\common\rest\library\Request Object
        (
            [url_elements] => Array
                (
                    [0] => 
                    [1] => waveserijakala
                    [2] => 1
                    [3] => elencopremi
                )

            [verb] => GET
            [parameters] => Array
                (
                )

            [format] => json
            [datetime] => 1474988776
            [httpheaders] => Array
                (
                    [Host] => localhost
                    [Connection] => keep-alive
                    [Cache-Control] => max-age=0
                    [Upgrade-Insecure-Requests] => 1
                    [User-Agent] => Mozilla/5.0 (Windows NT 10.0; WOW64) AppleWebKit/537.36 (KHTML, like Gecko) Chrome/53.0.2785.116 Safari/537.36
                    [Accept] => text/html,application/xhtml+xml,application/xml;q=0.9,image/webp,*/*;q=0.8
                    [Accept-Encoding] => gzip, deflate, sdch
                    [Accept-Language] => it-IT,it;q=0.8,en-US;q=0.6,en;q=0.4
                )

        )

)

2016-09-27T17:06:38+02:00 SessionId :  ClientIP : ::1 [RESTGATEWAY] Array
(
    [timestamp] => 1474988798
    [request] => backend\common\rest\library\Request Object
        (
            [url_elements] => Array
                (
                    [0] => 
                    [1] => waveserijakala
                    [2] => 1
                    [3] => elencopremi
                )

            [verb] => GET
            [parameters] => Array
                (
                )

            [format] => json
            [datetime] => 1474988798
            [httpheaders] => Array
                (
                    [Host] => localhost
                    [Connection] => keep-alive
                    [Cache-Control] => max-age=0
                    [Upgrade-Insecure-Requests] => 1
                    [User-Agent] => Mozilla/5.0 (Windows NT 10.0; WOW64) AppleWebKit/537.36 (KHTML, like Gecko) Chrome/53.0.2785.116 Safari/537.36
                    [Accept] => text/html,application/xhtml+xml,application/xml;q=0.9,image/webp,*/*;q=0.8
                    [Accept-Encoding] => gzip, deflate, sdch
                    [Accept-Language] => it-IT,it;q=0.8,en-US;q=0.6,en;q=0.4
                )

        )

)

2016-09-27T17:07:23+02:00 SessionId :  ClientIP : ::1 [RESTGATEWAY] Array
(
    [timestamp] => 1474988843
    [request] => backend\common\rest\library\Request Object
        (
            [url_elements] => Array
                (
                    [0] => 
                    [1] => waveserijakala
                    [2] => 1
                    [3] => elencopremi
                )

            [verb] => GET
            [parameters] => Array
                (
                )

            [format] => json
            [datetime] => 1474988843
            [httpheaders] => Array
                (
                    [Host] => localhost
                    [Connection] => keep-alive
                    [Cache-Control] => max-age=0
                    [Upgrade-Insecure-Requests] => 1
                    [User-Agent] => Mozilla/5.0 (Windows NT 10.0; WOW64) AppleWebKit/537.36 (KHTML, like Gecko) Chrome/53.0.2785.116 Safari/537.36
                    [Accept] => text/html,application/xhtml+xml,application/xml;q=0.9,image/webp,*/*;q=0.8
                    [Accept-Encoding] => gzip, deflate, sdch
                    [Accept-Language] => it-IT,it;q=0.8,en-US;q=0.6,en;q=0.4
                )

        )

)

2016-09-27T17:07:51+02:00 SessionId :  ClientIP : ::1 [RESTGATEWAY] Array
(
    [timestamp] => 1474988871
    [request] => backend\common\rest\library\Request Object
        (
            [url_elements] => Array
                (
                    [0] => 
                    [1] => waveserijakala
                    [2] => 1
                    [3] => elencopremi
                )

            [verb] => GET
            [parameters] => Array
                (
                )

            [format] => json
            [datetime] => 1474988871
            [httpheaders] => Array
                (
                    [Host] => localhost
                    [Connection] => keep-alive
                    [Cache-Control] => max-age=0
                    [Upgrade-Insecure-Requests] => 1
                    [User-Agent] => Mozilla/5.0 (Windows NT 10.0; WOW64) AppleWebKit/537.36 (KHTML, like Gecko) Chrome/53.0.2785.116 Safari/537.36
                    [Accept] => text/html,application/xhtml+xml,application/xml;q=0.9,image/webp,*/*;q=0.8
                    [Accept-Encoding] => gzip, deflate, sdch
                    [Accept-Language] => it-IT,it;q=0.8,en-US;q=0.6,en;q=0.4
                )

        )

)

2016-09-27T17:08:36+02:00 SessionId :  ClientIP : ::1 [RESTGATEWAY] Array
(
    [timestamp] => 1474988916
    [request] => backend\common\rest\library\Request Object
        (
            [url_elements] => Array
                (
                    [0] => 
                    [1] => waveserijakala
                    [2] => 1
                    [3] => elencopremi
                )

            [verb] => GET
            [parameters] => Array
                (
                )

            [format] => json
            [datetime] => 1474988916
            [httpheaders] => Array
                (
                    [Host] => localhost
                    [Connection] => keep-alive
                    [Cache-Control] => max-age=0
                    [Upgrade-Insecure-Requests] => 1
                    [User-Agent] => Mozilla/5.0 (Windows NT 10.0; WOW64) AppleWebKit/537.36 (KHTML, like Gecko) Chrome/53.0.2785.116 Safari/537.36
                    [Accept] => text/html,application/xhtml+xml,application/xml;q=0.9,image/webp,*/*;q=0.8
                    [Accept-Encoding] => gzip, deflate, sdch
                    [Accept-Language] => it-IT,it;q=0.8,en-US;q=0.6,en;q=0.4
                )

        )

)

2016-09-27T17:10:42+02:00 SessionId :  ClientIP : ::1 [RESTGATEWAY] Array
(
    [timestamp] => 1474989042
    [request] => backend\common\rest\library\Request Object
        (
            [url_elements] => Array
                (
                    [0] => 
                    [1] => waveserijakala
                    [2] => 1
                    [3] => elencopremi
                )

            [verb] => GET
            [parameters] => Array
                (
                )

            [format] => json
            [datetime] => 1474989042
            [httpheaders] => Array
                (
                    [Host] => localhost
                    [Connection] => keep-alive
                    [Cache-Control] => max-age=0
                    [Upgrade-Insecure-Requests] => 1
                    [User-Agent] => Mozilla/5.0 (Windows NT 10.0; WOW64) AppleWebKit/537.36 (KHTML, like Gecko) Chrome/53.0.2785.116 Safari/537.36
                    [Accept] => text/html,application/xhtml+xml,application/xml;q=0.9,image/webp,*/*;q=0.8
                    [Accept-Encoding] => gzip, deflate, sdch
                    [Accept-Language] => it-IT,it;q=0.8,en-US;q=0.6,en;q=0.4
                )

        )

)

2016-09-27T17:11:53+02:00 SessionId :  ClientIP : ::1 [RESTGATEWAY] Array
(
    [timestamp] => 1474989113
    [request] => backend\common\rest\library\Request Object
        (
            [url_elements] => Array
                (
                    [0] => 
                    [1] => waveserijakala
                    [2] => 1
                    [3] => elencopremi
                )

            [verb] => GET
            [parameters] => Array
                (
                )

            [format] => json
            [datetime] => 1474989113
            [httpheaders] => Array
                (
                    [Host] => localhost
                    [Connection] => keep-alive
                    [Cache-Control] => max-age=0
                    [Upgrade-Insecure-Requests] => 1
                    [User-Agent] => Mozilla/5.0 (Windows NT 10.0; WOW64) AppleWebKit/537.36 (KHTML, like Gecko) Chrome/53.0.2785.116 Safari/537.36
                    [Accept] => text/html,application/xhtml+xml,application/xml;q=0.9,image/webp,*/*;q=0.8
                    [Accept-Encoding] => gzip, deflate, sdch
                    [Accept-Language] => it-IT,it;q=0.8,en-US;q=0.6,en;q=0.4
                )

        )

)

2016-09-27T17:12:14+02:00 SessionId :  ClientIP : ::1 [RESTGATEWAY] Array
(
    [timestamp] => 1474989134
    [request] => backend\common\rest\library\Request Object
        (
            [url_elements] => Array
                (
                    [0] => 
                    [1] => waveserijakala
                    [2] => 1
                    [3] => elencopremi
                )

            [verb] => GET
            [parameters] => Array
                (
                )

            [format] => json
            [datetime] => 1474989134
            [httpheaders] => Array
                (
                    [Host] => localhost
                    [Connection] => keep-alive
                    [Cache-Control] => max-age=0
                    [Upgrade-Insecure-Requests] => 1
                    [User-Agent] => Mozilla/5.0 (Windows NT 10.0; WOW64) AppleWebKit/537.36 (KHTML, like Gecko) Chrome/53.0.2785.116 Safari/537.36
                    [Accept] => text/html,application/xhtml+xml,application/xml;q=0.9,image/webp,*/*;q=0.8
                    [Accept-Encoding] => gzip, deflate, sdch
                    [Accept-Language] => it-IT,it;q=0.8,en-US;q=0.6,en;q=0.4
                )

        )

)

2016-09-27T17:13:05+02:00 SessionId :  ClientIP : ::1 [RESTGATEWAY] Array
(
    [timestamp] => 1474989185
    [request] => backend\common\rest\library\Request Object
        (
            [url_elements] => Array
                (
                    [0] => 
                    [1] => waveserijakala
                    [2] => 1
                    [3] => elencopremi
                )

            [verb] => GET
            [parameters] => Array
                (
                )

            [format] => json
            [datetime] => 1474989185
            [httpheaders] => Array
                (
                    [Host] => localhost
                    [Connection] => keep-alive
                    [Cache-Control] => max-age=0
                    [Upgrade-Insecure-Requests] => 1
                    [User-Agent] => Mozilla/5.0 (Windows NT 10.0; WOW64) AppleWebKit/537.36 (KHTML, like Gecko) Chrome/53.0.2785.116 Safari/537.36
                    [Accept] => text/html,application/xhtml+xml,application/xml;q=0.9,image/webp,*/*;q=0.8
                    [Accept-Encoding] => gzip, deflate, sdch
                    [Accept-Language] => it-IT,it;q=0.8,en-US;q=0.6,en;q=0.4
                )

        )

)

2016-09-27T17:13:05+02:00 SessionId :  ClientIP : ::1 [RESTGATEWAY] Array
(
    [timestamp] => 1474989185
    [result] => Array
        (
            [request_time] => Tue Sep 27 17:13:05 CEST 2016
            [code] => 200
            [response_time] => Tue Sep 27 17:13:05 CEST 2016
            [version_number] => 1
            [status] => success
            [premiwave] => Array
                (
                    [+ 700 Euro] => Array
                        (
                            [0] => Array
                                (
                                    [id_premio] => 5
                                    [descrizione] => iPod Shuffle Silver
                                    [produttore] => Apple
                                    [id_fascia] => 2
                                )

                            [1] => Array
                                (
                                    [id_premio] => 6
                                    [descrizione] => FIFA 16 Xbox One
                                    [produttore] => EA
                                    [id_fascia] => 2
                                )

                            [2] => Array
                                (
                                    [id_premio] => 3
                                    [descrizione] => 12 mesi di MEDICAL CARD Family
                                    [produttore] => Medical Card
                                    [id_fascia] => 2
                                )

                            [3] => Array
                                (
                                    [id_premio] => 8
                                    [descrizione] => Orologio sveglia DreamScience
                                    [produttore] => Oregon Scientific
                                    [id_fascia] => 2
                                )

                            [4] => Array
                                (
                                    [id_premio] => 7
                                    [descrizione] => Zaino porta pc 27 litri
                                    [produttore] => Samsonite
                                    [id_fascia] => 2
                                )

                            [5] => Array
                                (
                                    [id_premio] => 4
                                    [descrizione] => Auricolare senza fili
                                    [produttore] => Sony
                                    [id_fascia] => 2
                                )

                        )

                    [+1500 Euro] => Array
                        (
                            [0] => Array
                                (
                                    [id_premio] => 12
                                    [descrizione] => Rasoio per uomo
                                    [produttore] => Braun
                                    [id_fascia] => 3
                                )

                            [1] => Array
                                (
                                    [id_premio] => 14
                                    [descrizione] => Manpower - 10 ore di collaborazione domestica a scelta
                                    [produttore] => CartaOra
                                    [id_fascia] => 3
                                )

                            [2] => Array
                                (
                                    [id_premio] => 9
                                    [descrizione] => Orologio analogico fitness band Vivomove
                                    [produttore] => Garmin
                                    [id_fascia] => 3
                                )

                            [3] => Array
                                (
                                    [id_premio] => 11
                                    [descrizione] => Friggitrice airfryer
                                    [produttore] => Philips
                                    [id_fascia] => 3
                                )

                            [4] => Array
                                (
                                    [id_premio] => 13
                                    [descrizione] => Trolley spinner 55/20 Neopulse
                                    [produttore] => Samsonite
                                    [id_fascia] => 3
                                )

                            [5] => Array
                                (
                                    [id_premio] => 10
                                    [descrizione] => SOGGIORNI E SAPORI D'ITALIA
                                    [produttore] => SmartBox
                                    [id_fascia] => 3
                                )

                        )

                    [+ 3000 Euro] => Array
                        (
                            [0] => Array
                                (
                                    [id_premio] => 16
                                    [descrizione] => AirPort Time Capsule - 2TB
                                    [produttore] => Apple
                                    [id_fascia] => 4
                                )

                            [1] => Array
                                (
                                    [id_premio] => 18
                                    [descrizione] => Robot aspirapolvere Roomba 616
                                    [produttore] => Irobot
                                    [id_fascia] => 4
                                )

                            [2] => Array
                                (
                                    [id_premio] => 20
                                    [descrizione] => Robot multifunzione Kcook
                                    [produttore] => Kenwood
                                    [id_fascia] => 4
                                )

                            [3] => Array
                                (
                                    [id_premio] => 15
                                    [descrizione] => Kitchen Machine
                                    [produttore] => Philips
                                    [id_fascia] => 4
                                )

                            [4] => Array
                                (
                                    [id_premio] => 17
                                    [descrizione] => TV LED 32" Full HD
                                    [produttore] => Samsung
                                    [id_fascia] => 4
                                )

                            [5] => Array
                                (
                                    [id_premio] => 19
                                    [descrizione] => Galaxy Tab A 2016 LTE 10.1
                                    [produttore] => Samsung
                                    [id_fascia] => 4
                                )

                        )

                    [+ 4000 Euro] => Array
                        (
                            [0] => Array
                                (
                                    [id_premio] => 23
                                    [descrizione] => Manpower - 25 ore di collaborazione domestica a scelta
                                    [produttore] => CartaOra
                                    [id_fascia] => 5
                                )

                            [1] => Array
                                (
                                    [id_premio] => 25
                                    [descrizione] => Palestra multifunzione JK Fitness 6097
                                    [produttore] => JK Fitness
                                    [id_fascia] => 5
                                )

                            [2] => Array
                                (
                                    [id_premio] => 22
                                    [descrizione] => Videocamera Gear 360°
                                    [produttore] => Samsung
                                    [id_fascia] => 5
                                )

                            [3] => Array
                                (
                                    [id_premio] => 21
                                    [descrizione] => Galaxy A5 2016
                                    [produttore] => Samsung
                                    [id_fascia] => 5
                                )

                            [4] => Array
                                (
                                    [id_premio] => 26
                                    [descrizione] => TV 40" LED Full HD
                                    [produttore] => Sony
                                    [id_fascia] => 5
                                )

                            [5] => Array
                                (
                                    [id_premio] => 24
                                    [descrizione] => Tablet Xperia Z3 4G 16GB
                                    [produttore] => Sony
                                    [id_fascia] => 5
                                )

                        )

                )

        )

)

2016-09-27T17:13:27+02:00 SessionId :  ClientIP : ::1 [RESTGATEWAY] Array
(
    [timestamp] => 1474989207
    [request] => backend\common\rest\library\Request Object
        (
            [url_elements] => Array
                (
                    [0] => 
                    [1] => waveserijakala
                    [2] => 1
                    [3] => elencopremi
                )

            [verb] => GET
            [parameters] => Array
                (
                )

            [format] => json
            [datetime] => 1474989207
            [httpheaders] => Array
                (
                    [Host] => localhost
                    [Connection] => keep-alive
                    [Cache-Control] => max-age=0
                    [Upgrade-Insecure-Requests] => 1
                    [User-Agent] => Mozilla/5.0 (Windows NT 10.0; WOW64) AppleWebKit/537.36 (KHTML, like Gecko) Chrome/53.0.2785.116 Safari/537.36
                    [Accept] => text/html,application/xhtml+xml,application/xml;q=0.9,image/webp,*/*;q=0.8
                    [Accept-Encoding] => gzip, deflate, sdch
                    [Accept-Language] => it-IT,it;q=0.8,en-US;q=0.6,en;q=0.4
                )

        )

)

2016-09-27T17:13:27+02:00 SessionId :  ClientIP : ::1 [RESTGATEWAY] Array
(
    [timestamp] => 1474989207
    [result] => Array
        (
            [request_time] => Tue Sep 27 17:13:27 CEST 2016
            [code] => 200
            [response_time] => Tue Sep 27 17:13:27 CEST 2016
            [version_number] => 1
            [status] => success
            [premiwave] => Array
                (
                    [+ 700 Euro] => Array
                        (
                            [0] => Array
                                (
                                    [id_premio] => 5
                                    [descrizione] => iPod Shuffle Silver
                                    [produttore] => Apple
                                    [id_fascia] => 2
                                )

                            [1] => Array
                                (
                                    [id_premio] => 6
                                    [descrizione] => FIFA 16 Xbox One
                                    [produttore] => EA
                                    [id_fascia] => 2
                                )

                            [2] => Array
                                (
                                    [id_premio] => 3
                                    [descrizione] => 12 mesi di MEDICAL CARD Family
                                    [produttore] => Medical Card
                                    [id_fascia] => 2
                                )

                            [3] => Array
                                (
                                    [id_premio] => 8
                                    [descrizione] => Orologio sveglia DreamScience
                                    [produttore] => Oregon Scientific
                                    [id_fascia] => 2
                                )

                            [4] => Array
                                (
                                    [id_premio] => 7
                                    [descrizione] => Zaino porta pc 27 litri
                                    [produttore] => Samsonite
                                    [id_fascia] => 2
                                )

                            [5] => Array
                                (
                                    [id_premio] => 4
                                    [descrizione] => Auricolare senza fili
                                    [produttore] => Sony
                                    [id_fascia] => 2
                                )

                        )

                    [+1500 Euro] => Array
                        (
                            [0] => Array
                                (
                                    [id_premio] => 12
                                    [descrizione] => Rasoio per uomo
                                    [produttore] => Braun
                                    [id_fascia] => 3
                                )

                            [1] => Array
                                (
                                    [id_premio] => 14
                                    [descrizione] => Manpower - 10 ore di collaborazione domestica a scelta
                                    [produttore] => CartaOra
                                    [id_fascia] => 3
                                )

                            [2] => Array
                                (
                                    [id_premio] => 9
                                    [descrizione] => Orologio analogico fitness band Vivomove
                                    [produttore] => Garmin
                                    [id_fascia] => 3
                                )

                            [3] => Array
                                (
                                    [id_premio] => 11
                                    [descrizione] => Friggitrice airfryer
                                    [produttore] => Philips
                                    [id_fascia] => 3
                                )

                            [4] => Array
                                (
                                    [id_premio] => 13
                                    [descrizione] => Trolley spinner 55/20 Neopulse
                                    [produttore] => Samsonite
                                    [id_fascia] => 3
                                )

                            [5] => Array
                                (
                                    [id_premio] => 10
                                    [descrizione] => SOGGIORNI E SAPORI D'ITALIA
                                    [produttore] => SmartBox
                                    [id_fascia] => 3
                                )

                        )

                    [+ 3000 Euro] => Array
                        (
                            [0] => Array
                                (
                                    [id_premio] => 16
                                    [descrizione] => AirPort Time Capsule - 2TB
                                    [produttore] => Apple
                                    [id_fascia] => 4
                                )

                            [1] => Array
                                (
                                    [id_premio] => 18
                                    [descrizione] => Robot aspirapolvere Roomba 616
                                    [produttore] => Irobot
                                    [id_fascia] => 4
                                )

                            [2] => Array
                                (
                                    [id_premio] => 20
                                    [descrizione] => Robot multifunzione Kcook
                                    [produttore] => Kenwood
                                    [id_fascia] => 4
                                )

                            [3] => Array
                                (
                                    [id_premio] => 15
                                    [descrizione] => Kitchen Machine
                                    [produttore] => Philips
                                    [id_fascia] => 4
                                )

                            [4] => Array
                                (
                                    [id_premio] => 17
                                    [descrizione] => TV LED 32" Full HD
                                    [produttore] => Samsung
                                    [id_fascia] => 4
                                )

                            [5] => Array
                                (
                                    [id_premio] => 19
                                    [descrizione] => Galaxy Tab A 2016 LTE 10.1
                                    [produttore] => Samsung
                                    [id_fascia] => 4
                                )

                        )

                    [+ 4000 Euro] => Array
                        (
                            [0] => Array
                                (
                                    [id_premio] => 23
                                    [descrizione] => Manpower - 25 ore di collaborazione domestica a scelta
                                    [produttore] => CartaOra
                                    [id_fascia] => 5
                                )

                            [1] => Array
                                (
                                    [id_premio] => 25
                                    [descrizione] => Palestra multifunzione JK Fitness 6097
                                    [produttore] => JK Fitness
                                    [id_fascia] => 5
                                )

                            [2] => Array
                                (
                                    [id_premio] => 22
                                    [descrizione] => Videocamera Gear 360°
                                    [produttore] => Samsung
                                    [id_fascia] => 5
                                )

                            [3] => Array
                                (
                                    [id_premio] => 21
                                    [descrizione] => Galaxy A5 2016
                                    [produttore] => Samsung
                                    [id_fascia] => 5
                                )

                            [4] => Array
                                (
                                    [id_premio] => 26
                                    [descrizione] => TV 40" LED Full HD
                                    [produttore] => Sony
                                    [id_fascia] => 5
                                )

                            [5] => Array
                                (
                                    [id_premio] => 24
                                    [descrizione] => Tablet Xperia Z3 4G 16GB
                                    [produttore] => Sony
                                    [id_fascia] => 5
                                )

                        )

                )

        )

)

2016-09-27T17:29:21+02:00 SessionId :  ClientIP : ::1 [RESTGATEWAY] Array
(
    [timestamp] => 1474990161
    [request] => backend\common\rest\library\Request Object
        (
            [url_elements] => Array
                (
                    [0] => 
                    [1] => waveserijakala
                    [2] => 2
                    [3] => elencopremi
                )

            [verb] => GET
            [parameters] => Array
                (
                )

            [format] => json
            [datetime] => 1474990161
            [httpheaders] => Array
                (
                    [Host] => localhost
                    [Connection] => keep-alive
                    [Upgrade-Insecure-Requests] => 1
                    [User-Agent] => Mozilla/5.0 (Windows NT 10.0; WOW64) AppleWebKit/537.36 (KHTML, like Gecko) Chrome/53.0.2785.116 Safari/537.36
                    [Accept] => text/html,application/xhtml+xml,application/xml;q=0.9,image/webp,*/*;q=0.8
                    [Accept-Encoding] => gzip, deflate, sdch
                    [Accept-Language] => it-IT,it;q=0.8,en-US;q=0.6,en;q=0.4
                )

        )

)

2016-09-27T17:29:21+02:00 SessionId :  ClientIP : ::1 [RESTGATEWAY] Array
(
    [timestamp] => 1474990161
    [result] => Array
        (
            [request_time] => Tue Sep 27 17:29:21 CEST 2016
            [code] => 200
            [response_time] => Tue Sep 27 17:29:21 CEST 2016
            [version_number] => 1
            [status] => success
            [premiwave] => Array
                (
                )

        )

)

2016-09-27T18:16:18+02:00 SessionId :  ClientIP : ::1 [RESTGATEWAY] Array
(
    [timestamp] => 1474992978
    [request] => backend\common\rest\library\Request Object
        (
            [url_elements] => Array
                (
                    [0] => 
                    [1] => waveserijakala
                    [2] => 1
                    [3] => elencopremi
                )

            [verb] => GET
            [parameters] => Array
                (
                )

            [format] => json
            [datetime] => 1474992978
            [httpheaders] => Array
                (
                    [Host] => localhost
                    [Connection] => keep-alive
                    [Upgrade-Insecure-Requests] => 1
                    [User-Agent] => Mozilla/5.0 (Windows NT 10.0; WOW64) AppleWebKit/537.36 (KHTML, like Gecko) Chrome/53.0.2785.116 Safari/537.36
                    [Accept] => text/html,application/xhtml+xml,application/xml;q=0.9,image/webp,*/*;q=0.8
                    [Accept-Encoding] => gzip, deflate, sdch
                    [Accept-Language] => it-IT,it;q=0.8,en-US;q=0.6,en;q=0.4
                )

        )

)

2016-09-27T18:16:18+02:00 SessionId :  ClientIP : ::1 [RESTGATEWAY] Array
(
    [timestamp] => 1474992978
    [result] => Array
        (
            [request_time] => Tue Sep 27 18:16:18 CEST 2016
            [code] => 200
            [response_time] => Tue Sep 27 18:16:18 CEST 2016
            [version_number] => 1
            [status] => success
            [premiwave] => Array
                (
                    [+ 700 Euro] => Array
                        (
                            [0] => Array
                                (
                                    [id_premio] => 5
                                    [descrizione] => iPod Shuffle Silver
                                    [produttore] => Apple
                                    [id_fascia] => 2
                                )

                            [1] => Array
                                (
                                    [id_premio] => 6
                                    [descrizione] => FIFA 16 Xbox One
                                    [produttore] => EA
                                    [id_fascia] => 2
                                )

                            [2] => Array
                                (
                                    [id_premio] => 3
                                    [descrizione] => 12 mesi di MEDICAL CARD Family
                                    [produttore] => Medical Card
                                    [id_fascia] => 2
                                )

                            [3] => Array
                                (
                                    [id_premio] => 8
                                    [descrizione] => Orologio sveglia DreamScience
                                    [produttore] => Oregon Scientific
                                    [id_fascia] => 2
                                )

                            [4] => Array
                                (
                                    [id_premio] => 7
                                    [descrizione] => Zaino porta pc 27 litri
                                    [produttore] => Samsonite
                                    [id_fascia] => 2
                                )

                            [5] => Array
                                (
                                    [id_premio] => 4
                                    [descrizione] => Auricolare senza fili
                                    [produttore] => Sony
                                    [id_fascia] => 2
                                )

                        )

                    [+1500 Euro] => Array
                        (
                            [0] => Array
                                (
                                    [id_premio] => 12
                                    [descrizione] => Rasoio per uomo
                                    [produttore] => Braun
                                    [id_fascia] => 3
                                )

                            [1] => Array
                                (
                                    [id_premio] => 14
                                    [descrizione] => Manpower - 10 ore di collaborazione domestica a scelta
                                    [produttore] => CartaOra
                                    [id_fascia] => 3
                                )

                            [2] => Array
                                (
                                    [id_premio] => 9
                                    [descrizione] => Orologio analogico fitness band Vivomove
                                    [produttore] => Garmin
                                    [id_fascia] => 3
                                )

                            [3] => Array
                                (
                                    [id_premio] => 11
                                    [descrizione] => Friggitrice airfryer
                                    [produttore] => Philips
                                    [id_fascia] => 3
                                )

                            [4] => Array
                                (
                                    [id_premio] => 13
                                    [descrizione] => Trolley spinner 55/20 Neopulse
                                    [produttore] => Samsonite
                                    [id_fascia] => 3
                                )

                            [5] => Array
                                (
                                    [id_premio] => 10
                                    [descrizione] => SOGGIORNI E SAPORI D'ITALIA
                                    [produttore] => SmartBox
                                    [id_fascia] => 3
                                )

                        )

                    [+ 3000 Euro] => Array
                        (
                            [0] => Array
                                (
                                    [id_premio] => 16
                                    [descrizione] => AirPort Time Capsule - 2TB
                                    [produttore] => Apple
                                    [id_fascia] => 4
                                )

                            [1] => Array
                                (
                                    [id_premio] => 18
                                    [descrizione] => Robot aspirapolvere Roomba 616
                                    [produttore] => Irobot
                                    [id_fascia] => 4
                                )

                            [2] => Array
                                (
                                    [id_premio] => 20
                                    [descrizione] => Robot multifunzione Kcook
                                    [produttore] => Kenwood
                                    [id_fascia] => 4
                                )

                            [3] => Array
                                (
                                    [id_premio] => 15
                                    [descrizione] => Kitchen Machine
                                    [produttore] => Philips
                                    [id_fascia] => 4
                                )

                            [4] => Array
                                (
                                    [id_premio] => 17
                                    [descrizione] => TV LED 32" Full HD
                                    [produttore] => Samsung
                                    [id_fascia] => 4
                                )

                            [5] => Array
                                (
                                    [id_premio] => 19
                                    [descrizione] => Galaxy Tab A 2016 LTE 10.1
                                    [produttore] => Samsung
                                    [id_fascia] => 4
                                )

                        )

                    [+ 4000 Euro] => Array
                        (
                            [0] => Array
                                (
                                    [id_premio] => 23
                                    [descrizione] => Manpower - 25 ore di collaborazione domestica a scelta
                                    [produttore] => CartaOra
                                    [id_fascia] => 5
                                )

                            [1] => Array
                                (
                                    [id_premio] => 25
                                    [descrizione] => Palestra multifunzione JK Fitness 6097
                                    [produttore] => JK Fitness
                                    [id_fascia] => 5
                                )

                            [2] => Array
                                (
                                    [id_premio] => 22
                                    [descrizione] => Videocamera Gear 360°
                                    [produttore] => Samsung
                                    [id_fascia] => 5
                                )

                            [3] => Array
                                (
                                    [id_premio] => 21
                                    [descrizione] => Galaxy A5 2016
                                    [produttore] => Samsung
                                    [id_fascia] => 5
                                )

                            [4] => Array
                                (
                                    [id_premio] => 26
                                    [descrizione] => TV 40" LED Full HD
                                    [produttore] => Sony
                                    [id_fascia] => 5
                                )

                            [5] => Array
                                (
                                    [id_premio] => 24
                                    [descrizione] => Tablet Xperia Z3 4G 16GB
                                    [produttore] => Sony
                                    [id_fascia] => 5
                                )

                        )

                )

        )

)

2016-09-27T18:17:17+02:00 SessionId :  ClientIP : ::1 [RESTGATEWAY] Array
(
    [timestamp] => 1474993037
    [request] => backend\common\rest\library\Request Object
        (
            [url_elements] => Array
                (
                    [0] => 
                    [1] => waveserijakala
                    [2] => 2
                    [3] => elencopremi
                )

            [verb] => GET
            [parameters] => Array
                (
                )

            [format] => json
            [datetime] => 1474993037
            [httpheaders] => Array
                (
                    [Host] => localhost
                    [Connection] => keep-alive
                    [Upgrade-Insecure-Requests] => 1
                    [User-Agent] => Mozilla/5.0 (Windows NT 10.0; WOW64) AppleWebKit/537.36 (KHTML, like Gecko) Chrome/53.0.2785.116 Safari/537.36
                    [Accept] => text/html,application/xhtml+xml,application/xml;q=0.9,image/webp,*/*;q=0.8
                    [Accept-Encoding] => gzip, deflate, sdch
                    [Accept-Language] => it-IT,it;q=0.8,en-US;q=0.6,en;q=0.4
                )

        )

)

2016-09-27T18:17:17+02:00 SessionId :  ClientIP : ::1 [RESTGATEWAY] Array
(
    [timestamp] => 1474993037
    [result] => Array
        (
            [request_time] => Tue Sep 27 18:17:17 CEST 2016
            [code] => 200
            [response_time] => Tue Sep 27 18:17:17 CEST 2016
            [version_number] => 1
            [status] => success
            [premiwave] => Array
                (
                )

        )

)

2016-09-27T18:18:29+02:00 SessionId :  ClientIP : ::1 [RESTGATEWAY] Array
(
    [timestamp] => 1474993109
    [request] => backend\common\rest\library\Request Object
        (
            [url_elements] => Array
                (
                    [0] => 
                    [1] => waveserijakala
                    [2] => 2
                    [3] => elencopremi
                )

            [verb] => GET
            [parameters] => Array
                (
                )

            [format] => json
            [datetime] => 1474993109
            [httpheaders] => Array
                (
                    [Host] => localhost
                    [Connection] => keep-alive
                    [Cache-Control] => max-age=0
                    [Upgrade-Insecure-Requests] => 1
                    [User-Agent] => Mozilla/5.0 (Windows NT 10.0; WOW64) AppleWebKit/537.36 (KHTML, like Gecko) Chrome/53.0.2785.116 Safari/537.36
                    [Accept] => text/html,application/xhtml+xml,application/xml;q=0.9,image/webp,*/*;q=0.8
                    [Accept-Encoding] => gzip, deflate, sdch
                    [Accept-Language] => it-IT,it;q=0.8,en-US;q=0.6,en;q=0.4
                )

        )

)

2016-09-27T18:18:46+02:00 SessionId :  ClientIP : ::1 [RESTGATEWAY] Array
(
    [timestamp] => 1474993126
    [request] => backend\common\rest\library\Request Object
        (
            [url_elements] => Array
                (
                    [0] => 
                    [1] => waveserijakala
                    [2] => 2
                    [3] => elencopremi
                )

            [verb] => GET
            [parameters] => Array
                (
                )

            [format] => json
            [datetime] => 1474993126
            [httpheaders] => Array
                (
                    [Host] => localhost
                    [Connection] => keep-alive
                    [Cache-Control] => max-age=0
                    [Upgrade-Insecure-Requests] => 1
                    [User-Agent] => Mozilla/5.0 (Windows NT 10.0; WOW64) AppleWebKit/537.36 (KHTML, like Gecko) Chrome/53.0.2785.116 Safari/537.36
                    [Accept] => text/html,application/xhtml+xml,application/xml;q=0.9,image/webp,*/*;q=0.8
                    [Accept-Encoding] => gzip, deflate, sdch
                    [Accept-Language] => it-IT,it;q=0.8,en-US;q=0.6,en;q=0.4
                )

        )

)

2016-09-27T18:18:52+02:00 SessionId :  ClientIP : ::1 [RESTGATEWAY] Array
(
    [timestamp] => 1474993132
    [request] => backend\common\rest\library\Request Object
        (
            [url_elements] => Array
                (
                    [0] => 
                    [1] => waveserijakala
                    [2] => 2
                    [3] => elencopremi
                )

            [verb] => GET
            [parameters] => Array
                (
                )

            [format] => json
            [datetime] => 1474993132
            [httpheaders] => Array
                (
                    [Host] => localhost
                    [Connection] => keep-alive
                    [Cache-Control] => max-age=0
                    [Upgrade-Insecure-Requests] => 1
                    [User-Agent] => Mozilla/5.0 (Windows NT 10.0; WOW64) AppleWebKit/537.36 (KHTML, like Gecko) Chrome/53.0.2785.116 Safari/537.36
                    [Accept] => text/html,application/xhtml+xml,application/xml;q=0.9,image/webp,*/*;q=0.8
                    [Accept-Encoding] => gzip, deflate, sdch
                    [Accept-Language] => it-IT,it;q=0.8,en-US;q=0.6,en;q=0.4
                )

        )

)

2016-09-27T18:18:52+02:00 SessionId :  ClientIP : ::1 [RESTGATEWAY] Array
(
    [timestamp] => 1474993132
    [result] => Array
        (
            [request_time] => Tue Sep 27 18:18:52 CEST 2016
            [code] => 200
            [response_time] => Tue Sep 27 18:18:52 CEST 2016
            [version_number] => 1
            [status] => success
            [premiwave] => Array
                (
                    [1] => Array
                        (
                            [0] => Array
                                (
                                    [id_premio] => 27
                                    [descrizione] => Prova
                                    [produttore] => Prova
                                    [id_livello_punti] => 6
                                )

                        )

                )

        )

)

2016-09-27T18:26:16+02:00 SessionId :  ClientIP : ::1 [RESTGATEWAY] Array
(
    [timestamp] => 1474993576
    [request] => backend\common\rest\library\Request Object
        (
            [url_elements] => Array
                (
                    [0] => 
                    [1] => waveserijakala
                    [2] => 2
                    [3] => elencopremi
                )

            [verb] => GET
            [parameters] => Array
                (
                )

            [format] => json
            [datetime] => 1474993576
            [httpheaders] => Array
                (
                    [Host] => localhost
                    [Connection] => keep-alive
                    [Cache-Control] => max-age=0
                    [Upgrade-Insecure-Requests] => 1
                    [User-Agent] => Mozilla/5.0 (Windows NT 10.0; WOW64) AppleWebKit/537.36 (KHTML, like Gecko) Chrome/53.0.2785.116 Safari/537.36
                    [Accept] => text/html,application/xhtml+xml,application/xml;q=0.9,image/webp,*/*;q=0.8
                    [Accept-Encoding] => gzip, deflate, sdch
                    [Accept-Language] => it-IT,it;q=0.8,en-US;q=0.6,en;q=0.4
                )

        )

)

2016-09-27T18:26:16+02:00 SessionId :  ClientIP : ::1 [RESTGATEWAY] Array
(
    [timestamp] => 1474993576
    [result] => Array
        (
            [request_time] => Tue Sep 27 18:26:16 CEST 2016
            [code] => 200
            [response_time] => Tue Sep 27 18:26:16 CEST 2016
            [version_number] => 1
            [status] => success
            [premiwave] => Array
                (
                    [1] => Array
                        (
                            [0] => Array
                                (
                                    [id_premio] => 27
                                    [descrizione] => Prova
                                    [produttore] => Prova
                                    [id_livello_punti] => 6
                                )

                        )

                )

        )

)

