2016-06-27T15:27:26+02:00 SessionId :  ClientIP : ::1 [RESTGATEWAY] Array
(
    [timestamp] => 1467034046
    [request] => backend\common\rest\library\Request Object
        (
            [url_elements] => Array
                (
                    [0] => 
                    [1] => rilevazione
                    [2] => 1
                    [3] => 4
                )

            [verb] => GET
            [parameters] => Array
                (
                )

            [format] => json
            [datetime] => 1467034046
            [httpheaders] => Array
                (
                    [Host] => localhost
                    [Connection] => keep-alive
                    [Cache-Control] => max-age=0
                    [Upgrade-Insecure-Requests] => 1
                    [User-Agent] => Mozilla/5.0 (Windows NT 10.0; WOW64) AppleWebKit/537.36 (KHTML, like Gecko) Chrome/51.0.2704.103 Safari/537.36
                    [Accept] => text/html,application/xhtml+xml,application/xml;q=0.9,image/webp,*/*;q=0.8
                    [Accept-Encoding] => gzip, deflate, sdch
                    [Accept-Language] => it-IT,it;q=0.8,en-US;q=0.6,en;q=0.4
                )

        )

)

2016-06-27T15:27:26+02:00 SessionId :  ClientIP : ::1 [RESTGATEWAY] Array
(
    [timestamp] => 1467034046
    [result] => Array
        (
            [request_time] => Mon Jun 27 15:27:26 CEST 2016
            [code] => 200
            [response_time] => Mon Jun 27 15:27:26 CEST 2016
            [status] => success
            [rilevazione] => Array
                (
                    [0] => Array
                        (
                            [id_rilevazione] => 4
                            [id_scheda_rilevazione] => 1
                            [id_cliente] => 1
                            [nomecliente] => ANGELINI ALESSANDRO
                            [id_utente] => 1
                            [username] => user9002
                            [id_dati_prodotto] => 13
                            [id_famiglia_prodotto] => 12
                            [famiglia_prodotto] => PANCETTA
                            [data_inizio_validita] => 2015-04-01 00:00:00
                            [data_fine_validita] => 2016-12-31 00:00:00
                            [data_creazione_scheda] => 2016-06-20 16:57:53
                            [data_ultimo_aggiornamento_scheda] => 2016-06-27 12:16:03
                            [prezzo_prodotto] => 112.00
                            [ordine_prodotto] => 0
                            [prodotto_in_promozione] => 1
                            [prodotto_top_seller] => 1
                            [id_concorrente] => 1
                            [id_tipo_prodotto] => 328
                            [desc_tipo_prodotto] => ARROSTI POLLO
                            [id_tipo_prodotto_rovagnati] => 328
                            [desc_tipo_prodotto_rovagnati] => ARROSTI POLLO
                        )

                )

        )

)

2016-06-27T15:30:53+02:00 SessionId :  ClientIP : ::1 [RESTGATEWAY] Array
(
    [timestamp] => 1467034253
    [request] => backend\common\rest\library\Request Object
        (
            [url_elements] => Array
                (
                    [0] => 
                    [1] => rilevazione
                    [2] => 1
                    [3] => 4
                )

            [verb] => GET
            [parameters] => Array
                (
                )

            [format] => json
            [datetime] => 1467034253
            [httpheaders] => Array
                (
                    [Host] => localhost
                    [Connection] => keep-alive
                    [Cache-Control] => max-age=0
                    [Upgrade-Insecure-Requests] => 1
                    [User-Agent] => Mozilla/5.0 (Windows NT 10.0; WOW64) AppleWebKit/537.36 (KHTML, like Gecko) Chrome/51.0.2704.103 Safari/537.36
                    [Accept] => text/html,application/xhtml+xml,application/xml;q=0.9,image/webp,*/*;q=0.8
                    [Accept-Encoding] => gzip, deflate, sdch
                    [Accept-Language] => it-IT,it;q=0.8,en-US;q=0.6,en;q=0.4
                )

        )

)

2016-06-27T15:30:53+02:00 SessionId :  ClientIP : ::1 [RESTGATEWAY] Array
(
    [timestamp] => 1467034253
    [result] => Array
        (
            [request_time] => Mon Jun 27 15:30:53 CEST 2016
            [code] => 200
            [response_time] => Mon Jun 27 15:30:53 CEST 2016
            [status] => success
            [rilevazione] => Array
                (
                    [0] => Array
                        (
                            [id_rilevazione] => 4
                            [id_scheda_rilevazione] => 1
                            [id_cliente] => 1
                            [nomecliente] => ANGELINI ALESSANDRO
                            [id_utente] => 1
                            [username] => user9002
                            [id_dati_prodotto] => 13
                            [id_famiglia_prodotto] => 12
                            [famiglia_prodotto] => PANCETTA
                            [data_inizio_validita] => 2015-04-01 00:00:00
                            [data_fine_validita] => 2016-12-31 00:00:00
                            [data_creazione_scheda] => 2016-06-20 16:57:53
                            [data_ultimo_aggiornamento_scheda] => 2016-06-27 12:16:03
                            [prezzo_prodotto] => 112.00
                            [ordine_prodotto] => 0
                            [prodotto_in_promozione] => 1
                            [prodotto_top_seller] => 1
                            [id_concorrente] => 1
                            [id_tipo_prodotto] => 328
                            [desc_tipo_prodotto] => ARROSTI POLLO
                            [id_tipo_prodotto_rovagnati] => 328
                            [desc_tipo_prodotto_rovagnati] => ARROSTI POLLO
                        )

                )

        )

)

2016-06-27T15:44:16+02:00 SessionId :  ClientIP : ::1 [RESTGATEWAY] Array
(
    [timestamp] => 1467035056
    [request] => backend\common\rest\library\Request Object
        (
            [url_elements] => Array
                (
                    [0] => 
                    [1] => rilevazione
                    [2] => :id_cliente
                    [3] => :id_rilevazione
                )

            [verb] => GET
            [parameters] => Array
                (
                )

            [format] => json
            [datetime] => 1467035056
            [httpheaders] => Array
                (
                    [Host] => localhost
                    [Connection] => keep-alive
                    [Upgrade-Insecure-Requests] => 1
                    [User-Agent] => Mozilla/5.0 (Windows NT 10.0; WOW64) AppleWebKit/537.36 (KHTML, like Gecko) Chrome/51.0.2704.103 Safari/537.36
                    [Accept] => text/html,application/xhtml+xml,application/xml;q=0.9,image/webp,*/*;q=0.8
                    [Accept-Encoding] => gzip, deflate, sdch
                    [Accept-Language] => it-IT,it;q=0.8,en-US;q=0.6,en;q=0.4
                )

        )

)

2016-06-27T15:44:16+02:00 SessionId :  ClientIP : ::1 [RESTGATEWAY] Array
(
    [timestamp] => 1467035056
    [result] => Array
        (
            [request_time] => Mon Jun 27 15:44:16 CEST 2016
            [code] => 404
            [response_time] => Mon Jun 27 15:44:16 CEST 2016
            [status] => fail
            [message] => nessuna rilevazione attiva
            [error] => NO_DATA
        )

)

2016-06-27T15:44:23+02:00 SessionId :  ClientIP : ::1 [RESTGATEWAY] Array
(
    [timestamp] => 1467035063
    [request] => backend\common\rest\library\Request Object
        (
            [url_elements] => Array
                (
                    [0] => 
                    [1] => rilevazione
                    [2] => 1
                    [3] => 4
                )

            [verb] => GET
            [parameters] => Array
                (
                )

            [format] => json
            [datetime] => 1467035063
            [httpheaders] => Array
                (
                    [Host] => localhost
                    [Connection] => keep-alive
                    [Upgrade-Insecure-Requests] => 1
                    [User-Agent] => Mozilla/5.0 (Windows NT 10.0; WOW64) AppleWebKit/537.36 (KHTML, like Gecko) Chrome/51.0.2704.103 Safari/537.36
                    [Accept] => text/html,application/xhtml+xml,application/xml;q=0.9,image/webp,*/*;q=0.8
                    [Accept-Encoding] => gzip, deflate, sdch
                    [Accept-Language] => it-IT,it;q=0.8,en-US;q=0.6,en;q=0.4
                )

        )

)

2016-06-27T15:44:23+02:00 SessionId :  ClientIP : ::1 [RESTGATEWAY] Array
(
    [timestamp] => 1467035063
    [result] => Array
        (
            [request_time] => Mon Jun 27 15:44:23 CEST 2016
            [code] => 200
            [response_time] => Mon Jun 27 15:44:23 CEST 2016
            [status] => success
            [rilevazione] => Array
                (
                    [0] => Array
                        (
                            [id_rilevazione] => 4
                            [id_scheda_rilevazione] => 1
                            [id_cliente] => 1
                            [nomecliente] => ANGELINI ALESSANDRO
                            [id_utente] => 1
                            [username] => user9002
                            [id_dati_prodotto] => 13
                            [id_famiglia_prodotto] => 12
                            [famiglia_prodotto] => PANCETTA
                            [data_inizio_validita] => 2015-04-01 00:00:00
                            [data_fine_validita] => 2016-12-31 00:00:00
                            [data_creazione_scheda] => 2016-06-20 16:57:53
                            [data_ultimo_aggiornamento_scheda] => 2016-06-27 12:16:03
                            [prezzo_prodotto] => 112.00
                            [ordine_prodotto] => 0
                            [prodotto_in_promozione] => 1
                            [prodotto_top_seller] => 1
                            [id_concorrente] => 1
                            [id_tipo_prodotto] => 328
                            [desc_tipo_prodotto] => ARROSTI POLLO
                            [id_tipo_prodotto_rovagnati] => 328
                            [desc_tipo_prodotto_rovagnati] => ARROSTI POLLO
                        )

                )

        )

)

2016-06-27T15:53:56+02:00 SessionId :  ClientIP : ::1 [RESTGATEWAY] Array
(
    [timestamp] => 1467035636
    [request] => backend\common\rest\library\Request Object
        (
            [url_elements] => Array
                (
                    [0] => 
                    [1] => rilevazione
                    [2] => 
                )

            [verb] => GET
            [parameters] => Array
                (
                )

            [format] => json
            [datetime] => 1467035636
            [httpheaders] => Array
                (
                    [Host] => localhost
                    [Connection] => keep-alive
                    [Upgrade-Insecure-Requests] => 1
                    [User-Agent] => Mozilla/5.0 (Windows NT 10.0; WOW64) AppleWebKit/537.36 (KHTML, like Gecko) Chrome/51.0.2704.103 Safari/537.36
                    [Accept] => text/html,application/xhtml+xml,application/xml;q=0.9,image/webp,*/*;q=0.8
                    [Accept-Encoding] => gzip, deflate, sdch
                    [Accept-Language] => it-IT,it;q=0.8,en-US;q=0.6,en;q=0.4
                )

        )

)

2016-06-27T15:53:56+02:00 SessionId :  ClientIP : ::1 [RESTGATEWAY] Array
(
    [timestamp] => 1467035636
    [result] => 
)

2016-06-27T15:53:59+02:00 SessionId :  ClientIP : ::1 [RESTGATEWAY] Array
(
    [timestamp] => 1467035639
    [request] => backend\common\rest\library\Request Object
        (
            [url_elements] => Array
                (
                    [0] => 
                    [1] => rilevazione
                )

            [verb] => GET
            [parameters] => Array
                (
                )

            [format] => json
            [datetime] => 1467035639
            [httpheaders] => Array
                (
                    [Host] => localhost
                    [Connection] => keep-alive
                    [Upgrade-Insecure-Requests] => 1
                    [User-Agent] => Mozilla/5.0 (Windows NT 10.0; WOW64) AppleWebKit/537.36 (KHTML, like Gecko) Chrome/51.0.2704.103 Safari/537.36
                    [Accept] => text/html,application/xhtml+xml,application/xml;q=0.9,image/webp,*/*;q=0.8
                    [Accept-Encoding] => gzip, deflate, sdch
                    [Accept-Language] => it-IT,it;q=0.8,en-US;q=0.6,en;q=0.4
                )

        )

)

2016-06-27T15:53:59+02:00 SessionId :  ClientIP : ::1 [RESTGATEWAY] Array
(
    [timestamp] => 1467035639
    [result] => Array
        (
            [request_time] => Mon Jun 27 15:53:59 CEST 2016
            [code] => 400
        )

)

2016-06-27T15:54:10+02:00 SessionId :  ClientIP : ::1 [RESTGATEWAY] Array
(
    [timestamp] => 1467035650
    [request] => backend\common\rest\library\Request Object
        (
            [url_elements] => Array
                (
                    [0] => 
                    [1] => rilevazione
                    [2] => 1
                )

            [verb] => GET
            [parameters] => Array
                (
                )

            [format] => json
            [datetime] => 1467035650
            [httpheaders] => Array
                (
                    [Host] => localhost
                    [Connection] => keep-alive
                    [Upgrade-Insecure-Requests] => 1
                    [User-Agent] => Mozilla/5.0 (Windows NT 10.0; WOW64) AppleWebKit/537.36 (KHTML, like Gecko) Chrome/51.0.2704.103 Safari/537.36
                    [Accept] => text/html,application/xhtml+xml,application/xml;q=0.9,image/webp,*/*;q=0.8
                    [Accept-Encoding] => gzip, deflate, sdch
                    [Accept-Language] => it-IT,it;q=0.8,en-US;q=0.6,en;q=0.4
                )

        )

)

2016-06-27T15:54:10+02:00 SessionId :  ClientIP : ::1 [RESTGATEWAY] Array
(
    [timestamp] => 1467035650
    [result] => 
)

2016-06-27T15:54:24+02:00 SessionId :  ClientIP : ::1 [RESTGATEWAY] Array
(
    [timestamp] => 1467035664
    [request] => backend\common\rest\library\Request Object
        (
            [url_elements] => Array
                (
                    [0] => 
                    [1] => rilevazionecorrente
                )

            [verb] => GET
            [parameters] => Array
                (
                )

            [format] => json
            [datetime] => 1467035664
            [httpheaders] => Array
                (
                    [Host] => localhost
                    [Connection] => keep-alive
                    [Upgrade-Insecure-Requests] => 1
                    [User-Agent] => Mozilla/5.0 (Windows NT 10.0; WOW64) AppleWebKit/537.36 (KHTML, like Gecko) Chrome/51.0.2704.103 Safari/537.36
                    [Accept] => text/html,application/xhtml+xml,application/xml;q=0.9,image/webp,*/*;q=0.8
                    [Accept-Encoding] => gzip, deflate, sdch
                    [Accept-Language] => it-IT,it;q=0.8,en-US;q=0.6,en;q=0.4
                )

        )

)

2016-06-27T15:54:24+02:00 SessionId :  ClientIP : ::1 [RESTGATEWAY] Array
(
    [timestamp] => 1467035664
    [result] => Array
        (
            [request_time] => Mon Jun 27 15:54:24 CEST 2016
            [status] => fail
            [message] => Bad Request
        )

)

2016-06-27T15:54:29+02:00 SessionId :  ClientIP : ::1 [RESTGATEWAY] Array
(
    [timestamp] => 1467035669
    [request] => backend\common\rest\library\Request Object
        (
            [url_elements] => Array
                (
                    [0] => 
                    [1] => rilevazionecorrente
                    [2] => 
                )

            [verb] => GET
            [parameters] => Array
                (
                )

            [format] => json
            [datetime] => 1467035669
            [httpheaders] => Array
                (
                    [Host] => localhost
                    [Connection] => keep-alive
                    [Upgrade-Insecure-Requests] => 1
                    [User-Agent] => Mozilla/5.0 (Windows NT 10.0; WOW64) AppleWebKit/537.36 (KHTML, like Gecko) Chrome/51.0.2704.103 Safari/537.36
                    [Accept] => text/html,application/xhtml+xml,application/xml;q=0.9,image/webp,*/*;q=0.8
                    [Accept-Encoding] => gzip, deflate, sdch
                    [Accept-Language] => it-IT,it;q=0.8,en-US;q=0.6,en;q=0.4
                )

        )

)

2016-06-27T15:54:29+02:00 SessionId :  ClientIP : ::1 [RESTGATEWAY] Array
(
    [timestamp] => 1467035669
    [result] => Array
        (
            [request_time] => Mon Jun 27 15:54:29 CEST 2016
            [status] => fail
            [message] => Bad Request
        )

)

2016-06-27T15:54:38+02:00 SessionId :  ClientIP : ::1 [RESTGATEWAY] Array
(
    [timestamp] => 1467035678
    [request] => backend\common\rest\library\Request Object
        (
            [url_elements] => Array
                (
                    [0] => 
                    [1] => rilevazionecorrente
                    [2] => 
                )

            [verb] => GET
            [parameters] => Array
                (
                )

            [format] => json
            [datetime] => 1467035678
            [httpheaders] => Array
                (
                    [Host] => localhost
                    [Connection] => keep-alive
                    [Cache-Control] => max-age=0
                    [Upgrade-Insecure-Requests] => 1
                    [User-Agent] => Mozilla/5.0 (Windows NT 10.0; WOW64) AppleWebKit/537.36 (KHTML, like Gecko) Chrome/51.0.2704.103 Safari/537.36
                    [Accept] => text/html,application/xhtml+xml,application/xml;q=0.9,image/webp,*/*;q=0.8
                    [Accept-Encoding] => gzip, deflate, sdch
                    [Accept-Language] => it-IT,it;q=0.8,en-US;q=0.6,en;q=0.4
                )

        )

)

2016-06-27T15:54:38+02:00 SessionId :  ClientIP : ::1 [RESTGATEWAY] Array
(
    [timestamp] => 1467035678
    [result] => Array
        (
            [request_time] => Mon Jun 27 15:54:38 CEST 2016
            [status] => fail
            [message] => Bad Request
        )

)

2016-06-27T15:55:15+02:00 SessionId :  ClientIP : ::1 [RESTGATEWAY] Array
(
    [timestamp] => 1467035715
    [request] => backend\common\rest\library\Request Object
        (
            [url_elements] => Array
                (
                    [0] => 
                    [1] => rilevazione
                    [2] => rilevazionecorrente
                    [3] => 
                )

            [verb] => GET
            [parameters] => Array
                (
                )

            [format] => json
            [datetime] => 1467035715
            [httpheaders] => Array
                (
                    [Host] => localhost
                    [Connection] => keep-alive
                    [Upgrade-Insecure-Requests] => 1
                    [User-Agent] => Mozilla/5.0 (Windows NT 10.0; WOW64) AppleWebKit/537.36 (KHTML, like Gecko) Chrome/51.0.2704.103 Safari/537.36
                    [Accept] => text/html,application/xhtml+xml,application/xml;q=0.9,image/webp,*/*;q=0.8
                    [Accept-Encoding] => gzip, deflate, sdch
                    [Accept-Language] => it-IT,it;q=0.8,en-US;q=0.6,en;q=0.4
                )

        )

)

2016-06-27T15:55:15+02:00 SessionId :  ClientIP : ::1 [RESTGATEWAY] Array
(
    [timestamp] => 1467035715
    [result] => Array
        (
            [request_time] => Mon Jun 27 15:55:15 CEST 2016
            [code] => 200
            [response_time] => Mon Jun 27 15:55:15 CEST 2016
            [status] => success
            [rilevazione] => Array
                (
                    [id] => 4
                    [data_inizio] => 2015-04-01 00:00:00
                    [data_fine] => 2016-12-31 00:00:00
                    [id_famiglia] => 12
                    [descrizione_famiglia] => PANCETTA
                )

        )

)

2016-06-27T16:01:41+02:00 SessionId :  ClientIP : ::1 [RESTGATEWAY] Array
(
    [timestamp] => 1467036101
    [request] => backend\common\rest\library\Request Object
        (
            [url_elements] => Array
                (
                    [0] => 
                    [1] => rilevazione
                    [2] => 1
                    [3] => 39
                )

            [verb] => GET
            [parameters] => Array
                (
                )

            [format] => json
            [datetime] => 1467036101
            [httpheaders] => Array
                (
                    [Host] => localhost
                    [Connection] => keep-alive
                    [Upgrade-Insecure-Requests] => 1
                    [User-Agent] => Mozilla/5.0 (Windows NT 10.0; WOW64) AppleWebKit/537.36 (KHTML, like Gecko) Chrome/51.0.2704.103 Safari/537.36
                    [Accept] => text/html,application/xhtml+xml,application/xml;q=0.9,image/webp,*/*;q=0.8
                    [Accept-Encoding] => gzip, deflate, sdch
                    [Accept-Language] => it-IT,it;q=0.8,en-US;q=0.6,en;q=0.4
                )

        )

)

2016-06-27T16:01:41+02:00 SessionId :  ClientIP : ::1 [RESTGATEWAY] Array
(
    [timestamp] => 1467036101
    [result] => Array
        (
            [request_time] => Mon Jun 27 16:01:41 CEST 2016
            [code] => 404
            [response_time] => Mon Jun 27 16:01:41 CEST 2016
            [status] => fail
            [message] => nessuna rilevazione attiva
            [error] => NO_DATA
        )

)

2016-06-27T16:01:44+02:00 SessionId :  ClientIP : ::1 [RESTGATEWAY] Array
(
    [timestamp] => 1467036104
    [request] => backend\common\rest\library\Request Object
        (
            [url_elements] => Array
                (
                    [0] => 
                    [1] => rilevazione
                    [2] => 1
                    [3] => 4
                )

            [verb] => GET
            [parameters] => Array
                (
                )

            [format] => json
            [datetime] => 1467036104
            [httpheaders] => Array
                (
                    [Host] => localhost
                    [Connection] => keep-alive
                    [Upgrade-Insecure-Requests] => 1
                    [User-Agent] => Mozilla/5.0 (Windows NT 10.0; WOW64) AppleWebKit/537.36 (KHTML, like Gecko) Chrome/51.0.2704.103 Safari/537.36
                    [Accept] => text/html,application/xhtml+xml,application/xml;q=0.9,image/webp,*/*;q=0.8
                    [Accept-Encoding] => gzip, deflate, sdch
                    [Accept-Language] => it-IT,it;q=0.8,en-US;q=0.6,en;q=0.4
                )

        )

)

2016-06-27T16:01:44+02:00 SessionId :  ClientIP : ::1 [RESTGATEWAY] Array
(
    [timestamp] => 1467036104
    [result] => Array
        (
            [request_time] => Mon Jun 27 16:01:44 CEST 2016
            [code] => 200
            [response_time] => Mon Jun 27 16:01:44 CEST 2016
            [status] => success
            [rilevazione] => Array
                (
                    [0] => Array
                        (
                            [id_rilevazione] => 4
                            [id_scheda_rilevazione] => 1
                            [id_cliente] => 1
                            [nomecliente] => ANGELINI ALESSANDRO
                            [id_utente] => 1
                            [username] => user9002
                            [id_dati_prodotto] => 13
                            [id_famiglia_prodotto] => 12
                            [famiglia_prodotto] => PANCETTA
                            [data_inizio_validita] => 2015-04-01 00:00:00
                            [data_fine_validita] => 2016-12-31 00:00:00
                            [data_creazione_scheda] => 2016-06-20 16:57:53
                            [data_ultimo_aggiornamento_scheda] => 2016-06-27 12:16:03
                            [prezzo_prodotto] => 112.00
                            [ordine_prodotto] => 0
                            [prodotto_in_promozione] => 1
                            [prodotto_top_seller] => 1
                            [id_concorrente] => 1
                            [id_tipo_prodotto] => 328
                            [desc_tipo_prodotto] => ARROSTI POLLO
                            [id_tipo_prodotto_rovagnati] => 328
                            [desc_tipo_prodotto_rovagnati] => ARROSTI POLLO
                        )

                )

        )

)

2016-06-27T16:09:36+02:00 SessionId :  ClientIP : ::1 [RESTGATEWAY] Array
(
    [timestamp] => 1467036576
    [request] => backend\common\rest\library\Request Object
        (
            [url_elements] => Array
                (
                    [0] => 
                    [1] => rilevazione
                    [2] => 2
                    [3] => 4
                )

            [verb] => GET
            [parameters] => Array
                (
                )

            [format] => json
            [datetime] => 1467036576
            [httpheaders] => Array
                (
                    [Host] => localhost
                    [Connection] => keep-alive
                    [Upgrade-Insecure-Requests] => 1
                    [User-Agent] => Mozilla/5.0 (Windows NT 10.0; WOW64) AppleWebKit/537.36 (KHTML, like Gecko) Chrome/51.0.2704.103 Safari/537.36
                    [Accept] => text/html,application/xhtml+xml,application/xml;q=0.9,image/webp,*/*;q=0.8
                    [Accept-Encoding] => gzip, deflate, sdch
                    [Accept-Language] => it-IT,it;q=0.8,en-US;q=0.6,en;q=0.4
                )

        )

)

2016-06-27T16:09:36+02:00 SessionId :  ClientIP : ::1 [RESTGATEWAY] Array
(
    [timestamp] => 1467036576
    [result] => Array
        (
            [request_time] => Mon Jun 27 16:09:36 CEST 2016
            [code] => 200
            [response_time] => Mon Jun 27 16:09:36 CEST 2016
            [status] => success
            [rilevazione] => Array
                (
                    [0] => Array
                        (
                            [id_rilevazione] => 4
                            [id_scheda_rilevazione] => 3
                            [id_cliente] => 2
                            [nomecliente] => BENTIVOGLIO ANDREA
                            [id_utente] => 1
                            [username] => user9002
                            [id_dati_prodotto] => 9
                            [id_famiglia_prodotto] => 12
                            [famiglia_prodotto] => PANCETTA
                            [data_inizio_validita] => 2015-04-01 00:00:00
                            [data_fine_validita] => 2016-12-31 00:00:00
                            [data_creazione_scheda] => 2016-06-20 17:22:06
                            [data_ultimo_aggiornamento_scheda] => 2016-06-20 17:27:44
                            [prezzo_prodotto] => 2122.00
                            [ordine_prodotto] => 0
                            [prodotto_in_promozione] => 1
                            [prodotto_top_seller] => 1
                            [id_concorrente] => 1
                            [id_tipo_prodotto] => 340
                            [desc_tipo_prodotto] => LISCIO
                            [id_tipo_prodotto_rovagnati] => 
                            [desc_tipo_prodotto_rovagnati] => 
                        )

                )

        )

)

2016-06-27T16:09:43+02:00 SessionId :  ClientIP : ::1 [RESTGATEWAY] Array
(
    [timestamp] => 1467036583
    [request] => backend\common\rest\library\Request Object
        (
            [url_elements] => Array
                (
                    [0] => 
                    [1] => rilevazione
                    [2] => 1
                    [3] => 4
                )

            [verb] => GET
            [parameters] => Array
                (
                )

            [format] => json
            [datetime] => 1467036583
            [httpheaders] => Array
                (
                    [Host] => localhost
                    [Connection] => keep-alive
                    [Upgrade-Insecure-Requests] => 1
                    [User-Agent] => Mozilla/5.0 (Windows NT 10.0; WOW64) AppleWebKit/537.36 (KHTML, like Gecko) Chrome/51.0.2704.103 Safari/537.36
                    [Accept] => text/html,application/xhtml+xml,application/xml;q=0.9,image/webp,*/*;q=0.8
                    [Accept-Encoding] => gzip, deflate, sdch
                    [Accept-Language] => it-IT,it;q=0.8,en-US;q=0.6,en;q=0.4
                )

        )

)

2016-06-27T16:09:43+02:00 SessionId :  ClientIP : ::1 [RESTGATEWAY] Array
(
    [timestamp] => 1467036583
    [result] => Array
        (
            [request_time] => Mon Jun 27 16:09:43 CEST 2016
            [code] => 200
            [response_time] => Mon Jun 27 16:09:43 CEST 2016
            [status] => success
            [rilevazione] => Array
                (
                    [0] => Array
                        (
                            [id_rilevazione] => 4
                            [id_scheda_rilevazione] => 1
                            [id_cliente] => 1
                            [nomecliente] => ANGELINI ALESSANDRO
                            [id_utente] => 1
                            [username] => user9002
                            [id_dati_prodotto] => 13
                            [id_famiglia_prodotto] => 12
                            [famiglia_prodotto] => PANCETTA
                            [data_inizio_validita] => 2015-04-01 00:00:00
                            [data_fine_validita] => 2016-12-31 00:00:00
                            [data_creazione_scheda] => 2016-06-20 16:57:53
                            [data_ultimo_aggiornamento_scheda] => 2016-06-27 12:16:03
                            [prezzo_prodotto] => 112.00
                            [ordine_prodotto] => 0
                            [prodotto_in_promozione] => 1
                            [prodotto_top_seller] => 1
                            [id_concorrente] => 1
                            [id_tipo_prodotto] => 328
                            [desc_tipo_prodotto] => ARROSTI POLLO
                            [id_tipo_prodotto_rovagnati] => 328
                            [desc_tipo_prodotto_rovagnati] => ARROSTI POLLO
                        )

                )

        )

)

