2016-11-24T10:20:45+01:00 SessionId :  ClientIP : ::1 [RESTGATEWAY] Array
(
    [timestamp] => 1479979244
    [request] => backend\common\rest\library\Request Object
        (
            [url_elements] => Array
                (
                    [0] => 
                    [1] => cliente
                    [2] => 505100
                )

            [verb] => GET
            [parameters] => Array
                (
                )

            [format] => json
            [datetime] => 1479979244
            [httpheaders] => Array
                (
                    [Host] => localhost
                    [Connection] => keep-alive
                    [Upgrade-Insecure-Requests] => 1
                    [User-Agent] => Mozilla/5.0 (Windows NT 10.0; WOW64) AppleWebKit/537.36 (KHTML, like Gecko) Chrome/54.0.2840.99 Safari/537.36
                    [Accept] => text/html,application/xhtml+xml,application/xml;q=0.9,image/webp,*/*;q=0.8
                    [Accept-Encoding] => gzip, deflate, sdch, br
                    [Accept-Language] => it-IT,it;q=0.8,en-US;q=0.6,en;q=0.4
                )

        )

)

2016-11-24T10:20:52+01:00 SessionId :  ClientIP : ::1 [RESTGATEWAY] Array
(
    [timestamp] => 1479979252
    [request] => backend\common\rest\library\Request Object
        (
            [url_elements] => Array
                (
                    [0] => 
                    [1] => cliente
                    [2] => 505100
                )

            [verb] => GET
            [parameters] => Array
                (
                )

            [format] => json
            [datetime] => 1479979252
            [httpheaders] => Array
                (
                    [Host] => localhost
                    [Connection] => keep-alive
                    [Cache-Control] => max-age=0
                    [Upgrade-Insecure-Requests] => 1
                    [User-Agent] => Mozilla/5.0 (Windows NT 10.0; WOW64) AppleWebKit/537.36 (KHTML, like Gecko) Chrome/54.0.2840.99 Safari/537.36
                    [Accept] => text/html,application/xhtml+xml,application/xml;q=0.9,image/webp,*/*;q=0.8
                    [Accept-Encoding] => gzip, deflate, sdch, br
                    [Accept-Language] => it-IT,it;q=0.8,en-US;q=0.6,en;q=0.4
                )

        )

)

2016-11-24T10:20:52+01:00 SessionId :  ClientIP : ::1 [RESTGATEWAY] Array
(
    [timestamp] => 1479979252
    [result] => Array
        (
            [request_time] => Thu Nov 24 10:20:52 CET 2016
            [code] => 200
            [response_time] => Thu Nov 24 10:20:52 CET 2016
            [version_number] => 1
            [status] => success
            [profilocliente] => Array
                (
                    [0] => Array
                        (
                            [id] => 505100
                            [cod_cli] => 91
                            [rag_sociale] => ROVAGNATI SPA c/o STEF BENELUX
                            [cod_cf] => 91
                            [desc_cf] => ROVAGNATI SPA c/o STEF BENELUX
                            [cod_centrale] => 993
                            [desc_centrale] => GRUPPO CLIENTI INFRAGRUPPO
                            [cod_gruppo] => 993
                            [desc_gruppo] => GRUPPO CLIENTI INFRAGRUPPO
                            [sotto_gruppo] => 993
                            [desc_sottogruppo] => GRUPPO CLIENTI INFRAGRUPPO
                            [ct] => 91
                            [desc_cliente_totale] => ROVAGNATI SPA (BELGIO)
                            [sottocanale] => INT
                            [canale] => INT
                            [macrocanale] => NTR
                            [tipo] => CF
                            [agente] => 9315
                            [nome_agente] => ESTERO
                            [cod_ispettore] => 9362
                            [nome_ispettore] => ZONA ESTERO
                            [cod_capo_area] => 9363
                            [desc_capo_area] => AREA ESTERO
                            [indirizzo] => AVENUE ZENOBE GRANNE 13
                            [cap] => 1480
                            [provincia_nazione] => BEL
                            [nazione] => BE
                            [categoria_merceologica] => AZ
                            [desc_cat_merceologica] => Azienda Alimentare
                            [localita] => SAINTES BELGIUM
                            [latitudine] => 0
                            [longitudine] => 0
                            [id_agente] => 23216
                        )

                )

        )

)

2016-11-24T11:40:55+01:00 SessionId :  ClientIP : ::1 [RESTGATEWAY] Array
(
    [timestamp] => 1479984055
    [request] => backend\common\rest\library\Request Object
        (
            [url_elements] => Array
                (
                    [0] => 
                    [1] => firma
                )

            [verb] => GET
            [parameters] => Array
                (
                )

            [format] => json
            [datetime] => 1479984055
            [httpheaders] => Array
                (
                    [Host] => localhost
                    [Connection] => keep-alive
                    [Cache-Control] => max-age=0
                    [Upgrade-Insecure-Requests] => 1
                    [User-Agent] => Mozilla/5.0 (Windows NT 10.0; WOW64) AppleWebKit/537.36 (KHTML, like Gecko) Chrome/54.0.2840.99 Safari/537.36
                    [Accept] => text/html,application/xhtml+xml,application/xml;q=0.9,image/webp,*/*;q=0.8
                    [Accept-Encoding] => gzip, deflate, sdch, br
                    [Accept-Language] => it-IT,it;q=0.8,en-US;q=0.6,en;q=0.4
                )

        )

)

2016-11-24T11:40:55+01:00 SessionId :  ClientIP : ::1 [RESTGATEWAY] Array
(
    [timestamp] => 1479984055
    [result] => 
)

2016-11-24T11:42:13+01:00 SessionId :  ClientIP : ::1 [RESTGATEWAY] Array
(
    [timestamp] => 1479984133
    [request] => backend\common\rest\library\Request Object
        (
            [url_elements] => Array
                (
                    [0] => 
                    [1] => firma
                )

            [verb] => POST
            [parameters] => Array
                (
                    [files] => Array
                        (
                            [firma_agente] => Array
                                (
                                    [name] => IMG_1229.JPG
                                    [type] => image/jpeg
                                    [tmp_name] => D:\xampp-5.6.3\tmp\php2923.tmp
                                    [error] => 0
                                    [size] => 1955200
                                )

                            [firma_cliente] => Array
                                (
                                    [name] => IMG_1229.JPG
                                    [type] => image/jpeg
                                    [tmp_name] => D:\xampp-5.6.3\tmp\php2943.tmp
                                    [error] => 0
                                    [size] => 1955200
                                )

                        )

                )

            [format] => json
            [datetime] => 1479984133
            [httpheaders] => Array
                (
                    [Host] => localhost
                    [Connection] => keep-alive
                    [Content-Length] => 3910745
                    [Postman-Token] => 66a24771-0f26-7e06-0107-761f89cc6958
                    [Cache-Control] => no-cache
                    [Origin] => chrome-extension://fhbjgbiflinjbdggehcddcbncdddomop
                    [User-Agent] => Mozilla/5.0 (Windows NT 10.0; WOW64) AppleWebKit/537.36 (KHTML, like Gecko) Chrome/54.0.2840.99 Safari/537.36
                    [Content-Type] => multipart/form-data; boundary=----WebKitFormBoundarynI1wUJull2GFAPCN
                    [Accept] => */*
                    [Accept-Encoding] => gzip, deflate, br
                    [Accept-Language] => it-IT,it;q=0.8,en-US;q=0.6,en;q=0.4
                )

        )

)

2016-11-24T11:42:13+01:00 SessionId :  ClientIP : ::1 [RESTGATEWAY] Array
(
    [timestamp] => 1479984133
    [result] => Array
        (
            [request_time] => Thu Nov 24 11:42:13 CET 2016
            [code] => 500
            [response_time] => Thu Nov 24 11:42:13 CET 2016
            [version_number] => 1
            [status] => fail
            [message] => Errore nel caricamento dei file di firma
            [error] => Errore nel caricamento dei file di firma : IMG_1229.JPG ha estensione non ammessa IMG_1229.JPG ha estensione non ammessa
        )

)

2016-11-24T11:42:42+01:00 SessionId :  ClientIP : ::1 [RESTGATEWAY] Array
(
    [timestamp] => 1479984162
    [request] => backend\common\rest\library\Request Object
        (
            [url_elements] => Array
                (
                    [0] => 
                    [1] => firma
                )

            [verb] => POST
            [parameters] => Array
                (
                    [files] => Array
                        (
                            [firma_agente] => Array
                                (
                                    [name] => 21.gif
                                    [type] => image/gif
                                    [tmp_name] => D:\xampp-5.6.3\tmp\php9B77.tmp
                                    [error] => 0
                                    [size] => 938
                                )

                            [firma_cliente] => Array
                                (
                                    [name] => 21.gif
                                    [type] => image/gif
                                    [tmp_name] => D:\xampp-5.6.3\tmp\php9B78.tmp
                                    [error] => 0
                                    [size] => 938
                                )

                        )

                )

            [format] => json
            [datetime] => 1479984162
            [httpheaders] => Array
                (
                    [Host] => localhost
                    [Connection] => keep-alive
                    [Content-Length] => 2207
                    [Postman-Token] => c6e45b21-f06f-0bb3-5562-7e934e979c37
                    [Cache-Control] => no-cache
                    [Origin] => chrome-extension://fhbjgbiflinjbdggehcddcbncdddomop
                    [User-Agent] => Mozilla/5.0 (Windows NT 10.0; WOW64) AppleWebKit/537.36 (KHTML, like Gecko) Chrome/54.0.2840.99 Safari/537.36
                    [Content-Type] => multipart/form-data; boundary=----WebKitFormBoundaryCNLiu7TWMIGNUBlx
                    [Accept] => */*
                    [Accept-Encoding] => gzip, deflate, br
                    [Accept-Language] => it-IT,it;q=0.8,en-US;q=0.6,en;q=0.4
                )

        )

)

2016-11-24T11:42:42+01:00 SessionId :  ClientIP : ::1 [RESTGATEWAY] Array
(
    [timestamp] => 1479984162
    [result] => Array
        (
            [request_time] => Thu Nov 24 11:42:42 CET 2016
            [code] => 500
            [response_time] => Thu Nov 24 11:42:42 CET 2016
            [version_number] => 1
            [status] => fail
            [message] => Errore nel caricamento dei file di firma
            [error] => Errore nel caricamento dei file di firma : 21.gif ha estensione non ammessa 21.gif ha estensione non ammessa
        )

)

2016-11-24T11:43:27+01:00 SessionId :  ClientIP : ::1 [RESTGATEWAY] Array
(
    [timestamp] => 1479984207
    [request] => backend\common\rest\library\Request Object
        (
            [url_elements] => Array
                (
                    [0] => 
                    [1] => firma
                )

            [verb] => POST
            [parameters] => Array
                (
                    [files] => Array
                        (
                            [firma_agente] => Array
                                (
                                    [name] => 21.png
                                    [type] => image/png
                                    [tmp_name] => D:\xampp-5.6.3\tmp\php4A85.tmp
                                    [error] => 0
                                    [size] => 938
                                )

                            [firma_cliente] => Array
                                (
                                    [name] => 21.png
                                    [type] => image/png
                                    [tmp_name] => D:\xampp-5.6.3\tmp\php4A86.tmp
                                    [error] => 0
                                    [size] => 938
                                )

                        )

                )

            [format] => json
            [datetime] => 1479984207
            [httpheaders] => Array
                (
                    [Host] => localhost
                    [Connection] => keep-alive
                    [Content-Length] => 2207
                    [Postman-Token] => 4c88e96e-c872-33ed-9d7b-e91d42873e50
                    [Cache-Control] => no-cache
                    [Origin] => chrome-extension://fhbjgbiflinjbdggehcddcbncdddomop
                    [User-Agent] => Mozilla/5.0 (Windows NT 10.0; WOW64) AppleWebKit/537.36 (KHTML, like Gecko) Chrome/54.0.2840.99 Safari/537.36
                    [Content-Type] => multipart/form-data; boundary=----WebKitFormBoundarykF6Nr8Aa7GV4qLli
                    [Accept] => */*
                    [Accept-Encoding] => gzip, deflate, br
                    [Accept-Language] => it-IT,it;q=0.8,en-US;q=0.6,en;q=0.4
                )

        )

)

2016-11-24T11:43:27+01:00 SessionId :  ClientIP : ::1 [RESTGATEWAY] Array
(
    [timestamp] => 1479984207
    [result] => Array
        (
            [request_time] => Thu Nov 24 11:43:27 CET 2016
            [code] => 200
            [response_time] => Thu Nov 24 11:43:27 CET 2016
            [version_number] => 1
            [status] => success
            [upload] => OK
        )

)

2016-11-24T11:44:20+01:00 SessionId :  ClientIP : ::1 [RESTGATEWAY] Array
(
    [timestamp] => 1479984259
    [request] => backend\common\rest\library\Request Object
        (
            [url_elements] => Array
                (
                    [0] => 
                    [1] => firma
                    [2] => 32
                )

            [verb] => POST
            [parameters] => Array
                (
                    [files] => Array
                        (
                            [firma_agente] => Array
                                (
                                    [name] => 21.png
                                    [type] => image/png
                                    [tmp_name] => D:\xampp-5.6.3\tmp\php1876.tmp
                                    [error] => 0
                                    [size] => 938
                                )

                            [firma_cliente] => Array
                                (
                                    [name] => 21.png
                                    [type] => image/png
                                    [tmp_name] => D:\xampp-5.6.3\tmp\php1877.tmp
                                    [error] => 0
                                    [size] => 938
                                )

                        )

                )

            [format] => json
            [datetime] => 1479984259
            [httpheaders] => Array
                (
                    [Host] => localhost
                    [Connection] => keep-alive
                    [Content-Length] => 2207
                    [Postman-Token] => 94f9b01e-097b-0e23-9de9-1eaf21ef6a10
                    [Cache-Control] => no-cache
                    [Origin] => chrome-extension://fhbjgbiflinjbdggehcddcbncdddomop
                    [User-Agent] => Mozilla/5.0 (Windows NT 10.0; WOW64) AppleWebKit/537.36 (KHTML, like Gecko) Chrome/54.0.2840.99 Safari/537.36
                    [Content-Type] => multipart/form-data; boundary=----WebKitFormBoundary83ycVy0sjMO2tl0P
                    [Accept] => */*
                    [Accept-Encoding] => gzip, deflate, br
                    [Accept-Language] => it-IT,it;q=0.8,en-US;q=0.6,en;q=0.4
                )

        )

)

2016-11-24T11:44:20+01:00 SessionId :  ClientIP : ::1 [RESTGATEWAY] Array
(
    [timestamp] => 1479984259
    [result] => Array
        (
            [request_time] => Thu Nov 24 11:44:19 CET 2016
            [code] => 200
            [response_time] => Thu Nov 24 11:44:20 CET 2016
            [version_number] => 1
            [status] => success
            [upload] => OK
        )

)

2016-11-24T13:46:05+01:00 SessionId :  ClientIP : ::1 [RESTGATEWAY] Array
(
    [timestamp] => 1479991565
    [request] => backend\common\rest\library\Request Object
        (
            [url_elements] => Array
                (
                    [0] => 
                    [1] => cliente
                    [2] => 505100
                )

            [verb] => GET
            [parameters] => Array
                (
                )

            [format] => json
            [datetime] => 1479991565
            [httpheaders] => Array
                (
                    [Host] => localhost
                    [Connection] => keep-alive
                    [Cache-Control] => max-age=0
                    [Upgrade-Insecure-Requests] => 1
                    [User-Agent] => Mozilla/5.0 (Windows NT 10.0; WOW64) AppleWebKit/537.36 (KHTML, like Gecko) Chrome/54.0.2840.99 Safari/537.36
                    [Accept] => text/html,application/xhtml+xml,application/xml;q=0.9,image/webp,*/*;q=0.8
                    [Accept-Encoding] => gzip, deflate, sdch, br
                    [Accept-Language] => it-IT,it;q=0.8,en-US;q=0.6,en;q=0.4
                )

        )

)

2016-11-24T13:46:05+01:00 SessionId :  ClientIP : ::1 [RESTGATEWAY] Array
(
    [timestamp] => 1479991565
    [result] => Array
        (
            [request_time] => Thu Nov 24 13:46:05 CET 2016
            [code] => 200
            [response_time] => Thu Nov 24 13:46:05 CET 2016
            [version_number] => 1
            [status] => success
            [profilocliente] => Array
                (
                    [0] => Array
                        (
                            [id] => 505100
                            [cod_cli] => 91
                            [rag_sociale] => ROVAGNATI SPA c/o STEF BENELUX
                            [cod_cf] => 91
                            [desc_cf] => ROVAGNATI SPA c/o STEF BENELUX
                            [cod_centrale] => 993
                            [desc_centrale] => GRUPPO CLIENTI INFRAGRUPPO
                            [cod_gruppo] => 993
                            [desc_gruppo] => GRUPPO CLIENTI INFRAGRUPPO
                            [sotto_gruppo] => 993
                            [desc_sottogruppo] => GRUPPO CLIENTI INFRAGRUPPO
                            [ct] => 91
                            [desc_cliente_totale] => ROVAGNATI SPA (BELGIO)
                            [sottocanale] => INT
                            [canale] => INT
                            [macrocanale] => NTR
                            [tipo] => CF
                            [agente] => 9315
                            [nome_agente] => ESTERO
                            [cod_ispettore] => 9362
                            [nome_ispettore] => ZONA ESTERO
                            [cod_capo_area] => 9363
                            [desc_capo_area] => AREA ESTERO
                            [indirizzo] => AVENUE ZENOBE GRANNE 13
                            [cap] => 1480
                            [provincia_nazione] => BEL
                            [nazione] => BE
                            [categoria_merceologica] => AZ
                            [desc_cat_merceologica] => Azienda Alimentare
                            [localita] => SAINTES BELGIUM
                            [latitudine] => 0
                            [longitudine] => 0
                            [id_agente] => 23216
                        )

                )

        )

)

