2016-07-14T19:05:05+02:00 SessionId :  ClientIP : 127.0.0.1 [RESTGATEWAY] Array
(
    [timestamp] => 1468515903
    [request] => backend\common\rest\library\Request Object
        (
            [url_elements] => Array
                (
                    [0] => 
                    [1] => contrattino
                )

            [verb] => POST
            [parameters] => Array
                (
                )

            [format] => json
            [datetime] => 1468515903
            [httpheaders] => Array
                (
                    [Accept-Encoding] => gzip,deflate
                    [Content-Type] => application/json
                    [Content-Length] => 2301
                    [Host] => localhost
                    [Connection] => Keep-Alive
                    [User-Agent] => Apache-HttpClient/4.1.1 (java 1.5)
                )

        )

)

2016-07-14T19:05:08+02:00 SessionId :  ClientIP : 127.0.0.1 [RESTGATEWAY] Array
(
    [timestamp] => 1468515908
    [request] => backend\common\rest\library\Request Object
        (
            [url_elements] => Array
                (
                    [0] => 
                    [1] => contrattino
                )

            [verb] => POST
            [parameters] => Array
                (
                )

            [format] => json
            [datetime] => 1468515908
            [httpheaders] => Array
                (
                    [Accept-Encoding] => gzip,deflate
                    [Content-Type] => application/json
                    [Content-Length] => 2301
                    [Host] => localhost
                    [Connection] => Keep-Alive
                    [User-Agent] => Apache-HttpClient/4.1.1 (java 1.5)
                )

        )

)

2016-07-14T19:05:52+02:00 SessionId :  ClientIP : 127.0.0.1 [RESTGATEWAY] Array
(
    [timestamp] => 1468515952
    [request] => backend\common\rest\library\Request Object
        (
            [url_elements] => Array
                (
                    [0] => 
                    [1] => contrattino
                )

            [verb] => POST
            [parameters] => Array
                (
                )

            [format] => json
            [datetime] => 1468515952
            [httpheaders] => Array
                (
                    [Accept-Encoding] => gzip,deflate
                    [Content-Type] => application/json
                    [Content-Length] => 2301
                    [Host] => localhost
                    [Connection] => Keep-Alive
                    [User-Agent] => Apache-HttpClient/4.1.1 (java 1.5)
                )

        )

)

2016-07-14T19:05:52+02:00 SessionId :  ClientIP : 127.0.0.1 [RESTGATEWAY] Array
(
    [timestamp] => 1468515952
    [result] => Array
        (
            [request_time] => Thu Jul 14 19:05:52 CEST 2016
            [code] => 200
            [response_time] => Thu Jul 14 19:05:52 CEST 2016
            [status] => success
            [contrattino] => Array
                (
                    [status] => KO
                    [message] => SQLSTATE[42000]: Syntax error or access violation: 1065 Query was empty - #0 D:\xampp-5.6.3\htdocs\rilevazioni\backend\app\dao\ContrattinoDAO.php(190): PDOStatement->execute()
#1 D:\xampp-5.6.3\htdocs\rilevazioni\backend\libraries\lisachenko\go-aop-php\src\Aop\Framework\ClosureDynamicMethodInvocation56.php(50): backend\app\dao\ContrattinoDAO__AopProxied->create(Array)
#2 D:\xampp-5.6.3\htdocs\rilevazioni\backend\app\aop\aspects\TransactionAspect.php(21): Go\Aop\Framework\ClosureDynamicMethodInvocation56->proceed()
#3 D:\xampp-5.6.3\htdocs\rilevazioni\backend\libraries\lisachenko\go-aop-php\src\Aop\Framework\BaseAdvice.php(194): backend\app\dao\ContrattinoDAO__AopProxied->manageTransaction(Object(Go\Aop\Framework\ClosureDynamicMethodInvocation56))
#4 D:\xampp-5.6.3\htdocs\rilevazioni\backend\libraries\lisachenko\go-aop-php\src\Aop\Framework\MethodAroundInterceptor.php(34): Go\Aop\Framework\BaseAdvice::Go\Aop\Framework\{closure}(Object(Go\Aop\Framework\ClosureDynamicMethodInvocation56))
#5 D:\xampp-5.6.3\htdocs\rilevazioni\backend\libraries\lisachenko\go-aop-php\src\Aop\Framework\ClosureDynamicMethodInvocation56.php(34): Go\Aop\Framework\MethodAroundInterceptor->invoke(Object(Go\Aop\Framework\ClosureDynamicMethodInvocation56))
#6 D:\xampp-5.6.3\htdocs\rilevazioni\backend\libraries\lisachenko\go-aop-php\src\Aop\Framework\AbstractMethodInvocation.php(115): Go\Aop\Framework\ClosureDynamicMethodInvocation56->proceed()
#7 D:\xampp-5.6.3\htdocs\rilevazioni\rest\cache\_proxies\backend\app\dao\ContrattinoDAO.php(18): Go\Aop\Framework\AbstractMethodInvocation->__invoke(Object(backend\app\dao\ContrattinoDAO), Array)
#8 D:\xampp-5.6.3\htdocs\rilevazioni\backend\app\service\ContrattinoService.php(49): backend\app\dao\ContrattinoDAO->create(Array)
#9 D:\xampp-5.6.3\htdocs\rilevazioni\backend\app\rest\controllers\ContrattinoController.php(53): backend\app\service\ContrattinoService->create(Array)
#10 D:\xampp-5.6.3\htdocs\rilevazioni\backend\libraries\lisachenko\go-aop-php\src\Aop\Framework\ClosureDynamicMethodInvocation56.php(50): backend\app\rest\controllers\ContrattinoController__AopProxied->postAction()
#11 D:\xampp-5.6.3\htdocs\rilevazioni\backend\app\aop\aspects\SecurityAspect.php(62): Go\Aop\Framework\ClosureDynamicMethodInvocation56->proceed()
#12 D:\xampp-5.6.3\htdocs\rilevazioni\backend\libraries\lisachenko\go-aop-php\src\Aop\Framework\BaseAdvice.php(194): backend\app\rest\controllers\ContrattinoController__AopProxied->checkAuthorization(Object(Go\Aop\Framework\ClosureDynamicMethodInvocation56))
#13 D:\xampp-5.6.3\htdocs\rilevazioni\backend\libraries\lisachenko\go-aop-php\src\Aop\Framework\MethodAroundInterceptor.php(34): Go\Aop\Framework\MethodAroundInterceptor::Go\Aop\Framework\{closure}(Object(Go\Aop\Framework\ClosureDynamicMethodInvocation56))
#14 D:\xampp-5.6.3\htdocs\rilevazioni\backend\libraries\lisachenko\go-aop-php\src\Aop\Framework\ClosureDynamicMethodInvocation56.php(34): Go\Aop\Framework\MethodAroundInterceptor->invoke(Object(Go\Aop\Framework\ClosureDynamicMethodInvocation56))
#15 D:\xampp-5.6.3\htdocs\rilevazioni\backend\libraries\lisachenko\go-aop-php\src\Aop\Framework\AbstractMethodInvocation.php(115): Go\Aop\Framework\ClosureDynamicMethodInvocation56->proceed()
#16 D:\xampp-5.6.3\htdocs\rilevazioni\rest\cache\_proxies\backend\app\rest\controllers\ContrattinoController.php(30): Go\Aop\Framework\AbstractMethodInvocation->__invoke(Object(backend\app\rest\controllers\ContrattinoController))
#17 D:\xampp-5.6.3\htdocs\rilevazioni\rest\index.php(38): backend\app\rest\controllers\ContrattinoController->postAction()
#18 {main}
                )

        )

)

2016-07-14T19:06:06+02:00 SessionId :  ClientIP : 127.0.0.1 [RESTGATEWAY] Array
(
    [timestamp] => 1468515966
    [request] => backend\common\rest\library\Request Object
        (
            [url_elements] => Array
                (
                    [0] => 
                    [1] => contrattino
                )

            [verb] => POST
            [parameters] => Array
                (
                    [id] => 19
                    [id_cliente] => 708
                    [data_creazione] => 
                    [data_aggiornamento] => 
                    [data_inserimento] => 2016-07-01
                    [data_inizio_periodo] => 2016-07-01
                    [data_fine_periodo] => 2016-07-01
                    [id_utente_crea] => 
                    [id_utente_mod] => 1
                    [stato] => 1
                    [tipo_contratto] => FINEANNO
                    [modalitaliquidazione] => 
                    [tempisticadiliquidazione] => 
                    [meseannoinizio] => 
                    [meseannofine] => 
                    [divisionidaconsiderare] => 
                    [modalitadefinizioneobbiettivo] => 
                    [modalitadefinizionepremio] => 
                    [obbiettivo_valore_1] => 42424242
                    [obbiettivo_premio_1] => 
                    [obbiettivo_valore_2] => 
                    [obbiettivo_premio_2] => 
                    [obbiettivo_valore_3] => 
                    [obbiettivo_premio_3] => 0.00
                    [obbiettivo_valore_4] => 
                    [obbiettivo_premio_4] => 
                    [obbiettivo_valore_5] => 
                    [obbiettivo_premio_5] => 
                    [perc_target_totale_obb_qualificante] => 
                    [obbiettivo_minimo_obb_qualificante] => 
                    [premio1_obb_qualificante] => 
                    [tipo1_obb_qualificante] => 
                    [obbiettivo_ulteriore_obb_qualificante] => 
                    [premio2_obb_qualificante] => 
                    [tipo2_obb_qualificante] => 
                    [supero1_tipoobbiettivo] => AAA
                    [supero1_obbiettivi] => 
                    [supero1_premio] => 
                    [supero1_tipopremio] => 
                    [supero2_tipoobbiettivo] => 
                    [supero2_obbiettivi] => 
                    [supero2_premio] => 
                    [supero2_tipopremio] => 
                    [supero3_tipoobbiettivo] => 
                    [supero3_obbiettivi] => 
                    [supero3_premio] => 
                    [supero3_tipopremio] => 
                    [supero4_tipoobbiettivo] => 
                    [supero4_obbiettivi] => 
                    [supero4_premio] => 
                    [supero4_tipopremio] => 
                    [supero5_tipoobbiettivo] => 
                    [supero5_obbiettivi] => 
                    [supero5_premio] => 
                    [supero5_tipopremio] => 
                )

            [format] => json
            [datetime] => 1468515966
            [httpheaders] => Array
                (
                    [Accept-Encoding] => gzip,deflate
                    [Content-Type] => application/json
                    [Content-Length] => 2301
                    [Host] => localhost
                    [Connection] => Keep-Alive
                    [User-Agent] => Apache-HttpClient/4.1.1 (java 1.5)
                )

        )

)

2016-07-14T19:06:06+02:00 SessionId :  ClientIP : 127.0.0.1 [RESTGATEWAY] Array
(
    [timestamp] => 1468515966
    [result] => Array
        (
            [request_time] => Thu Jul 14 19:06:06 CEST 2016
            [code] => 200
            [response_time] => Thu Jul 14 19:06:06 CEST 2016
            [status] => success
            [contrattino] => Array
                (
                    [0] => Array
                        (
                            [id] => 45
                            [id_cliente] => 708
                            [ragione_sociale] => 
                            [codice_cliente] => 
                            [data_creazione] => 2016-07-14 19:06:06
                            [data_aggiornamento] => 
                            [id_utente_crea] => 
                            [id_utente_mod] => 
                            [stato] => 1
                            [tipo_contratto] => FINEANNO
                            [codice_fatturazione_totale] => 
                            [codici_fatturazione] => 
                            [liquidazione] => 
                            [data_esportazione] => 
                            [data_inserimento] => 2016-07-01 00:00:00
                            [noteagente] => 
                            [noteispettore] => 
                            [notecapoarea] => 
                            [modalitaliquidazione] => 0
                            [tempisticadiliquidazione] => 
                            [meseannoinizio] => 
                            [meseannofine] => 
                            [divisionidaconsiderare] => 
                            [modalitadefinizioneobbiettivo] => 
                            [modalitadefinizionepremio] => 
                            [obbiettivo_valore_1] => 42424242.00
                            [obbiettivo_premio_1] => 
                            [obbiettivo_valore_2] => 
                            [obbiettivo_premio_2] => 
                            [obbiettivo_valore_3] => 
                            [obbiettivo_premio_3] => 0.00
                            [obbiettivo_valore_4] => 
                            [obbiettivo_premio_4] => 
                            [obbiettivo_valore_5] => 
                            [obbiettivo_premio_5] => 
                            [obbiettivo_qualificante_1] => 
                            [obbiettivo_qualificante_2] => 
                            [livello_obbiettivo_1] => 
                            [livello_obbiettivo_2] => 
                            [perc_target_totale_obb_qualificante] => 
                            [obbiettivo_minimo_obb_qualificante] => 
                            [premio1_obb_qualificante] => 
                            [tipo1_obb_qualificante] => 
                            [obbiettivo_ulteriore_obb_qualificante] => 
                            [premio2_obb_qualificante] => 
                            [tipo2_obb_qualificante] => 
                            [supero1_tipoobbiettivo] => AAA
                            [supero1_obbiettivi] => 
                            [supero1_premio] => 
                            [supero1_tipopremio] => 
                            [supero2_tipoobbiettivo] => 
                            [supero2_obbiettivi] => 
                            [supero2_premio] => 
                            [supero2_tipopremio] => 
                            [supero3_tipoobbiettivo] => 
                            [supero3_obbiettivi] => 
                            [supero3_premio] => 
                            [supero3_tipopremio] => 
                            [supero4_tipoobbiettivo] => 
                            [supero4_obbiettivi] => 
                            [supero4_premio] => 
                            [supero4_tipopremio] => 
                            [supero5_tipoobbiettivo] => 
                            [supero5_obbiettivi] => 
                            [supero5_premio] => 
                            [supero5_tipopremio] => 
                            [tcs_liquidazione] => 
                            [tcs_codice_fatturazione] => 
                            [tcs_obbiettivo_liv_1] => 
                            [tcs_obbiettivo_liv_1_misura] => 
                            [tcs_obbiettivo_liv_1_premio] => 
                            [tcs_obbiettivo_liv_2] => 
                            [tcs_obbiettivo_liv_2_misura] => 
                            [tcs_obbiettivo_liv_2_premio] => 
                            [tcs_obbiettivo_liv_3] => 
                            [tcs_obbiettivo_liv_3_misura] => 
                            [tcs_obbiettivo_liv_3_premio] => 
                            [tcs_obbiettivo_liv_4] => 
                            [tcs_obbiettivo_liv_4_misura] => 
                            [tcs_obbiettivo_liv_4_premio] => 
                            [tcs_obbiettivo_liv_5] => 
                            [tcs_obbiettivo_liv_5_misura] => 
                            [tcs_obbiettivo_liv_5_premio] => 
                            [tcs_tipologia_liquidazione_obbiettivi] => 
                            [tcs_data_inizio_conteggio] => 
                            [tcs_data_termine_conteggio] => 
                        )

                )

        )

)

2016-07-14T19:07:07+02:00 SessionId :  ClientIP : 127.0.0.1 [RESTGATEWAY] Array
(
    [timestamp] => 1468516027
    [request] => backend\common\rest\library\Request Object
        (
            [url_elements] => Array
                (
                    [0] => 
                    [1] => contrattino
                )

            [verb] => POST
            [parameters] => Array
                (
                    [id] => 19
                    [id_cliente] => 708
                    [data_creazione] => 
                    [data_aggiornamento] => 
                    [data_inserimento] => 2016-07-01
                    [data_inizio_periodo] => 2016-07-01
                    [data_fine_periodo] => 2016-07-01
                    [id_utente_crea] => 
                    [id_utente_mod] => 1
                    [stato] => 1
                    [codice_fatturazione_totale] => 
                    [codici_fatturazione] => 
                    [liquidazione] => 
                    [tipo_contratto] => FINEANNO
                    [modalitaliquidazione] => 
                    [tempisticadiliquidazione] => 
                    [meseannoinizio] => 
                    [meseannofine] => 
                    [divisionidaconsiderare] => 
                    [modalitadefinizioneobbiettivo] => 
                    [modalitadefinizionepremio] => 
                    [obbiettivo_valore_1] => 42424242
                    [obbiettivo_premio_1] => 
                    [obbiettivo_valore_2] => 
                    [obbiettivo_premio_2] => 
                    [obbiettivo_valore_3] => 
                    [obbiettivo_premio_3] => 0.00
                    [obbiettivo_valore_4] => 
                    [obbiettivo_premio_4] => 
                    [obbiettivo_valore_5] => 
                    [obbiettivo_premio_5] => 
                    [perc_target_totale_obb_qualificante] => 
                    [obbiettivo_minimo_obb_qualificante] => 
                    [premio1_obb_qualificante] => 
                    [tipo1_obb_qualificante] => 
                    [obbiettivo_ulteriore_obb_qualificante] => 
                    [premio2_obb_qualificante] => 
                    [tipo2_obb_qualificante] => 
                    [supero1_tipoobbiettivo] => AAA
                    [supero1_obbiettivi] => 
                    [supero1_premio] => 
                    [supero1_tipopremio] => 
                    [supero2_tipoobbiettivo] => 
                    [supero2_obbiettivi] => 
                    [supero2_premio] => 
                    [supero2_tipopremio] => 
                    [supero3_tipoobbiettivo] => 
                    [supero3_obbiettivi] => 
                    [supero3_premio] => 
                    [supero3_tipopremio] => 
                    [supero4_tipoobbiettivo] => 
                    [supero4_obbiettivi] => 
                    [supero4_premio] => 
                    [supero4_tipopremio] => 
                    [supero5_tipoobbiettivo] => 
                    [supero5_obbiettivi] => 
                    [supero5_premio] => 
                    [supero5_tipopremio] => 
                )

            [format] => json
            [datetime] => 1468516027
            [httpheaders] => Array
                (
                    [Accept-Encoding] => gzip,deflate
                    [Content-Type] => application/json
                    [Content-Length] => 2419
                    [Host] => localhost
                    [Connection] => Keep-Alive
                    [User-Agent] => Apache-HttpClient/4.1.1 (java 1.5)
                )

        )

)

2016-07-14T19:07:07+02:00 SessionId :  ClientIP : 127.0.0.1 [RESTGATEWAY] Array
(
    [timestamp] => 1468516027
    [result] => Array
        (
            [request_time] => Thu Jul 14 19:07:07 CEST 2016
            [code] => 200
            [response_time] => Thu Jul 14 19:07:07 CEST 2016
            [status] => success
            [contrattino] => Array
                (
                    [0] => Array
                        (
                            [id] => 46
                            [id_cliente] => 708
                            [ragione_sociale] => 
                            [codice_cliente] => 
                            [data_creazione] => 2016-07-14 19:07:07
                            [data_aggiornamento] => 
                            [id_utente_crea] => 
                            [id_utente_mod] => 
                            [stato] => 1
                            [tipo_contratto] => FINEANNO
                            [codice_fatturazione_totale] => 
                            [codici_fatturazione] => 
                            [liquidazione] => 0
                            [data_esportazione] => 
                            [data_inserimento] => 2016-07-01 00:00:00
                            [noteagente] => 
                            [noteispettore] => 
                            [notecapoarea] => 
                            [modalitaliquidazione] => 0
                            [tempisticadiliquidazione] => 
                            [meseannoinizio] => 
                            [meseannofine] => 
                            [divisionidaconsiderare] => 
                            [modalitadefinizioneobbiettivo] => 
                            [modalitadefinizionepremio] => 
                            [obbiettivo_valore_1] => 42424242.00
                            [obbiettivo_premio_1] => 
                            [obbiettivo_valore_2] => 
                            [obbiettivo_premio_2] => 
                            [obbiettivo_valore_3] => 
                            [obbiettivo_premio_3] => 0.00
                            [obbiettivo_valore_4] => 
                            [obbiettivo_premio_4] => 
                            [obbiettivo_valore_5] => 
                            [obbiettivo_premio_5] => 
                            [obbiettivo_qualificante_1] => 
                            [obbiettivo_qualificante_2] => 
                            [livello_obbiettivo_1] => 
                            [livello_obbiettivo_2] => 
                            [perc_target_totale_obb_qualificante] => 
                            [obbiettivo_minimo_obb_qualificante] => 
                            [premio1_obb_qualificante] => 
                            [tipo1_obb_qualificante] => 
                            [obbiettivo_ulteriore_obb_qualificante] => 
                            [premio2_obb_qualificante] => 
                            [tipo2_obb_qualificante] => 
                            [supero1_tipoobbiettivo] => AAA
                            [supero1_obbiettivi] => 
                            [supero1_premio] => 
                            [supero1_tipopremio] => 
                            [supero2_tipoobbiettivo] => 
                            [supero2_obbiettivi] => 
                            [supero2_premio] => 
                            [supero2_tipopremio] => 
                            [supero3_tipoobbiettivo] => 
                            [supero3_obbiettivi] => 
                            [supero3_premio] => 
                            [supero3_tipopremio] => 
                            [supero4_tipoobbiettivo] => 
                            [supero4_obbiettivi] => 
                            [supero4_premio] => 
                            [supero4_tipopremio] => 
                            [supero5_tipoobbiettivo] => 
                            [supero5_obbiettivi] => 
                            [supero5_premio] => 
                            [supero5_tipopremio] => 
                            [tcs_liquidazione] => 
                            [tcs_codice_fatturazione] => 
                            [tcs_obbiettivo_liv_1] => 
                            [tcs_obbiettivo_liv_1_misura] => 
                            [tcs_obbiettivo_liv_1_premio] => 
                            [tcs_obbiettivo_liv_2] => 
                            [tcs_obbiettivo_liv_2_misura] => 
                            [tcs_obbiettivo_liv_2_premio] => 
                            [tcs_obbiettivo_liv_3] => 
                            [tcs_obbiettivo_liv_3_misura] => 
                            [tcs_obbiettivo_liv_3_premio] => 
                            [tcs_obbiettivo_liv_4] => 
                            [tcs_obbiettivo_liv_4_misura] => 
                            [tcs_obbiettivo_liv_4_premio] => 
                            [tcs_obbiettivo_liv_5] => 
                            [tcs_obbiettivo_liv_5_misura] => 
                            [tcs_obbiettivo_liv_5_premio] => 
                            [tcs_tipologia_liquidazione_obbiettivi] => 
                            [tcs_data_inizio_conteggio] => 
                            [tcs_data_termine_conteggio] => 
                        )

                )

        )

)

2016-07-14T19:08:41+02:00 SessionId :  ClientIP : 127.0.0.1 [RESTGATEWAY] Array
(
    [timestamp] => 1468516121
    [request] => backend\common\rest\library\Request Object
        (
            [url_elements] => Array
                (
                    [0] => 
                    [1] => contrattino
                )

            [verb] => POST
            [parameters] => Array
                (
                    [id] => 19
                    [id_cliente] => 708
                    [data_creazione] => 
                    [data_aggiornamento] => 
                    [data_inserimento] => 2016-07-01
                    [data_inizio_periodo] => 2016-07-01
                    [data_fine_periodo] => 2016-07-01
                    [id_utente_crea] => 
                    [id_utente_mod] => 1
                    [stato] => 1
                    [codice_fatturazione_totale] => 
                    [codici_fatturazione] => 
                    [liquidazione] => 
                    [tipo_contratto] => FINEANNO
                    [modalitaliquidazione] => 
                    [tempisticadiliquidazione] => 
                    [meseannoinizio] => 
                    [meseannofine] => 
                    [divisionidaconsiderare] => 
                    [modalitadefinizioneobbiettivo] => 
                    [modalitadefinizionepremio] => 
                    [obbiettivo_valore_1] => 42424242
                    [obbiettivo_premio_1] => 
                    [obbiettivo_valore_2] => 
                    [obbiettivo_premio_2] => 
                    [obbiettivo_valore_3] => 
                    [obbiettivo_premio_3] => 0.00
                    [obbiettivo_valore_4] => 
                    [obbiettivo_premio_4] => 
                    [obbiettivo_valore_5] => 
                    [obbiettivo_premio_5] => 
                    [perc_target_totale_obb_qualificante] => 
                    [obbiettivo_minimo_obb_qualificante] => 
                    [premio1_obb_qualificante] => 
                    [tipo1_obb_qualificante] => 
                    [obbiettivo_ulteriore_obb_qualificante] => 
                    [premio2_obb_qualificante] => 
                    [tipo2_obb_qualificante] => 
                    [supero1_tipoobbiettivo] => AAA
                    [supero1_obbiettivi] => 
                    [supero1_premio] => 
                    [supero1_tipopremio] => 
                    [supero2_tipoobbiettivo] => 
                    [supero2_obbiettivi] => 
                    [supero2_premio] => 
                    [supero2_tipopremio] => 
                    [supero3_tipoobbiettivo] => 
                    [supero3_obbiettivi] => 
                    [supero3_premio] => 
                    [supero3_tipopremio] => 
                    [supero4_tipoobbiettivo] => 
                    [supero4_obbiettivi] => 
                    [supero4_premio] => 
                    [supero4_tipopremio] => 
                    [supero5_tipoobbiettivo] => 
                    [supero5_obbiettivi] => 
                    [supero5_premio] => 
                    [supero5_tipopremio] => 
                )

            [format] => json
            [datetime] => 1468516121
            [httpheaders] => Array
                (
                    [Accept-Encoding] => gzip,deflate
                    [Content-Type] => application/json
                    [Content-Length] => 2419
                    [Host] => localhost
                    [Connection] => Keep-Alive
                    [User-Agent] => Apache-HttpClient/4.1.1 (java 1.5)
                )

        )

)

2016-07-14T19:08:41+02:00 SessionId :  ClientIP : 127.0.0.1 [RESTGATEWAY] Array
(
    [timestamp] => 1468516121
    [result] => Array
        (
            [request_time] => Thu Jul 14 19:08:41 CEST 2016
            [code] => 200
            [response_time] => Thu Jul 14 19:08:41 CEST 2016
            [status] => success
            [contrattino] => Array
                (
                    [0] => Array
                        (
                            [id] => 47
                            [id_cliente] => 708
                            [ragione_sociale] => 
                            [codice_cliente] => 
                            [data_creazione] => 2016-07-14 19:08:41
                            [data_aggiornamento] => 
                            [id_utente_crea] => 
                            [id_utente_mod] => 
                            [stato] => 1
                            [tipo_contratto] => FINEANNO
                            [codice_fatturazione_totale] => 
                            [codici_fatturazione] => 
                            [liquidazione] => 0
                            [data_esportazione] => 
                            [data_inserimento] => 2016-07-01 00:00:00
                            [noteagente] => 
                            [noteispettore] => 
                            [notecapoarea] => 
                            [modalitaliquidazione] => 0
                            [tempisticadiliquidazione] => 
                            [meseannoinizio] => 
                            [meseannofine] => 
                            [divisionidaconsiderare] => 
                            [modalitadefinizioneobbiettivo] => 
                            [modalitadefinizionepremio] => 
                            [obbiettivo_valore_1] => 42424242.00
                            [obbiettivo_premio_1] => 
                            [obbiettivo_valore_2] => 
                            [obbiettivo_premio_2] => 
                            [obbiettivo_valore_3] => 
                            [obbiettivo_premio_3] => 0.00
                            [obbiettivo_valore_4] => 
                            [obbiettivo_premio_4] => 
                            [obbiettivo_valore_5] => 
                            [obbiettivo_premio_5] => 
                            [obbiettivo_qualificante_1] => 
                            [obbiettivo_qualificante_2] => 
                            [livello_obbiettivo_1] => 
                            [livello_obbiettivo_2] => 
                            [perc_target_totale_obb_qualificante] => 
                            [obbiettivo_minimo_obb_qualificante] => 
                            [premio1_obb_qualificante] => 
                            [tipo1_obb_qualificante] => 
                            [obbiettivo_ulteriore_obb_qualificante] => 
                            [premio2_obb_qualificante] => 
                            [tipo2_obb_qualificante] => 
                            [supero1_tipoobbiettivo] => AAA
                            [supero1_obbiettivi] => 
                            [supero1_premio] => 
                            [supero1_tipopremio] => 
                            [supero2_tipoobbiettivo] => 
                            [supero2_obbiettivi] => 
                            [supero2_premio] => 
                            [supero2_tipopremio] => 
                            [supero3_tipoobbiettivo] => 
                            [supero3_obbiettivi] => 
                            [supero3_premio] => 
                            [supero3_tipopremio] => 
                            [supero4_tipoobbiettivo] => 
                            [supero4_obbiettivi] => 
                            [supero4_premio] => 
                            [supero4_tipopremio] => 
                            [supero5_tipoobbiettivo] => 
                            [supero5_obbiettivi] => 
                            [supero5_premio] => 
                            [supero5_tipopremio] => 
                            [tcs_liquidazione] => 
                            [tcs_codice_fatturazione] => 
                            [tcs_obbiettivo_liv_1] => 
                            [tcs_obbiettivo_liv_1_misura] => 
                            [tcs_obbiettivo_liv_1_premio] => 
                            [tcs_obbiettivo_liv_2] => 
                            [tcs_obbiettivo_liv_2_misura] => 
                            [tcs_obbiettivo_liv_2_premio] => 
                            [tcs_obbiettivo_liv_3] => 
                            [tcs_obbiettivo_liv_3_misura] => 
                            [tcs_obbiettivo_liv_3_premio] => 
                            [tcs_obbiettivo_liv_4] => 
                            [tcs_obbiettivo_liv_4_misura] => 
                            [tcs_obbiettivo_liv_4_premio] => 
                            [tcs_obbiettivo_liv_5] => 
                            [tcs_obbiettivo_liv_5_misura] => 
                            [tcs_obbiettivo_liv_5_premio] => 
                            [tcs_tipologia_liquidazione_obbiettivi] => 
                            [tcs_data_inizio_conteggio] => 
                            [tcs_data_termine_conteggio] => 
                        )

                )

        )

)

2016-07-14T19:09:25+02:00 SessionId :  ClientIP : 127.0.0.1 [RESTGATEWAY] Array
(
    [timestamp] => 1468516165
    [request] => backend\common\rest\library\Request Object
        (
            [url_elements] => Array
                (
                    [0] => 
                    [1] => contrattino
                )

            [verb] => POST
            [parameters] => Array
                (
                    [id] => 19
                    [id_cliente] => 708
                    [data_creazione] => 
                    [data_aggiornamento] => 
                    [data_inserimento] => 2016-07-01
                    [data_inizio_periodo] => 2016-07-01
                    [data_fine_periodo] => 2016-07-01
                    [id_utente_crea] => 
                    [id_utente_mod] => 1
                    [stato] => 1
                    [codice_fatturazione_totale] => 
                    [codici_fatturazione] => 
                    [liquidazione] => 
                    [tipo_contratto] => FINEANNO
                    [modalitaliquidazione] => 
                    [tempisticadiliquidazione] => 
                    [meseannoinizio] => 
                    [meseannofine] => 
                    [divisionidaconsiderare] => 
                    [modalitadefinizioneobbiettivo] => 
                    [modalitadefinizionepremio] => 
                    [obbiettivo_valore_1] => 42424242
                    [obbiettivo_premio_1] => 
                    [obbiettivo_valore_2] => 
                    [obbiettivo_premio_2] => 
                    [obbiettivo_valore_3] => 
                    [obbiettivo_premio_3] => 0.00
                    [obbiettivo_valore_4] => 
                    [obbiettivo_premio_4] => 
                    [obbiettivo_valore_5] => 
                    [obbiettivo_premio_5] => 
                    [perc_target_totale_obb_qualificante] => 
                    [obbiettivo_minimo_obb_qualificante] => 
                    [premio1_obb_qualificante] => 
                    [tipo1_obb_qualificante] => 
                    [obbiettivo_ulteriore_obb_qualificante] => 
                    [premio2_obb_qualificante] => 
                    [tipo2_obb_qualificante] => 
                    [supero1_tipoobbiettivo] => AAA
                    [supero1_obbiettivi] => 
                    [supero1_premio] => 
                    [supero1_tipopremio] => 
                    [supero2_tipoobbiettivo] => 
                    [supero2_obbiettivi] => 
                    [supero2_premio] => 
                    [supero2_tipopremio] => 
                    [supero3_tipoobbiettivo] => 
                    [supero3_obbiettivi] => 
                    [supero3_premio] => 
                    [supero3_tipopremio] => 
                    [supero4_tipoobbiettivo] => 
                    [supero4_obbiettivi] => 
                    [supero4_premio] => 
                    [supero4_tipopremio] => 
                    [supero5_tipoobbiettivo] => 
                    [supero5_obbiettivi] => 
                    [supero5_premio] => 
                    [supero5_tipopremio] => 
                )

            [format] => json
            [datetime] => 1468516165
            [httpheaders] => Array
                (
                    [Accept-Encoding] => gzip,deflate
                    [Content-Type] => application/json
                    [Content-Length] => 2419
                    [Host] => localhost
                    [Connection] => Keep-Alive
                    [User-Agent] => Apache-HttpClient/4.1.1 (java 1.5)
                )

        )

)

2016-07-14T19:09:25+02:00 SessionId :  ClientIP : 127.0.0.1 [RESTGATEWAY] Array
(
    [timestamp] => 1468516165
    [result] => Array
        (
            [request_time] => Thu Jul 14 19:09:25 CEST 2016
            [code] => 200
            [response_time] => Thu Jul 14 19:09:25 CEST 2016
            [status] => success
            [contrattino] => Array
                (
                    [0] => Array
                        (
                            [id] => 48
                            [id_cliente] => 708
                            [ragione_sociale] => 
                            [codice_cliente] => 
                            [data_creazione] => 2016-07-14 19:09:25
                            [data_aggiornamento] => 
                            [id_utente_crea] => 
                            [id_utente_mod] => 
                            [stato] => 1
                            [tipo_contratto] => FINEANNO
                            [codice_fatturazione_totale] => 
                            [codici_fatturazione] => 
                            [liquidazione] => 0
                            [data_esportazione] => 
                            [data_inserimento] => 2016-07-01 00:00:00
                            [noteagente] => 
                            [noteispettore] => 
                            [notecapoarea] => 
                            [modalitaliquidazione] => 
                            [tempisticadiliquidazione] => 
                            [meseannoinizio] => 
                            [meseannofine] => 
                            [divisionidaconsiderare] => 
                            [modalitadefinizioneobbiettivo] => 
                            [modalitadefinizionepremio] => 
                            [obbiettivo_valore_1] => 42424242.00
                            [obbiettivo_premio_1] => 
                            [obbiettivo_valore_2] => 
                            [obbiettivo_premio_2] => 
                            [obbiettivo_valore_3] => 
                            [obbiettivo_premio_3] => 0.00
                            [obbiettivo_valore_4] => 
                            [obbiettivo_premio_4] => 
                            [obbiettivo_valore_5] => 
                            [obbiettivo_premio_5] => 
                            [obbiettivo_qualificante_1] => 
                            [obbiettivo_qualificante_2] => 
                            [livello_obbiettivo_1] => 
                            [livello_obbiettivo_2] => 
                            [perc_target_totale_obb_qualificante] => 
                            [obbiettivo_minimo_obb_qualificante] => 
                            [premio1_obb_qualificante] => 
                            [tipo1_obb_qualificante] => 
                            [obbiettivo_ulteriore_obb_qualificante] => 
                            [premio2_obb_qualificante] => 
                            [tipo2_obb_qualificante] => 
                            [supero1_tipoobbiettivo] => AAA
                            [supero1_obbiettivi] => 
                            [supero1_premio] => 
                            [supero1_tipopremio] => 
                            [supero2_tipoobbiettivo] => 
                            [supero2_obbiettivi] => 
                            [supero2_premio] => 
                            [supero2_tipopremio] => 
                            [supero3_tipoobbiettivo] => 
                            [supero3_obbiettivi] => 
                            [supero3_premio] => 
                            [supero3_tipopremio] => 
                            [supero4_tipoobbiettivo] => 
                            [supero4_obbiettivi] => 
                            [supero4_premio] => 
                            [supero4_tipopremio] => 
                            [supero5_tipoobbiettivo] => 
                            [supero5_obbiettivi] => 
                            [supero5_premio] => 
                            [supero5_tipopremio] => 
                            [tcs_liquidazione] => 
                            [tcs_codice_fatturazione] => 
                            [tcs_obbiettivo_liv_1] => 
                            [tcs_obbiettivo_liv_1_misura] => 
                            [tcs_obbiettivo_liv_1_premio] => 
                            [tcs_obbiettivo_liv_2] => 
                            [tcs_obbiettivo_liv_2_misura] => 
                            [tcs_obbiettivo_liv_2_premio] => 
                            [tcs_obbiettivo_liv_3] => 
                            [tcs_obbiettivo_liv_3_misura] => 
                            [tcs_obbiettivo_liv_3_premio] => 
                            [tcs_obbiettivo_liv_4] => 
                            [tcs_obbiettivo_liv_4_misura] => 
                            [tcs_obbiettivo_liv_4_premio] => 
                            [tcs_obbiettivo_liv_5] => 
                            [tcs_obbiettivo_liv_5_misura] => 
                            [tcs_obbiettivo_liv_5_premio] => 
                            [tcs_tipologia_liquidazione_obbiettivi] => 
                            [tcs_data_inizio_conteggio] => 
                            [tcs_data_termine_conteggio] => 
                        )

                )

        )

)

