2016-08-01T11:51:03+02:00 SessionId :  ClientIP : 127.0.0.1 [RESTGATEWAY] Array
(
    [timestamp] => 1470045063
    [request] => backend\common\rest\library\Request Object
        (
            [url_elements] => Array
                (
                    [0] => 
                    [1] => contrattino
                )

            [verb] => POST
            [parameters] => Array
                (
                    [id] => 19
                    [id_cliente] => 708
                    [data_creazione] => 
                    [data_aggiornamento] => 
                    [data_inserimento] => 2016-07-01
                    [data_inizio_periodo] => 2016-07-01
                    [data_fine_periodo] => 2016-07-01
                    [id_utente_crea] => 
                    [id_utente_mod] => 1
                    [stato] => 1
                    [codice_fatturazione_totale] => 
                    [codici_fatturazione] => 
                    [liquidazione] => 
                    [tipo_contratto] => FINEANNO
                    [modalitaliquidazione] => 
                    [tempisticadiliquidazione] => 
                    [meseannoinizio] => 
                    [meseannofine] => 
                    [divisionidaconsiderare] => 
                    [modalitadefinizioneobbiettivo] => 
                    [modalitadefinizionepremio] => 
                    [obbiettivo_valore_1] => 42424242
                    [obbiettivo_premio_1] => 
                    [obbiettivo_valore_2] => 
                    [obbiettivo_premio_2] => 
                    [obbiettivo_valore_3] => 
                    [obbiettivo_premio_3] => 0.00
                    [obbiettivo_valore_4] => 
                    [obbiettivo_premio_4] => 
                    [obbiettivo_valore_5] => 
                    [obbiettivo_premio_5] => 
                    [perc_target_totale_obb_qualificante] => 
                    [obbiettivo_minimo_obb_qualificante] => 
                    [premio1_obb_qualificante] => 
                    [tipo1_obb_qualificante] => 
                    [obbiettivo_ulteriore_obb_qualificante] => 
                    [premio2_obb_qualificante] => 
                    [tipo2_obb_qualificante] => 
                    [supero1_tipoobbiettivo] => AAA
                    [supero1_obbiettivi] => 
                    [supero1_premio] => 
                    [supero1_tipopremio] => 
                    [supero2_tipoobbiettivo] => 
                    [supero2_obbiettivi] => 
                    [supero2_premio] => 
                    [supero2_tipopremio] => 
                    [supero3_tipoobbiettivo] => 
                    [supero3_obbiettivi] => 
                    [supero3_premio] => 
                    [supero3_tipopremio] => 
                    [supero4_tipoobbiettivo] => 
                    [supero4_obbiettivi] => 
                    [supero4_premio] => 
                    [supero4_tipopremio] => 
                    [supero5_tipoobbiettivo] => 
                    [supero5_obbiettivi] => 
                    [supero5_premio] => 
                    [supero5_tipopremio] => 
                )

            [format] => json
            [datetime] => 1470045063
            [httpheaders] => Array
                (
                    [Accept-Encoding] => gzip,deflate
                    [Content-Type] => application/json
                    [Content-Length] => 2419
                    [Host] => localhost
                    [Connection] => Keep-Alive
                    [User-Agent] => Apache-HttpClient/4.1.1 (java 1.5)
                )

        )

)

2016-08-01T11:51:04+02:00 SessionId :  ClientIP : 127.0.0.1 [RESTGATEWAY] Array
(
    [timestamp] => 1470045063
    [result] => Array
        (
            [request_time] => Mon Aug 1 11:51:03 CEST 2016
            [code] => 200
            [response_time] => Mon Aug 1 11:51:04 CEST 2016
            [status] => success
            [contrattino] => Array
                (
                    [status] => KO
                    [message] => SQLSTATE[21S01]: Insert value list does not match column list: 1136 Column count doesn't match value count at row 1 - #0 D:\xampp-5.6.3\htdocs\rilevazioni\backend\app\dao\ContrattinoDAO.php(94): PDOStatement->execute()
#1 D:\xampp-5.6.3\htdocs\rilevazioni\backend\libraries\lisachenko\go-aop-php\src\Aop\Framework\ClosureDynamicMethodInvocation56.php(50): backend\app\dao\ContrattinoDAO__AopProxied->create(Array)
#2 D:\xampp-5.6.3\htdocs\rilevazioni\backend\app\aop\aspects\TransactionAspect.php(21): Go\Aop\Framework\ClosureDynamicMethodInvocation56->proceed()
#3 D:\xampp-5.6.3\htdocs\rilevazioni\backend\libraries\lisachenko\go-aop-php\src\Aop\Framework\BaseAdvice.php(194): backend\app\dao\ContrattinoDAO__AopProxied->manageTransaction(Object(Go\Aop\Framework\ClosureDynamicMethodInvocation56))
#4 D:\xampp-5.6.3\htdocs\rilevazioni\backend\libraries\lisachenko\go-aop-php\src\Aop\Framework\MethodAroundInterceptor.php(34): Go\Aop\Framework\BaseAdvice::Go\Aop\Framework\{closure}(Object(Go\Aop\Framework\ClosureDynamicMethodInvocation56))
#5 D:\xampp-5.6.3\htdocs\rilevazioni\backend\libraries\lisachenko\go-aop-php\src\Aop\Framework\ClosureDynamicMethodInvocation56.php(34): Go\Aop\Framework\MethodAroundInterceptor->invoke(Object(Go\Aop\Framework\ClosureDynamicMethodInvocation56))
#6 D:\xampp-5.6.3\htdocs\rilevazioni\backend\libraries\lisachenko\go-aop-php\src\Aop\Framework\AbstractMethodInvocation.php(115): Go\Aop\Framework\ClosureDynamicMethodInvocation56->proceed()
#7 D:\xampp-5.6.3\htdocs\rilevazioni\rest\cache\_proxies\backend\app\dao\ContrattinoDAO.php(18): Go\Aop\Framework\AbstractMethodInvocation->__invoke(Object(backend\app\dao\ContrattinoDAO), Array)
#8 D:\xampp-5.6.3\htdocs\rilevazioni\backend\app\service\ContrattinoService.php(49): backend\app\dao\ContrattinoDAO->create(Array)
#9 D:\xampp-5.6.3\htdocs\rilevazioni\backend\app\rest\controllers\ContrattinoController.php(53): backend\app\service\ContrattinoService->create(Array)
#10 D:\xampp-5.6.3\htdocs\rilevazioni\backend\libraries\lisachenko\go-aop-php\src\Aop\Framework\ClosureDynamicMethodInvocation56.php(50): backend\app\rest\controllers\ContrattinoController__AopProxied->postAction()
#11 D:\xampp-5.6.3\htdocs\rilevazioni\backend\app\aop\aspects\SecurityAspect.php(62): Go\Aop\Framework\ClosureDynamicMethodInvocation56->proceed()
#12 D:\xampp-5.6.3\htdocs\rilevazioni\backend\libraries\lisachenko\go-aop-php\src\Aop\Framework\BaseAdvice.php(194): backend\app\rest\controllers\ContrattinoController__AopProxied->checkAuthorization(Object(Go\Aop\Framework\ClosureDynamicMethodInvocation56))
#13 D:\xampp-5.6.3\htdocs\rilevazioni\backend\libraries\lisachenko\go-aop-php\src\Aop\Framework\MethodAroundInterceptor.php(34): Go\Aop\Framework\MethodAroundInterceptor::Go\Aop\Framework\{closure}(Object(Go\Aop\Framework\ClosureDynamicMethodInvocation56))
#14 D:\xampp-5.6.3\htdocs\rilevazioni\backend\libraries\lisachenko\go-aop-php\src\Aop\Framework\ClosureDynamicMethodInvocation56.php(34): Go\Aop\Framework\MethodAroundInterceptor->invoke(Object(Go\Aop\Framework\ClosureDynamicMethodInvocation56))
#15 D:\xampp-5.6.3\htdocs\rilevazioni\backend\libraries\lisachenko\go-aop-php\src\Aop\Framework\AbstractMethodInvocation.php(115): Go\Aop\Framework\ClosureDynamicMethodInvocation56->proceed()
#16 D:\xampp-5.6.3\htdocs\rilevazioni\rest\cache\_proxies\backend\app\rest\controllers\ContrattinoController.php(30): Go\Aop\Framework\AbstractMethodInvocation->__invoke(Object(backend\app\rest\controllers\ContrattinoController))
#17 D:\xampp-5.6.3\htdocs\rilevazioni\rest\index.php(38): backend\app\rest\controllers\ContrattinoController->postAction()
#18 {main}
                )

        )

)

2016-08-01T11:57:44+02:00 SessionId :  ClientIP : 127.0.0.1 [RESTGATEWAY] Array
(
    [timestamp] => 1470045464
    [request] => backend\common\rest\library\Request Object
        (
            [url_elements] => Array
                (
                    [0] => 
                    [1] => contrattino
                )

            [verb] => POST
            [parameters] => Array
                (
                    [id] => 19
                    [id_cliente] => 708
                    [data_creazione] => 
                    [data_aggiornamento] => 
                    [data_inserimento] => 2016-07-01
                    [data_inizio_periodo] => 2016-07-01
                    [data_fine_periodo] => 2016-07-01
                    [id_utente_crea] => 
                    [id_utente_mod] => 1
                    [stato] => 1
                    [codice_fatturazione_totale] => 
                    [codici_fatturazione] => 
                    [liquidazione] => 
                    [tipo_contratto] => FINEANNO
                    [modalitaliquidazione] => 
                    [tempisticadiliquidazione] => 
                    [meseannoinizio] => 
                    [meseannofine] => 
                    [divisionidaconsiderare] => 
                    [modalitadefinizioneobbiettivo] => 
                    [modalitadefinizionepremio] => 
                    [obbiettivo_valore_1] => 42424242
                    [obbiettivo_premio_1] => 
                    [obbiettivo_valore_2] => 
                    [obbiettivo_premio_2] => 
                    [obbiettivo_valore_3] => 
                    [obbiettivo_premio_3] => 0.00
                    [obbiettivo_valore_4] => 
                    [obbiettivo_premio_4] => 
                    [obbiettivo_valore_5] => 
                    [obbiettivo_premio_5] => 
                    [perc_target_totale_obb_qualificante] => 
                    [obbiettivo_minimo_obb_qualificante] => 
                    [premio1_obb_qualificante] => 
                    [tipo1_obb_qualificante] => 
                    [obbiettivo_ulteriore_obb_qualificante] => 
                    [premio2_obb_qualificante] => 
                    [tipo2_obb_qualificante] => 
                    [supero1_tipoobbiettivo] => AAA
                    [supero1_obbiettivi] => 
                    [supero1_premio] => 
                    [supero1_tipopremio] => 
                    [supero2_tipoobbiettivo] => 
                    [supero2_obbiettivi] => 
                    [supero2_premio] => 
                    [supero2_tipopremio] => 
                    [supero3_tipoobbiettivo] => 
                    [supero3_obbiettivi] => 
                    [supero3_premio] => 
                    [supero3_tipopremio] => 
                    [supero4_tipoobbiettivo] => 
                    [supero4_obbiettivi] => 
                    [supero4_premio] => 
                    [supero4_tipopremio] => 
                    [supero5_tipoobbiettivo] => 
                    [supero5_obbiettivi] => 
                    [supero5_premio] => 
                    [supero5_tipopremio] => 
                )

            [format] => json
            [datetime] => 1470045464
            [httpheaders] => Array
                (
                    [Accept-Encoding] => gzip,deflate
                    [Content-Type] => application/json
                    [Content-Length] => 2419
                    [Host] => localhost
                    [Connection] => Keep-Alive
                    [User-Agent] => Apache-HttpClient/4.1.1 (java 1.5)
                )

        )

)

2016-08-01T11:57:44+02:00 SessionId :  ClientIP : 127.0.0.1 [RESTGATEWAY] Array
(
    [timestamp] => 1470045464
    [result] => Array
        (
            [request_time] => Mon Aug 1 11:57:44 CEST 2016
            [code] => 200
            [response_time] => Mon Aug 1 11:57:44 CEST 2016
            [status] => success
            [contrattino] => Array
                (
                    [status] => KO
                    [message] => SQLSTATE[21S01]: Insert value list does not match column list: 1136 Column count doesn't match value count at row 1 - #0 D:\xampp-5.6.3\htdocs\rilevazioni\backend\app\dao\ContrattinoDAO.php(94): PDOStatement->execute()
#1 D:\xampp-5.6.3\htdocs\rilevazioni\backend\libraries\lisachenko\go-aop-php\src\Aop\Framework\ClosureDynamicMethodInvocation56.php(50): backend\app\dao\ContrattinoDAO__AopProxied->create(Array)
#2 D:\xampp-5.6.3\htdocs\rilevazioni\backend\app\aop\aspects\TransactionAspect.php(21): Go\Aop\Framework\ClosureDynamicMethodInvocation56->proceed()
#3 D:\xampp-5.6.3\htdocs\rilevazioni\backend\libraries\lisachenko\go-aop-php\src\Aop\Framework\BaseAdvice.php(194): backend\app\dao\ContrattinoDAO__AopProxied->manageTransaction(Object(Go\Aop\Framework\ClosureDynamicMethodInvocation56))
#4 D:\xampp-5.6.3\htdocs\rilevazioni\backend\libraries\lisachenko\go-aop-php\src\Aop\Framework\MethodAroundInterceptor.php(34): Go\Aop\Framework\MethodAroundInterceptor::Go\Aop\Framework\{closure}(Object(Go\Aop\Framework\ClosureDynamicMethodInvocation56))
#5 D:\xampp-5.6.3\htdocs\rilevazioni\backend\libraries\lisachenko\go-aop-php\src\Aop\Framework\ClosureDynamicMethodInvocation56.php(34): Go\Aop\Framework\MethodAroundInterceptor->invoke(Object(Go\Aop\Framework\ClosureDynamicMethodInvocation56))
#6 D:\xampp-5.6.3\htdocs\rilevazioni\backend\libraries\lisachenko\go-aop-php\src\Aop\Framework\AbstractMethodInvocation.php(115): Go\Aop\Framework\ClosureDynamicMethodInvocation56->proceed()
#7 D:\xampp-5.6.3\htdocs\rilevazioni\rest\cache\_proxies\backend\app\dao\ContrattinoDAO.php(18): Go\Aop\Framework\AbstractMethodInvocation->__invoke(Object(backend\app\dao\ContrattinoDAO), Array)
#8 D:\xampp-5.6.3\htdocs\rilevazioni\backend\app\service\ContrattinoService.php(49): backend\app\dao\ContrattinoDAO->create(Array)
#9 D:\xampp-5.6.3\htdocs\rilevazioni\backend\app\rest\controllers\ContrattinoController.php(53): backend\app\service\ContrattinoService->create(Array)
#10 D:\xampp-5.6.3\htdocs\rilevazioni\backend\libraries\lisachenko\go-aop-php\src\Aop\Framework\ClosureDynamicMethodInvocation56.php(50): backend\app\rest\controllers\ContrattinoController__AopProxied->postAction()
#11 D:\xampp-5.6.3\htdocs\rilevazioni\backend\app\aop\aspects\SecurityAspect.php(62): Go\Aop\Framework\ClosureDynamicMethodInvocation56->proceed()
#12 D:\xampp-5.6.3\htdocs\rilevazioni\backend\libraries\lisachenko\go-aop-php\src\Aop\Framework\BaseAdvice.php(194): backend\app\rest\controllers\ContrattinoController__AopProxied->checkAuthorization(Object(Go\Aop\Framework\ClosureDynamicMethodInvocation56))
#13 D:\xampp-5.6.3\htdocs\rilevazioni\backend\libraries\lisachenko\go-aop-php\src\Aop\Framework\MethodAroundInterceptor.php(34): Go\Aop\Framework\MethodAroundInterceptor::Go\Aop\Framework\{closure}(Object(Go\Aop\Framework\ClosureDynamicMethodInvocation56))
#14 D:\xampp-5.6.3\htdocs\rilevazioni\backend\libraries\lisachenko\go-aop-php\src\Aop\Framework\ClosureDynamicMethodInvocation56.php(34): Go\Aop\Framework\MethodAroundInterceptor->invoke(Object(Go\Aop\Framework\ClosureDynamicMethodInvocation56))
#15 D:\xampp-5.6.3\htdocs\rilevazioni\backend\libraries\lisachenko\go-aop-php\src\Aop\Framework\AbstractMethodInvocation.php(115): Go\Aop\Framework\ClosureDynamicMethodInvocation56->proceed()
#16 D:\xampp-5.6.3\htdocs\rilevazioni\rest\cache\_proxies\backend\app\rest\controllers\ContrattinoController.php(30): Go\Aop\Framework\AbstractMethodInvocation->__invoke(Object(backend\app\rest\controllers\ContrattinoController))
#17 D:\xampp-5.6.3\htdocs\rilevazioni\rest\index.php(38): backend\app\rest\controllers\ContrattinoController->postAction()
#18 {main}
                )

        )

)

2016-08-01T12:02:28+02:00 SessionId :  ClientIP : 127.0.0.1 [RESTGATEWAY] Array
(
    [timestamp] => 1470045748
    [request] => backend\common\rest\library\Request Object
        (
            [url_elements] => Array
                (
                    [0] => 
                    [1] => contrattino
                )

            [verb] => POST
            [parameters] => Array
                (
                    [id] => 19
                    [id_cliente] => 708
                    [data_creazione] => 
                    [data_aggiornamento] => 
                    [data_inserimento] => 2016-07-01
                    [data_inizio_periodo] => 2016-07-01
                    [data_fine_periodo] => 2016-07-01
                    [id_utente_crea] => 
                    [id_utente_mod] => 1
                    [stato] => 1
                    [codice_fatturazione_totale] => 
                    [codici_fatturazione] => 
                    [liquidazione] => 
                    [tipo_contratto] => FINEANNO
                    [modalitaliquidazione] => 
                    [tempisticadiliquidazione] => 
                    [meseannoinizio] => 
                    [meseannofine] => 
                    [divisionidaconsiderare] => 
                    [modalitadefinizioneobbiettivo] => 
                    [modalitadefinizionepremio] => 
                    [obbiettivo_valore_1] => 42424242
                    [obbiettivo_premio_1] => 
                    [obbiettivo_valore_2] => 
                    [obbiettivo_premio_2] => 
                    [obbiettivo_valore_3] => 
                    [obbiettivo_premio_3] => 0.00
                    [obbiettivo_valore_4] => 
                    [obbiettivo_premio_4] => 
                    [obbiettivo_valore_5] => 
                    [obbiettivo_premio_5] => 
                    [perc_target_totale_obb_qualificante] => 
                    [obbiettivo_minimo_obb_qualificante] => 
                    [premio1_obb_qualificante] => 
                    [tipo1_obb_qualificante] => 
                    [obbiettivo_ulteriore_obb_qualificante] => 
                    [premio2_obb_qualificante] => 
                    [tipo2_obb_qualificante] => 
                    [supero1_tipoobbiettivo] => AAA
                    [supero1_obbiettivi] => 
                    [supero1_premio] => 
                    [supero1_tipopremio] => 
                    [supero2_tipoobbiettivo] => 
                    [supero2_obbiettivi] => 
                    [supero2_premio] => 
                    [supero2_tipopremio] => 
                    [supero3_tipoobbiettivo] => 
                    [supero3_obbiettivi] => 
                    [supero3_premio] => 
                    [supero3_tipopremio] => 
                    [supero4_tipoobbiettivo] => 
                    [supero4_obbiettivi] => 
                    [supero4_premio] => 
                    [supero4_tipopremio] => 
                    [supero5_tipoobbiettivo] => 
                    [supero5_obbiettivi] => 
                    [supero5_premio] => 
                    [supero5_tipopremio] => 
                )

            [format] => json
            [datetime] => 1470045748
            [httpheaders] => Array
                (
                    [Accept-Encoding] => gzip,deflate
                    [Content-Type] => application/json
                    [Content-Length] => 2419
                    [Host] => localhost
                    [Connection] => Keep-Alive
                    [User-Agent] => Apache-HttpClient/4.1.1 (java 1.5)
                )

        )

)

2016-08-01T12:02:28+02:00 SessionId :  ClientIP : 127.0.0.1 [RESTGATEWAY] Array
(
    [timestamp] => 1470045748
    [result] => Array
        (
            [request_time] => Mon Aug 1 12:02:28 CEST 2016
            [code] => 200
            [response_time] => Mon Aug 1 12:02:28 CEST 2016
            [status] => success
            [contrattino] => Array
                (
                    [0] => Array
                        (
                            [id] => 49
                            [id_cliente] => 708
                            [ragione_sociale] => 
                            [codice_cliente] => 
                            [data_creazione] => 2016-08-01 12:02:28
                            [data_aggiornamento] => 
                            [id_utente_crea] => 
                            [id_utente_mod] => 
                            [stato] => 1
                            [tipo_contratto] => FINEANNO
                            [codice_fatturazione_totale] => 
                            [codici_fatturazione] => 
                            [liquidazione] => 0
                            [data_esportazione] => 
                            [data_inserimento] => 2016-07-01 00:00:00
                            [noteagente] => 
                            [noteispettore] => 
                            [notecapoarea] => 
                            [modalitaliquidazione] => 
                            [tempisticadiliquidazione] => 
                            [meseannoinizio] => 
                            [meseannofine] => 
                            [divisionidaconsiderare] => 
                            [modalitadefinizioneobbiettivo] => 
                            [modalitadefinizionepremio] => 
                            [obbiettivo_valore_1] => 42424242.00
                            [obbiettivo_premio_1] => 
                            [obbiettivo_valore_2] => 
                            [obbiettivo_premio_2] => 
                            [obbiettivo_valore_3] => 
                            [obbiettivo_premio_3] => 
                            [obbiettivo_valore_4] => 
                            [obbiettivo_premio_4] => 
                            [obbiettivo_valore_5] => 
                            [obbiettivo_premio_5] => 
                            [obbiettivo_qualificante_1] => 
                            [obbiettivo_qualificante_2] => 
                            [livello_obbiettivo_1] => 
                            [livello_obbiettivo_2] => 
                            [perc_target_totale_obb_qualificante] => 
                            [obbiettivo_minimo_obb_qualificante] => 
                            [premio1_obb_qualificante] => 
                            [tipo1_obb_qualificante] => 
                            [obbiettivo_ulteriore_obb_qualificante] => 
                            [premio2_obb_qualificante] => 
                            [tipo2_obb_qualificante] => 
                            [supero1_tipoobbiettivo] => AAA
                            [supero1_obbiettivi] => 
                            [supero1_premio] => 
                            [supero1_tipopremio] => 
                            [supero2_tipoobbiettivo] => 
                            [supero2_obbiettivi] => 
                            [supero2_premio] => 
                            [supero2_tipopremio] => 
                            [supero3_tipoobbiettivo] => 
                            [supero3_obbiettivi] => 
                            [supero3_premio] => 
                            [supero3_tipopremio] => 
                            [supero4_tipoobbiettivo] => 
                            [supero4_obbiettivi] => 
                            [supero4_premio] => 
                            [supero4_tipopremio] => 
                            [supero5_tipoobbiettivo] => 
                            [supero5_obbiettivi] => 
                            [supero5_premio] => 
                            [supero5_tipopremio] => 
                            [tcs_liquidazione] => 
                            [tcs_codice_fatturazione] => 
                            [tcs_obbiettivo_liv_1] => 
                            [tcs_obbiettivo_liv_1_misura] => 
                            [tcs_obbiettivo_liv_1_premio] => 
                            [tcs_obbiettivo_liv_2] => 
                            [tcs_obbiettivo_liv_2_misura] => 
                            [tcs_obbiettivo_liv_2_premio] => 
                            [tcs_obbiettivo_liv_3] => 
                            [tcs_obbiettivo_liv_3_misura] => 
                            [tcs_obbiettivo_liv_3_premio] => 
                            [tcs_obbiettivo_liv_4] => 
                            [tcs_obbiettivo_liv_4_misura] => 
                            [tcs_obbiettivo_liv_4_premio] => 
                            [tcs_obbiettivo_liv_5] => 
                            [tcs_obbiettivo_liv_5_misura] => 
                            [tcs_obbiettivo_liv_5_premio] => 
                            [tcs_tipologia_liquidazione_obbiettivi] => 
                            [tcs_data_inizio_conteggio] => 
                            [tcs_data_termine_conteggio] => 
                        )

                )

        )

)

2016-08-01T12:10:56+02:00 SessionId :  ClientIP : 127.0.0.1 [RESTGATEWAY] Array
(
    [timestamp] => 1470046256
    [request] => backend\common\rest\library\Request Object
        (
            [url_elements] => Array
                (
                    [0] => 
                    [1] => contrattino
                )

            [verb] => PUT
            [parameters] => Array
                (
                )

            [format] => json
            [datetime] => 1470046256
            [httpheaders] => Array
                (
                    [Accept-Encoding] => gzip,deflate
                    [Content-Type] => application/json
                    [Content-Length] => 2436
                    [Host] => localhost
                    [Connection] => Keep-Alive
                    [User-Agent] => Apache-HttpClient/4.1.1 (java 1.5)
                )

        )

)

2016-08-01T12:10:57+02:00 SessionId :  ClientIP : 127.0.0.1 [RESTGATEWAY] Array
(
    [timestamp] => 1470046256
    [result] => Array
        (
            [request_time] => Mon Aug 1 12:10:56 CEST 2016
            [code] => 200
            [response_time] => Mon Aug 1 12:10:57 CEST 2016
            [status] => success
            [contrattino] => Array
                (
                    [status] => KO
                    [message] => SQLSTATE[HY093]: Invalid parameter number: number of bound variables does not match number of tokens - #0 D:\xampp-5.6.3\htdocs\rilevazioni\backend\app\dao\ContrattinoDAO.php(323): PDOStatement->execute()
#1 D:\xampp-5.6.3\htdocs\rilevazioni\backend\libraries\lisachenko\go-aop-php\src\Aop\Framework\ClosureDynamicMethodInvocation56.php(50): backend\app\dao\ContrattinoDAO__AopProxied->update(Array)
#2 D:\xampp-5.6.3\htdocs\rilevazioni\backend\app\aop\aspects\TransactionAspect.php(21): Go\Aop\Framework\ClosureDynamicMethodInvocation56->proceed()
#3 D:\xampp-5.6.3\htdocs\rilevazioni\backend\libraries\lisachenko\go-aop-php\src\Aop\Framework\BaseAdvice.php(194): backend\app\dao\ContrattinoDAO__AopProxied->manageTransaction(Object(Go\Aop\Framework\ClosureDynamicMethodInvocation56))
#4 D:\xampp-5.6.3\htdocs\rilevazioni\backend\libraries\lisachenko\go-aop-php\src\Aop\Framework\MethodAroundInterceptor.php(34): Go\Aop\Framework\BaseAdvice::Go\Aop\Framework\{closure}(Object(Go\Aop\Framework\ClosureDynamicMethodInvocation56))
#5 D:\xampp-5.6.3\htdocs\rilevazioni\backend\libraries\lisachenko\go-aop-php\src\Aop\Framework\ClosureDynamicMethodInvocation56.php(34): Go\Aop\Framework\MethodAroundInterceptor->invoke(Object(Go\Aop\Framework\ClosureDynamicMethodInvocation56))
#6 D:\xampp-5.6.3\htdocs\rilevazioni\backend\libraries\lisachenko\go-aop-php\src\Aop\Framework\AbstractMethodInvocation.php(115): Go\Aop\Framework\ClosureDynamicMethodInvocation56->proceed()
#7 D:\xampp-5.6.3\htdocs\rilevazioni\rest\cache\_proxies\backend\app\dao\ContrattinoDAO.php(24): Go\Aop\Framework\AbstractMethodInvocation->__invoke(Object(backend\app\dao\ContrattinoDAO), Array)
#8 D:\xampp-5.6.3\htdocs\rilevazioni\backend\app\service\ContrattinoService.php(57): backend\app\dao\ContrattinoDAO->update(Array)
#9 D:\xampp-5.6.3\htdocs\rilevazioni\backend\app\rest\controllers\ContrattinoController.php(68): backend\app\service\ContrattinoService->update(Array)
#10 D:\xampp-5.6.3\htdocs\rilevazioni\backend\libraries\lisachenko\go-aop-php\src\Aop\Framework\ClosureDynamicMethodInvocation56.php(50): backend\app\rest\controllers\ContrattinoController__AopProxied->putAction()
#11 D:\xampp-5.6.3\htdocs\rilevazioni\backend\app\aop\aspects\SecurityAspect.php(62): Go\Aop\Framework\ClosureDynamicMethodInvocation56->proceed()
#12 D:\xampp-5.6.3\htdocs\rilevazioni\backend\libraries\lisachenko\go-aop-php\src\Aop\Framework\BaseAdvice.php(194): backend\app\rest\controllers\ContrattinoController__AopProxied->checkAuthorization(Object(Go\Aop\Framework\ClosureDynamicMethodInvocation56))
#13 D:\xampp-5.6.3\htdocs\rilevazioni\backend\libraries\lisachenko\go-aop-php\src\Aop\Framework\MethodAroundInterceptor.php(34): Go\Aop\Framework\MethodAroundInterceptor::Go\Aop\Framework\{closure}(Object(Go\Aop\Framework\ClosureDynamicMethodInvocation56))
#14 D:\xampp-5.6.3\htdocs\rilevazioni\backend\libraries\lisachenko\go-aop-php\src\Aop\Framework\ClosureDynamicMethodInvocation56.php(34): Go\Aop\Framework\MethodAroundInterceptor->invoke(Object(Go\Aop\Framework\ClosureDynamicMethodInvocation56))
#15 D:\xampp-5.6.3\htdocs\rilevazioni\backend\libraries\lisachenko\go-aop-php\src\Aop\Framework\AbstractMethodInvocation.php(115): Go\Aop\Framework\ClosureDynamicMethodInvocation56->proceed()
#16 D:\xampp-5.6.3\htdocs\rilevazioni\rest\cache\_proxies\backend\app\rest\controllers\ContrattinoController.php(42): Go\Aop\Framework\AbstractMethodInvocation->__invoke(Object(backend\app\rest\controllers\ContrattinoController))
#17 D:\xampp-5.6.3\htdocs\rilevazioni\rest\index.php(38): backend\app\rest\controllers\ContrattinoController->putAction()
#18 {main}
                )

        )

)

2016-08-01T12:12:30+02:00 SessionId :  ClientIP : 127.0.0.1 [RESTGATEWAY] Array
(
    [timestamp] => 1470046350
    [request] => backend\common\rest\library\Request Object
        (
            [url_elements] => Array
                (
                    [0] => 
                    [1] => contrattino
                )

            [verb] => PUT
            [parameters] => Array
                (
                    [id] => 49
                    [id_cliente] => 708
                    [data_creazione] => 
                    [data_aggiornamento] => 
                    [data_inserimento] => 2016-07-01
                    [data_inizio_periodo] => 2016-07-01
                    [data_fine_periodo] => 2016-07-01
                    [id_utente_crea] => 
                    [id_utente_mod] => 1
                    [stato] => 1
                    [codice_fatturazione_totale] => 
                    [codici_fatturazione] => 
                    [liquidazione] => 
                    [tipo_contratto] => FINEANNO
                    [modalitaliquidazione] => 
                    [tempisticadiliquidazione] => 
                    [meseannoinizio] => 
                    [meseannofine] => 
                    [divisionidaconsiderare] => 
                    [modalitadefinizioneobbiettivo] => 
                    [modalitadefinizionepremio] => 
                    [obbiettivo_valore_1] => 42424242
                    [obbiettivo_premio_1] => 42424242
                    [obbiettivo_valore_2] => 424244242422
                    [obbiettivo_premio_2] => 
                    [obbiettivo_valore_3] => 
                    [obbiettivo_premio_3] => 0.00
                    [obbiettivo_valore_4] => 
                    [obbiettivo_premio_4] => 
                    [obbiettivo_valore_5] => 
                    [obbiettivo_premio_5] => 
                    [perc_target_totale_obb_qualificante] => 
                    [obbiettivo_minimo_obb_qualificante] => 
                    [premio1_obb_qualificante] => 
                    [tipo1_obb_qualificante] => 
                    [obbiettivo_ulteriore_obb_qualificante] => 
                    [premio2_obb_qualificante] => 
                    [tipo2_obb_qualificante] => 
                    [supero1_tipoobbiettivo] => AAA
                    [supero1_obbiettivi] => 
                    [supero1_premio] => 
                    [supero1_tipopremio] => 
                    [supero2_tipoobbiettivo] => 
                    [supero2_obbiettivi] => 
                    [supero2_premio] => 
                    [supero2_tipopremio] => 
                    [supero3_tipoobbiettivo] => 
                    [supero3_obbiettivi] => 
                    [supero3_premio] => 
                    [supero3_tipopremio] => 
                    [supero4_tipoobbiettivo] => 
                    [supero4_obbiettivi] => 
                    [supero4_premio] => 
                    [supero4_tipopremio] => 
                    [supero5_tipoobbiettivo] => 
                    [supero5_obbiettivi] => 
                    [supero5_premio] => 
                    [supero5_tipopremio] => 
                )

            [format] => json
            [datetime] => 1470046350
            [httpheaders] => Array
                (
                    [Accept-Encoding] => gzip,deflate
                    [Content-Type] => application/json
                    [Content-Length] => 2435
                    [Host] => localhost
                    [Connection] => Keep-Alive
                    [User-Agent] => Apache-HttpClient/4.1.1 (java 1.5)
                )

        )

)

2016-08-01T12:12:30+02:00 SessionId :  ClientIP : 127.0.0.1 [RESTGATEWAY] Array
(
    [timestamp] => 1470046350
    [result] => Array
        (
            [request_time] => Mon Aug 1 12:12:30 CEST 2016
            [code] => 200
            [response_time] => Mon Aug 1 12:12:30 CEST 2016
            [status] => success
            [contrattino] => Array
                (
                    [status] => KO
                    [message] => SQLSTATE[HY093]: Invalid parameter number: number of bound variables does not match number of tokens - #0 D:\xampp-5.6.3\htdocs\rilevazioni\backend\app\dao\ContrattinoDAO.php(323): PDOStatement->execute()
#1 D:\xampp-5.6.3\htdocs\rilevazioni\backend\libraries\lisachenko\go-aop-php\src\Aop\Framework\ClosureDynamicMethodInvocation56.php(50): backend\app\dao\ContrattinoDAO__AopProxied->update(Array)
#2 D:\xampp-5.6.3\htdocs\rilevazioni\backend\app\aop\aspects\TransactionAspect.php(21): Go\Aop\Framework\ClosureDynamicMethodInvocation56->proceed()
#3 D:\xampp-5.6.3\htdocs\rilevazioni\backend\libraries\lisachenko\go-aop-php\src\Aop\Framework\BaseAdvice.php(194): backend\app\dao\ContrattinoDAO__AopProxied->manageTransaction(Object(Go\Aop\Framework\ClosureDynamicMethodInvocation56))
#4 D:\xampp-5.6.3\htdocs\rilevazioni\backend\libraries\lisachenko\go-aop-php\src\Aop\Framework\MethodAroundInterceptor.php(34): Go\Aop\Framework\MethodAroundInterceptor::Go\Aop\Framework\{closure}(Object(Go\Aop\Framework\ClosureDynamicMethodInvocation56))
#5 D:\xampp-5.6.3\htdocs\rilevazioni\backend\libraries\lisachenko\go-aop-php\src\Aop\Framework\ClosureDynamicMethodInvocation56.php(34): Go\Aop\Framework\MethodAroundInterceptor->invoke(Object(Go\Aop\Framework\ClosureDynamicMethodInvocation56))
#6 D:\xampp-5.6.3\htdocs\rilevazioni\backend\libraries\lisachenko\go-aop-php\src\Aop\Framework\AbstractMethodInvocation.php(115): Go\Aop\Framework\ClosureDynamicMethodInvocation56->proceed()
#7 D:\xampp-5.6.3\htdocs\rilevazioni\rest\cache\_proxies\backend\app\dao\ContrattinoDAO.php(24): Go\Aop\Framework\AbstractMethodInvocation->__invoke(Object(backend\app\dao\ContrattinoDAO), Array)
#8 D:\xampp-5.6.3\htdocs\rilevazioni\backend\app\service\ContrattinoService.php(57): backend\app\dao\ContrattinoDAO->update(Array)
#9 D:\xampp-5.6.3\htdocs\rilevazioni\backend\app\rest\controllers\ContrattinoController.php(68): backend\app\service\ContrattinoService->update(Array)
#10 D:\xampp-5.6.3\htdocs\rilevazioni\backend\libraries\lisachenko\go-aop-php\src\Aop\Framework\ClosureDynamicMethodInvocation56.php(50): backend\app\rest\controllers\ContrattinoController__AopProxied->putAction()
#11 D:\xampp-5.6.3\htdocs\rilevazioni\backend\app\aop\aspects\SecurityAspect.php(62): Go\Aop\Framework\ClosureDynamicMethodInvocation56->proceed()
#12 D:\xampp-5.6.3\htdocs\rilevazioni\backend\libraries\lisachenko\go-aop-php\src\Aop\Framework\BaseAdvice.php(194): backend\app\rest\controllers\ContrattinoController__AopProxied->checkAuthorization(Object(Go\Aop\Framework\ClosureDynamicMethodInvocation56))
#13 D:\xampp-5.6.3\htdocs\rilevazioni\backend\libraries\lisachenko\go-aop-php\src\Aop\Framework\MethodAroundInterceptor.php(34): Go\Aop\Framework\MethodAroundInterceptor::Go\Aop\Framework\{closure}(Object(Go\Aop\Framework\ClosureDynamicMethodInvocation56))
#14 D:\xampp-5.6.3\htdocs\rilevazioni\backend\libraries\lisachenko\go-aop-php\src\Aop\Framework\ClosureDynamicMethodInvocation56.php(34): Go\Aop\Framework\MethodAroundInterceptor->invoke(Object(Go\Aop\Framework\ClosureDynamicMethodInvocation56))
#15 D:\xampp-5.6.3\htdocs\rilevazioni\backend\libraries\lisachenko\go-aop-php\src\Aop\Framework\AbstractMethodInvocation.php(115): Go\Aop\Framework\ClosureDynamicMethodInvocation56->proceed()
#16 D:\xampp-5.6.3\htdocs\rilevazioni\rest\cache\_proxies\backend\app\rest\controllers\ContrattinoController.php(42): Go\Aop\Framework\AbstractMethodInvocation->__invoke(Object(backend\app\rest\controllers\ContrattinoController))
#17 D:\xampp-5.6.3\htdocs\rilevazioni\rest\index.php(38): backend\app\rest\controllers\ContrattinoController->putAction()
#18 {main}
                )

        )

)

2016-08-01T12:13:43+02:00 SessionId :  ClientIP : 127.0.0.1 [RESTGATEWAY] Array
(
    [timestamp] => 1470046423
    [request] => backend\common\rest\library\Request Object
        (
            [url_elements] => Array
                (
                    [0] => 
                    [1] => contrattino
                )

            [verb] => PUT
            [parameters] => Array
                (
                    [id] => 49
                    [id_cliente] => 708
                    [data_creazione] => 
                    [data_aggiornamento] => 
                    [data_inserimento] => 2016-07-01
                    [data_inizio_periodo] => 2016-07-01
                    [data_fine_periodo] => 2016-07-01
                    [id_utente_crea] => 
                    [id_utente_mod] => 1
                    [stato] => 1
                    [codice_fatturazione_totale] => 
                    [codici_fatturazione] => 
                    [liquidazione] => 
                    [tipo_contratto] => FINEANNO
                    [modalitaliquidazione] => 
                    [tempisticadiliquidazione] => 
                    [meseannoinizio] => 
                    [meseannofine] => 
                    [divisionidaconsiderare] => 
                    [modalitadefinizioneobbiettivo] => 
                    [modalitadefinizionepremio] => 
                    [obbiettivo_valore_1] => 42424242
                    [obbiettivo_premio_1] => 42424242
                    [obbiettivo_valore_2] => 424244242422
                    [obbiettivo_premio_2] => 
                    [obbiettivo_valore_3] => 
                    [obbiettivo_premio_3] => 0.00
                    [obbiettivo_valore_4] => 
                    [obbiettivo_premio_4] => 
                    [obbiettivo_valore_5] => 
                    [obbiettivo_premio_5] => 
                    [perc_target_totale_obb_qualificante] => 
                    [obbiettivo_minimo_obb_qualificante] => 
                    [premio1_obb_qualificante] => 
                    [tipo1_obb_qualificante] => 
                    [obbiettivo_ulteriore_obb_qualificante] => 
                    [premio2_obb_qualificante] => 
                    [tipo2_obb_qualificante] => 
                    [supero1_tipoobbiettivo] => AAA
                    [supero1_obbiettivi] => 
                    [supero1_premio] => 
                    [supero1_tipopremio] => 
                    [supero2_tipoobbiettivo] => 
                    [supero2_obbiettivi] => 
                    [supero2_premio] => 
                    [supero2_tipopremio] => 
                    [supero3_tipoobbiettivo] => 
                    [supero3_obbiettivi] => 
                    [supero3_premio] => 
                    [supero3_tipopremio] => 
                    [supero4_tipoobbiettivo] => 
                    [supero4_obbiettivi] => 
                    [supero4_premio] => 
                    [supero4_tipopremio] => 
                    [supero5_tipoobbiettivo] => 
                    [supero5_obbiettivi] => 
                    [supero5_premio] => 
                    [supero5_tipopremio] => 
                )

            [format] => json
            [datetime] => 1470046423
            [httpheaders] => Array
                (
                    [Accept-Encoding] => gzip,deflate
                    [Content-Type] => application/json
                    [Content-Length] => 2435
                    [Host] => localhost
                    [Connection] => Keep-Alive
                    [User-Agent] => Apache-HttpClient/4.1.1 (java 1.5)
                )

        )

)

2016-08-01T12:13:43+02:00 SessionId :  ClientIP : 127.0.0.1 [RESTGATEWAY] Array
(
    [timestamp] => 1470046423
    [result] => Array
        (
            [request_time] => Mon Aug 1 12:13:43 CEST 2016
            [code] => 200
            [response_time] => Mon Aug 1 12:13:43 CEST 2016
            [status] => success
            [contrattino] => Array
                (
                    [status] => KO
                    [message] => SQLSTATE[42000]: Syntax error or access violation: 1064 You have an error in your SQL syntax; check the manual that corresponds to your MySQL server version for the right syntax to use near 'modalitaliquidazione = if ('0'  IS NULL,modalitaliquidazione, '0'),
            ' at line 1 - #0 D:\xampp-5.6.3\htdocs\rilevazioni\backend\app\dao\ContrattinoDAO.php(340): PDOStatement->execute()
#1 D:\xampp-5.6.3\htdocs\rilevazioni\backend\libraries\lisachenko\go-aop-php\src\Aop\Framework\ClosureDynamicMethodInvocation56.php(50): backend\app\dao\ContrattinoDAO__AopProxied->update(Array)
#2 D:\xampp-5.6.3\htdocs\rilevazioni\backend\app\aop\aspects\TransactionAspect.php(21): Go\Aop\Framework\ClosureDynamicMethodInvocation56->proceed()
#3 D:\xampp-5.6.3\htdocs\rilevazioni\backend\libraries\lisachenko\go-aop-php\src\Aop\Framework\BaseAdvice.php(194): backend\app\dao\ContrattinoDAO__AopProxied->manageTransaction(Object(Go\Aop\Framework\ClosureDynamicMethodInvocation56))
#4 D:\xampp-5.6.3\htdocs\rilevazioni\backend\libraries\lisachenko\go-aop-php\src\Aop\Framework\MethodAroundInterceptor.php(34): Go\Aop\Framework\BaseAdvice::Go\Aop\Framework\{closure}(Object(Go\Aop\Framework\ClosureDynamicMethodInvocation56))
#5 D:\xampp-5.6.3\htdocs\rilevazioni\backend\libraries\lisachenko\go-aop-php\src\Aop\Framework\ClosureDynamicMethodInvocation56.php(34): Go\Aop\Framework\MethodAroundInterceptor->invoke(Object(Go\Aop\Framework\ClosureDynamicMethodInvocation56))
#6 D:\xampp-5.6.3\htdocs\rilevazioni\backend\libraries\lisachenko\go-aop-php\src\Aop\Framework\AbstractMethodInvocation.php(115): Go\Aop\Framework\ClosureDynamicMethodInvocation56->proceed()
#7 D:\xampp-5.6.3\htdocs\rilevazioni\rest\cache\_proxies\backend\app\dao\ContrattinoDAO.php(24): Go\Aop\Framework\AbstractMethodInvocation->__invoke(Object(backend\app\dao\ContrattinoDAO), Array)
#8 D:\xampp-5.6.3\htdocs\rilevazioni\backend\app\service\ContrattinoService.php(57): backend\app\dao\ContrattinoDAO->update(Array)
#9 D:\xampp-5.6.3\htdocs\rilevazioni\backend\app\rest\controllers\ContrattinoController.php(68): backend\app\service\ContrattinoService->update(Array)
#10 D:\xampp-5.6.3\htdocs\rilevazioni\backend\libraries\lisachenko\go-aop-php\src\Aop\Framework\ClosureDynamicMethodInvocation56.php(50): backend\app\rest\controllers\ContrattinoController__AopProxied->putAction()
#11 D:\xampp-5.6.3\htdocs\rilevazioni\backend\app\aop\aspects\SecurityAspect.php(62): Go\Aop\Framework\ClosureDynamicMethodInvocation56->proceed()
#12 D:\xampp-5.6.3\htdocs\rilevazioni\backend\libraries\lisachenko\go-aop-php\src\Aop\Framework\BaseAdvice.php(194): backend\app\rest\controllers\ContrattinoController__AopProxied->checkAuthorization(Object(Go\Aop\Framework\ClosureDynamicMethodInvocation56))
#13 D:\xampp-5.6.3\htdocs\rilevazioni\backend\libraries\lisachenko\go-aop-php\src\Aop\Framework\MethodAroundInterceptor.php(34): Go\Aop\Framework\MethodAroundInterceptor::Go\Aop\Framework\{closure}(Object(Go\Aop\Framework\ClosureDynamicMethodInvocation56))
#14 D:\xampp-5.6.3\htdocs\rilevazioni\backend\libraries\lisachenko\go-aop-php\src\Aop\Framework\ClosureDynamicMethodInvocation56.php(34): Go\Aop\Framework\MethodAroundInterceptor->invoke(Object(Go\Aop\Framework\ClosureDynamicMethodInvocation56))
#15 D:\xampp-5.6.3\htdocs\rilevazioni\backend\libraries\lisachenko\go-aop-php\src\Aop\Framework\AbstractMethodInvocation.php(115): Go\Aop\Framework\ClosureDynamicMethodInvocation56->proceed()
#16 D:\xampp-5.6.3\htdocs\rilevazioni\rest\cache\_proxies\backend\app\rest\controllers\ContrattinoController.php(42): Go\Aop\Framework\AbstractMethodInvocation->__invoke(Object(backend\app\rest\controllers\ContrattinoController))
#17 D:\xampp-5.6.3\htdocs\rilevazioni\rest\index.php(38): backend\app\rest\controllers\ContrattinoController->putAction()
#18 {main}
                )

        )

)

2016-08-01T12:14:08+02:00 SessionId :  ClientIP : 127.0.0.1 [RESTGATEWAY] Array
(
    [timestamp] => 1470046448
    [request] => backend\common\rest\library\Request Object
        (
            [url_elements] => Array
                (
                    [0] => 
                    [1] => contrattino
                )

            [verb] => PUT
            [parameters] => Array
                (
                    [id] => 49
                    [id_cliente] => 708
                    [data_creazione] => 
                    [data_aggiornamento] => 
                    [data_inserimento] => 2016-07-01
                    [data_inizio_periodo] => 2016-07-01
                    [data_fine_periodo] => 2016-07-01
                    [id_utente_crea] => 
                    [id_utente_mod] => 1
                    [stato] => 1
                    [codice_fatturazione_totale] => 
                    [codici_fatturazione] => 
                    [liquidazione] => 
                    [tipo_contratto] => FINEANNO
                    [modalitaliquidazione] => 
                    [tempisticadiliquidazione] => 
                    [meseannoinizio] => 
                    [meseannofine] => 
                    [divisionidaconsiderare] => 
                    [modalitadefinizioneobbiettivo] => 
                    [modalitadefinizionepremio] => 
                    [obbiettivo_valore_1] => 42424242
                    [obbiettivo_premio_1] => 42424242
                    [obbiettivo_valore_2] => 424244242422
                    [obbiettivo_premio_2] => 
                    [obbiettivo_valore_3] => 
                    [obbiettivo_premio_3] => 0.00
                    [obbiettivo_valore_4] => 
                    [obbiettivo_premio_4] => 
                    [obbiettivo_valore_5] => 
                    [obbiettivo_premio_5] => 
                    [perc_target_totale_obb_qualificante] => 
                    [obbiettivo_minimo_obb_qualificante] => 
                    [premio1_obb_qualificante] => 
                    [tipo1_obb_qualificante] => 
                    [obbiettivo_ulteriore_obb_qualificante] => 
                    [premio2_obb_qualificante] => 
                    [tipo2_obb_qualificante] => 
                    [supero1_tipoobbiettivo] => AAA
                    [supero1_obbiettivi] => 
                    [supero1_premio] => 
                    [supero1_tipopremio] => 
                    [supero2_tipoobbiettivo] => 
                    [supero2_obbiettivi] => 
                    [supero2_premio] => 
                    [supero2_tipopremio] => 
                    [supero3_tipoobbiettivo] => 
                    [supero3_obbiettivi] => 
                    [supero3_premio] => 
                    [supero3_tipopremio] => 
                    [supero4_tipoobbiettivo] => 
                    [supero4_obbiettivi] => 
                    [supero4_premio] => 
                    [supero4_tipopremio] => 
                    [supero5_tipoobbiettivo] => 
                    [supero5_obbiettivi] => 
                    [supero5_premio] => 
                    [supero5_tipopremio] => 
                )

            [format] => json
            [datetime] => 1470046448
            [httpheaders] => Array
                (
                    [Accept-Encoding] => gzip,deflate
                    [Content-Type] => application/json
                    [Content-Length] => 2435
                    [Host] => localhost
                    [Connection] => Keep-Alive
                    [User-Agent] => Apache-HttpClient/4.1.1 (java 1.5)
                )

        )

)

2016-08-01T12:14:08+02:00 SessionId :  ClientIP : 127.0.0.1 [RESTGATEWAY] Array
(
    [timestamp] => 1470046448
    [result] => Array
        (
            [request_time] => Mon Aug 1 12:14:08 CEST 2016
            [code] => 200
            [response_time] => Mon Aug 1 12:14:08 CEST 2016
            [status] => success
            [contrattino] => Array
                (
                    [0] => Array
                        (
                            [id] => 49
                            [id_cliente] => 708
                            [ragione_sociale] => 
                            [codice_cliente] => 
                            [data_creazione] => 2016-08-01 12:02:28
                            [data_aggiornamento] => 2016-08-01 12:14:08
                            [id_utente_crea] => 
                            [id_utente_mod] => 1
                            [stato] => 1
                            [tipo_contratto] => FINEANNO
                            [codice_fatturazione_totale] => 1
                            [codici_fatturazione] => 
                            [liquidazione] => 0
                            [data_esportazione] => 
                            [data_inserimento] => 2016-07-01 00:00:00
                            [noteagente] => 
                            [noteispettore] => 
                            [notecapoarea] => 
                            [modalitaliquidazione] => 
                            [tempisticadiliquidazione] => 
                            [meseannoinizio] => 
                            [meseannofine] => 
                            [divisionidaconsiderare] => 
                            [modalitadefinizioneobbiettivo] => 
                            [modalitadefinizionepremio] => 
                            [obbiettivo_valore_1] => 42424242.00
                            [obbiettivo_premio_1] => 42424242.00
                            [obbiettivo_valore_2] => 99999999.99
                            [obbiettivo_premio_2] => 
                            [obbiettivo_valore_3] => 
                            [obbiettivo_premio_3] => 
                            [obbiettivo_valore_4] => 
                            [obbiettivo_premio_4] => 
                            [obbiettivo_valore_5] => 
                            [obbiettivo_premio_5] => 
                            [obbiettivo_qualificante_1] => 
                            [obbiettivo_qualificante_2] => 
                            [livello_obbiettivo_1] => 
                            [livello_obbiettivo_2] => 
                            [perc_target_totale_obb_qualificante] => 
                            [obbiettivo_minimo_obb_qualificante] => 
                            [premio1_obb_qualificante] => 
                            [tipo1_obb_qualificante] => 
                            [obbiettivo_ulteriore_obb_qualificante] => 
                            [premio2_obb_qualificante] => 
                            [tipo2_obb_qualificante] => 
                            [supero1_tipoobbiettivo] => AAA
                            [supero1_obbiettivi] => 
                            [supero1_premio] => 
                            [supero1_tipopremio] => 
                            [supero2_tipoobbiettivo] => 
                            [supero2_obbiettivi] => 
                            [supero2_premio] => 
                            [supero2_tipopremio] => 
                            [supero3_tipoobbiettivo] => 
                            [supero3_obbiettivi] => 
                            [supero3_premio] => 
                            [supero3_tipopremio] => 
                            [supero4_tipoobbiettivo] => 
                            [supero4_obbiettivi] => 
                            [supero4_premio] => 
                            [supero4_tipopremio] => 
                            [supero5_tipoobbiettivo] => 
                            [supero5_obbiettivi] => 
                            [supero5_premio] => 
                            [supero5_tipopremio] => 
                            [tcs_liquidazione] => 
                            [tcs_codice_fatturazione] => 
                            [tcs_obbiettivo_liv_1] => 
                            [tcs_obbiettivo_liv_1_misura] => 
                            [tcs_obbiettivo_liv_1_premio] => 
                            [tcs_obbiettivo_liv_2] => 
                            [tcs_obbiettivo_liv_2_misura] => 
                            [tcs_obbiettivo_liv_2_premio] => 
                            [tcs_obbiettivo_liv_3] => 
                            [tcs_obbiettivo_liv_3_misura] => 
                            [tcs_obbiettivo_liv_3_premio] => 
                            [tcs_obbiettivo_liv_4] => 
                            [tcs_obbiettivo_liv_4_misura] => 
                            [tcs_obbiettivo_liv_4_premio] => 
                            [tcs_obbiettivo_liv_5] => 
                            [tcs_obbiettivo_liv_5_misura] => 
                            [tcs_obbiettivo_liv_5_premio] => 
                            [tcs_tipologia_liquidazione_obbiettivi] => 
                            [tcs_data_inizio_conteggio] => 
                            [tcs_data_termine_conteggio] => 
                        )

                )

        )

)

2016-08-01T15:18:11+02:00 SessionId :  ClientIP : 127.0.0.1 [RESTGATEWAY] Array
(
    [timestamp] => 1470057491
    [request] => backend\common\rest\library\Request Object
        (
            [url_elements] => Array
                (
                    [0] => 
                    [1] => contrattino
                )

            [verb] => PUT
            [parameters] => Array
                (
                    [id] => 49
                    [id_cliente] => 708
                    [data_creazione] => 
                    [data_aggiornamento] => 
                    [data_inserimento] => 2016-07-01
                    [data_inizio_periodo] => 2016-07-01
                    [data_fine_periodo] => 2016-07-01
                    [id_utente_crea] => 
                    [id_utente_mod] => 1
                    [stato] => 1
                    [codice_fatturazione_totale] => 
                    [codici_fatturazione] => 
                    [liquidazione] => 
                    [tipo_contratto] => FINEANNO
                    [modalitaliquidazione] => 
                    [tempisticadiliquidazione] => 
                    [meseannoinizio] => 
                    [meseannofine] => 
                    [divisionidaconsiderare] => 
                    [modalitadefinizioneobbiettivo] => 
                    [modalitadefinizionepremio] => 
                    [obbiettivo_valore_1] => 42424242
                    [obbiettivo_premio_1] => 42424242
                    [obbiettivo_valore_2] => 424244242422
                    [obbiettivo_premio_2] => 
                    [obbiettivo_valore_3] => 
                    [obbiettivo_premio_3] => 0.00
                    [obbiettivo_valore_4] => 
                    [obbiettivo_premio_4] => 
                    [obbiettivo_valore_5] => 
                    [obbiettivo_premio_5] => 
                    [perc_target_totale_obb_qualificante] => 
                    [obbiettivo_minimo_obb_qualificante] => 
                    [premio1_obb_qualificante] => 
                    [tipo1_obb_qualificante] => 
                    [obbiettivo_ulteriore_obb_qualificante] => 
                    [premio2_obb_qualificante] => 
                    [tipo2_obb_qualificante] => 
                    [supero1_tipoobbiettivo] => AAA
                    [supero1_obbiettivi] => 
                    [supero1_premio] => 
                    [supero1_tipopremio] => 
                    [supero2_tipoobbiettivo] => 
                    [supero2_obbiettivi] => 
                    [supero2_premio] => 
                    [supero2_tipopremio] => 
                    [supero3_tipoobbiettivo] => 
                    [supero3_obbiettivi] => 
                    [supero3_premio] => 
                    [supero3_tipopremio] => 
                    [supero4_tipoobbiettivo] => 
                    [supero4_obbiettivi] => 
                    [supero4_premio] => 
                    [supero4_tipopremio] => 
                    [supero5_tipoobbiettivo] => 
                    [supero5_obbiettivi] => 
                    [supero5_premio] => 
                    [supero5_tipopremio] => 
                )

            [format] => json
            [datetime] => 1470057491
            [httpheaders] => Array
                (
                    [Accept-Encoding] => gzip,deflate
                    [Content-Type] => application/json
                    [Content-Length] => 2435
                    [Host] => localhost
                    [Connection] => Keep-Alive
                    [User-Agent] => Apache-HttpClient/4.1.1 (java 1.5)
                )

        )

)

2016-08-01T15:18:12+02:00 SessionId :  ClientIP : 127.0.0.1 [RESTGATEWAY] Array
(
    [timestamp] => 1470057491
    [result] => Array
        (
            [request_time] => Mon Aug 1 15:18:11 CEST 2016
            [code] => 200
            [response_time] => Mon Aug 1 15:18:12 CEST 2016
            [status] => success
            [contrattino] => Array
                (
                    [0] => Array
                        (
                            [id] => 49
                            [id_cliente] => 708
                            [ragione_sociale] => 
                            [codice_cliente] => 
                            [data_creazione] => 2016-08-01 12:02:28
                            [data_aggiornamento] => 2016-08-01 15:18:11
                            [id_utente_crea] => 
                            [id_utente_mod] => 1
                            [stato] => 1
                            [tipo_contratto] => FINEANNO
                            [codice_fatturazione_totale] => 1
                            [codici_fatturazione] => 
                            [liquidazione] => 0
                            [data_esportazione] => 
                            [data_inserimento] => 2016-07-01 00:00:00
                            [noteagente] => 
                            [noteispettore] => 
                            [notecapoarea] => 
                            [modalitaliquidazione] => 
                            [tempisticadiliquidazione] => 
                            [meseannoinizio] => 
                            [meseannofine] => 
                            [divisionidaconsiderare] => 
                            [modalitadefinizioneobbiettivo] => 
                            [modalitadefinizionepremio] => 
                            [obbiettivo_valore_1] => 42424242.00
                            [obbiettivo_premio_1] => 42424242.00
                            [obbiettivo_valore_2] => 99999999.99
                            [obbiettivo_premio_2] => 
                            [obbiettivo_valore_3] => 
                            [obbiettivo_premio_3] => 
                            [obbiettivo_valore_4] => 
                            [obbiettivo_premio_4] => 
                            [obbiettivo_valore_5] => 
                            [obbiettivo_premio_5] => 
                            [obbiettivo_qualificante_1] => 
                            [obbiettivo_qualificante_2] => 
                            [livello_obbiettivo_1] => 
                            [livello_obbiettivo_2] => 
                            [perc_target_totale_obb_qualificante] => 
                            [obbiettivo_minimo_obb_qualificante] => 
                            [premio1_obb_qualificante] => 
                            [tipo1_obb_qualificante] => 
                            [obbiettivo_ulteriore_obb_qualificante] => 
                            [premio2_obb_qualificante] => 
                            [tipo2_obb_qualificante] => 
                            [supero1_tipoobbiettivo] => AAA
                            [supero1_obbiettivi] => 
                            [supero1_premio] => 
                            [supero1_tipopremio] => 
                            [supero2_tipoobbiettivo] => 
                            [supero2_obbiettivi] => 
                            [supero2_premio] => 
                            [supero2_tipopremio] => 
                            [supero3_tipoobbiettivo] => 
                            [supero3_obbiettivi] => 
                            [supero3_premio] => 
                            [supero3_tipopremio] => 
                            [supero4_tipoobbiettivo] => 
                            [supero4_obbiettivi] => 
                            [supero4_premio] => 
                            [supero4_tipopremio] => 
                            [supero5_tipoobbiettivo] => 
                            [supero5_obbiettivi] => 
                            [supero5_premio] => 
                            [supero5_tipopremio] => 
                            [tcs_livello_obbiettivo_1] => 
                            [tcs_obbiettivo_1] => 
                            [tcs_sconto_fattura_1] => 
                            [tcs_cdc_1] => 
                            [tcs_fineanno_1] => 
                            [tcs_livello_obbiettivo_2] => 
                            [tcs_obbiettivo_2] => 
                            [tcs_sconto_fattura_2] => 
                            [tcs_cdc_2] => 
                            [tcs_fineanno_2] => 
                            [tcs_livello_obbiettivo_3] => 
                            [tcs_obbiettivo_3] => 
                            [tcs_sconto_fattura_3] => 
                            [tcs_cdc_3] => 
                            [tcs_fineanno_3] => 
                            [tcs_livello_obbiettivo_4] => 
                            [tcs_obbiettivo_4] => 
                            [tcs_sconto_fattura_4] => 
                            [tcs_cdc_4] => 
                            [tcs_fineanno_4] => 
                            [tcs_livello_obbiettivo_5] => 
                            [tcs_obbiettivo_5] => 
                            [tcs_sconto_fattura_5] => 
                            [tcs_cdc_5] => 
                            [tcs_fineanno_5] => 
                        )

                )

        )

)

2016-08-01T18:56:32+02:00 SessionId :  ClientIP : 127.0.0.1 [RESTGATEWAY] Array
(
    [timestamp] => 1470070592
    [request] => backend\common\rest\library\Request Object
        (
            [url_elements] => Array
                (
                    [0] => 
                    [1] => contrattino
                )

            [verb] => POST
            [parameters] => Array
                (
                    [id] => 49
                    [id_cliente] => 708
                    [data_creazione] => 
                    [data_aggiornamento] => 
                    [data_inserimento] => 2016-07-01
                    [data_inizio_periodo] => 2016-07-01
                    [data_fine_periodo] => 2016-07-01
                    [id_utente_crea] => 
                    [id_utente_mod] => 1
                    [stato] => 1
                    [codice_fatturazione_totale] => 
                    [codici_fatturazione] => 
                    [liquidazione] => 
                    [tipo_contratto] => TARGETCLIENTISPECIALI
                    [modalitaliquidazione] => 
                    [tempisticadiliquidazione] => 
                    [meseannoinizio] => 
                    [meseannofine] => 
                    [divisionidaconsiderare] => 
                    [modalitadefinizioneobbiettivo] => 
                    [modalitadefinizionepremio] => 
                    [obbiettivo_valore_1] => 42424242
                    [obbiettivo_premio_1] => 42424242
                    [obbiettivo_valore_2] => 424244242422
                    [obbiettivo_premio_2] => 
                    [obbiettivo_valore_3] => 
                    [obbiettivo_premio_3] => 0.00
                    [obbiettivo_valore_4] => 
                    [obbiettivo_premio_4] => 
                    [obbiettivo_valore_5] => 
                    [obbiettivo_premio_5] => 
                    [perc_target_totale_obb_qualificante] => 
                    [obbiettivo_minimo_obb_qualificante] => 
                    [premio1_obb_qualificante] => 
                    [tipo1_obb_qualificante] => 
                    [obbiettivo_ulteriore_obb_qualificante] => 
                    [premio2_obb_qualificante] => 
                    [tipo2_obb_qualificante] => 
                    [supero1_tipoobbiettivo] => AAA
                    [supero1_obbiettivi] => 
                    [supero1_premio] => 
                    [supero1_tipopremio] => 
                    [supero2_tipoobbiettivo] => 
                    [supero2_obbiettivi] => 
                    [supero2_premio] => 
                    [supero2_tipopremio] => 
                    [supero3_tipoobbiettivo] => 
                    [supero3_obbiettivi] => 
                    [supero3_premio] => 
                    [supero3_tipopremio] => 
                    [supero4_tipoobbiettivo] => 
                    [supero4_obbiettivi] => 
                    [supero4_premio] => 
                    [supero4_tipopremio] => 
                    [supero5_tipoobbiettivo] => 
                    [supero5_obbiettivi] => 
                    [supero5_premio] => 
                    [supero5_tipopremio] => 
                )

            [format] => json
            [datetime] => 1470070592
            [httpheaders] => Array
                (
                    [Accept-Encoding] => gzip,deflate
                    [Content-Type] => application/json
                    [Content-Length] => 2448
                    [Host] => localhost
                    [Connection] => Keep-Alive
                    [User-Agent] => Apache-HttpClient/4.1.1 (java 1.5)
                )

        )

)

2016-08-01T18:56:32+02:00 SessionId :  ClientIP : 127.0.0.1 [RESTGATEWAY] Array
(
    [timestamp] => 1470070592
    [result] => Array
        (
            [request_time] => Mon Aug 1 18:56:32 CEST 2016
            [code] => 200
            [response_time] => Mon Aug 1 18:56:32 CEST 2016
            [status] => success
            [contrattino] => Array
                (
                    [status] => KO
                    [message] => SQLSTATE[42S22]: Column not found: 1054 Unknown column 'TCS_LIQUIDAZIONE' in 'field list' - #0 D:\xampp-5.6.3\htdocs\rilevazioni\backend\app\dao\ContrattinoDAO.php(228): PDOStatement->execute()
#1 D:\xampp-5.6.3\htdocs\rilevazioni\backend\libraries\lisachenko\go-aop-php\src\Aop\Framework\ClosureDynamicMethodInvocation56.php(50): backend\app\dao\ContrattinoDAO__AopProxied->create(Array)
#2 D:\xampp-5.6.3\htdocs\rilevazioni\backend\app\aop\aspects\TransactionAspect.php(21): Go\Aop\Framework\ClosureDynamicMethodInvocation56->proceed()
#3 D:\xampp-5.6.3\htdocs\rilevazioni\backend\libraries\lisachenko\go-aop-php\src\Aop\Framework\BaseAdvice.php(194): backend\app\dao\ContrattinoDAO__AopProxied->manageTransaction(Object(Go\Aop\Framework\ClosureDynamicMethodInvocation56))
#4 D:\xampp-5.6.3\htdocs\rilevazioni\backend\libraries\lisachenko\go-aop-php\src\Aop\Framework\MethodAroundInterceptor.php(34): Go\Aop\Framework\MethodAroundInterceptor::Go\Aop\Framework\{closure}(Object(Go\Aop\Framework\ClosureDynamicMethodInvocation56))
#5 D:\xampp-5.6.3\htdocs\rilevazioni\backend\libraries\lisachenko\go-aop-php\src\Aop\Framework\ClosureDynamicMethodInvocation56.php(34): Go\Aop\Framework\MethodAroundInterceptor->invoke(Object(Go\Aop\Framework\ClosureDynamicMethodInvocation56))
#6 D:\xampp-5.6.3\htdocs\rilevazioni\backend\libraries\lisachenko\go-aop-php\src\Aop\Framework\AbstractMethodInvocation.php(115): Go\Aop\Framework\ClosureDynamicMethodInvocation56->proceed()
#7 D:\xampp-5.6.3\htdocs\rilevazioni\rest\cache\_proxies\backend\app\dao\ContrattinoDAO.php(18): Go\Aop\Framework\AbstractMethodInvocation->__invoke(Object(backend\app\dao\ContrattinoDAO), Array)
#8 D:\xampp-5.6.3\htdocs\rilevazioni\backend\app\service\ContrattinoService.php(49): backend\app\dao\ContrattinoDAO->create(Array)
#9 D:\xampp-5.6.3\htdocs\rilevazioni\backend\app\rest\controllers\ContrattinoController.php(53): backend\app\service\ContrattinoService->create(Array)
#10 D:\xampp-5.6.3\htdocs\rilevazioni\backend\libraries\lisachenko\go-aop-php\src\Aop\Framework\ClosureDynamicMethodInvocation56.php(50): backend\app\rest\controllers\ContrattinoController__AopProxied->postAction()
#11 D:\xampp-5.6.3\htdocs\rilevazioni\backend\app\aop\aspects\SecurityAspect.php(62): Go\Aop\Framework\ClosureDynamicMethodInvocation56->proceed()
#12 D:\xampp-5.6.3\htdocs\rilevazioni\backend\libraries\lisachenko\go-aop-php\src\Aop\Framework\BaseAdvice.php(194): backend\app\rest\controllers\ContrattinoController__AopProxied->checkAuthorization(Object(Go\Aop\Framework\ClosureDynamicMethodInvocation56))
#13 D:\xampp-5.6.3\htdocs\rilevazioni\backend\libraries\lisachenko\go-aop-php\src\Aop\Framework\MethodAroundInterceptor.php(34): Go\Aop\Framework\MethodAroundInterceptor::Go\Aop\Framework\{closure}(Object(Go\Aop\Framework\ClosureDynamicMethodInvocation56))
#14 D:\xampp-5.6.3\htdocs\rilevazioni\backend\libraries\lisachenko\go-aop-php\src\Aop\Framework\ClosureDynamicMethodInvocation56.php(34): Go\Aop\Framework\MethodAroundInterceptor->invoke(Object(Go\Aop\Framework\ClosureDynamicMethodInvocation56))
#15 D:\xampp-5.6.3\htdocs\rilevazioni\backend\libraries\lisachenko\go-aop-php\src\Aop\Framework\AbstractMethodInvocation.php(115): Go\Aop\Framework\ClosureDynamicMethodInvocation56->proceed()
#16 D:\xampp-5.6.3\htdocs\rilevazioni\rest\cache\_proxies\backend\app\rest\controllers\ContrattinoController.php(30): Go\Aop\Framework\AbstractMethodInvocation->__invoke(Object(backend\app\rest\controllers\ContrattinoController))
#17 D:\xampp-5.6.3\htdocs\rilevazioni\rest\index.php(38): backend\app\rest\controllers\ContrattinoController->postAction()
#18 {main}
                )

        )

)

2016-08-01T19:19:44+02:00 SessionId :  ClientIP : 127.0.0.1 [RESTGATEWAY] Array
(
    [timestamp] => 1470071984
    [request] => backend\common\rest\library\Request Object
        (
            [url_elements] => Array
                (
                    [0] => 
                    [1] => contrattino
                )

            [verb] => POST
            [parameters] => Array
                (
                    [id] => 49
                    [id_cliente] => 708
                    [data_creazione] => 
                    [data_aggiornamento] => 
                    [data_inserimento] => 2016-07-01
                    [data_inizio_periodo] => 2016-07-01
                    [data_fine_periodo] => 2016-07-01
                    [id_utente_crea] => 
                    [id_utente_mod] => 1
                    [stato] => 1
                    [codice_fatturazione_totale] => 
                    [codici_fatturazione] => 
                    [liquidazione] => 
                    [tipo_contratto] => TARGETCLIENTISPECIALI
                    [modalitaliquidazione] => 
                    [tempisticadiliquidazione] => 
                    [meseannoinizio] => 
                    [meseannofine] => 
                    [divisionidaconsiderare] => 
                    [modalitadefinizioneobbiettivo] => 
                    [modalitadefinizionepremio] => 
                    [obbiettivo_valore_1] => 42424242
                    [obbiettivo_premio_1] => 42424242
                    [obbiettivo_valore_2] => 424244242422
                    [obbiettivo_premio_2] => 
                    [obbiettivo_valore_3] => 
                    [obbiettivo_premio_3] => 0.00
                    [obbiettivo_valore_4] => 
                    [obbiettivo_premio_4] => 
                    [obbiettivo_valore_5] => 
                    [obbiettivo_premio_5] => 
                    [perc_target_totale_obb_qualificante] => 
                    [obbiettivo_minimo_obb_qualificante] => 
                    [premio1_obb_qualificante] => 
                    [tipo1_obb_qualificante] => 
                    [obbiettivo_ulteriore_obb_qualificante] => 
                    [premio2_obb_qualificante] => 
                    [tipo2_obb_qualificante] => 
                    [supero1_tipoobbiettivo] => AAA
                    [supero1_obbiettivi] => 
                    [supero1_premio] => 
                    [supero1_tipopremio] => 
                    [supero2_tipoobbiettivo] => 
                    [supero2_obbiettivi] => 
                    [supero2_premio] => 
                    [supero2_tipopremio] => 
                    [supero3_tipoobbiettivo] => 
                    [supero3_obbiettivi] => 
                    [supero3_premio] => 
                    [supero3_tipopremio] => 
                    [supero4_tipoobbiettivo] => 
                    [supero4_obbiettivi] => 
                    [supero4_premio] => 
                    [supero4_tipopremio] => 
                    [supero5_tipoobbiettivo] => 
                    [supero5_obbiettivi] => 
                    [supero5_premio] => 
                    [supero5_tipopremio] => 
                )

            [format] => json
            [datetime] => 1470071984
            [httpheaders] => Array
                (
                    [Accept-Encoding] => gzip,deflate
                    [Content-Type] => application/json
                    [Content-Length] => 2448
                    [Host] => localhost
                    [Connection] => Keep-Alive
                    [User-Agent] => Apache-HttpClient/4.1.1 (java 1.5)
                )

        )

)

2016-08-01T19:19:44+02:00 SessionId :  ClientIP : 127.0.0.1 [RESTGATEWAY] Array
(
    [timestamp] => 1470071984
    [result] => Array
        (
            [request_time] => Mon Aug 1 19:19:44 CEST 2016
            [code] => 200
            [response_time] => Mon Aug 1 19:19:44 CEST 2016
            [status] => success
            [contrattino] => Array
                (
                    [status] => KO
                    [message] => SQLSTATE[HY093]: Invalid parameter number: number of bound variables does not match number of tokens - #0 D:\xampp-5.6.3\htdocs\rilevazioni\backend\app\dao\ContrattinoDAO.php(238): PDOStatement->execute()
#1 D:\xampp-5.6.3\htdocs\rilevazioni\backend\libraries\lisachenko\go-aop-php\src\Aop\Framework\ClosureDynamicMethodInvocation56.php(50): backend\app\dao\ContrattinoDAO__AopProxied->create(Array)
#2 D:\xampp-5.6.3\htdocs\rilevazioni\backend\app\aop\aspects\TransactionAspect.php(21): Go\Aop\Framework\ClosureDynamicMethodInvocation56->proceed()
#3 D:\xampp-5.6.3\htdocs\rilevazioni\backend\libraries\lisachenko\go-aop-php\src\Aop\Framework\BaseAdvice.php(194): backend\app\dao\ContrattinoDAO__AopProxied->manageTransaction(Object(Go\Aop\Framework\ClosureDynamicMethodInvocation56))
#4 D:\xampp-5.6.3\htdocs\rilevazioni\backend\libraries\lisachenko\go-aop-php\src\Aop\Framework\MethodAroundInterceptor.php(34): Go\Aop\Framework\BaseAdvice::Go\Aop\Framework\{closure}(Object(Go\Aop\Framework\ClosureDynamicMethodInvocation56))
#5 D:\xampp-5.6.3\htdocs\rilevazioni\backend\libraries\lisachenko\go-aop-php\src\Aop\Framework\ClosureDynamicMethodInvocation56.php(34): Go\Aop\Framework\MethodAroundInterceptor->invoke(Object(Go\Aop\Framework\ClosureDynamicMethodInvocation56))
#6 D:\xampp-5.6.3\htdocs\rilevazioni\backend\libraries\lisachenko\go-aop-php\src\Aop\Framework\AbstractMethodInvocation.php(115): Go\Aop\Framework\ClosureDynamicMethodInvocation56->proceed()
#7 D:\xampp-5.6.3\htdocs\rilevazioni\rest\cache\_proxies\backend\app\dao\ContrattinoDAO.php(18): Go\Aop\Framework\AbstractMethodInvocation->__invoke(Object(backend\app\dao\ContrattinoDAO), Array)
#8 D:\xampp-5.6.3\htdocs\rilevazioni\backend\app\service\ContrattinoService.php(49): backend\app\dao\ContrattinoDAO->create(Array)
#9 D:\xampp-5.6.3\htdocs\rilevazioni\backend\app\rest\controllers\ContrattinoController.php(53): backend\app\service\ContrattinoService->create(Array)
#10 D:\xampp-5.6.3\htdocs\rilevazioni\backend\libraries\lisachenko\go-aop-php\src\Aop\Framework\ClosureDynamicMethodInvocation56.php(50): backend\app\rest\controllers\ContrattinoController__AopProxied->postAction()
#11 D:\xampp-5.6.3\htdocs\rilevazioni\backend\app\aop\aspects\SecurityAspect.php(62): Go\Aop\Framework\ClosureDynamicMethodInvocation56->proceed()
#12 D:\xampp-5.6.3\htdocs\rilevazioni\backend\libraries\lisachenko\go-aop-php\src\Aop\Framework\BaseAdvice.php(194): backend\app\rest\controllers\ContrattinoController__AopProxied->checkAuthorization(Object(Go\Aop\Framework\ClosureDynamicMethodInvocation56))
#13 D:\xampp-5.6.3\htdocs\rilevazioni\backend\libraries\lisachenko\go-aop-php\src\Aop\Framework\MethodAroundInterceptor.php(34): Go\Aop\Framework\MethodAroundInterceptor::Go\Aop\Framework\{closure}(Object(Go\Aop\Framework\ClosureDynamicMethodInvocation56))
#14 D:\xampp-5.6.3\htdocs\rilevazioni\backend\libraries\lisachenko\go-aop-php\src\Aop\Framework\ClosureDynamicMethodInvocation56.php(34): Go\Aop\Framework\MethodAroundInterceptor->invoke(Object(Go\Aop\Framework\ClosureDynamicMethodInvocation56))
#15 D:\xampp-5.6.3\htdocs\rilevazioni\backend\libraries\lisachenko\go-aop-php\src\Aop\Framework\AbstractMethodInvocation.php(115): Go\Aop\Framework\ClosureDynamicMethodInvocation56->proceed()
#16 D:\xampp-5.6.3\htdocs\rilevazioni\rest\cache\_proxies\backend\app\rest\controllers\ContrattinoController.php(30): Go\Aop\Framework\AbstractMethodInvocation->__invoke(Object(backend\app\rest\controllers\ContrattinoController))
#17 D:\xampp-5.6.3\htdocs\rilevazioni\rest\index.php(38): backend\app\rest\controllers\ContrattinoController->postAction()
#18 {main}
                )

        )

)

