2016-06-29T11:13:00+02:00 SessionId :  ClientIP : ::1 [RESTGATEWAY] Array
(
    [timestamp] => 1467191579
    [request] => backend\common\rest\library\Request Object
        (
            [url_elements] => Array
                (
                    [0] => 
                    [1] => user
                    [2] => 1
                    [3] => contrattino
                )

            [verb] => GET
            [parameters] => Array
                (
                )

            [format] => json
            [datetime] => 1467191579
            [httpheaders] => Array
                (
                    [Host] => localhost
                    [Connection] => keep-alive
                    [Upgrade-Insecure-Requests] => 1
                    [User-Agent] => Mozilla/5.0 (Windows NT 10.0; WOW64) AppleWebKit/537.36 (KHTML, like Gecko) Chrome/51.0.2704.103 Safari/537.36
                    [Accept] => text/html,application/xhtml+xml,application/xml;q=0.9,image/webp,*/*;q=0.8
                    [Accept-Encoding] => gzip, deflate, sdch
                    [Accept-Language] => it-IT,it;q=0.8,en-US;q=0.6,en;q=0.4
                )

        )

)

2016-06-29T11:13:01+02:00 SessionId :  ClientIP : ::1 [RESTGATEWAY] Array
(
    [timestamp] => 1467191579
    [result] => Array
        (
            [request_time] => Wed Jun 29 11:12:59 CEST 2016
            [code] => 200
            [response_time] => Wed Jun 29 11:13:01 CEST 2016
            [status] => success
            [contrattino] => Array
                (
                    [0] => Array
                        (
                            [id] => 24
                            [id_cliente] => 708
                            [data_creazione] => 2016-06-27 10:25:43
                            [data_aggiornamento] => 2016-06-27 10:38:56
                            [id_utente_crea] => 1
                            [id_utente_mod] => 1
                            [stato] => 0
                            [tipo_contratto] => TARGETCLIENTISPECIALI
                            [modalitaliquidazione] => 
                            [tempisticadiliquidazione] => 
                            [meseannoinizio] => 
                            [meseannofine] => 
                            [divisionidaconsiderare] => 
                            [modalitadefinizioneobbiettivo] => 
                            [modalitadefinizionepremio] => 
                            [obbiettivo_valore_1] => 
                            [obbiettivo_premio_1] => 
                            [obbiettivo_valore_2] => 
                            [obbiettivo_premio_2] => 
                            [obbiettivo_valore_3] => 
                            [obbiettivo_premio_3] => 
                            [obbiettivo_valore_4] => 
                            [obbiettivo_premio_4] => 
                            [obbiettivo_valore_5] => 
                            [obbiettivo_premio_5] => 
                            [id_prodotto_obb_qualificante_1] => 
                            [id_prodotto_obb_qualificante_2] => 
                            [perc_target_totale_obb_qualificante] => 
                            [obbiettivo_minimo_obb_qualificante] => 
                            [premio1_obb_qualificante] => 
                            [tipo1_obb_qualificante] => 
                            [obbiettivo_ulteriore_obb_qualificante] => 
                            [premio2_obb_qualificante] => 
                            [tipo2_obb_qualificante] => 
                            [supero1_tipoobbiettivo] => 
                            [supero1_obbiettivi] => 
                            [supero1_premio] => 
                            [supero1_tipopremio] => 
                            [supero2_tipoobbiettivo] => 
                            [supero2_obbiettivi] => 
                            [supero2_premio] => 
                            [supero2_tipopremio] => 
                            [supero3_tipoobbiettivo] => 
                            [supero3_obbiettivi] => 
                            [supero3_premio] => 
                            [supero3_tipopremio] => 
                            [supero4_tipoobbiettivo] => 
                            [supero4_obbiettivi] => 
                            [supero4_premio] => 
                            [supero4_tipopremio] => 
                            [supero5_tipoobbiettivo] => 
                            [supero5_obbiettivi] => 
                            [supero5_premio] => 
                            [supero5_tipopremio] => 
                            [tcs_liquidazione] => 3313
                            [tcs_codice_fatturazione] => 1
                            [tcs_obbiettivo_liv_1] => 
                            [tcs_obbiettivo_liv_1_misura] => 
                            [tcs_obbiettivo_liv_1_premio] => 
                            [tcs_obbiettivo_liv_2] => 
                            [tcs_obbiettivo_liv_2_misura] => 
                            [tcs_obbiettivo_liv_2_premio] => 
                            [tcs_obbiettivo_liv_3] => 
                            [tcs_obbiettivo_liv_3_misura] => 
                            [tcs_obbiettivo_liv_3_premio] => 
                            [tcs_obbiettivo_liv_4] => 
                            [tcs_obbiettivo_liv_4_misura] => 
                            [tcs_obbiettivo_liv_4_premio] => 
                            [tcs_obbiettivo_liv_5] => 
                            [tcs_obbiettivo_liv_5_misura] => 
                            [tcs_obbiettivo_liv_5_premio] => 
                            [tcs_tipologia_liquidazione_obbiettivi] => 
                            [tcs_data_inizio_conteggio] => 
                            [tcs_data_termine_conteggio] => 
                        )

                    [1] => Array
                        (
                            [id] => 6
                            [id_cliente] => 708
                            [data_creazione] => 2016-06-23 00:00:00
                            [data_aggiornamento] => 
                            [id_utente_crea] => 
                            [id_utente_mod] => 
                            [stato] => 0
                            [tipo_contratto] => FINEANNO
                            [modalitaliquidazione] => 
                            [tempisticadiliquidazione] => 
                            [meseannoinizio] => 
                            [meseannofine] => 
                            [divisionidaconsiderare] => 
                            [modalitadefinizioneobbiettivo] => 
                            [modalitadefinizionepremio] => 
                            [obbiettivo_valore_1] => 
                            [obbiettivo_premio_1] => 
                            [obbiettivo_valore_2] => 
                            [obbiettivo_premio_2] => 
                            [obbiettivo_valore_3] => 
                            [obbiettivo_premio_3] => 0.00
                            [obbiettivo_valore_4] => 
                            [obbiettivo_premio_4] => 
                            [obbiettivo_valore_5] => 
                            [obbiettivo_premio_5] => 
                            [id_prodotto_obb_qualificante_1] => 
                            [id_prodotto_obb_qualificante_2] => 
                            [perc_target_totale_obb_qualificante] => 
                            [obbiettivo_minimo_obb_qualificante] => 
                            [premio1_obb_qualificante] => 
                            [tipo1_obb_qualificante] => 
                            [obbiettivo_ulteriore_obb_qualificante] => 
                            [premio2_obb_qualificante] => 
                            [tipo2_obb_qualificante] => 
                            [supero1_tipoobbiettivo] => 
                            [supero1_obbiettivi] => 
                            [supero1_premio] => 
                            [supero1_tipopremio] => 
                            [supero2_tipoobbiettivo] => 
                            [supero2_obbiettivi] => 
                            [supero2_premio] => 
                            [supero2_tipopremio] => 
                            [supero3_tipoobbiettivo] => 
                            [supero3_obbiettivi] => 
                            [supero3_premio] => 
                            [supero3_tipopremio] => 
                            [supero4_tipoobbiettivo] => 
                            [supero4_obbiettivi] => 
                            [supero4_premio] => 
                            [supero4_tipopremio] => 
                            [supero5_tipoobbiettivo] => 
                            [supero5_obbiettivi] => 
                            [supero5_premio] => 
                            [supero5_tipopremio] => 
                            [tcs_liquidazione] => 
                            [tcs_codice_fatturazione] => 
                            [tcs_obbiettivo_liv_1] => 
                            [tcs_obbiettivo_liv_1_misura] => 
                            [tcs_obbiettivo_liv_1_premio] => 
                            [tcs_obbiettivo_liv_2] => 
                            [tcs_obbiettivo_liv_2_misura] => 
                            [tcs_obbiettivo_liv_2_premio] => 
                            [tcs_obbiettivo_liv_3] => 
                            [tcs_obbiettivo_liv_3_misura] => 
                            [tcs_obbiettivo_liv_3_premio] => 
                            [tcs_obbiettivo_liv_4] => 
                            [tcs_obbiettivo_liv_4_misura] => 
                            [tcs_obbiettivo_liv_4_premio] => 
                            [tcs_obbiettivo_liv_5] => 
                            [tcs_obbiettivo_liv_5_misura] => 
                            [tcs_obbiettivo_liv_5_premio] => 
                            [tcs_tipologia_liquidazione_obbiettivi] => 
                            [tcs_data_inizio_conteggio] => 
                            [tcs_data_termine_conteggio] => 
                        )

                    [2] => Array
                        (
                            [id] => 7
                            [id_cliente] => 708
                            [data_creazione] => 2016-06-23 00:00:00
                            [data_aggiornamento] => 
                            [id_utente_crea] => 
                            [id_utente_mod] => 
                            [stato] => 0
                            [tipo_contratto] => FINEANNO
                            [modalitaliquidazione] => 
                            [tempisticadiliquidazione] => 
                            [meseannoinizio] => 
                            [meseannofine] => 
                            [divisionidaconsiderare] => 
                            [modalitadefinizioneobbiettivo] => 
                            [modalitadefinizionepremio] => 
                            [obbiettivo_valore_1] => 
                            [obbiettivo_premio_1] => 
                            [obbiettivo_valore_2] => 
                            [obbiettivo_premio_2] => 
                            [obbiettivo_valore_3] => 
                            [obbiettivo_premio_3] => 0.00
                            [obbiettivo_valore_4] => 
                            [obbiettivo_premio_4] => 
                            [obbiettivo_valore_5] => 
                            [obbiettivo_premio_5] => 
                            [id_prodotto_obb_qualificante_1] => 
                            [id_prodotto_obb_qualificante_2] => 
                            [perc_target_totale_obb_qualificante] => 
                            [obbiettivo_minimo_obb_qualificante] => 
                            [premio1_obb_qualificante] => 
                            [tipo1_obb_qualificante] => 
                            [obbiettivo_ulteriore_obb_qualificante] => 
                            [premio2_obb_qualificante] => 
                            [tipo2_obb_qualificante] => 
                            [supero1_tipoobbiettivo] => 
                            [supero1_obbiettivi] => 
                            [supero1_premio] => 
                            [supero1_tipopremio] => 
                            [supero2_tipoobbiettivo] => 
                            [supero2_obbiettivi] => 
                            [supero2_premio] => 
                            [supero2_tipopremio] => 
                            [supero3_tipoobbiettivo] => 
                            [supero3_obbiettivi] => 
                            [supero3_premio] => 
                            [supero3_tipopremio] => 
                            [supero4_tipoobbiettivo] => 
                            [supero4_obbiettivi] => 
                            [supero4_premio] => 
                            [supero4_tipopremio] => 
                            [supero5_tipoobbiettivo] => 
                            [supero5_obbiettivi] => 
                            [supero5_premio] => 
                            [supero5_tipopremio] => 
                            [tcs_liquidazione] => 
                            [tcs_codice_fatturazione] => 
                            [tcs_obbiettivo_liv_1] => 
                            [tcs_obbiettivo_liv_1_misura] => 
                            [tcs_obbiettivo_liv_1_premio] => 
                            [tcs_obbiettivo_liv_2] => 
                            [tcs_obbiettivo_liv_2_misura] => 
                            [tcs_obbiettivo_liv_2_premio] => 
                            [tcs_obbiettivo_liv_3] => 
                            [tcs_obbiettivo_liv_3_misura] => 
                            [tcs_obbiettivo_liv_3_premio] => 
                            [tcs_obbiettivo_liv_4] => 
                            [tcs_obbiettivo_liv_4_misura] => 
                            [tcs_obbiettivo_liv_4_premio] => 
                            [tcs_obbiettivo_liv_5] => 
                            [tcs_obbiettivo_liv_5_misura] => 
                            [tcs_obbiettivo_liv_5_premio] => 
                            [tcs_tipologia_liquidazione_obbiettivi] => 
                            [tcs_data_inizio_conteggio] => 
                            [tcs_data_termine_conteggio] => 
                        )

                    [3] => Array
                        (
                            [id] => 9
                            [id_cliente] => 708
                            [data_creazione] => 2016-06-23 00:00:00
                            [data_aggiornamento] => 
                            [id_utente_crea] => 
                            [id_utente_mod] => 
                            [stato] => 0
                            [tipo_contratto] => FINEANNO
                            [modalitaliquidazione] => 
                            [tempisticadiliquidazione] => 
                            [meseannoinizio] => 
                            [meseannofine] => 
                            [divisionidaconsiderare] => 
                            [modalitadefinizioneobbiettivo] => 
                            [modalitadefinizionepremio] => 
                            [obbiettivo_valore_1] => 
                            [obbiettivo_premio_1] => 
                            [obbiettivo_valore_2] => 
                            [obbiettivo_premio_2] => 
                            [obbiettivo_valore_3] => 
                            [obbiettivo_premio_3] => 0.00
                            [obbiettivo_valore_4] => 
                            [obbiettivo_premio_4] => 
                            [obbiettivo_valore_5] => 
                            [obbiettivo_premio_5] => 
                            [id_prodotto_obb_qualificante_1] => 
                            [id_prodotto_obb_qualificante_2] => 
                            [perc_target_totale_obb_qualificante] => 
                            [obbiettivo_minimo_obb_qualificante] => 
                            [premio1_obb_qualificante] => 
                            [tipo1_obb_qualificante] => 
                            [obbiettivo_ulteriore_obb_qualificante] => 
                            [premio2_obb_qualificante] => 
                            [tipo2_obb_qualificante] => 
                            [supero1_tipoobbiettivo] => 
                            [supero1_obbiettivi] => 
                            [supero1_premio] => 
                            [supero1_tipopremio] => 
                            [supero2_tipoobbiettivo] => 
                            [supero2_obbiettivi] => 
                            [supero2_premio] => 
                            [supero2_tipopremio] => 
                            [supero3_tipoobbiettivo] => 
                            [supero3_obbiettivi] => 
                            [supero3_premio] => 
                            [supero3_tipopremio] => 
                            [supero4_tipoobbiettivo] => 
                            [supero4_obbiettivi] => 
                            [supero4_premio] => 
                            [supero4_tipopremio] => 
                            [supero5_tipoobbiettivo] => 
                            [supero5_obbiettivi] => 
                            [supero5_premio] => 
                            [supero5_tipopremio] => 
                            [tcs_liquidazione] => 
                            [tcs_codice_fatturazione] => 
                            [tcs_obbiettivo_liv_1] => 
                            [tcs_obbiettivo_liv_1_misura] => 
                            [tcs_obbiettivo_liv_1_premio] => 
                            [tcs_obbiettivo_liv_2] => 
                            [tcs_obbiettivo_liv_2_misura] => 
                            [tcs_obbiettivo_liv_2_premio] => 
                            [tcs_obbiettivo_liv_3] => 
                            [tcs_obbiettivo_liv_3_misura] => 
                            [tcs_obbiettivo_liv_3_premio] => 
                            [tcs_obbiettivo_liv_4] => 
                            [tcs_obbiettivo_liv_4_misura] => 
                            [tcs_obbiettivo_liv_4_premio] => 
                            [tcs_obbiettivo_liv_5] => 
                            [tcs_obbiettivo_liv_5_misura] => 
                            [tcs_obbiettivo_liv_5_premio] => 
                            [tcs_tipologia_liquidazione_obbiettivi] => 
                            [tcs_data_inizio_conteggio] => 
                            [tcs_data_termine_conteggio] => 
                        )

                    [4] => Array
                        (
                            [id] => 10
                            [id_cliente] => 708
                            [data_creazione] => 2016-06-23 00:00:00
                            [data_aggiornamento] => 
                            [id_utente_crea] => 
                            [id_utente_mod] => 
                            [stato] => 0
                            [tipo_contratto] => FINEANNO
                            [modalitaliquidazione] => 
                            [tempisticadiliquidazione] => 
                            [meseannoinizio] => 
                            [meseannofine] => 
                            [divisionidaconsiderare] => 
                            [modalitadefinizioneobbiettivo] => 
                            [modalitadefinizionepremio] => 
                            [obbiettivo_valore_1] => 
                            [obbiettivo_premio_1] => 
                            [obbiettivo_valore_2] => 
                            [obbiettivo_premio_2] => 
                            [obbiettivo_valore_3] => 
                            [obbiettivo_premio_3] => 0.00
                            [obbiettivo_valore_4] => 
                            [obbiettivo_premio_4] => 
                            [obbiettivo_valore_5] => 
                            [obbiettivo_premio_5] => 
                            [id_prodotto_obb_qualificante_1] => 
                            [id_prodotto_obb_qualificante_2] => 
                            [perc_target_totale_obb_qualificante] => 
                            [obbiettivo_minimo_obb_qualificante] => 
                            [premio1_obb_qualificante] => 
                            [tipo1_obb_qualificante] => 
                            [obbiettivo_ulteriore_obb_qualificante] => 
                            [premio2_obb_qualificante] => 
                            [tipo2_obb_qualificante] => 
                            [supero1_tipoobbiettivo] => 
                            [supero1_obbiettivi] => 
                            [supero1_premio] => 
                            [supero1_tipopremio] => 
                            [supero2_tipoobbiettivo] => 
                            [supero2_obbiettivi] => 
                            [supero2_premio] => 
                            [supero2_tipopremio] => 
                            [supero3_tipoobbiettivo] => 
                            [supero3_obbiettivi] => 
                            [supero3_premio] => 
                            [supero3_tipopremio] => 
                            [supero4_tipoobbiettivo] => 
                            [supero4_obbiettivi] => 
                            [supero4_premio] => 
                            [supero4_tipopremio] => 
                            [supero5_tipoobbiettivo] => 
                            [supero5_obbiettivi] => 
                            [supero5_premio] => 
                            [supero5_tipopremio] => 
                            [tcs_liquidazione] => 
                            [tcs_codice_fatturazione] => 
                            [tcs_obbiettivo_liv_1] => 
                            [tcs_obbiettivo_liv_1_misura] => 
                            [tcs_obbiettivo_liv_1_premio] => 
                            [tcs_obbiettivo_liv_2] => 
                            [tcs_obbiettivo_liv_2_misura] => 
                            [tcs_obbiettivo_liv_2_premio] => 
                            [tcs_obbiettivo_liv_3] => 
                            [tcs_obbiettivo_liv_3_misura] => 
                            [tcs_obbiettivo_liv_3_premio] => 
                            [tcs_obbiettivo_liv_4] => 
                            [tcs_obbiettivo_liv_4_misura] => 
                            [tcs_obbiettivo_liv_4_premio] => 
                            [tcs_obbiettivo_liv_5] => 
                            [tcs_obbiettivo_liv_5_misura] => 
                            [tcs_obbiettivo_liv_5_premio] => 
                            [tcs_tipologia_liquidazione_obbiettivi] => 
                            [tcs_data_inizio_conteggio] => 
                            [tcs_data_termine_conteggio] => 
                        )

                    [5] => Array
                        (
                            [id] => 11
                            [id_cliente] => 708
                            [data_creazione] => 2016-06-23 00:00:00
                            [data_aggiornamento] => 
                            [id_utente_crea] => 
                            [id_utente_mod] => 
                            [stato] => 0
                            [tipo_contratto] => FINEANNO
                            [modalitaliquidazione] => 
                            [tempisticadiliquidazione] => 
                            [meseannoinizio] => 
                            [meseannofine] => 
                            [divisionidaconsiderare] => 
                            [modalitadefinizioneobbiettivo] => 
                            [modalitadefinizionepremio] => 
                            [obbiettivo_valore_1] => 
                            [obbiettivo_premio_1] => 
                            [obbiettivo_valore_2] => 
                            [obbiettivo_premio_2] => 
                            [obbiettivo_valore_3] => 
                            [obbiettivo_premio_3] => 0.00
                            [obbiettivo_valore_4] => 
                            [obbiettivo_premio_4] => 
                            [obbiettivo_valore_5] => 
                            [obbiettivo_premio_5] => 
                            [id_prodotto_obb_qualificante_1] => 
                            [id_prodotto_obb_qualificante_2] => 
                            [perc_target_totale_obb_qualificante] => 
                            [obbiettivo_minimo_obb_qualificante] => 
                            [premio1_obb_qualificante] => 
                            [tipo1_obb_qualificante] => 
                            [obbiettivo_ulteriore_obb_qualificante] => 
                            [premio2_obb_qualificante] => 
                            [tipo2_obb_qualificante] => 
                            [supero1_tipoobbiettivo] => 
                            [supero1_obbiettivi] => 
                            [supero1_premio] => 
                            [supero1_tipopremio] => 
                            [supero2_tipoobbiettivo] => 
                            [supero2_obbiettivi] => 
                            [supero2_premio] => 
                            [supero2_tipopremio] => 
                            [supero3_tipoobbiettivo] => 
                            [supero3_obbiettivi] => 
                            [supero3_premio] => 
                            [supero3_tipopremio] => 
                            [supero4_tipoobbiettivo] => 
                            [supero4_obbiettivi] => 
                            [supero4_premio] => 
                            [supero4_tipopremio] => 
                            [supero5_tipoobbiettivo] => 
                            [supero5_obbiettivi] => 
                            [supero5_premio] => 
                            [supero5_tipopremio] => 
                            [tcs_liquidazione] => 
                            [tcs_codice_fatturazione] => 
                            [tcs_obbiettivo_liv_1] => 
                            [tcs_obbiettivo_liv_1_misura] => 
                            [tcs_obbiettivo_liv_1_premio] => 
                            [tcs_obbiettivo_liv_2] => 
                            [tcs_obbiettivo_liv_2_misura] => 
                            [tcs_obbiettivo_liv_2_premio] => 
                            [tcs_obbiettivo_liv_3] => 
                            [tcs_obbiettivo_liv_3_misura] => 
                            [tcs_obbiettivo_liv_3_premio] => 
                            [tcs_obbiettivo_liv_4] => 
                            [tcs_obbiettivo_liv_4_misura] => 
                            [tcs_obbiettivo_liv_4_premio] => 
                            [tcs_obbiettivo_liv_5] => 
                            [tcs_obbiettivo_liv_5_misura] => 
                            [tcs_obbiettivo_liv_5_premio] => 
                            [tcs_tipologia_liquidazione_obbiettivi] => 
                            [tcs_data_inizio_conteggio] => 
                            [tcs_data_termine_conteggio] => 
                        )

                    [6] => Array
                        (
                            [id] => 12
                            [id_cliente] => 708
                            [data_creazione] => 2016-06-23 00:00:00
                            [data_aggiornamento] => 
                            [id_utente_crea] => 
                            [id_utente_mod] => 
                            [stato] => 0
                            [tipo_contratto] => FINEANNO
                            [modalitaliquidazione] => 
                            [tempisticadiliquidazione] => 
                            [meseannoinizio] => 
                            [meseannofine] => 
                            [divisionidaconsiderare] => 
                            [modalitadefinizioneobbiettivo] => 
                            [modalitadefinizionepremio] => 
                            [obbiettivo_valore_1] => 
                            [obbiettivo_premio_1] => 
                            [obbiettivo_valore_2] => 
                            [obbiettivo_premio_2] => 
                            [obbiettivo_valore_3] => 
                            [obbiettivo_premio_3] => 0.00
                            [obbiettivo_valore_4] => 
                            [obbiettivo_premio_4] => 
                            [obbiettivo_valore_5] => 
                            [obbiettivo_premio_5] => 
                            [id_prodotto_obb_qualificante_1] => 
                            [id_prodotto_obb_qualificante_2] => 
                            [perc_target_totale_obb_qualificante] => 
                            [obbiettivo_minimo_obb_qualificante] => 
                            [premio1_obb_qualificante] => 
                            [tipo1_obb_qualificante] => 
                            [obbiettivo_ulteriore_obb_qualificante] => 
                            [premio2_obb_qualificante] => 
                            [tipo2_obb_qualificante] => 
                            [supero1_tipoobbiettivo] => 
                            [supero1_obbiettivi] => 
                            [supero1_premio] => 
                            [supero1_tipopremio] => 
                            [supero2_tipoobbiettivo] => 
                            [supero2_obbiettivi] => 
                            [supero2_premio] => 
                            [supero2_tipopremio] => 
                            [supero3_tipoobbiettivo] => 
                            [supero3_obbiettivi] => 
                            [supero3_premio] => 
                            [supero3_tipopremio] => 
                            [supero4_tipoobbiettivo] => 
                            [supero4_obbiettivi] => 
                            [supero4_premio] => 
                            [supero4_tipopremio] => 
                            [supero5_tipoobbiettivo] => 
                            [supero5_obbiettivi] => 
                            [supero5_premio] => 
                            [supero5_tipopremio] => 
                            [tcs_liquidazione] => 
                            [tcs_codice_fatturazione] => 
                            [tcs_obbiettivo_liv_1] => 
                            [tcs_obbiettivo_liv_1_misura] => 
                            [tcs_obbiettivo_liv_1_premio] => 
                            [tcs_obbiettivo_liv_2] => 
                            [tcs_obbiettivo_liv_2_misura] => 
                            [tcs_obbiettivo_liv_2_premio] => 
                            [tcs_obbiettivo_liv_3] => 
                            [tcs_obbiettivo_liv_3_misura] => 
                            [tcs_obbiettivo_liv_3_premio] => 
                            [tcs_obbiettivo_liv_4] => 
                            [tcs_obbiettivo_liv_4_misura] => 
                            [tcs_obbiettivo_liv_4_premio] => 
                            [tcs_obbiettivo_liv_5] => 
                            [tcs_obbiettivo_liv_5_misura] => 
                            [tcs_obbiettivo_liv_5_premio] => 
                            [tcs_tipologia_liquidazione_obbiettivi] => 
                            [tcs_data_inizio_conteggio] => 
                            [tcs_data_termine_conteggio] => 
                        )

                    [7] => Array
                        (
                            [id] => 13
                            [id_cliente] => 708
                            [data_creazione] => 2016-06-23 00:00:00
                            [data_aggiornamento] => 2016-06-23 15:39:19
                            [id_utente_crea] => 
                            [id_utente_mod] => 1
                            [stato] => 0
                            [tipo_contratto] => FINEANNO
                            [modalitaliquidazione] => 
                            [tempisticadiliquidazione] => 
                            [meseannoinizio] => 
                            [meseannofine] => 
                            [divisionidaconsiderare] => 
                            [modalitadefinizioneobbiettivo] => 
                            [modalitadefinizionepremio] => 
                            [obbiettivo_valore_1] => 
                            [obbiettivo_premio_1] => 
                            [obbiettivo_valore_2] => 
                            [obbiettivo_premio_2] => 
                            [obbiettivo_valore_3] => 
                            [obbiettivo_premio_3] => 0.00
                            [obbiettivo_valore_4] => 
                            [obbiettivo_premio_4] => 
                            [obbiettivo_valore_5] => 
                            [obbiettivo_premio_5] => 
                            [id_prodotto_obb_qualificante_1] => 
                            [id_prodotto_obb_qualificante_2] => 
                            [perc_target_totale_obb_qualificante] => 
                            [obbiettivo_minimo_obb_qualificante] => 
                            [premio1_obb_qualificante] => 
                            [tipo1_obb_qualificante] => 
                            [obbiettivo_ulteriore_obb_qualificante] => 
                            [premio2_obb_qualificante] => 
                            [tipo2_obb_qualificante] => 
                            [supero1_tipoobbiettivo] => 
                            [supero1_obbiettivi] => 
                            [supero1_premio] => 
                            [supero1_tipopremio] => 
                            [supero2_tipoobbiettivo] => 
                            [supero2_obbiettivi] => 
                            [supero2_premio] => 
                            [supero2_tipopremio] => 
                            [supero3_tipoobbiettivo] => 
                            [supero3_obbiettivi] => 
                            [supero3_premio] => 
                            [supero3_tipopremio] => 
                            [supero4_tipoobbiettivo] => 
                            [supero4_obbiettivi] => 
                            [supero4_premio] => 
                            [supero4_tipopremio] => 
                            [supero5_tipoobbiettivo] => 
                            [supero5_obbiettivi] => 
                            [supero5_premio] => 
                            [supero5_tipopremio] => 
                            [tcs_liquidazione] => 
                            [tcs_codice_fatturazione] => 
                            [tcs_obbiettivo_liv_1] => 
                            [tcs_obbiettivo_liv_1_misura] => 
                            [tcs_obbiettivo_liv_1_premio] => 
                            [tcs_obbiettivo_liv_2] => 
                            [tcs_obbiettivo_liv_2_misura] => 
                            [tcs_obbiettivo_liv_2_premio] => 
                            [tcs_obbiettivo_liv_3] => 
                            [tcs_obbiettivo_liv_3_misura] => 
                            [tcs_obbiettivo_liv_3_premio] => 
                            [tcs_obbiettivo_liv_4] => 
                            [tcs_obbiettivo_liv_4_misura] => 
                            [tcs_obbiettivo_liv_4_premio] => 
                            [tcs_obbiettivo_liv_5] => 
                            [tcs_obbiettivo_liv_5_misura] => 
                            [tcs_obbiettivo_liv_5_premio] => 
                            [tcs_tipologia_liquidazione_obbiettivi] => 
                            [tcs_data_inizio_conteggio] => 
                            [tcs_data_termine_conteggio] => 
                        )

                    [8] => Array
                        (
                            [id] => 14
                            [id_cliente] => 708
                            [data_creazione] => 2016-06-23 00:00:00
                            [data_aggiornamento] => 
                            [id_utente_crea] => 
                            [id_utente_mod] => 
                            [stato] => 0
                            [tipo_contratto] => FINEANNO
                            [modalitaliquidazione] => 
                            [tempisticadiliquidazione] => 
                            [meseannoinizio] => 
                            [meseannofine] => 
                            [divisionidaconsiderare] => 
                            [modalitadefinizioneobbiettivo] => 
                            [modalitadefinizionepremio] => 
                            [obbiettivo_valore_1] => 
                            [obbiettivo_premio_1] => 
                            [obbiettivo_valore_2] => 
                            [obbiettivo_premio_2] => 
                            [obbiettivo_valore_3] => 
                            [obbiettivo_premio_3] => 0.00
                            [obbiettivo_valore_4] => 
                            [obbiettivo_premio_4] => 
                            [obbiettivo_valore_5] => 
                            [obbiettivo_premio_5] => 
                            [id_prodotto_obb_qualificante_1] => 
                            [id_prodotto_obb_qualificante_2] => 
                            [perc_target_totale_obb_qualificante] => 
                            [obbiettivo_minimo_obb_qualificante] => 
                            [premio1_obb_qualificante] => 
                            [tipo1_obb_qualificante] => 
                            [obbiettivo_ulteriore_obb_qualificante] => 
                            [premio2_obb_qualificante] => 
                            [tipo2_obb_qualificante] => 
                            [supero1_tipoobbiettivo] => 
                            [supero1_obbiettivi] => 
                            [supero1_premio] => 
                            [supero1_tipopremio] => 
                            [supero2_tipoobbiettivo] => 
                            [supero2_obbiettivi] => 
                            [supero2_premio] => 
                            [supero2_tipopremio] => 
                            [supero3_tipoobbiettivo] => 
                            [supero3_obbiettivi] => 
                            [supero3_premio] => 
                            [supero3_tipopremio] => 
                            [supero4_tipoobbiettivo] => 
                            [supero4_obbiettivi] => 
                            [supero4_premio] => 
                            [supero4_tipopremio] => 
                            [supero5_tipoobbiettivo] => 
                            [supero5_obbiettivi] => 
                            [supero5_premio] => 
                            [supero5_tipopremio] => 
                            [tcs_liquidazione] => 
                            [tcs_codice_fatturazione] => 
                            [tcs_obbiettivo_liv_1] => 
                            [tcs_obbiettivo_liv_1_misura] => 
                            [tcs_obbiettivo_liv_1_premio] => 
                            [tcs_obbiettivo_liv_2] => 
                            [tcs_obbiettivo_liv_2_misura] => 
                            [tcs_obbiettivo_liv_2_premio] => 
                            [tcs_obbiettivo_liv_3] => 
                            [tcs_obbiettivo_liv_3_misura] => 
                            [tcs_obbiettivo_liv_3_premio] => 
                            [tcs_obbiettivo_liv_4] => 
                            [tcs_obbiettivo_liv_4_misura] => 
                            [tcs_obbiettivo_liv_4_premio] => 
                            [tcs_obbiettivo_liv_5] => 
                            [tcs_obbiettivo_liv_5_misura] => 
                            [tcs_obbiettivo_liv_5_premio] => 
                            [tcs_tipologia_liquidazione_obbiettivi] => 
                            [tcs_data_inizio_conteggio] => 
                            [tcs_data_termine_conteggio] => 
                        )

                    [9] => Array
                        (
                            [id] => 15
                            [id_cliente] => 708
                            [data_creazione] => 2016-06-23 00:00:00
                            [data_aggiornamento] => 
                            [id_utente_crea] => 
                            [id_utente_mod] => 
                            [stato] => 0
                            [tipo_contratto] => 
                            [modalitaliquidazione] => 
                            [tempisticadiliquidazione] => 
                            [meseannoinizio] => 
                            [meseannofine] => 
                            [divisionidaconsiderare] => 
                            [modalitadefinizioneobbiettivo] => 
                            [modalitadefinizionepremio] => 
                            [obbiettivo_valore_1] => 
                            [obbiettivo_premio_1] => 
                            [obbiettivo_valore_2] => 
                            [obbiettivo_premio_2] => 
                            [obbiettivo_valore_3] => 
                            [obbiettivo_premio_3] => 
                            [obbiettivo_valore_4] => 
                            [obbiettivo_premio_4] => 
                            [obbiettivo_valore_5] => 
                            [obbiettivo_premio_5] => 
                            [id_prodotto_obb_qualificante_1] => 
                            [id_prodotto_obb_qualificante_2] => 
                            [perc_target_totale_obb_qualificante] => 
                            [obbiettivo_minimo_obb_qualificante] => 
                            [premio1_obb_qualificante] => 
                            [tipo1_obb_qualificante] => 
                            [obbiettivo_ulteriore_obb_qualificante] => 
                            [premio2_obb_qualificante] => 
                            [tipo2_obb_qualificante] => 
                            [supero1_tipoobbiettivo] => 
                            [supero1_obbiettivi] => 
                            [supero1_premio] => 
                            [supero1_tipopremio] => 
                            [supero2_tipoobbiettivo] => 
                            [supero2_obbiettivi] => 
                            [supero2_premio] => 
                            [supero2_tipopremio] => 
                            [supero3_tipoobbiettivo] => 
                            [supero3_obbiettivi] => 
                            [supero3_premio] => 
                            [supero3_tipopremio] => 
                            [supero4_tipoobbiettivo] => 
                            [supero4_obbiettivi] => 
                            [supero4_premio] => 
                            [supero4_tipopremio] => 
                            [supero5_tipoobbiettivo] => 
                            [supero5_obbiettivi] => 
                            [supero5_premio] => 
                            [supero5_tipopremio] => 
                            [tcs_liquidazione] => 
                            [tcs_codice_fatturazione] => 
                            [tcs_obbiettivo_liv_1] => 
                            [tcs_obbiettivo_liv_1_misura] => 
                            [tcs_obbiettivo_liv_1_premio] => 
                            [tcs_obbiettivo_liv_2] => 
                            [tcs_obbiettivo_liv_2_misura] => 
                            [tcs_obbiettivo_liv_2_premio] => 
                            [tcs_obbiettivo_liv_3] => 
                            [tcs_obbiettivo_liv_3_misura] => 
                            [tcs_obbiettivo_liv_3_premio] => 
                            [tcs_obbiettivo_liv_4] => 
                            [tcs_obbiettivo_liv_4_misura] => 
                            [tcs_obbiettivo_liv_4_premio] => 
                            [tcs_obbiettivo_liv_5] => 
                            [tcs_obbiettivo_liv_5_misura] => 
                            [tcs_obbiettivo_liv_5_premio] => 
                            [tcs_tipologia_liquidazione_obbiettivi] => 
                            [tcs_data_inizio_conteggio] => 
                            [tcs_data_termine_conteggio] => 
                        )

                    [10] => Array
                        (
                            [id] => 16
                            [id_cliente] => 708
                            [data_creazione] => 2016-06-23 00:00:00
                            [data_aggiornamento] => 
                            [id_utente_crea] => 
                            [id_utente_mod] => 
                            [stato] => 0
                            [tipo_contratto] => FINEANNO
                            [modalitaliquidazione] => 
                            [tempisticadiliquidazione] => 
                            [meseannoinizio] => 
                            [meseannofine] => 
                            [divisionidaconsiderare] => 
                            [modalitadefinizioneobbiettivo] => 
                            [modalitadefinizionepremio] => 
                            [obbiettivo_valore_1] => 
                            [obbiettivo_premio_1] => 
                            [obbiettivo_valore_2] => 
                            [obbiettivo_premio_2] => 
                            [obbiettivo_valore_3] => 
                            [obbiettivo_premio_3] => 0.00
                            [obbiettivo_valore_4] => 
                            [obbiettivo_premio_4] => 
                            [obbiettivo_valore_5] => 
                            [obbiettivo_premio_5] => 
                            [id_prodotto_obb_qualificante_1] => 
                            [id_prodotto_obb_qualificante_2] => 
                            [perc_target_totale_obb_qualificante] => 
                            [obbiettivo_minimo_obb_qualificante] => 
                            [premio1_obb_qualificante] => 
                            [tipo1_obb_qualificante] => 
                            [obbiettivo_ulteriore_obb_qualificante] => 
                            [premio2_obb_qualificante] => 
                            [tipo2_obb_qualificante] => 
                            [supero1_tipoobbiettivo] => 
                            [supero1_obbiettivi] => 
                            [supero1_premio] => 
                            [supero1_tipopremio] => 
                            [supero2_tipoobbiettivo] => 
                            [supero2_obbiettivi] => 
                            [supero2_premio] => 
                            [supero2_tipopremio] => 
                            [supero3_tipoobbiettivo] => 
                            [supero3_obbiettivi] => 
                            [supero3_premio] => 
                            [supero3_tipopremio] => 
                            [supero4_tipoobbiettivo] => 
                            [supero4_obbiettivi] => 
                            [supero4_premio] => 
                            [supero4_tipopremio] => 
                            [supero5_tipoobbiettivo] => 
                            [supero5_obbiettivi] => 
                            [supero5_premio] => 
                            [supero5_tipopremio] => 
                            [tcs_liquidazione] => 
                            [tcs_codice_fatturazione] => 
                            [tcs_obbiettivo_liv_1] => 
                            [tcs_obbiettivo_liv_1_misura] => 
                            [tcs_obbiettivo_liv_1_premio] => 
                            [tcs_obbiettivo_liv_2] => 
                            [tcs_obbiettivo_liv_2_misura] => 
                            [tcs_obbiettivo_liv_2_premio] => 
                            [tcs_obbiettivo_liv_3] => 
                            [tcs_obbiettivo_liv_3_misura] => 
                            [tcs_obbiettivo_liv_3_premio] => 
                            [tcs_obbiettivo_liv_4] => 
                            [tcs_obbiettivo_liv_4_misura] => 
                            [tcs_obbiettivo_liv_4_premio] => 
                            [tcs_obbiettivo_liv_5] => 
                            [tcs_obbiettivo_liv_5_misura] => 
                            [tcs_obbiettivo_liv_5_premio] => 
                            [tcs_tipologia_liquidazione_obbiettivi] => 
                            [tcs_data_inizio_conteggio] => 
                            [tcs_data_termine_conteggio] => 
                        )

                    [11] => Array
                        (
                            [id] => 17
                            [id_cliente] => 708
                            [data_creazione] => 2016-06-23 15:47:48
                            [data_aggiornamento] => 
                            [id_utente_crea] => 
                            [id_utente_mod] => 
                            [stato] => 0
                            [tipo_contratto] => 
                            [modalitaliquidazione] => 
                            [tempisticadiliquidazione] => 
                            [meseannoinizio] => 
                            [meseannofine] => 
                            [divisionidaconsiderare] => 
                            [modalitadefinizioneobbiettivo] => 
                            [modalitadefinizionepremio] => 
                            [obbiettivo_valore_1] => 
                            [obbiettivo_premio_1] => 
                            [obbiettivo_valore_2] => 
                            [obbiettivo_premio_2] => 
                            [obbiettivo_valore_3] => 
                            [obbiettivo_premio_3] => 
                            [obbiettivo_valore_4] => 
                            [obbiettivo_premio_4] => 
                            [obbiettivo_valore_5] => 
                            [obbiettivo_premio_5] => 
                            [id_prodotto_obb_qualificante_1] => 
                            [id_prodotto_obb_qualificante_2] => 
                            [perc_target_totale_obb_qualificante] => 
                            [obbiettivo_minimo_obb_qualificante] => 
                            [premio1_obb_qualificante] => 
                            [tipo1_obb_qualificante] => 
                            [obbiettivo_ulteriore_obb_qualificante] => 
                            [premio2_obb_qualificante] => 
                            [tipo2_obb_qualificante] => 
                            [supero1_tipoobbiettivo] => 
                            [supero1_obbiettivi] => 
                            [supero1_premio] => 
                            [supero1_tipopremio] => 
                            [supero2_tipoobbiettivo] => 
                            [supero2_obbiettivi] => 
                            [supero2_premio] => 
                            [supero2_tipopremio] => 
                            [supero3_tipoobbiettivo] => 
                            [supero3_obbiettivi] => 
                            [supero3_premio] => 
                            [supero3_tipopremio] => 
                            [supero4_tipoobbiettivo] => 
                            [supero4_obbiettivi] => 
                            [supero4_premio] => 
                            [supero4_tipopremio] => 
                            [supero5_tipoobbiettivo] => 
                            [supero5_obbiettivi] => 
                            [supero5_premio] => 
                            [supero5_tipopremio] => 
                            [tcs_liquidazione] => 
                            [tcs_codice_fatturazione] => 
                            [tcs_obbiettivo_liv_1] => 
                            [tcs_obbiettivo_liv_1_misura] => 
                            [tcs_obbiettivo_liv_1_premio] => 
                            [tcs_obbiettivo_liv_2] => 
                            [tcs_obbiettivo_liv_2_misura] => 
                            [tcs_obbiettivo_liv_2_premio] => 
                            [tcs_obbiettivo_liv_3] => 
                            [tcs_obbiettivo_liv_3_misura] => 
                            [tcs_obbiettivo_liv_3_premio] => 
                            [tcs_obbiettivo_liv_4] => 
                            [tcs_obbiettivo_liv_4_misura] => 
                            [tcs_obbiettivo_liv_4_premio] => 
                            [tcs_obbiettivo_liv_5] => 
                            [tcs_obbiettivo_liv_5_misura] => 
                            [tcs_obbiettivo_liv_5_premio] => 
                            [tcs_tipologia_liquidazione_obbiettivi] => 
                            [tcs_data_inizio_conteggio] => 
                            [tcs_data_termine_conteggio] => 
                        )

                    [12] => Array
                        (
                            [id] => 18
                            [id_cliente] => 708
                            [data_creazione] => 2016-06-23 15:48:58
                            [data_aggiornamento] => 
                            [id_utente_crea] => 
                            [id_utente_mod] => 
                            [stato] => 0
                            [tipo_contratto] => FINEANNO
                            [modalitaliquidazione] => 
                            [tempisticadiliquidazione] => 
                            [meseannoinizio] => 
                            [meseannofine] => 
                            [divisionidaconsiderare] => 
                            [modalitadefinizioneobbiettivo] => 
                            [modalitadefinizionepremio] => 
                            [obbiettivo_valore_1] => 
                            [obbiettivo_premio_1] => 
                            [obbiettivo_valore_2] => 
                            [obbiettivo_premio_2] => 
                            [obbiettivo_valore_3] => 
                            [obbiettivo_premio_3] => 0.00
                            [obbiettivo_valore_4] => 
                            [obbiettivo_premio_4] => 
                            [obbiettivo_valore_5] => 
                            [obbiettivo_premio_5] => 
                            [id_prodotto_obb_qualificante_1] => 
                            [id_prodotto_obb_qualificante_2] => 
                            [perc_target_totale_obb_qualificante] => 
                            [obbiettivo_minimo_obb_qualificante] => 
                            [premio1_obb_qualificante] => 
                            [tipo1_obb_qualificante] => 
                            [obbiettivo_ulteriore_obb_qualificante] => 
                            [premio2_obb_qualificante] => 
                            [tipo2_obb_qualificante] => 
                            [supero1_tipoobbiettivo] => 
                            [supero1_obbiettivi] => 
                            [supero1_premio] => 
                            [supero1_tipopremio] => 
                            [supero2_tipoobbiettivo] => 
                            [supero2_obbiettivi] => 
                            [supero2_premio] => 
                            [supero2_tipopremio] => 
                            [supero3_tipoobbiettivo] => 
                            [supero3_obbiettivi] => 
                            [supero3_premio] => 
                            [supero3_tipopremio] => 
                            [supero4_tipoobbiettivo] => 
                            [supero4_obbiettivi] => 
                            [supero4_premio] => 
                            [supero4_tipopremio] => 
                            [supero5_tipoobbiettivo] => 
                            [supero5_obbiettivi] => 
                            [supero5_premio] => 
                            [supero5_tipopremio] => 
                            [tcs_liquidazione] => 
                            [tcs_codice_fatturazione] => 
                            [tcs_obbiettivo_liv_1] => 
                            [tcs_obbiettivo_liv_1_misura] => 
                            [tcs_obbiettivo_liv_1_premio] => 
                            [tcs_obbiettivo_liv_2] => 
                            [tcs_obbiettivo_liv_2_misura] => 
                            [tcs_obbiettivo_liv_2_premio] => 
                            [tcs_obbiettivo_liv_3] => 
                            [tcs_obbiettivo_liv_3_misura] => 
                            [tcs_obbiettivo_liv_3_premio] => 
                            [tcs_obbiettivo_liv_4] => 
                            [tcs_obbiettivo_liv_4_misura] => 
                            [tcs_obbiettivo_liv_4_premio] => 
                            [tcs_obbiettivo_liv_5] => 
                            [tcs_obbiettivo_liv_5_misura] => 
                            [tcs_obbiettivo_liv_5_premio] => 
                            [tcs_tipologia_liquidazione_obbiettivi] => 
                            [tcs_data_inizio_conteggio] => 
                            [tcs_data_termine_conteggio] => 
                        )

                    [13] => Array
                        (
                            [id] => 19
                            [id_cliente] => 708
                            [data_creazione] => 2016-06-23 15:49:04
                            [data_aggiornamento] => 2016-06-23 16:36:37
                            [id_utente_crea] => 
                            [id_utente_mod] => 1
                            [stato] => 0
                            [tipo_contratto] => FINEANNO
                            [modalitaliquidazione] => 
                            [tempisticadiliquidazione] => 
                            [meseannoinizio] => 
                            [meseannofine] => 
                            [divisionidaconsiderare] => 
                            [modalitadefinizioneobbiettivo] => 
                            [modalitadefinizionepremio] => 
                            [obbiettivo_valore_1] => 2131.00
                            [obbiettivo_premio_1] => 
                            [obbiettivo_valore_2] => 
                            [obbiettivo_premio_2] => 
                            [obbiettivo_valore_3] => 
                            [obbiettivo_premio_3] => 0.00
                            [obbiettivo_valore_4] => 
                            [obbiettivo_premio_4] => 
                            [obbiettivo_valore_5] => 
                            [obbiettivo_premio_5] => 
                            [id_prodotto_obb_qualificante_1] => 
                            [id_prodotto_obb_qualificante_2] => 
                            [perc_target_totale_obb_qualificante] => 
                            [obbiettivo_minimo_obb_qualificante] => 
                            [premio1_obb_qualificante] => 
                            [tipo1_obb_qualificante] => 
                            [obbiettivo_ulteriore_obb_qualificante] => 
                            [premio2_obb_qualificante] => 
                            [tipo2_obb_qualificante] => 
                            [supero1_tipoobbiettivo] => AAA
                            [supero1_obbiettivi] => 
                            [supero1_premio] => 
                            [supero1_tipopremio] => 
                            [supero2_tipoobbiettivo] => 
                            [supero2_obbiettivi] => 
                            [supero2_premio] => 
                            [supero2_tipopremio] => 
                            [supero3_tipoobbiettivo] => 
                            [supero3_obbiettivi] => 
                            [supero3_premio] => 
                            [supero3_tipopremio] => 
                            [supero4_tipoobbiettivo] => 
                            [supero4_obbiettivi] => 
                            [supero4_premio] => 
                            [supero4_tipopremio] => 
                            [supero5_tipoobbiettivo] => 
                            [supero5_obbiettivi] => 
                            [supero5_premio] => 
                            [supero5_tipopremio] => 
                            [tcs_liquidazione] => 
                            [tcs_codice_fatturazione] => 
                            [tcs_obbiettivo_liv_1] => 
                            [tcs_obbiettivo_liv_1_misura] => 
                            [tcs_obbiettivo_liv_1_premio] => 
                            [tcs_obbiettivo_liv_2] => 
                            [tcs_obbiettivo_liv_2_misura] => 
                            [tcs_obbiettivo_liv_2_premio] => 
                            [tcs_obbiettivo_liv_3] => 
                            [tcs_obbiettivo_liv_3_misura] => 
                            [tcs_obbiettivo_liv_3_premio] => 
                            [tcs_obbiettivo_liv_4] => 
                            [tcs_obbiettivo_liv_4_misura] => 
                            [tcs_obbiettivo_liv_4_premio] => 
                            [tcs_obbiettivo_liv_5] => 
                            [tcs_obbiettivo_liv_5_misura] => 
                            [tcs_obbiettivo_liv_5_premio] => 
                            [tcs_tipologia_liquidazione_obbiettivi] => 
                            [tcs_data_inizio_conteggio] => 
                            [tcs_data_termine_conteggio] => 
                        )

                    [14] => Array
                        (
                            [id] => 21
                            [id_cliente] => 708
                            [data_creazione] => 2016-06-23 16:34:19
                            [data_aggiornamento] => 
                            [id_utente_crea] => 
                            [id_utente_mod] => 
                            [stato] => 0
                            [tipo_contratto] => FINEANNO
                            [modalitaliquidazione] => 
                            [tempisticadiliquidazione] => 
                            [meseannoinizio] => 
                            [meseannofine] => 
                            [divisionidaconsiderare] => 
                            [modalitadefinizioneobbiettivo] => 
                            [modalitadefinizionepremio] => 
                            [obbiettivo_valore_1] => 
                            [obbiettivo_premio_1] => 
                            [obbiettivo_valore_2] => 
                            [obbiettivo_premio_2] => 
                            [obbiettivo_valore_3] => 
                            [obbiettivo_premio_3] => 0.00
                            [obbiettivo_valore_4] => 
                            [obbiettivo_premio_4] => 
                            [obbiettivo_valore_5] => 
                            [obbiettivo_premio_5] => 
                            [id_prodotto_obb_qualificante_1] => 
                            [id_prodotto_obb_qualificante_2] => 
                            [perc_target_totale_obb_qualificante] => 
                            [obbiettivo_minimo_obb_qualificante] => 
                            [premio1_obb_qualificante] => 
                            [tipo1_obb_qualificante] => 
                            [obbiettivo_ulteriore_obb_qualificante] => 
                            [premio2_obb_qualificante] => 
                            [tipo2_obb_qualificante] => 
                            [supero1_tipoobbiettivo] => AAA
                            [supero1_obbiettivi] => 
                            [supero1_premio] => 
                            [supero1_tipopremio] => 
                            [supero2_tipoobbiettivo] => 
                            [supero2_obbiettivi] => 
                            [supero2_premio] => 
                            [supero2_tipopremio] => 
                            [supero3_tipoobbiettivo] => 
                            [supero3_obbiettivi] => 
                            [supero3_premio] => 
                            [supero3_tipopremio] => 
                            [supero4_tipoobbiettivo] => 
                            [supero4_obbiettivi] => 
                            [supero4_premio] => 
                            [supero4_tipopremio] => 
                            [supero5_tipoobbiettivo] => 
                            [supero5_obbiettivi] => 
                            [supero5_premio] => 
                            [supero5_tipopremio] => 
                            [tcs_liquidazione] => 
                            [tcs_codice_fatturazione] => 
                            [tcs_obbiettivo_liv_1] => 
                            [tcs_obbiettivo_liv_1_misura] => 
                            [tcs_obbiettivo_liv_1_premio] => 
                            [tcs_obbiettivo_liv_2] => 
                            [tcs_obbiettivo_liv_2_misura] => 
                            [tcs_obbiettivo_liv_2_premio] => 
                            [tcs_obbiettivo_liv_3] => 
                            [tcs_obbiettivo_liv_3_misura] => 
                            [tcs_obbiettivo_liv_3_premio] => 
                            [tcs_obbiettivo_liv_4] => 
                            [tcs_obbiettivo_liv_4_misura] => 
                            [tcs_obbiettivo_liv_4_premio] => 
                            [tcs_obbiettivo_liv_5] => 
                            [tcs_obbiettivo_liv_5_misura] => 
                            [tcs_obbiettivo_liv_5_premio] => 
                            [tcs_tipologia_liquidazione_obbiettivi] => 
                            [tcs_data_inizio_conteggio] => 
                            [tcs_data_termine_conteggio] => 
                        )

                )

        )

)

