2016-07-12T12:15:51+02:00 SessionId :  ClientIP : 127.0.0.1 [RESTGATEWAY] Array
(
    [timestamp] => 1468318550
    [request] => backend\common\rest\library\Request Object
        (
            [url_elements] => Array
                (
                    [0] => 
                    [1] => contrattino
                )

            [verb] => POST
            [parameters] => Array
                (
                )

            [format] => json
            [datetime] => 1468318550
            [httpheaders] => Array
                (
                    [Accept-Encoding] => gzip,deflate
                    [Content-Type] => application/json
                    [Content-Length] => 2303
                    [Host] => localhost
                    [Connection] => Keep-Alive
                    [User-Agent] => Apache-HttpClient/4.1.1 (java 1.5)
                )

        )

)

2016-07-12T12:15:52+02:00 SessionId :  ClientIP : 127.0.0.1 [RESTGATEWAY] Array
(
    [timestamp] => 1468318550
    [result] => Array
        (
            [request_time] => Tue Jul 12 12:15:50 CEST 2016
            [code] => 200
            [response_time] => Tue Jul 12 12:15:52 CEST 2016
            [status] => success
            [contrattino] => Array
                (
                    [status] => KO
                    [message] => SQLSTATE[HY093]: Invalid parameter number: number of bound variables does not match number of tokens - #0 D:\xampp-5.6.3\htdocs\rilevazioni\backend\app\dao\ContrattinoDAO.php(31): PDOStatement->execute()
#1 D:\xampp-5.6.3\htdocs\rilevazioni\backend\libraries\lisachenko\go-aop-php\src\Aop\Framework\ClosureDynamicMethodInvocation56.php(50): backend\app\dao\ContrattinoDAO__AopProxied->create(Array)
#2 D:\xampp-5.6.3\htdocs\rilevazioni\backend\app\aop\aspects\TransactionAspect.php(21): Go\Aop\Framework\ClosureDynamicMethodInvocation56->proceed()
#3 D:\xampp-5.6.3\htdocs\rilevazioni\backend\libraries\lisachenko\go-aop-php\src\Aop\Framework\BaseAdvice.php(194): backend\app\dao\ContrattinoDAO__AopProxied->manageTransaction(Object(Go\Aop\Framework\ClosureDynamicMethodInvocation56))
#4 D:\xampp-5.6.3\htdocs\rilevazioni\backend\libraries\lisachenko\go-aop-php\src\Aop\Framework\MethodAroundInterceptor.php(34): Go\Aop\Framework\BaseAdvice::Go\Aop\Framework\{closure}(Object(Go\Aop\Framework\ClosureDynamicMethodInvocation56))
#5 D:\xampp-5.6.3\htdocs\rilevazioni\backend\libraries\lisachenko\go-aop-php\src\Aop\Framework\ClosureDynamicMethodInvocation56.php(34): Go\Aop\Framework\MethodAroundInterceptor->invoke(Object(Go\Aop\Framework\ClosureDynamicMethodInvocation56))
#6 D:\xampp-5.6.3\htdocs\rilevazioni\backend\libraries\lisachenko\go-aop-php\src\Aop\Framework\AbstractMethodInvocation.php(115): Go\Aop\Framework\ClosureDynamicMethodInvocation56->proceed()
#7 D:\xampp-5.6.3\htdocs\rilevazioni\rest\cache\_proxies\backend\app\dao\ContrattinoDAO.php(18): Go\Aop\Framework\AbstractMethodInvocation->__invoke(Object(backend\app\dao\ContrattinoDAO), Array)
#8 D:\xampp-5.6.3\htdocs\rilevazioni\backend\app\service\ContrattinoService.php(49): backend\app\dao\ContrattinoDAO->create(Array)
#9 D:\xampp-5.6.3\htdocs\rilevazioni\backend\app\rest\controllers\ContrattinoController.php(53): backend\app\service\ContrattinoService->create(Array)
#10 D:\xampp-5.6.3\htdocs\rilevazioni\backend\libraries\lisachenko\go-aop-php\src\Aop\Framework\ClosureDynamicMethodInvocation56.php(50): backend\app\rest\controllers\ContrattinoController__AopProxied->postAction()
#11 D:\xampp-5.6.3\htdocs\rilevazioni\backend\app\aop\aspects\SecurityAspect.php(62): Go\Aop\Framework\ClosureDynamicMethodInvocation56->proceed()
#12 D:\xampp-5.6.3\htdocs\rilevazioni\backend\libraries\lisachenko\go-aop-php\src\Aop\Framework\BaseAdvice.php(194): backend\app\rest\controllers\ContrattinoController__AopProxied->checkAuthorization(Object(Go\Aop\Framework\ClosureDynamicMethodInvocation56))
#13 D:\xampp-5.6.3\htdocs\rilevazioni\backend\libraries\lisachenko\go-aop-php\src\Aop\Framework\MethodAroundInterceptor.php(34): Go\Aop\Framework\MethodAroundInterceptor::Go\Aop\Framework\{closure}(Object(Go\Aop\Framework\ClosureDynamicMethodInvocation56))
#14 D:\xampp-5.6.3\htdocs\rilevazioni\backend\libraries\lisachenko\go-aop-php\src\Aop\Framework\ClosureDynamicMethodInvocation56.php(34): Go\Aop\Framework\MethodAroundInterceptor->invoke(Object(Go\Aop\Framework\ClosureDynamicMethodInvocation56))
#15 D:\xampp-5.6.3\htdocs\rilevazioni\backend\libraries\lisachenko\go-aop-php\src\Aop\Framework\AbstractMethodInvocation.php(115): Go\Aop\Framework\ClosureDynamicMethodInvocation56->proceed()
#16 D:\xampp-5.6.3\htdocs\rilevazioni\rest\cache\_proxies\backend\app\rest\controllers\ContrattinoController.php(30): Go\Aop\Framework\AbstractMethodInvocation->__invoke(Object(backend\app\rest\controllers\ContrattinoController))
#17 D:\xampp-5.6.3\htdocs\rilevazioni\rest\index.php(38): backend\app\rest\controllers\ContrattinoController->postAction()
#18 {main}
                )

        )

)

2016-07-12T12:16:10+02:00 SessionId :  ClientIP : 127.0.0.1 [RESTGATEWAY] Array
(
    [timestamp] => 1468318570
    [request] => backend\common\rest\library\Request Object
        (
            [url_elements] => Array
                (
                    [0] => 
                    [1] => contrattino
                )

            [verb] => POST
            [parameters] => Array
                (
                    [id] => 19
                    [id_cliente] => 708
                    [data_creazione] => 
                    [data_aggiornamento] => 
                    [data_inserimento] => 2016-07-01
                    [data_inizio_periodo] => 2016-07-01
                    [data_fine_periodo] => 2016-07-01
                    [id_utente_crea] => 
                    [id_utente_mod] => 1
                    [stato] => 1
                    [tipo_contratto] => FINEANNO
                    [modalitaliquidazione] => 
                    [tempisticadiliquidazione] => 
                    [meseannoinizio] => 
                    [meseannofine] => 
                    [divisionidaconsiderare] => 
                    [modalitadefinizioneobbiettivo] => 
                    [modalitadefinizionepremio] => 
                    [obbiettivo_valore_1] => 42424242
                    [obbiettivo_premio_1] => 
                    [obbiettivo_valore_2] => 
                    [obbiettivo_premio_2] => 
                    [obbiettivo_valore_3] => 
                    [obbiettivo_premio_3] => 0.00
                    [obbiettivo_valore_4] => 
                    [obbiettivo_premio_4] => 
                    [obbiettivo_valore_5] => 
                    [obbiettivo_premio_5] => 
                    [perc_target_totale_obb_qualificante] => 
                    [obbiettivo_minimo_obb_qualificante] => 
                    [premio1_obb_qualificante] => 
                    [tipo1_obb_qualificante] => 
                    [obbiettivo_ulteriore_obb_qualificante] => 
                    [premio2_obb_qualificante] => 
                    [tipo2_obb_qualificante] => 
                    [supero1_tipoobbiettivo] => AAA
                    [supero1_obbiettivi] => 
                    [supero1_premio] => 
                    [supero1_tipopremio] => 
                    [supero2_tipoobbiettivo] => 
                    [supero2_obbiettivi] => 
                    [supero2_premio] => 
                    [supero2_tipopremio] => 
                    [supero3_tipoobbiettivo] => 
                    [supero3_obbiettivi] => 
                    [supero3_premio] => 
                    [supero3_tipopremio] => 
                    [supero4_tipoobbiettivo] => 
                    [supero4_obbiettivi] => 
                    [supero4_premio] => 
                    [supero4_tipopremio] => 
                    [supero5_tipoobbiettivo] => 
                    [supero5_obbiettivi] => 
                    [supero5_premio] => 
                    [supero5_tipopremio] => 
                )

            [format] => json
            [datetime] => 1468318570
            [httpheaders] => Array
                (
                    [Accept-Encoding] => gzip,deflate
                    [Content-Type] => application/json
                    [Content-Length] => 2303
                    [Host] => localhost
                    [Connection] => Keep-Alive
                    [User-Agent] => Apache-HttpClient/4.1.1 (java 1.5)
                )

        )

)

2016-07-12T12:16:10+02:00 SessionId :  ClientIP : 127.0.0.1 [RESTGATEWAY] Array
(
    [timestamp] => 1468318570
    [result] => Array
        (
            [request_time] => Tue Jul 12 12:16:10 CEST 2016
            [code] => 200
            [response_time] => Tue Jul 12 12:16:10 CEST 2016
            [status] => success
            [contrattino] => Array
                (
                    [status] => KO
                    [message] => SQLSTATE[HY093]: Invalid parameter number: number of bound variables does not match number of tokens - #0 D:\xampp-5.6.3\htdocs\rilevazioni\backend\app\dao\ContrattinoDAO.php(31): PDOStatement->execute()
#1 D:\xampp-5.6.3\htdocs\rilevazioni\backend\libraries\lisachenko\go-aop-php\src\Aop\Framework\ClosureDynamicMethodInvocation56.php(50): backend\app\dao\ContrattinoDAO__AopProxied->create(Array)
#2 D:\xampp-5.6.3\htdocs\rilevazioni\backend\app\aop\aspects\TransactionAspect.php(21): Go\Aop\Framework\ClosureDynamicMethodInvocation56->proceed()
#3 D:\xampp-5.6.3\htdocs\rilevazioni\backend\libraries\lisachenko\go-aop-php\src\Aop\Framework\BaseAdvice.php(194): backend\app\dao\ContrattinoDAO__AopProxied->manageTransaction(Object(Go\Aop\Framework\ClosureDynamicMethodInvocation56))
#4 D:\xampp-5.6.3\htdocs\rilevazioni\backend\libraries\lisachenko\go-aop-php\src\Aop\Framework\MethodAroundInterceptor.php(34): Go\Aop\Framework\MethodAroundInterceptor::Go\Aop\Framework\{closure}(Object(Go\Aop\Framework\ClosureDynamicMethodInvocation56))
#5 D:\xampp-5.6.3\htdocs\rilevazioni\backend\libraries\lisachenko\go-aop-php\src\Aop\Framework\ClosureDynamicMethodInvocation56.php(34): Go\Aop\Framework\MethodAroundInterceptor->invoke(Object(Go\Aop\Framework\ClosureDynamicMethodInvocation56))
#6 D:\xampp-5.6.3\htdocs\rilevazioni\backend\libraries\lisachenko\go-aop-php\src\Aop\Framework\AbstractMethodInvocation.php(115): Go\Aop\Framework\ClosureDynamicMethodInvocation56->proceed()
#7 D:\xampp-5.6.3\htdocs\rilevazioni\rest\cache\_proxies\backend\app\dao\ContrattinoDAO.php(18): Go\Aop\Framework\AbstractMethodInvocation->__invoke(Object(backend\app\dao\ContrattinoDAO), Array)
#8 D:\xampp-5.6.3\htdocs\rilevazioni\backend\app\service\ContrattinoService.php(49): backend\app\dao\ContrattinoDAO->create(Array)
#9 D:\xampp-5.6.3\htdocs\rilevazioni\backend\app\rest\controllers\ContrattinoController.php(53): backend\app\service\ContrattinoService->create(Array)
#10 D:\xampp-5.6.3\htdocs\rilevazioni\backend\libraries\lisachenko\go-aop-php\src\Aop\Framework\ClosureDynamicMethodInvocation56.php(50): backend\app\rest\controllers\ContrattinoController__AopProxied->postAction()
#11 D:\xampp-5.6.3\htdocs\rilevazioni\backend\app\aop\aspects\SecurityAspect.php(62): Go\Aop\Framework\ClosureDynamicMethodInvocation56->proceed()
#12 D:\xampp-5.6.3\htdocs\rilevazioni\backend\libraries\lisachenko\go-aop-php\src\Aop\Framework\BaseAdvice.php(194): backend\app\rest\controllers\ContrattinoController__AopProxied->checkAuthorization(Object(Go\Aop\Framework\ClosureDynamicMethodInvocation56))
#13 D:\xampp-5.6.3\htdocs\rilevazioni\backend\libraries\lisachenko\go-aop-php\src\Aop\Framework\MethodAroundInterceptor.php(34): Go\Aop\Framework\MethodAroundInterceptor::Go\Aop\Framework\{closure}(Object(Go\Aop\Framework\ClosureDynamicMethodInvocation56))
#14 D:\xampp-5.6.3\htdocs\rilevazioni\backend\libraries\lisachenko\go-aop-php\src\Aop\Framework\ClosureDynamicMethodInvocation56.php(34): Go\Aop\Framework\MethodAroundInterceptor->invoke(Object(Go\Aop\Framework\ClosureDynamicMethodInvocation56))
#15 D:\xampp-5.6.3\htdocs\rilevazioni\backend\libraries\lisachenko\go-aop-php\src\Aop\Framework\AbstractMethodInvocation.php(115): Go\Aop\Framework\ClosureDynamicMethodInvocation56->proceed()
#16 D:\xampp-5.6.3\htdocs\rilevazioni\rest\cache\_proxies\backend\app\rest\controllers\ContrattinoController.php(30): Go\Aop\Framework\AbstractMethodInvocation->__invoke(Object(backend\app\rest\controllers\ContrattinoController))
#17 D:\xampp-5.6.3\htdocs\rilevazioni\rest\index.php(38): backend\app\rest\controllers\ContrattinoController->postAction()
#18 {main}
                )

        )

)

2016-07-12T12:17:20+02:00 SessionId :  ClientIP : 127.0.0.1 [RESTGATEWAY] Array
(
    [timestamp] => 1468318640
    [request] => backend\common\rest\library\Request Object
        (
            [url_elements] => Array
                (
                    [0] => 
                    [1] => contrattino
                )

            [verb] => POST
            [parameters] => Array
                (
                    [id] => 19
                    [id_cliente] => 708
                    [data_creazione] => 
                    [data_aggiornamento] => 
                    [data_inserimento] => 2016-07-01
                    [data_inizio_periodo] => 2016-07-01
                    [data_fine_periodo] => 2016-07-01
                    [codice_fatturazione_totale] => 12121
                    [codici_fatturazione] => 12121
                    [liquidazione] => 1
                    [id_utente_crea] => 
                    [id_utente_mod] => 1
                    [stato] => 1
                    [tipo_contratto] => FINEANNO
                    [modalitaliquidazione] => 
                    [tempisticadiliquidazione] => 
                    [meseannoinizio] => 
                    [meseannofine] => 
                    [divisionidaconsiderare] => 
                    [modalitadefinizioneobbiettivo] => 
                    [modalitadefinizionepremio] => 
                    [obbiettivo_valore_1] => 42424242
                    [obbiettivo_premio_1] => 
                    [obbiettivo_valore_2] => 
                    [obbiettivo_premio_2] => 
                    [obbiettivo_valore_3] => 
                    [obbiettivo_premio_3] => 0.00
                    [obbiettivo_valore_4] => 
                    [obbiettivo_premio_4] => 
                    [obbiettivo_valore_5] => 
                    [obbiettivo_premio_5] => 
                    [perc_target_totale_obb_qualificante] => 
                    [obbiettivo_minimo_obb_qualificante] => 
                    [premio1_obb_qualificante] => 
                    [tipo1_obb_qualificante] => 
                    [obbiettivo_ulteriore_obb_qualificante] => 
                    [premio2_obb_qualificante] => 
                    [tipo2_obb_qualificante] => 
                    [supero1_tipoobbiettivo] => AAA
                    [supero1_obbiettivi] => 
                    [supero1_premio] => 
                    [supero1_tipopremio] => 
                    [supero2_tipoobbiettivo] => 
                    [supero2_obbiettivi] => 
                    [supero2_premio] => 
                    [supero2_tipopremio] => 
                    [supero3_tipoobbiettivo] => 
                    [supero3_obbiettivi] => 
                    [supero3_premio] => 
                    [supero3_tipopremio] => 
                    [supero4_tipoobbiettivo] => 
                    [supero4_obbiettivi] => 
                    [supero4_premio] => 
                    [supero4_tipopremio] => 
                    [supero5_tipoobbiettivo] => 
                    [supero5_obbiettivi] => 
                    [supero5_premio] => 
                    [supero5_tipopremio] => 
                )

            [format] => json
            [datetime] => 1468318640
            [httpheaders] => Array
                (
                    [Accept-Encoding] => gzip,deflate
                    [Content-Type] => application/json
                    [Content-Length] => 2431
                    [Host] => localhost
                    [Connection] => Keep-Alive
                    [User-Agent] => Apache-HttpClient/4.1.1 (java 1.5)
                )

        )

)

2016-07-12T12:17:20+02:00 SessionId :  ClientIP : 127.0.0.1 [RESTGATEWAY] Array
(
    [timestamp] => 1468318640
    [result] => Array
        (
            [request_time] => Tue Jul 12 12:17:20 CEST 2016
            [code] => 200
            [response_time] => Tue Jul 12 12:17:20 CEST 2016
            [status] => success
            [contrattino] => Array
                (
                    [status] => KO
                    [message] => SQLSTATE[HY093]: Invalid parameter number: number of bound variables does not match number of tokens - #0 D:\xampp-5.6.3\htdocs\rilevazioni\backend\app\dao\ContrattinoDAO.php(31): PDOStatement->execute()
#1 D:\xampp-5.6.3\htdocs\rilevazioni\backend\libraries\lisachenko\go-aop-php\src\Aop\Framework\ClosureDynamicMethodInvocation56.php(50): backend\app\dao\ContrattinoDAO__AopProxied->create(Array)
#2 D:\xampp-5.6.3\htdocs\rilevazioni\backend\app\aop\aspects\TransactionAspect.php(21): Go\Aop\Framework\ClosureDynamicMethodInvocation56->proceed()
#3 D:\xampp-5.6.3\htdocs\rilevazioni\backend\libraries\lisachenko\go-aop-php\src\Aop\Framework\BaseAdvice.php(194): backend\app\dao\ContrattinoDAO__AopProxied->manageTransaction(Object(Go\Aop\Framework\ClosureDynamicMethodInvocation56))
#4 D:\xampp-5.6.3\htdocs\rilevazioni\backend\libraries\lisachenko\go-aop-php\src\Aop\Framework\MethodAroundInterceptor.php(34): Go\Aop\Framework\MethodAroundInterceptor::Go\Aop\Framework\{closure}(Object(Go\Aop\Framework\ClosureDynamicMethodInvocation56))
#5 D:\xampp-5.6.3\htdocs\rilevazioni\backend\libraries\lisachenko\go-aop-php\src\Aop\Framework\ClosureDynamicMethodInvocation56.php(34): Go\Aop\Framework\MethodAroundInterceptor->invoke(Object(Go\Aop\Framework\ClosureDynamicMethodInvocation56))
#6 D:\xampp-5.6.3\htdocs\rilevazioni\backend\libraries\lisachenko\go-aop-php\src\Aop\Framework\AbstractMethodInvocation.php(115): Go\Aop\Framework\ClosureDynamicMethodInvocation56->proceed()
#7 D:\xampp-5.6.3\htdocs\rilevazioni\rest\cache\_proxies\backend\app\dao\ContrattinoDAO.php(18): Go\Aop\Framework\AbstractMethodInvocation->__invoke(Object(backend\app\dao\ContrattinoDAO), Array)
#8 D:\xampp-5.6.3\htdocs\rilevazioni\backend\app\service\ContrattinoService.php(49): backend\app\dao\ContrattinoDAO->create(Array)
#9 D:\xampp-5.6.3\htdocs\rilevazioni\backend\app\rest\controllers\ContrattinoController.php(53): backend\app\service\ContrattinoService->create(Array)
#10 D:\xampp-5.6.3\htdocs\rilevazioni\backend\libraries\lisachenko\go-aop-php\src\Aop\Framework\ClosureDynamicMethodInvocation56.php(50): backend\app\rest\controllers\ContrattinoController__AopProxied->postAction()
#11 D:\xampp-5.6.3\htdocs\rilevazioni\backend\app\aop\aspects\SecurityAspect.php(62): Go\Aop\Framework\ClosureDynamicMethodInvocation56->proceed()
#12 D:\xampp-5.6.3\htdocs\rilevazioni\backend\libraries\lisachenko\go-aop-php\src\Aop\Framework\BaseAdvice.php(194): backend\app\rest\controllers\ContrattinoController__AopProxied->checkAuthorization(Object(Go\Aop\Framework\ClosureDynamicMethodInvocation56))
#13 D:\xampp-5.6.3\htdocs\rilevazioni\backend\libraries\lisachenko\go-aop-php\src\Aop\Framework\MethodAroundInterceptor.php(34): Go\Aop\Framework\MethodAroundInterceptor::Go\Aop\Framework\{closure}(Object(Go\Aop\Framework\ClosureDynamicMethodInvocation56))
#14 D:\xampp-5.6.3\htdocs\rilevazioni\backend\libraries\lisachenko\go-aop-php\src\Aop\Framework\ClosureDynamicMethodInvocation56.php(34): Go\Aop\Framework\MethodAroundInterceptor->invoke(Object(Go\Aop\Framework\ClosureDynamicMethodInvocation56))
#15 D:\xampp-5.6.3\htdocs\rilevazioni\backend\libraries\lisachenko\go-aop-php\src\Aop\Framework\AbstractMethodInvocation.php(115): Go\Aop\Framework\ClosureDynamicMethodInvocation56->proceed()
#16 D:\xampp-5.6.3\htdocs\rilevazioni\rest\cache\_proxies\backend\app\rest\controllers\ContrattinoController.php(30): Go\Aop\Framework\AbstractMethodInvocation->__invoke(Object(backend\app\rest\controllers\ContrattinoController))
#17 D:\xampp-5.6.3\htdocs\rilevazioni\rest\index.php(38): backend\app\rest\controllers\ContrattinoController->postAction()
#18 {main}
                )

        )

)

2016-07-12T12:18:16+02:00 SessionId :  ClientIP : 127.0.0.1 [RESTGATEWAY] Array
(
    [timestamp] => 1468318695
    [request] => backend\common\rest\library\Request Object
        (
            [url_elements] => Array
                (
                    [0] => 
                    [1] => contrattino
                )

            [verb] => POST
            [parameters] => Array
                (
                    [id] => 19
                    [id_cliente] => 708
                    [data_creazione] => 
                    [data_aggiornamento] => 
                    [data_inserimento] => 2016-07-01
                    [data_inizio_periodo] => 2016-07-01
                    [data_fine_periodo] => 2016-07-01
                    [codice_fatturazione_totale] => 12121
                    [codici_fatturazione] => 12121
                    [liquidazione] => 1
                    [id_utente_crea] => 
                    [id_utente_mod] => 1
                    [stato] => 1
                    [tipo_contratto] => FINEANNO
                    [modalitaliquidazione] => 
                    [tempisticadiliquidazione] => 
                    [meseannoinizio] => 
                    [meseannofine] => 
                    [divisionidaconsiderare] => 
                    [modalitadefinizioneobbiettivo] => 
                    [modalitadefinizionepremio] => 
                    [obbiettivo_valore_1] => 42424242
                    [obbiettivo_premio_1] => 
                    [obbiettivo_valore_2] => 
                    [obbiettivo_premio_2] => 
                    [obbiettivo_valore_3] => 
                    [obbiettivo_premio_3] => 0.00
                    [obbiettivo_valore_4] => 
                    [obbiettivo_premio_4] => 
                    [obbiettivo_valore_5] => 
                    [obbiettivo_premio_5] => 
                    [perc_target_totale_obb_qualificante] => 
                    [obbiettivo_minimo_obb_qualificante] => 
                    [premio1_obb_qualificante] => 
                    [tipo1_obb_qualificante] => 
                    [obbiettivo_ulteriore_obb_qualificante] => 
                    [premio2_obb_qualificante] => 
                    [tipo2_obb_qualificante] => 
                    [supero1_tipoobbiettivo] => AAA
                    [supero1_obbiettivi] => 
                    [supero1_premio] => 
                    [supero1_tipopremio] => 
                    [supero2_tipoobbiettivo] => 
                    [supero2_obbiettivi] => 
                    [supero2_premio] => 
                    [supero2_tipopremio] => 
                    [supero3_tipoobbiettivo] => 
                    [supero3_obbiettivi] => 
                    [supero3_premio] => 
                    [supero3_tipopremio] => 
                    [supero4_tipoobbiettivo] => 
                    [supero4_obbiettivi] => 
                    [supero4_premio] => 
                    [supero4_tipopremio] => 
                    [supero5_tipoobbiettivo] => 
                    [supero5_obbiettivi] => 
                    [supero5_premio] => 
                    [supero5_tipopremio] => 
                )

            [format] => json
            [datetime] => 1468318695
            [httpheaders] => Array
                (
                    [Accept-Encoding] => gzip,deflate
                    [Content-Type] => application/json
                    [Content-Length] => 2431
                    [Host] => localhost
                    [Connection] => Keep-Alive
                    [User-Agent] => Apache-HttpClient/4.1.1 (java 1.5)
                )

        )

)

2016-07-12T12:18:16+02:00 SessionId :  ClientIP : 127.0.0.1 [RESTGATEWAY] Array
(
    [timestamp] => 1468318695
    [result] => Array
        (
            [request_time] => Tue Jul 12 12:18:15 CEST 2016
            [code] => 200
            [response_time] => Tue Jul 12 12:18:16 CEST 2016
            [status] => success
            [contrattino] => Array
                (
                    [0] => Array
                        (
                            [id] => 31
                            [id_cliente] => 708
                            [ragione_sociale] => 
                            [codice_cliente] => 
                            [data_creazione] => 2016-07-12 12:18:16
                            [data_aggiornamento] => 
                            [id_utente_crea] => 
                            [id_utente_mod] => 
                            [stato] => 1
                            [tipo_contratto] => FINEANNO
                            [codice_fatturazione_totale] => 12121
                            [codici_fatturazione] => 12121
                            [liquidazione] => 1
                            [data_esportazione] => 
                            [modalitaliquidazione] => 
                            [tempisticadiliquidazione] => 
                            [meseannoinizio] => 
                            [meseannofine] => 
                            [divisionidaconsiderare] => 
                            [modalitadefinizioneobbiettivo] => 
                            [modalitadefinizionepremio] => 
                            [obbiettivo_valore_1] => 42424242.00
                            [obbiettivo_premio_1] => 
                            [obbiettivo_valore_2] => 
                            [obbiettivo_premio_2] => 
                            [obbiettivo_valore_3] => 
                            [obbiettivo_premio_3] => 0.00
                            [obbiettivo_valore_4] => 
                            [obbiettivo_premio_4] => 
                            [obbiettivo_valore_5] => 
                            [obbiettivo_premio_5] => 
                            [obbiettivo_qualificante_1] => 
                            [obbiettivo_qualificante_2] => 
                            [livello_obbiettivo_1] => 
                            [livello_obbiettivo_2] => 
                            [perc_target_totale_obb_qualificante] => 
                            [obbiettivo_minimo_obb_qualificante] => 
                            [premio1_obb_qualificante] => 
                            [tipo1_obb_qualificante] => 
                            [obbiettivo_ulteriore_obb_qualificante] => 
                            [premio2_obb_qualificante] => 
                            [tipo2_obb_qualificante] => 
                            [supero1_tipoobbiettivo] => AAA
                            [supero1_obbiettivi] => 
                            [supero1_premio] => 
                            [supero1_tipopremio] => 
                            [supero2_tipoobbiettivo] => 
                            [supero2_obbiettivi] => 
                            [supero2_premio] => 
                            [supero2_tipopremio] => 
                            [supero3_tipoobbiettivo] => 
                            [supero3_obbiettivi] => 
                            [supero3_premio] => 
                            [supero3_tipopremio] => 
                            [supero4_tipoobbiettivo] => 
                            [supero4_obbiettivi] => 
                            [supero4_premio] => 
                            [supero4_tipopremio] => 
                            [supero5_tipoobbiettivo] => 
                            [supero5_obbiettivi] => 
                            [supero5_premio] => 
                            [supero5_tipopremio] => 
                            [tcs_liquidazione] => 
                            [tcs_codice_fatturazione] => 
                            [tcs_obbiettivo_liv_1] => 
                            [tcs_obbiettivo_liv_1_misura] => 
                            [tcs_obbiettivo_liv_1_premio] => 
                            [tcs_obbiettivo_liv_2] => 
                            [tcs_obbiettivo_liv_2_misura] => 
                            [tcs_obbiettivo_liv_2_premio] => 
                            [tcs_obbiettivo_liv_3] => 
                            [tcs_obbiettivo_liv_3_misura] => 
                            [tcs_obbiettivo_liv_3_premio] => 
                            [tcs_obbiettivo_liv_4] => 
                            [tcs_obbiettivo_liv_4_misura] => 
                            [tcs_obbiettivo_liv_4_premio] => 
                            [tcs_obbiettivo_liv_5] => 
                            [tcs_obbiettivo_liv_5_misura] => 
                            [tcs_obbiettivo_liv_5_premio] => 
                            [tcs_tipologia_liquidazione_obbiettivi] => 
                            [tcs_data_inizio_conteggio] => 
                            [tcs_data_termine_conteggio] => 
                        )

                )

        )

)

2016-07-12T12:20:15+02:00 SessionId :  ClientIP : 127.0.0.1 [RESTGATEWAY] Array
(
    [timestamp] => 1468318815
    [request] => backend\common\rest\library\Request Object
        (
            [url_elements] => Array
                (
                    [0] => 
                    [1] => contrattino
                )

            [verb] => PUT
            [parameters] => Array
                (
                    [id] => 31
                    [id_cliente] => 708
                    [data_creazione] => 
                    [data_aggiornamento] => 
                    [data_inserimento] => 2016-07-01
                    [data_inizio_periodo] => 2016-07-01
                    [data_fine_periodo] => 2016-07-01
                    [codice_fatturazione_totale] => 12121
                    [codici_fatturazione] => 12121
                    [liquidazione] => 1
                    [id_utente_crea] => 
                    [id_utente_mod] => 1
                    [stato] => 1
                    [tipo_contratto] => FINEANNO
                    [modalitaliquidazione] => 
                    [tempisticadiliquidazione] => 
                    [meseannoinizio] => 
                    [meseannofine] => 
                    [divisionidaconsiderare] => 
                    [modalitadefinizioneobbiettivo] => 
                    [modalitadefinizionepremio] => 
                    [obbiettivo_valore_1] => 42424242
                    [obbiettivo_premio_1] => 
                    [obbiettivo_valore_2] => 
                    [obbiettivo_premio_2] => 
                    [obbiettivo_valore_3] => 
                    [obbiettivo_premio_3] => 0.00
                    [obbiettivo_valore_4] => 
                    [obbiettivo_premio_4] => 
                    [obbiettivo_valore_5] => 
                    [obbiettivo_premio_5] => 
                    [perc_target_totale_obb_qualificante] => 
                    [obbiettivo_minimo_obb_qualificante] => 
                    [premio1_obb_qualificante] => 
                    [tipo1_obb_qualificante] => 
                    [obbiettivo_ulteriore_obb_qualificante] => 
                    [premio2_obb_qualificante] => 
                    [tipo2_obb_qualificante] => 
                    [supero1_tipoobbiettivo] => AAA
                    [supero1_obbiettivi] => 
                    [supero1_premio] => 
                    [supero1_tipopremio] => 
                    [supero2_tipoobbiettivo] => 
                    [supero2_obbiettivi] => 
                    [supero2_premio] => 
                    [supero2_tipopremio] => 
                    [supero3_tipoobbiettivo] => 
                    [supero3_obbiettivi] => 
                    [supero3_premio] => 
                    [supero3_tipopremio] => 
                    [supero4_tipoobbiettivo] => 
                    [supero4_obbiettivi] => 
                    [supero4_premio] => 
                    [supero4_tipopremio] => 
                    [supero5_tipoobbiettivo] => 
                    [supero5_obbiettivi] => 
                    [supero5_premio] => 
                    [supero5_tipopremio] => 
                )

            [format] => json
            [datetime] => 1468318815
            [httpheaders] => Array
                (
                    [Accept-Encoding] => gzip,deflate
                    [Content-Type] => application/json
                    [Content-Length] => 2431
                    [Host] => localhost
                    [Connection] => Keep-Alive
                    [User-Agent] => Apache-HttpClient/4.1.1 (java 1.5)
                )

        )

)

2016-07-12T12:20:15+02:00 SessionId :  ClientIP : 127.0.0.1 [RESTGATEWAY] Array
(
    [timestamp] => 1468318815
    [result] => Array
        (
            [request_time] => Tue Jul 12 12:20:15 CEST 2016
            [code] => 200
            [response_time] => Tue Jul 12 12:20:15 CEST 2016
            [status] => success
            [contrattino] => Array
                (
                    [status] => KO
                    [message] => SQLSTATE[42000]: Syntax error or access violation: 1064 You have an error in your SQL syntax; check the manual that corresponds to your MySQL server version for the right syntax to use near 'DATA_INSERIMENTO =  if ('2016-07-01'  IS NULL,DATA_INSERIMENTO, '2016-07-01') DA' at line 1 - #0 D:\xampp-5.6.3\htdocs\rilevazioni\backend\app\dao\ContrattinoDAO.php(259): PDOStatement->execute()
#1 D:\xampp-5.6.3\htdocs\rilevazioni\backend\libraries\lisachenko\go-aop-php\src\Aop\Framework\ClosureDynamicMethodInvocation56.php(50): backend\app\dao\ContrattinoDAO__AopProxied->update(Array)
#2 D:\xampp-5.6.3\htdocs\rilevazioni\backend\app\aop\aspects\TransactionAspect.php(21): Go\Aop\Framework\ClosureDynamicMethodInvocation56->proceed()
#3 D:\xampp-5.6.3\htdocs\rilevazioni\backend\libraries\lisachenko\go-aop-php\src\Aop\Framework\BaseAdvice.php(194): backend\app\dao\ContrattinoDAO__AopProxied->manageTransaction(Object(Go\Aop\Framework\ClosureDynamicMethodInvocation56))
#4 D:\xampp-5.6.3\htdocs\rilevazioni\backend\libraries\lisachenko\go-aop-php\src\Aop\Framework\MethodAroundInterceptor.php(34): Go\Aop\Framework\MethodAroundInterceptor::Go\Aop\Framework\{closure}(Object(Go\Aop\Framework\ClosureDynamicMethodInvocation56))
#5 D:\xampp-5.6.3\htdocs\rilevazioni\backend\libraries\lisachenko\go-aop-php\src\Aop\Framework\ClosureDynamicMethodInvocation56.php(34): Go\Aop\Framework\MethodAroundInterceptor->invoke(Object(Go\Aop\Framework\ClosureDynamicMethodInvocation56))
#6 D:\xampp-5.6.3\htdocs\rilevazioni\backend\libraries\lisachenko\go-aop-php\src\Aop\Framework\AbstractMethodInvocation.php(115): Go\Aop\Framework\ClosureDynamicMethodInvocation56->proceed()
#7 D:\xampp-5.6.3\htdocs\rilevazioni\rest\cache\_proxies\backend\app\dao\ContrattinoDAO.php(24): Go\Aop\Framework\AbstractMethodInvocation->__invoke(Object(backend\app\dao\ContrattinoDAO), Array)
#8 D:\xampp-5.6.3\htdocs\rilevazioni\backend\app\service\ContrattinoService.php(57): backend\app\dao\ContrattinoDAO->update(Array)
#9 D:\xampp-5.6.3\htdocs\rilevazioni\backend\app\rest\controllers\ContrattinoController.php(68): backend\app\service\ContrattinoService->update(Array)
#10 D:\xampp-5.6.3\htdocs\rilevazioni\backend\libraries\lisachenko\go-aop-php\src\Aop\Framework\ClosureDynamicMethodInvocation56.php(50): backend\app\rest\controllers\ContrattinoController__AopProxied->putAction()
#11 D:\xampp-5.6.3\htdocs\rilevazioni\backend\app\aop\aspects\SecurityAspect.php(62): Go\Aop\Framework\ClosureDynamicMethodInvocation56->proceed()
#12 D:\xampp-5.6.3\htdocs\rilevazioni\backend\libraries\lisachenko\go-aop-php\src\Aop\Framework\BaseAdvice.php(194): backend\app\rest\controllers\ContrattinoController__AopProxied->checkAuthorization(Object(Go\Aop\Framework\ClosureDynamicMethodInvocation56))
#13 D:\xampp-5.6.3\htdocs\rilevazioni\backend\libraries\lisachenko\go-aop-php\src\Aop\Framework\MethodAroundInterceptor.php(34): Go\Aop\Framework\MethodAroundInterceptor::Go\Aop\Framework\{closure}(Object(Go\Aop\Framework\ClosureDynamicMethodInvocation56))
#14 D:\xampp-5.6.3\htdocs\rilevazioni\backend\libraries\lisachenko\go-aop-php\src\Aop\Framework\ClosureDynamicMethodInvocation56.php(34): Go\Aop\Framework\MethodAroundInterceptor->invoke(Object(Go\Aop\Framework\ClosureDynamicMethodInvocation56))
#15 D:\xampp-5.6.3\htdocs\rilevazioni\backend\libraries\lisachenko\go-aop-php\src\Aop\Framework\AbstractMethodInvocation.php(115): Go\Aop\Framework\ClosureDynamicMethodInvocation56->proceed()
#16 D:\xampp-5.6.3\htdocs\rilevazioni\rest\cache\_proxies\backend\app\rest\controllers\ContrattinoController.php(42): Go\Aop\Framework\AbstractMethodInvocation->__invoke(Object(backend\app\rest\controllers\ContrattinoController))
#17 D:\xampp-5.6.3\htdocs\rilevazioni\rest\index.php(38): backend\app\rest\controllers\ContrattinoController->putAction()
#18 {main}
                )

        )

)

2016-07-12T12:20:40+02:00 SessionId :  ClientIP : 127.0.0.1 [RESTGATEWAY] Array
(
    [timestamp] => 1468318840
    [request] => backend\common\rest\library\Request Object
        (
            [url_elements] => Array
                (
                    [0] => 
                    [1] => contrattino
                )

            [verb] => PUT
            [parameters] => Array
                (
                    [id] => 31
                    [id_cliente] => 708
                    [data_creazione] => 
                    [data_aggiornamento] => 
                    [data_inserimento] => 2016-07-01
                    [data_inizio_periodo] => 2016-07-01
                    [data_fine_periodo] => 2016-07-01
                    [codice_fatturazione_totale] => 12121
                    [codici_fatturazione] => 12121
                    [liquidazione] => 1
                    [id_utente_crea] => 
                    [id_utente_mod] => 1
                    [stato] => 1
                    [tipo_contratto] => FINEANNO
                    [modalitaliquidazione] => 
                    [tempisticadiliquidazione] => 
                    [meseannoinizio] => 
                    [meseannofine] => 
                    [divisionidaconsiderare] => 
                    [modalitadefinizioneobbiettivo] => 
                    [modalitadefinizionepremio] => 
                    [obbiettivo_valore_1] => 42424242
                    [obbiettivo_premio_1] => 
                    [obbiettivo_valore_2] => 
                    [obbiettivo_premio_2] => 
                    [obbiettivo_valore_3] => 
                    [obbiettivo_premio_3] => 0.00
                    [obbiettivo_valore_4] => 
                    [obbiettivo_premio_4] => 
                    [obbiettivo_valore_5] => 
                    [obbiettivo_premio_5] => 
                    [perc_target_totale_obb_qualificante] => 
                    [obbiettivo_minimo_obb_qualificante] => 
                    [premio1_obb_qualificante] => 
                    [tipo1_obb_qualificante] => 
                    [obbiettivo_ulteriore_obb_qualificante] => 
                    [premio2_obb_qualificante] => 
                    [tipo2_obb_qualificante] => 
                    [supero1_tipoobbiettivo] => AAA
                    [supero1_obbiettivi] => 
                    [supero1_premio] => 
                    [supero1_tipopremio] => 
                    [supero2_tipoobbiettivo] => 
                    [supero2_obbiettivi] => 
                    [supero2_premio] => 
                    [supero2_tipopremio] => 
                    [supero3_tipoobbiettivo] => 
                    [supero3_obbiettivi] => 
                    [supero3_premio] => 
                    [supero3_tipopremio] => 
                    [supero4_tipoobbiettivo] => 
                    [supero4_obbiettivi] => 
                    [supero4_premio] => 
                    [supero4_tipopremio] => 
                    [supero5_tipoobbiettivo] => 
                    [supero5_obbiettivi] => 
                    [supero5_premio] => 
                    [supero5_tipopremio] => 
                )

            [format] => json
            [datetime] => 1468318840
            [httpheaders] => Array
                (
                    [Accept-Encoding] => gzip,deflate
                    [Content-Type] => application/json
                    [Content-Length] => 2431
                    [Host] => localhost
                    [Connection] => Keep-Alive
                    [User-Agent] => Apache-HttpClient/4.1.1 (java 1.5)
                )

        )

)

2016-07-12T12:20:40+02:00 SessionId :  ClientIP : 127.0.0.1 [RESTGATEWAY] Array
(
    [timestamp] => 1468318840
    [result] => Array
        (
            [request_time] => Tue Jul 12 12:20:40 CEST 2016
            [code] => 200
            [response_time] => Tue Jul 12 12:20:40 CEST 2016
            [status] => success
            [contrattino] => Array
                (
                    [0] => Array
                        (
                            [id] => 31
                            [id_cliente] => 708
                            [ragione_sociale] => 
                            [codice_cliente] => 
                            [data_creazione] => 2016-07-12 12:18:16
                            [data_aggiornamento] => 2016-07-12 12:20:40
                            [id_utente_crea] => 
                            [id_utente_mod] => 1
                            [stato] => 1
                            [tipo_contratto] => FINEANNO
                            [codice_fatturazione_totale] => 1
                            [codici_fatturazione] => 12121
                            [liquidazione] => 1
                            [data_esportazione] => 
                            [modalitaliquidazione] => 
                            [tempisticadiliquidazione] => 
                            [meseannoinizio] => 
                            [meseannofine] => 
                            [divisionidaconsiderare] => 
                            [modalitadefinizioneobbiettivo] => 
                            [modalitadefinizionepremio] => 
                            [obbiettivo_valore_1] => 42424242.00
                            [obbiettivo_premio_1] => 
                            [obbiettivo_valore_2] => 
                            [obbiettivo_premio_2] => 
                            [obbiettivo_valore_3] => 
                            [obbiettivo_premio_3] => 0.00
                            [obbiettivo_valore_4] => 
                            [obbiettivo_premio_4] => 
                            [obbiettivo_valore_5] => 
                            [obbiettivo_premio_5] => 
                            [obbiettivo_qualificante_1] => 
                            [obbiettivo_qualificante_2] => 
                            [livello_obbiettivo_1] => 
                            [livello_obbiettivo_2] => 
                            [perc_target_totale_obb_qualificante] => 
                            [obbiettivo_minimo_obb_qualificante] => 
                            [premio1_obb_qualificante] => 
                            [tipo1_obb_qualificante] => 
                            [obbiettivo_ulteriore_obb_qualificante] => 
                            [premio2_obb_qualificante] => 
                            [tipo2_obb_qualificante] => 
                            [supero1_tipoobbiettivo] => AAA
                            [supero1_obbiettivi] => 
                            [supero1_premio] => 
                            [supero1_tipopremio] => 
                            [supero2_tipoobbiettivo] => 
                            [supero2_obbiettivi] => 
                            [supero2_premio] => 
                            [supero2_tipopremio] => 
                            [supero3_tipoobbiettivo] => 
                            [supero3_obbiettivi] => 
                            [supero3_premio] => 
                            [supero3_tipopremio] => 
                            [supero4_tipoobbiettivo] => 
                            [supero4_obbiettivi] => 
                            [supero4_premio] => 
                            [supero4_tipopremio] => 
                            [supero5_tipoobbiettivo] => 
                            [supero5_obbiettivi] => 
                            [supero5_premio] => 
                            [supero5_tipopremio] => 
                            [tcs_liquidazione] => 
                            [tcs_codice_fatturazione] => 
                            [tcs_obbiettivo_liv_1] => 
                            [tcs_obbiettivo_liv_1_misura] => 
                            [tcs_obbiettivo_liv_1_premio] => 
                            [tcs_obbiettivo_liv_2] => 
                            [tcs_obbiettivo_liv_2_misura] => 
                            [tcs_obbiettivo_liv_2_premio] => 
                            [tcs_obbiettivo_liv_3] => 
                            [tcs_obbiettivo_liv_3_misura] => 
                            [tcs_obbiettivo_liv_3_premio] => 
                            [tcs_obbiettivo_liv_4] => 
                            [tcs_obbiettivo_liv_4_misura] => 
                            [tcs_obbiettivo_liv_4_premio] => 
                            [tcs_obbiettivo_liv_5] => 
                            [tcs_obbiettivo_liv_5_misura] => 
                            [tcs_obbiettivo_liv_5_premio] => 
                            [tcs_tipologia_liquidazione_obbiettivi] => 
                            [tcs_data_inizio_conteggio] => 
                            [tcs_data_termine_conteggio] => 
                        )

                )

        )

)

2016-07-12T12:20:48+02:00 SessionId :  ClientIP : 127.0.0.1 [RESTGATEWAY] Array
(
    [timestamp] => 1468318848
    [request] => backend\common\rest\library\Request Object
        (
            [url_elements] => Array
                (
                    [0] => 
                    [1] => contrattino
                )

            [verb] => PUT
            [parameters] => Array
                (
                    [id] => 31
                    [id_cliente] => 708
                    [data_creazione] => 
                    [data_aggiornamento] => 
                    [data_inserimento] => 2016-07-01
                    [data_inizio_periodo] => 2016-07-01
                    [data_fine_periodo] => 2015-07-01
                    [codice_fatturazione_totale] => 12121
                    [codici_fatturazione] => 12121
                    [liquidazione] => 1
                    [id_utente_crea] => 
                    [id_utente_mod] => 1
                    [stato] => 1
                    [tipo_contratto] => FINEANNO
                    [modalitaliquidazione] => 
                    [tempisticadiliquidazione] => 
                    [meseannoinizio] => 
                    [meseannofine] => 
                    [divisionidaconsiderare] => 
                    [modalitadefinizioneobbiettivo] => 
                    [modalitadefinizionepremio] => 
                    [obbiettivo_valore_1] => 42424242
                    [obbiettivo_premio_1] => 
                    [obbiettivo_valore_2] => 
                    [obbiettivo_premio_2] => 
                    [obbiettivo_valore_3] => 
                    [obbiettivo_premio_3] => 0.00
                    [obbiettivo_valore_4] => 
                    [obbiettivo_premio_4] => 
                    [obbiettivo_valore_5] => 
                    [obbiettivo_premio_5] => 
                    [perc_target_totale_obb_qualificante] => 
                    [obbiettivo_minimo_obb_qualificante] => 
                    [premio1_obb_qualificante] => 
                    [tipo1_obb_qualificante] => 
                    [obbiettivo_ulteriore_obb_qualificante] => 
                    [premio2_obb_qualificante] => 
                    [tipo2_obb_qualificante] => 
                    [supero1_tipoobbiettivo] => AAA
                    [supero1_obbiettivi] => 
                    [supero1_premio] => 
                    [supero1_tipopremio] => 
                    [supero2_tipoobbiettivo] => 
                    [supero2_obbiettivi] => 
                    [supero2_premio] => 
                    [supero2_tipopremio] => 
                    [supero3_tipoobbiettivo] => 
                    [supero3_obbiettivi] => 
                    [supero3_premio] => 
                    [supero3_tipopremio] => 
                    [supero4_tipoobbiettivo] => 
                    [supero4_obbiettivi] => 
                    [supero4_premio] => 
                    [supero4_tipopremio] => 
                    [supero5_tipoobbiettivo] => 
                    [supero5_obbiettivi] => 
                    [supero5_premio] => 
                    [supero5_tipopremio] => 
                )

            [format] => json
            [datetime] => 1468318848
            [httpheaders] => Array
                (
                    [Accept-Encoding] => gzip,deflate
                    [Content-Type] => application/json
                    [Content-Length] => 2431
                    [Host] => localhost
                    [Connection] => Keep-Alive
                    [User-Agent] => Apache-HttpClient/4.1.1 (java 1.5)
                )

        )

)

2016-07-12T12:20:48+02:00 SessionId :  ClientIP : 127.0.0.1 [RESTGATEWAY] Array
(
    [timestamp] => 1468318848
    [result] => Array
        (
            [request_time] => Tue Jul 12 12:20:48 CEST 2016
            [code] => 200
            [response_time] => Tue Jul 12 12:20:48 CEST 2016
            [status] => success
            [contrattino] => Array
                (
                    [0] => Array
                        (
                            [id] => 31
                            [id_cliente] => 708
                            [ragione_sociale] => 
                            [codice_cliente] => 
                            [data_creazione] => 2016-07-12 12:18:16
                            [data_aggiornamento] => 2016-07-12 12:20:48
                            [id_utente_crea] => 
                            [id_utente_mod] => 1
                            [stato] => 1
                            [tipo_contratto] => FINEANNO
                            [codice_fatturazione_totale] => 1
                            [codici_fatturazione] => 12121
                            [liquidazione] => 1
                            [data_esportazione] => 
                            [modalitaliquidazione] => 
                            [tempisticadiliquidazione] => 
                            [meseannoinizio] => 
                            [meseannofine] => 
                            [divisionidaconsiderare] => 
                            [modalitadefinizioneobbiettivo] => 
                            [modalitadefinizionepremio] => 
                            [obbiettivo_valore_1] => 42424242.00
                            [obbiettivo_premio_1] => 
                            [obbiettivo_valore_2] => 
                            [obbiettivo_premio_2] => 
                            [obbiettivo_valore_3] => 
                            [obbiettivo_premio_3] => 0.00
                            [obbiettivo_valore_4] => 
                            [obbiettivo_premio_4] => 
                            [obbiettivo_valore_5] => 
                            [obbiettivo_premio_5] => 
                            [obbiettivo_qualificante_1] => 
                            [obbiettivo_qualificante_2] => 
                            [livello_obbiettivo_1] => 
                            [livello_obbiettivo_2] => 
                            [perc_target_totale_obb_qualificante] => 
                            [obbiettivo_minimo_obb_qualificante] => 
                            [premio1_obb_qualificante] => 
                            [tipo1_obb_qualificante] => 
                            [obbiettivo_ulteriore_obb_qualificante] => 
                            [premio2_obb_qualificante] => 
                            [tipo2_obb_qualificante] => 
                            [supero1_tipoobbiettivo] => AAA
                            [supero1_obbiettivi] => 
                            [supero1_premio] => 
                            [supero1_tipopremio] => 
                            [supero2_tipoobbiettivo] => 
                            [supero2_obbiettivi] => 
                            [supero2_premio] => 
                            [supero2_tipopremio] => 
                            [supero3_tipoobbiettivo] => 
                            [supero3_obbiettivi] => 
                            [supero3_premio] => 
                            [supero3_tipopremio] => 
                            [supero4_tipoobbiettivo] => 
                            [supero4_obbiettivi] => 
                            [supero4_premio] => 
                            [supero4_tipopremio] => 
                            [supero5_tipoobbiettivo] => 
                            [supero5_obbiettivi] => 
                            [supero5_premio] => 
                            [supero5_tipopremio] => 
                            [tcs_liquidazione] => 
                            [tcs_codice_fatturazione] => 
                            [tcs_obbiettivo_liv_1] => 
                            [tcs_obbiettivo_liv_1_misura] => 
                            [tcs_obbiettivo_liv_1_premio] => 
                            [tcs_obbiettivo_liv_2] => 
                            [tcs_obbiettivo_liv_2_misura] => 
                            [tcs_obbiettivo_liv_2_premio] => 
                            [tcs_obbiettivo_liv_3] => 
                            [tcs_obbiettivo_liv_3_misura] => 
                            [tcs_obbiettivo_liv_3_premio] => 
                            [tcs_obbiettivo_liv_4] => 
                            [tcs_obbiettivo_liv_4_misura] => 
                            [tcs_obbiettivo_liv_4_premio] => 
                            [tcs_obbiettivo_liv_5] => 
                            [tcs_obbiettivo_liv_5_misura] => 
                            [tcs_obbiettivo_liv_5_premio] => 
                            [tcs_tipologia_liquidazione_obbiettivi] => 
                            [tcs_data_inizio_conteggio] => 
                            [tcs_data_termine_conteggio] => 
                        )

                )

        )

)

2016-07-12T12:22:51+02:00 SessionId :  ClientIP : 127.0.0.1 [RESTGATEWAY] Array
(
    [timestamp] => 1468318970
    [request] => backend\common\rest\library\Request Object
        (
            [url_elements] => Array
                (
                    [0] => 
                    [1] => contrattino
                )

            [verb] => PUT
            [parameters] => Array
                (
                    [id] => 31
                    [id_cliente] => 708
                    [data_creazione] => 
                    [data_aggiornamento] => 
                    [data_inserimento] => 2016-07-01
                    [data_inizio_periodo] => 2016-07-01
                    [data_fine_periodo] => 2015-07-01
                    [codice_fatturazione_totale] => 12121
                    [codici_fatturazione] => 12121
                    [liquidazione] => 1
                    [id_utente_crea] => 
                    [id_utente_mod] => 1
                    [stato] => 1
                    [tipo_contratto] => FINEANNO
                    [modalitaliquidazione] => 
                    [tempisticadiliquidazione] => 
                    [meseannoinizio] => 
                    [meseannofine] => 
                    [divisionidaconsiderare] => 
                    [modalitadefinizioneobbiettivo] => 
                    [modalitadefinizionepremio] => 
                    [obbiettivo_valore_1] => 42424242
                    [obbiettivo_premio_1] => 
                    [obbiettivo_valore_2] => 
                    [obbiettivo_premio_2] => 
                    [obbiettivo_valore_3] => 
                    [obbiettivo_premio_3] => 0.00
                    [obbiettivo_valore_4] => 
                    [obbiettivo_premio_4] => 
                    [obbiettivo_valore_5] => 
                    [obbiettivo_premio_5] => 
                    [perc_target_totale_obb_qualificante] => 
                    [obbiettivo_minimo_obb_qualificante] => 
                    [premio1_obb_qualificante] => 
                    [tipo1_obb_qualificante] => 
                    [obbiettivo_ulteriore_obb_qualificante] => 
                    [premio2_obb_qualificante] => 
                    [tipo2_obb_qualificante] => 
                    [supero1_tipoobbiettivo] => AAA
                    [supero1_obbiettivi] => 
                    [supero1_premio] => 
                    [supero1_tipopremio] => 
                    [supero2_tipoobbiettivo] => 
                    [supero2_obbiettivi] => 
                    [supero2_premio] => 
                    [supero2_tipopremio] => 
                    [supero3_tipoobbiettivo] => 
                    [supero3_obbiettivi] => 
                    [supero3_premio] => 
                    [supero3_tipopremio] => 
                    [supero4_tipoobbiettivo] => 
                    [supero4_obbiettivi] => 
                    [supero4_premio] => 
                    [supero4_tipopremio] => 
                    [supero5_tipoobbiettivo] => 
                    [supero5_obbiettivi] => 
                    [supero5_premio] => 
                    [supero5_tipopremio] => 
                )

            [format] => json
            [datetime] => 1468318970
            [httpheaders] => Array
                (
                    [Accept-Encoding] => gzip,deflate
                    [Content-Type] => application/json
                    [Content-Length] => 2431
                    [Host] => localhost
                    [Connection] => Keep-Alive
                    [User-Agent] => Apache-HttpClient/4.1.1 (java 1.5)
                )

        )

)

2016-07-12T12:22:51+02:00 SessionId :  ClientIP : 127.0.0.1 [RESTGATEWAY] Array
(
    [timestamp] => 1468318970
    [result] => Array
        (
            [request_time] => Tue Jul 12 12:22:50 CEST 2016
            [code] => 200
            [response_time] => Tue Jul 12 12:22:51 CEST 2016
            [status] => success
            [contrattino] => Array
                (
                    [0] => Array
                        (
                            [id] => 31
                            [id_cliente] => 708
                            [ragione_sociale] => 
                            [codice_cliente] => 
                            [data_creazione] => 2016-07-12 12:18:16
                            [data_aggiornamento] => 2016-07-12 12:22:51
                            [id_utente_crea] => 
                            [id_utente_mod] => 1
                            [stato] => 1
                            [tipo_contratto] => FINEANNO
                            [codice_fatturazione_totale] => 1
                            [codici_fatturazione] => 12121
                            [liquidazione] => 1
                            [data_esportazione] => 
                            [data_inserimento] => 2016-07-01 00:00:00
                            [data_inizio_periodo] => 2016-07-01 00:00:00
                            [data_fine_periodo] => 2015-07-01 00:00:00
                            [modalitaliquidazione] => 
                            [tempisticadiliquidazione] => 
                            [meseannoinizio] => 
                            [meseannofine] => 
                            [divisionidaconsiderare] => 
                            [modalitadefinizioneobbiettivo] => 
                            [modalitadefinizionepremio] => 
                            [obbiettivo_valore_1] => 42424242.00
                            [obbiettivo_premio_1] => 
                            [obbiettivo_valore_2] => 
                            [obbiettivo_premio_2] => 
                            [obbiettivo_valore_3] => 
                            [obbiettivo_premio_3] => 0.00
                            [obbiettivo_valore_4] => 
                            [obbiettivo_premio_4] => 
                            [obbiettivo_valore_5] => 
                            [obbiettivo_premio_5] => 
                            [obbiettivo_qualificante_1] => 
                            [obbiettivo_qualificante_2] => 
                            [livello_obbiettivo_1] => 
                            [livello_obbiettivo_2] => 
                            [perc_target_totale_obb_qualificante] => 
                            [obbiettivo_minimo_obb_qualificante] => 
                            [premio1_obb_qualificante] => 
                            [tipo1_obb_qualificante] => 
                            [obbiettivo_ulteriore_obb_qualificante] => 
                            [premio2_obb_qualificante] => 
                            [tipo2_obb_qualificante] => 
                            [supero1_tipoobbiettivo] => AAA
                            [supero1_obbiettivi] => 
                            [supero1_premio] => 
                            [supero1_tipopremio] => 
                            [supero2_tipoobbiettivo] => 
                            [supero2_obbiettivi] => 
                            [supero2_premio] => 
                            [supero2_tipopremio] => 
                            [supero3_tipoobbiettivo] => 
                            [supero3_obbiettivi] => 
                            [supero3_premio] => 
                            [supero3_tipopremio] => 
                            [supero4_tipoobbiettivo] => 
                            [supero4_obbiettivi] => 
                            [supero4_premio] => 
                            [supero4_tipopremio] => 
                            [supero5_tipoobbiettivo] => 
                            [supero5_obbiettivi] => 
                            [supero5_premio] => 
                            [supero5_tipopremio] => 
                            [tcs_liquidazione] => 
                            [tcs_codice_fatturazione] => 
                            [tcs_obbiettivo_liv_1] => 
                            [tcs_obbiettivo_liv_1_misura] => 
                            [tcs_obbiettivo_liv_1_premio] => 
                            [tcs_obbiettivo_liv_2] => 
                            [tcs_obbiettivo_liv_2_misura] => 
                            [tcs_obbiettivo_liv_2_premio] => 
                            [tcs_obbiettivo_liv_3] => 
                            [tcs_obbiettivo_liv_3_misura] => 
                            [tcs_obbiettivo_liv_3_premio] => 
                            [tcs_obbiettivo_liv_4] => 
                            [tcs_obbiettivo_liv_4_misura] => 
                            [tcs_obbiettivo_liv_4_premio] => 
                            [tcs_obbiettivo_liv_5] => 
                            [tcs_obbiettivo_liv_5_misura] => 
                            [tcs_obbiettivo_liv_5_premio] => 
                            [tcs_tipologia_liquidazione_obbiettivi] => 
                            [tcs_data_inizio_conteggio] => 
                            [tcs_data_termine_conteggio] => 
                        )

                )

        )

)

2016-07-12T12:23:06+02:00 SessionId :  ClientIP : 127.0.0.1 [RESTGATEWAY] Array
(
    [timestamp] => 1468318986
    [request] => backend\common\rest\library\Request Object
        (
            [url_elements] => Array
                (
                    [0] => 
                    [1] => contrattino
                )

            [verb] => PUT
            [parameters] => Array
                (
                    [id] => 31
                    [id_cliente] => 708
                    [data_creazione] => 
                    [data_aggiornamento] => 
                    [data_inserimento] => 2014-07-01
                    [data_inizio_periodo] => 2018-07-01
                    [data_fine_periodo] => 2015-07-01
                    [codice_fatturazione_totale] => 12121
                    [codici_fatturazione] => 12121
                    [liquidazione] => 1
                    [id_utente_crea] => 
                    [id_utente_mod] => 1
                    [stato] => 1
                    [tipo_contratto] => FINEANNO
                    [modalitaliquidazione] => 
                    [tempisticadiliquidazione] => 
                    [meseannoinizio] => 
                    [meseannofine] => 
                    [divisionidaconsiderare] => 
                    [modalitadefinizioneobbiettivo] => 
                    [modalitadefinizionepremio] => 
                    [obbiettivo_valore_1] => 42424242
                    [obbiettivo_premio_1] => 
                    [obbiettivo_valore_2] => 
                    [obbiettivo_premio_2] => 
                    [obbiettivo_valore_3] => 
                    [obbiettivo_premio_3] => 0.00
                    [obbiettivo_valore_4] => 
                    [obbiettivo_premio_4] => 
                    [obbiettivo_valore_5] => 
                    [obbiettivo_premio_5] => 
                    [perc_target_totale_obb_qualificante] => 
                    [obbiettivo_minimo_obb_qualificante] => 
                    [premio1_obb_qualificante] => 
                    [tipo1_obb_qualificante] => 
                    [obbiettivo_ulteriore_obb_qualificante] => 
                    [premio2_obb_qualificante] => 
                    [tipo2_obb_qualificante] => 
                    [supero1_tipoobbiettivo] => AAA
                    [supero1_obbiettivi] => 
                    [supero1_premio] => 
                    [supero1_tipopremio] => 
                    [supero2_tipoobbiettivo] => 
                    [supero2_obbiettivi] => 
                    [supero2_premio] => 
                    [supero2_tipopremio] => 
                    [supero3_tipoobbiettivo] => 
                    [supero3_obbiettivi] => 
                    [supero3_premio] => 
                    [supero3_tipopremio] => 
                    [supero4_tipoobbiettivo] => 
                    [supero4_obbiettivi] => 
                    [supero4_premio] => 
                    [supero4_tipopremio] => 
                    [supero5_tipoobbiettivo] => 
                    [supero5_obbiettivi] => 
                    [supero5_premio] => 
                    [supero5_tipopremio] => 
                )

            [format] => json
            [datetime] => 1468318986
            [httpheaders] => Array
                (
                    [Accept-Encoding] => gzip,deflate
                    [Content-Type] => application/json
                    [Content-Length] => 2431
                    [Host] => localhost
                    [Connection] => Keep-Alive
                    [User-Agent] => Apache-HttpClient/4.1.1 (java 1.5)
                )

        )

)

2016-07-12T12:23:06+02:00 SessionId :  ClientIP : 127.0.0.1 [RESTGATEWAY] Array
(
    [timestamp] => 1468318986
    [result] => Array
        (
            [request_time] => Tue Jul 12 12:23:06 CEST 2016
            [code] => 200
            [response_time] => Tue Jul 12 12:23:06 CEST 2016
            [status] => success
            [contrattino] => Array
                (
                    [0] => Array
                        (
                            [id] => 31
                            [id_cliente] => 708
                            [ragione_sociale] => 
                            [codice_cliente] => 
                            [data_creazione] => 2016-07-12 12:18:16
                            [data_aggiornamento] => 2016-07-12 12:23:06
                            [id_utente_crea] => 
                            [id_utente_mod] => 1
                            [stato] => 1
                            [tipo_contratto] => FINEANNO
                            [codice_fatturazione_totale] => 1
                            [codici_fatturazione] => 12121
                            [liquidazione] => 1
                            [data_esportazione] => 
                            [data_inserimento] => 2014-07-01 00:00:00
                            [data_inizio_periodo] => 2018-07-01 00:00:00
                            [data_fine_periodo] => 2015-07-01 00:00:00
                            [modalitaliquidazione] => 
                            [tempisticadiliquidazione] => 
                            [meseannoinizio] => 
                            [meseannofine] => 
                            [divisionidaconsiderare] => 
                            [modalitadefinizioneobbiettivo] => 
                            [modalitadefinizionepremio] => 
                            [obbiettivo_valore_1] => 42424242.00
                            [obbiettivo_premio_1] => 
                            [obbiettivo_valore_2] => 
                            [obbiettivo_premio_2] => 
                            [obbiettivo_valore_3] => 
                            [obbiettivo_premio_3] => 0.00
                            [obbiettivo_valore_4] => 
                            [obbiettivo_premio_4] => 
                            [obbiettivo_valore_5] => 
                            [obbiettivo_premio_5] => 
                            [obbiettivo_qualificante_1] => 
                            [obbiettivo_qualificante_2] => 
                            [livello_obbiettivo_1] => 
                            [livello_obbiettivo_2] => 
                            [perc_target_totale_obb_qualificante] => 
                            [obbiettivo_minimo_obb_qualificante] => 
                            [premio1_obb_qualificante] => 
                            [tipo1_obb_qualificante] => 
                            [obbiettivo_ulteriore_obb_qualificante] => 
                            [premio2_obb_qualificante] => 
                            [tipo2_obb_qualificante] => 
                            [supero1_tipoobbiettivo] => AAA
                            [supero1_obbiettivi] => 
                            [supero1_premio] => 
                            [supero1_tipopremio] => 
                            [supero2_tipoobbiettivo] => 
                            [supero2_obbiettivi] => 
                            [supero2_premio] => 
                            [supero2_tipopremio] => 
                            [supero3_tipoobbiettivo] => 
                            [supero3_obbiettivi] => 
                            [supero3_premio] => 
                            [supero3_tipopremio] => 
                            [supero4_tipoobbiettivo] => 
                            [supero4_obbiettivi] => 
                            [supero4_premio] => 
                            [supero4_tipopremio] => 
                            [supero5_tipoobbiettivo] => 
                            [supero5_obbiettivi] => 
                            [supero5_premio] => 
                            [supero5_tipopremio] => 
                            [tcs_liquidazione] => 
                            [tcs_codice_fatturazione] => 
                            [tcs_obbiettivo_liv_1] => 
                            [tcs_obbiettivo_liv_1_misura] => 
                            [tcs_obbiettivo_liv_1_premio] => 
                            [tcs_obbiettivo_liv_2] => 
                            [tcs_obbiettivo_liv_2_misura] => 
                            [tcs_obbiettivo_liv_2_premio] => 
                            [tcs_obbiettivo_liv_3] => 
                            [tcs_obbiettivo_liv_3_misura] => 
                            [tcs_obbiettivo_liv_3_premio] => 
                            [tcs_obbiettivo_liv_4] => 
                            [tcs_obbiettivo_liv_4_misura] => 
                            [tcs_obbiettivo_liv_4_premio] => 
                            [tcs_obbiettivo_liv_5] => 
                            [tcs_obbiettivo_liv_5_misura] => 
                            [tcs_obbiettivo_liv_5_premio] => 
                            [tcs_tipologia_liquidazione_obbiettivi] => 
                            [tcs_data_inizio_conteggio] => 
                            [tcs_data_termine_conteggio] => 
                        )

                )

        )

)

2016-07-12T12:31:41+02:00 SessionId :  ClientIP : ::1 [RESTGATEWAY] Array
(
    [timestamp] => 1468319501
    [request] => backend\common\rest\library\Request Object
        (
            [url_elements] => Array
                (
                    [0] => 
                    [1] => rilevazione
                    [2] => 1
                    [3] => 4
                )

            [verb] => GET
            [parameters] => Array
                (
                )

            [format] => json
            [datetime] => 1468319501
            [httpheaders] => Array
                (
                    [Host] => localhost
                    [Connection] => keep-alive
                    [Upgrade-Insecure-Requests] => 1
                    [User-Agent] => Mozilla/5.0 (Windows NT 10.0; WOW64) AppleWebKit/537.36 (KHTML, like Gecko) Chrome/51.0.2704.103 Safari/537.36
                    [Accept] => text/html,application/xhtml+xml,application/xml;q=0.9,image/webp,*/*;q=0.8
                    [Accept-Encoding] => gzip, deflate, sdch
                    [Accept-Language] => it-IT,it;q=0.8,en-US;q=0.6,en;q=0.4
                )

        )

)

2016-07-12T12:31:42+02:00 SessionId :  ClientIP : ::1 [RESTGATEWAY] Array
(
    [timestamp] => 1468319501
    [result] => Array
        (
            [request_time] => Tue Jul 12 12:31:41 CEST 2016
            [code] => 404
            [response_time] => Tue Jul 12 12:31:42 CEST 2016
            [status] => fail
            [message] => nessuna rilevazione attiva
            [error] => NO_DATA
        )

)

2016-07-12T12:31:46+02:00 SessionId :  ClientIP : ::1 [RESTGATEWAY] Array
(
    [timestamp] => 1468319506
    [request] => backend\common\rest\library\Request Object
        (
            [url_elements] => Array
                (
                    [0] => 
                    [1] => contrattino
                    [2] => datacorrente
                )

            [verb] => GET
            [parameters] => Array
                (
                )

            [format] => json
            [datetime] => 1468319506
            [httpheaders] => Array
                (
                    [Host] => localhost
                    [Connection] => keep-alive
                    [Upgrade-Insecure-Requests] => 1
                    [User-Agent] => Mozilla/5.0 (Windows NT 10.0; WOW64) AppleWebKit/537.36 (KHTML, like Gecko) Chrome/51.0.2704.103 Safari/537.36
                    [Accept] => text/html,application/xhtml+xml,application/xml;q=0.9,image/webp,*/*;q=0.8
                    [Accept-Encoding] => gzip, deflate, sdch
                    [Accept-Language] => it-IT,it;q=0.8,en-US;q=0.6,en;q=0.4
                )

        )

)

2016-07-12T12:31:46+02:00 SessionId :  ClientIP : ::1 [RESTGATEWAY] Array
(
    [timestamp] => 1468319506
    [result] => Array
        (
            [request_time] => Tue Jul 12 12:31:46 CEST 2016
            [code] => 200
            [response_time] => Tue Jul 12 12:31:46 CEST 2016
            [status] => success
            [datacorrente] => 2016-07-12
        )

)

2016-07-12T14:17:34+02:00 SessionId :  ClientIP : 127.0.0.1 [RESTGATEWAY] Array
(
    [timestamp] => 1468325854
    [request] => backend\common\rest\library\Request Object
        (
            [url_elements] => Array
                (
                    [0] => 
                    [1] => contrattino
                )

            [verb] => PUT
            [parameters] => Array
                (
                    [id] => 31
                    [id_cliente] => 708
                    [data_creazione] => 
                    [data_aggiornamento] => 
                    [data_inserimento] => 2014-07-01
                    [data_inizio_periodo] => 2018-07-01
                    [data_fine_periodo] => 2015-07-01
                    [codice_fatturazione_totale] => 12121
                    [codici_fatturazione] => 12121
                    [liquidazione] => 1
                    [id_utente_crea] => 
                    [id_utente_mod] => 1
                    [stato] => 1
                    [tipo_contratto] => FINEANNO
                    [modalitaliquidazione] => 
                    [tempisticadiliquidazione] => 
                    [meseannoinizio] => 
                    [meseannofine] => 
                    [divisionidaconsiderare] => 
                    [modalitadefinizioneobbiettivo] => 
                    [modalitadefinizionepremio] => 
                    [obbiettivo_valore_1] => 42424242
                    [obbiettivo_premio_1] => 
                    [obbiettivo_valore_2] => 
                    [obbiettivo_premio_2] => 
                    [obbiettivo_valore_3] => 
                    [obbiettivo_premio_3] => 0.00
                    [obbiettivo_valore_4] => 
                    [obbiettivo_premio_4] => 
                    [obbiettivo_valore_5] => 
                    [obbiettivo_premio_5] => 
                    [perc_target_totale_obb_qualificante] => 
                    [obbiettivo_minimo_obb_qualificante] => 
                    [premio1_obb_qualificante] => 
                    [tipo1_obb_qualificante] => 
                    [obbiettivo_ulteriore_obb_qualificante] => 
                    [premio2_obb_qualificante] => 
                    [tipo2_obb_qualificante] => 
                    [supero1_tipoobbiettivo] => AAA
                    [supero1_obbiettivi] => 
                    [supero1_premio] => 
                    [supero1_tipopremio] => 
                    [supero2_tipoobbiettivo] => 
                    [supero2_obbiettivi] => 
                    [supero2_premio] => 
                    [supero2_tipopremio] => 
                    [supero3_tipoobbiettivo] => 
                    [supero3_obbiettivi] => 
                    [supero3_premio] => 
                    [supero3_tipopremio] => 
                    [supero4_tipoobbiettivo] => 
                    [supero4_obbiettivi] => 
                    [supero4_premio] => 
                    [supero4_tipopremio] => 
                    [supero5_tipoobbiettivo] => 
                    [supero5_obbiettivi] => 
                    [supero5_premio] => 
                    [supero5_tipopremio] => 
                )

            [format] => json
            [datetime] => 1468325854
            [httpheaders] => Array
                (
                    [Accept-Encoding] => gzip,deflate
                    [Content-Type] => application/json
                    [Content-Length] => 2431
                    [Host] => localhost
                    [Connection] => Keep-Alive
                    [User-Agent] => Apache-HttpClient/4.1.1 (java 1.5)
                )

        )

)

2016-07-12T14:17:35+02:00 SessionId :  ClientIP : 127.0.0.1 [RESTGATEWAY] Array
(
    [timestamp] => 1468325854
    [result] => Array
        (
            [request_time] => Tue Jul 12 14:17:34 CEST 2016
            [code] => 200
            [response_time] => Tue Jul 12 14:17:35 CEST 2016
            [status] => success
            [contrattino] => Array
                (
                    [0] => Array
                        (
                            [id] => 31
                            [id_cliente] => 708
                            [ragione_sociale] => 
                            [codice_cliente] => 
                            [data_creazione] => 2016-07-12 12:18:16
                            [data_aggiornamento] => 2016-07-12 14:17:35
                            [id_utente_crea] => 
                            [id_utente_mod] => 1
                            [stato] => 1
                            [tipo_contratto] => FINEANNO
                            [codice_fatturazione_totale] => 1
                            [codici_fatturazione] => 12121
                            [liquidazione] => 1
                            [data_esportazione] => 2016-07-12 12:52:06
                            [data_inserimento] => 2014-07-01 00:00:00
                            [modalitaliquidazione] => 
                            [tempisticadiliquidazione] => 
                            [meseannoinizio] => 
                            [meseannofine] => 
                            [divisionidaconsiderare] => 
                            [modalitadefinizioneobbiettivo] => 
                            [modalitadefinizionepremio] => 
                            [obbiettivo_valore_1] => 42424242.00
                            [obbiettivo_premio_1] => 
                            [obbiettivo_valore_2] => 
                            [obbiettivo_premio_2] => 
                            [obbiettivo_valore_3] => 
                            [obbiettivo_premio_3] => 0.00
                            [obbiettivo_valore_4] => 
                            [obbiettivo_premio_4] => 
                            [obbiettivo_valore_5] => 
                            [obbiettivo_premio_5] => 
                            [obbiettivo_qualificante_1] => 
                            [obbiettivo_qualificante_2] => 
                            [livello_obbiettivo_1] => 
                            [livello_obbiettivo_2] => 
                            [perc_target_totale_obb_qualificante] => 
                            [obbiettivo_minimo_obb_qualificante] => 
                            [premio1_obb_qualificante] => 
                            [tipo1_obb_qualificante] => 
                            [obbiettivo_ulteriore_obb_qualificante] => 
                            [premio2_obb_qualificante] => 
                            [tipo2_obb_qualificante] => 
                            [supero1_tipoobbiettivo] => AAA
                            [supero1_obbiettivi] => 
                            [supero1_premio] => 
                            [supero1_tipopremio] => 
                            [supero2_tipoobbiettivo] => 
                            [supero2_obbiettivi] => 
                            [supero2_premio] => 
                            [supero2_tipopremio] => 
                            [supero3_tipoobbiettivo] => 
                            [supero3_obbiettivi] => 
                            [supero3_premio] => 
                            [supero3_tipopremio] => 
                            [supero4_tipoobbiettivo] => 
                            [supero4_obbiettivi] => 
                            [supero4_premio] => 
                            [supero4_tipopremio] => 
                            [supero5_tipoobbiettivo] => 
                            [supero5_obbiettivi] => 
                            [supero5_premio] => 
                            [supero5_tipopremio] => 
                            [tcs_liquidazione] => 
                            [tcs_codice_fatturazione] => 
                            [tcs_obbiettivo_liv_1] => 
                            [tcs_obbiettivo_liv_1_misura] => 
                            [tcs_obbiettivo_liv_1_premio] => 
                            [tcs_obbiettivo_liv_2] => 
                            [tcs_obbiettivo_liv_2_misura] => 
                            [tcs_obbiettivo_liv_2_premio] => 
                            [tcs_obbiettivo_liv_3] => 
                            [tcs_obbiettivo_liv_3_misura] => 
                            [tcs_obbiettivo_liv_3_premio] => 
                            [tcs_obbiettivo_liv_4] => 
                            [tcs_obbiettivo_liv_4_misura] => 
                            [tcs_obbiettivo_liv_4_premio] => 
                            [tcs_obbiettivo_liv_5] => 
                            [tcs_obbiettivo_liv_5_misura] => 
                            [tcs_obbiettivo_liv_5_premio] => 
                            [tcs_tipologia_liquidazione_obbiettivi] => 
                            [tcs_data_inizio_conteggio] => 
                            [tcs_data_termine_conteggio] => 
                        )

                )

        )

)

2016-07-12T14:17:40+02:00 SessionId :  ClientIP : 127.0.0.1 [RESTGATEWAY] Array
(
    [timestamp] => 1468325860
    [request] => backend\common\rest\library\Request Object
        (
            [url_elements] => Array
                (
                    [0] => 
                    [1] => contrattino
                )

            [verb] => POST
            [parameters] => Array
                (
                    [id] => 31
                    [id_cliente] => 708
                    [data_creazione] => 
                    [data_aggiornamento] => 
                    [data_inserimento] => 2014-07-01
                    [data_inizio_periodo] => 2018-07-01
                    [data_fine_periodo] => 2015-07-01
                    [codice_fatturazione_totale] => 12121
                    [codici_fatturazione] => 12121
                    [liquidazione] => 1
                    [id_utente_crea] => 
                    [id_utente_mod] => 1
                    [stato] => 1
                    [tipo_contratto] => FINEANNO
                    [modalitaliquidazione] => 
                    [tempisticadiliquidazione] => 
                    [meseannoinizio] => 
                    [meseannofine] => 
                    [divisionidaconsiderare] => 
                    [modalitadefinizioneobbiettivo] => 
                    [modalitadefinizionepremio] => 
                    [obbiettivo_valore_1] => 42424242
                    [obbiettivo_premio_1] => 
                    [obbiettivo_valore_2] => 
                    [obbiettivo_premio_2] => 
                    [obbiettivo_valore_3] => 
                    [obbiettivo_premio_3] => 0.00
                    [obbiettivo_valore_4] => 
                    [obbiettivo_premio_4] => 
                    [obbiettivo_valore_5] => 
                    [obbiettivo_premio_5] => 
                    [perc_target_totale_obb_qualificante] => 
                    [obbiettivo_minimo_obb_qualificante] => 
                    [premio1_obb_qualificante] => 
                    [tipo1_obb_qualificante] => 
                    [obbiettivo_ulteriore_obb_qualificante] => 
                    [premio2_obb_qualificante] => 
                    [tipo2_obb_qualificante] => 
                    [supero1_tipoobbiettivo] => AAA
                    [supero1_obbiettivi] => 
                    [supero1_premio] => 
                    [supero1_tipopremio] => 
                    [supero2_tipoobbiettivo] => 
                    [supero2_obbiettivi] => 
                    [supero2_premio] => 
                    [supero2_tipopremio] => 
                    [supero3_tipoobbiettivo] => 
                    [supero3_obbiettivi] => 
                    [supero3_premio] => 
                    [supero3_tipopremio] => 
                    [supero4_tipoobbiettivo] => 
                    [supero4_obbiettivi] => 
                    [supero4_premio] => 
                    [supero4_tipopremio] => 
                    [supero5_tipoobbiettivo] => 
                    [supero5_obbiettivi] => 
                    [supero5_premio] => 
                    [supero5_tipopremio] => 
                )

            [format] => json
            [datetime] => 1468325860
            [httpheaders] => Array
                (
                    [Accept-Encoding] => gzip,deflate
                    [Content-Type] => application/json
                    [Content-Length] => 2431
                    [Host] => localhost
                    [Connection] => Keep-Alive
                    [User-Agent] => Apache-HttpClient/4.1.1 (java 1.5)
                )

        )

)

2016-07-12T14:17:40+02:00 SessionId :  ClientIP : 127.0.0.1 [RESTGATEWAY] Array
(
    [timestamp] => 1468325860
    [result] => Array
        (
            [request_time] => Tue Jul 12 14:17:40 CEST 2016
            [code] => 200
            [response_time] => Tue Jul 12 14:17:40 CEST 2016
            [status] => success
            [contrattino] => Array
                (
                    [0] => Array
                        (
                            [id] => 32
                            [id_cliente] => 708
                            [ragione_sociale] => 
                            [codice_cliente] => 
                            [data_creazione] => 2016-07-12 14:17:40
                            [data_aggiornamento] => 
                            [id_utente_crea] => 
                            [id_utente_mod] => 
                            [stato] => 1
                            [tipo_contratto] => FINEANNO
                            [codice_fatturazione_totale] => 12121
                            [codici_fatturazione] => 12121
                            [liquidazione] => 1
                            [data_esportazione] => 
                            [data_inserimento] => 2014-07-01 00:00:00
                            [modalitaliquidazione] => 
                            [tempisticadiliquidazione] => 
                            [meseannoinizio] => 
                            [meseannofine] => 
                            [divisionidaconsiderare] => 
                            [modalitadefinizioneobbiettivo] => 
                            [modalitadefinizionepremio] => 
                            [obbiettivo_valore_1] => 42424242.00
                            [obbiettivo_premio_1] => 
                            [obbiettivo_valore_2] => 
                            [obbiettivo_premio_2] => 
                            [obbiettivo_valore_3] => 
                            [obbiettivo_premio_3] => 0.00
                            [obbiettivo_valore_4] => 
                            [obbiettivo_premio_4] => 
                            [obbiettivo_valore_5] => 
                            [obbiettivo_premio_5] => 
                            [obbiettivo_qualificante_1] => 
                            [obbiettivo_qualificante_2] => 
                            [livello_obbiettivo_1] => 
                            [livello_obbiettivo_2] => 
                            [perc_target_totale_obb_qualificante] => 
                            [obbiettivo_minimo_obb_qualificante] => 
                            [premio1_obb_qualificante] => 
                            [tipo1_obb_qualificante] => 
                            [obbiettivo_ulteriore_obb_qualificante] => 
                            [premio2_obb_qualificante] => 
                            [tipo2_obb_qualificante] => 
                            [supero1_tipoobbiettivo] => AAA
                            [supero1_obbiettivi] => 
                            [supero1_premio] => 
                            [supero1_tipopremio] => 
                            [supero2_tipoobbiettivo] => 
                            [supero2_obbiettivi] => 
                            [supero2_premio] => 
                            [supero2_tipopremio] => 
                            [supero3_tipoobbiettivo] => 
                            [supero3_obbiettivi] => 
                            [supero3_premio] => 
                            [supero3_tipopremio] => 
                            [supero4_tipoobbiettivo] => 
                            [supero4_obbiettivi] => 
                            [supero4_premio] => 
                            [supero4_tipopremio] => 
                            [supero5_tipoobbiettivo] => 
                            [supero5_obbiettivi] => 
                            [supero5_premio] => 
                            [supero5_tipopremio] => 
                            [tcs_liquidazione] => 
                            [tcs_codice_fatturazione] => 
                            [tcs_obbiettivo_liv_1] => 
                            [tcs_obbiettivo_liv_1_misura] => 
                            [tcs_obbiettivo_liv_1_premio] => 
                            [tcs_obbiettivo_liv_2] => 
                            [tcs_obbiettivo_liv_2_misura] => 
                            [tcs_obbiettivo_liv_2_premio] => 
                            [tcs_obbiettivo_liv_3] => 
                            [tcs_obbiettivo_liv_3_misura] => 
                            [tcs_obbiettivo_liv_3_premio] => 
                            [tcs_obbiettivo_liv_4] => 
                            [tcs_obbiettivo_liv_4_misura] => 
                            [tcs_obbiettivo_liv_4_premio] => 
                            [tcs_obbiettivo_liv_5] => 
                            [tcs_obbiettivo_liv_5_misura] => 
                            [tcs_obbiettivo_liv_5_premio] => 
                            [tcs_tipologia_liquidazione_obbiettivi] => 
                            [tcs_data_inizio_conteggio] => 
                            [tcs_data_termine_conteggio] => 
                        )

                )

        )

)

