2016-10-05T10:54:24+02:00 SessionId :  ClientIP : ::1 [RESTGATEWAY] Array
(
    [timestamp] => 1475657663
    [request] => backend\common\rest\library\Request Object
        (
            [url_elements] => Array
                (
                    [0] => 
                    [1] => user
                    [2] => 23327
                    [3] => gerarchia
                )

            [verb] => GET
            [parameters] => Array
                (
                    [livello] => AGENTE
                )

            [format] => json
            [datetime] => 1475657663
            [httpheaders] => Array
                (
                    [Host] => localhost
                    [Connection] => keep-alive
                    [Upgrade-Insecure-Requests] => 1
                    [User-Agent] => Mozilla/5.0 (Windows NT 10.0; WOW64) AppleWebKit/537.36 (KHTML, like Gecko) Chrome/53.0.2785.143 Safari/537.36
                    [Accept] => text/html,application/xhtml+xml,application/xml;q=0.9,image/webp,*/*;q=0.8
                    [Accept-Encoding] => gzip, deflate, sdch
                    [Accept-Language] => it-IT,it;q=0.8,en-US;q=0.6,en;q=0.4
                )

        )

)

2016-10-05T10:54:26+02:00 SessionId :  ClientIP : ::1 [RESTGATEWAY] Array
(
    [timestamp] => 1475657663
    [result] => Array
        (
            [request_time] => Wed Oct 5 10:54:23 CEST 2016
            [code] => 200
            [response_time] => Wed Oct 5 10:54:26 CEST 2016
            [version_number] => 1
            [status] => success
            [gerarchia] => Array
                (
                    [0] => Array
                        (
                            [id] => 23300
                            [cod_dipendente] => 9207
                            [nome] => BARCUCCI (CLIENTI DIREZIONALI)
                            [email] => marco.barcucci@rovagnati.it
                            [username] => user9207
                            [password] => 95508f5c8b9ef4941f7b885f6951e22d
                            [ruolo] => AGENTE
                            [id_referente] => 23327
                            [cellulare] => 
                            [cod_referente] => 9015
                            [nome_referente] => BARCUCCI MARCO
                            [ruolo_referente] => ISPETTORE
                        )

                    [1] => Array
                        (
                            [id] => 23312
                            [cod_dipendente] => 11095
                            [nome] => CECCHI CRISTIAN
                            [email] => cristian.cecchi@rovagnati.it
                            [username] => user11095
                            [password] => 5161b3b0ea39f96dd11da93e56d8818b
                            [ruolo] => AGENTE
                            [id_referente] => 23327
                            [cellulare] => 
                            [cod_referente] => 9015
                            [nome_referente] => BARCUCCI MARCO
                            [ruolo_referente] => ISPETTORE
                        )

                    [2] => Array
                        (
                            [id] => 23269
                            [cod_dipendente] => 11147
                            [nome] => CHERICI ALESSANDRO
                            [email] => alessandro.cherici@rovagnati.it
                            [username] => user11147
                            [password] => 55443ca7461eeb60e9df029aea160d35
                            [ruolo] => AGENTE
                            [id_referente] => 23327
                            [cellulare] => 
                            [cod_referente] => 9015
                            [nome_referente] => BARCUCCI MARCO
                            [ruolo_referente] => ISPETTORE
                        )

                    [3] => Array
                        (
                            [id] => 23249
                            [cod_dipendente] => 11017
                            [nome] => EX ZONA LUCCA
                            [email] => marco.barcucci@rovagnati.it
                            [username] => user11017
                            [password] => 77ca34857140a997d0c9970ea171f0a7
                            [ruolo] => AGENTE
                            [id_referente] => 23327
                            [cellulare] => 
                            [cod_referente] => 9015
                            [nome_referente] => BARCUCCI MARCO
                            [ruolo_referente] => ISPETTORE
                        )

                    [4] => Array
                        (
                            [id] => 23359
                            [cod_dipendente] => 11295
                            [nome] => GADDINI PAOLO
                            [email] => paolo.gaddini@net.rovagnati.it
                            [username] => user11295
                            [password] => 9c9bdca5b34ed693ce5a6d8b9e6f57bc
                            [ruolo] => AGENTE
                            [id_referente] => 23327
                            [cellulare] => 
                            [cod_referente] => 9015
                            [nome_referente] => BARCUCCI MARCO
                            [ruolo_referente] => ISPETTORE
                        )

                    [5] => Array
                        (
                            [id] => 23220
                            [cod_dipendente] => 11127
                            [nome] => GUIDI DAMIANO
                            [email] => damiano.guidi@rovagnati.it
                            [username] => user11127
                            [password] => 71080806329e45b72a70d84518f8b466
                            [ruolo] => AGENTE
                            [id_referente] => 23327
                            [cellulare] => 
                            [cod_referente] => 9015
                            [nome_referente] => BARCUCCI MARCO
                            [ruolo_referente] => ISPETTORE
                        )

                    [6] => Array
                        (
                            [id] => 23221
                            [cod_dipendente] => 11282
                            [nome] => IANNE FRANCESCO
                            [email] => francesco.ianne@rovagnati.it
                            [username] => user11282
                            [password] => 9ec221b61e03da616c82ae17484d28cd
                            [ruolo] => AGENTE
                            [id_referente] => 23327
                            [cellulare] => 
                            [cod_referente] => 9015
                            [nome_referente] => BARCUCCI MARCO
                            [ruolo_referente] => ISPETTORE
                        )

                    [7] => Array
                        (
                            [id] => 23197
                            [cod_dipendente] => 9187
                            [nome] => MORETTI ALESSANDRO
                            [email] => alessandro.moretti@rovagnati.it
                            [username] => user9187
                            [password] => 01a5c1916eb5f8bb0b0e00fc1895dbac
                            [ruolo] => AGENTE
                            [id_referente] => 23327
                            [cellulare] => 
                            [cod_referente] => 9015
                            [nome_referente] => BARCUCCI MARCO
                            [ruolo_referente] => ISPETTORE
                        )

                    [8] => Array
                        (
                            [id] => 23191
                            [cod_dipendente] => 9220
                            [nome] => PIERATTINI FABIO
                            [email] => fabio.pierattini@rovagnati.it
                            [username] => user9220
                            [password] => 18cf33662dd5ec9ef506532aba4a9793
                            [ruolo] => AGENTE
                            [id_referente] => 23327
                            [cellulare] => 
                            [cod_referente] => 9015
                            [nome_referente] => BARCUCCI MARCO
                            [ruolo_referente] => ISPETTORE
                        )

                    [9] => Array
                        (
                            [id] => 23125
                            [cod_dipendente] => 11140
                            [nome] => ROSSI NICCOLO'
                            [email] => niccolo.rossi@rovagnati.it
                            [username] => user11140
                            [password] => 509619bfcee6b3f0ba5cb2923d14dd7c
                            [ruolo] => AGENTE
                            [id_referente] => 23327
                            [cellulare] => 
                            [cod_referente] => 9015
                            [nome_referente] => BARCUCCI MARCO
                            [ruolo_referente] => ISPETTORE
                        )

                    [10] => Array
                        (
                            [id] => 23276
                            [cod_dipendente] => 11230
                            [nome] => VIGNOLINI ALESSANDRO
                            [email] => alessandro.vignolini@rovagnati.it
                            [username] => user11230
                            [password] => a7ceee791ff68c5bc4eef0d086625721
                            [ruolo] => AGENTE
                            [id_referente] => 23327
                            [cellulare] => 
                            [cod_referente] => 9015
                            [nome_referente] => BARCUCCI MARCO
                            [ruolo_referente] => ISPETTORE
                        )

                )

        )

)

2016-10-05T10:56:26+02:00 SessionId :  ClientIP : 127.0.0.1 [RESTGATEWAY] Array
(
    [timestamp] => 1475657786
    [request] => backend\common\rest\library\Request Object
        (
            [url_elements] => Array
                (
                    [0] => 
                    [1] => user
                )

            [verb] => PUT
            [parameters] => Array
                (
                    [id] => 23121
                    [cellulare] => 3476857361
                )

            [format] => json
            [datetime] => 1475657786
            [httpheaders] => Array
                (
                    [Accept-Encoding] => gzip,deflate
                    [Content-Type] => application/json
                    [Content-Length] => 48
                    [Host] => localhost
                    [Connection] => Keep-Alive
                    [User-Agent] => Apache-HttpClient/4.1.1 (java 1.5)
                )

        )

)

2016-10-05T10:56:26+02:00 SessionId :  ClientIP : 127.0.0.1 [RESTGATEWAY] Array
(
    [timestamp] => 1475657786
    [result] => Array
        (
            [request_time] => Wed Oct 5 10:56:26 CEST 2016
            [code] => 200
            [response_time] => Wed Oct 5 10:56:26 CEST 2016
            [version_number] => 1
            [status] => success
            [utente] => Array
                (
                    [status] => KO
                    [message] => SQLSTATE[HY093]: Invalid parameter number: number of bound variables does not match number of tokens - #0 D:\xampp-5.6.3\htdocs\rilevazioni\backend\app\dao\UserDAO.php(45): PDOStatement->execute()
#1 D:\xampp-5.6.3\htdocs\rilevazioni\backend\libraries\lisachenko\go-aop-php\src\Aop\Framework\ClosureDynamicMethodInvocation56.php(50): backend\app\dao\UserDAO__AopProxied->update(Array)
#2 D:\xampp-5.6.3\htdocs\rilevazioni\backend\app\aop\aspects\TransactionAspect.php(21): Go\Aop\Framework\ClosureDynamicMethodInvocation56->proceed()
#3 D:\xampp-5.6.3\htdocs\rilevazioni\backend\libraries\lisachenko\go-aop-php\src\Aop\Framework\BaseAdvice.php(194): backend\app\dao\UserDAO__AopProxied->manageTransaction(Object(Go\Aop\Framework\ClosureDynamicMethodInvocation56))
#4 D:\xampp-5.6.3\htdocs\rilevazioni\backend\libraries\lisachenko\go-aop-php\src\Aop\Framework\MethodAroundInterceptor.php(34): Go\Aop\Framework\BaseAdvice::Go\Aop\Framework\{closure}(Object(Go\Aop\Framework\ClosureDynamicMethodInvocation56))
#5 D:\xampp-5.6.3\htdocs\rilevazioni\backend\libraries\lisachenko\go-aop-php\src\Aop\Framework\ClosureDynamicMethodInvocation56.php(34): Go\Aop\Framework\MethodAroundInterceptor->invoke(Object(Go\Aop\Framework\ClosureDynamicMethodInvocation56))
#6 D:\xampp-5.6.3\htdocs\rilevazioni\backend\libraries\lisachenko\go-aop-php\src\Aop\Framework\AbstractMethodInvocation.php(115): Go\Aop\Framework\ClosureDynamicMethodInvocation56->proceed()
#7 D:\xampp-5.6.3\htdocs\rilevazioni\rest\cache\_proxies\backend\app\dao\UserDAO.php(24): Go\Aop\Framework\AbstractMethodInvocation->__invoke(Object(backend\app\dao\UserDAO), Array)
#8 D:\xampp-5.6.3\htdocs\rilevazioni\backend\app\service\UserService.php(21): backend\app\dao\UserDAO->update(Array)
#9 D:\xampp-5.6.3\htdocs\rilevazioni\backend\app\rest\controllers\UserController.php(178): backend\app\service\UserService->update(Array)
#10 D:\xampp-5.6.3\htdocs\rilevazioni\backend\libraries\lisachenko\go-aop-php\src\Aop\Framework\ClosureDynamicMethodInvocation56.php(50): backend\app\rest\controllers\UserController__AopProxied->putAction()
#11 D:\xampp-5.6.3\htdocs\rilevazioni\backend\app\aop\aspects\SecurityAspect.php(62): Go\Aop\Framework\ClosureDynamicMethodInvocation56->proceed()
#12 D:\xampp-5.6.3\htdocs\rilevazioni\backend\libraries\lisachenko\go-aop-php\src\Aop\Framework\BaseAdvice.php(194): backend\app\rest\controllers\UserController__AopProxied->checkAuthorization(Object(Go\Aop\Framework\ClosureDynamicMethodInvocation56))
#13 D:\xampp-5.6.3\htdocs\rilevazioni\backend\libraries\lisachenko\go-aop-php\src\Aop\Framework\MethodAroundInterceptor.php(34): Go\Aop\Framework\BaseAdvice::Go\Aop\Framework\{closure}(Object(Go\Aop\Framework\ClosureDynamicMethodInvocation56))
#14 D:\xampp-5.6.3\htdocs\rilevazioni\backend\libraries\lisachenko\go-aop-php\src\Aop\Framework\ClosureDynamicMethodInvocation56.php(34): Go\Aop\Framework\MethodAroundInterceptor->invoke(Object(Go\Aop\Framework\ClosureDynamicMethodInvocation56))
#15 D:\xampp-5.6.3\htdocs\rilevazioni\backend\libraries\lisachenko\go-aop-php\src\Aop\Framework\AbstractMethodInvocation.php(115): Go\Aop\Framework\ClosureDynamicMethodInvocation56->proceed()
#16 D:\xampp-5.6.3\htdocs\rilevazioni\rest\cache\_proxies\backend\app\rest\controllers\UserController.php(116): Go\Aop\Framework\AbstractMethodInvocation->__invoke(Object(backend\app\rest\controllers\UserController))
#17 D:\xampp-5.6.3\htdocs\rilevazioni\rest\index.php(38): backend\app\rest\controllers\UserController->putAction()
#18 {main}
                )

        )

)

2016-10-05T10:56:49+02:00 SessionId :  ClientIP : 127.0.0.1 [RESTGATEWAY] Array
(
    [timestamp] => 1475657809
    [request] => backend\common\rest\library\Request Object
        (
            [url_elements] => Array
                (
                    [0] => 
                    [1] => user
                )

            [verb] => PUT
            [parameters] => Array
                (
                    [id] => 23121
                    [cellulare] => 3476857361
                )

            [format] => json
            [datetime] => 1475657809
            [httpheaders] => Array
                (
                    [Accept-Encoding] => gzip,deflate
                    [Content-Type] => application/json
                    [Content-Length] => 48
                    [Host] => localhost
                    [Connection] => Keep-Alive
                    [User-Agent] => Apache-HttpClient/4.1.1 (java 1.5)
                )

        )

)

2016-10-05T10:56:49+02:00 SessionId :  ClientIP : 127.0.0.1 [RESTGATEWAY] Array
(
    [timestamp] => 1475657809
    [result] => Array
        (
            [request_time] => Wed Oct 5 10:56:49 CEST 2016
            [code] => 200
            [response_time] => Wed Oct 5 10:56:49 CEST 2016
            [version_number] => 1
            [status] => success
            [utente] => Array
                (
                    [id] => 23121
                    [cod_dipendente] => 9079
                    [nome] => CICERI CLAUDIO
                    [email] => claudio.ciceri@rovagnati.it
                    [username] => user9079
                    [password] => e9c735e38f418e12f9bb92d15aa49126
                    [ruolo] => AGENTE
                    [id_referente] => 23341
                    [cellulare] => 3476857361
                )

        )

)

