2016-07-10T18:28:29+02:00 SessionId :  ClientIP : ::1 [RESTGATEWAY] Array
(
    [timestamp] => 1468168108
    [request] => backend\common\rest\library\Request Object
        (
            [url_elements] => Array
                (
                    [0] => 
                    [1] => rilevazione
                    [2] => 1
                    [3] => 4
                )

            [verb] => GET
            [parameters] => Array
                (
                )

            [format] => json
            [datetime] => 1468168108
            [httpheaders] => Array
                (
                    [Host] => localhost
                    [Connection] => keep-alive
                    [Upgrade-Insecure-Requests] => 1
                    [User-Agent] => Mozilla/5.0 (Windows NT 10.0; WOW64) AppleWebKit/537.36 (KHTML, like Gecko) Chrome/51.0.2704.103 Safari/537.36
                    [Accept] => text/html,application/xhtml+xml,application/xml;q=0.9,image/webp,*/*;q=0.8
                    [Accept-Encoding] => gzip, deflate, sdch
                    [Accept-Language] => it-IT,it;q=0.8,en-US;q=0.6,en;q=0.4
                )

        )

)

2016-07-10T18:28:33+02:00 SessionId :  ClientIP : ::1 [RESTGATEWAY] Array
(
    [timestamp] => 1468168113
    [request] => backend\common\rest\library\Request Object
        (
            [url_elements] => Array
                (
                    [0] => 
                    [1] => cliente
                )

            [verb] => GET
            [parameters] => Array
                (
                )

            [format] => json
            [datetime] => 1468168113
            [httpheaders] => Array
                (
                    [Host] => localhost
                    [Connection] => keep-alive
                    [Upgrade-Insecure-Requests] => 1
                    [User-Agent] => Mozilla/5.0 (Windows NT 10.0; WOW64) AppleWebKit/537.36 (KHTML, like Gecko) Chrome/51.0.2704.103 Safari/537.36
                    [Accept] => text/html,application/xhtml+xml,application/xml;q=0.9,image/webp,*/*;q=0.8
                    [Accept-Encoding] => gzip, deflate, sdch
                    [Accept-Language] => it-IT,it;q=0.8,en-US;q=0.6,en;q=0.4
                )

        )

)

2016-07-10T18:28:35+02:00 SessionId :  ClientIP : ::1 [RESTGATEWAY] Array
(
    [timestamp] => 1468168108
    [result] => Array
        (
            [request_time] => Sun Jul 10 18:28:28 CEST 2016
            [code] => 200
            [response_time] => Sun Jul 10 18:28:35 CEST 2016
            [status] => success
            [rilevazione] => Array
                (
                    [0] => Array
                        (
                            [id_rilevazione] => 4
                            [id_scheda_rilevazione] => 1
                            [id_cliente] => 1
                            [nomecliente] => SFOG S.R.L.
                            [id_utente] => 1
                            [username] => user9002
                            [id_dati_prodotto] => 75
                            [id_famiglia_prodotto] => 8
                            [famiglia_prodotto] => COTTO
                            [data_inizio_validita] => 2015-04-01 00:00:00
                            [data_fine_validita] => 2016-07-05 00:00:00
                            [data_creazione_scheda] => 2016-06-20 16:57:53
                            [data_ultimo_aggiornamento_scheda] => 2016-07-06 11:59:38
                            [prezzo_prodotto] => 99999999.00
                            [ordine_prodotto] => 0
                            [prodotto_in_promozione] => 1
                            [prodotto_top_seller] => 1
                            [id_concorrente] => 2
                            [desc_concorrente] => BERETTA
                            [nome_concorrente] => 
                            [id_tipo_prodotto] => 328
                            [desc_tipo_prodotto] => ARROSTI POLLO
                            [id_tipo_prodotto_rovagnati] => 11
                            [desc_tipo_prodotto_rovagnati] => BLU
                            [id_aggregante_tipo_prodotto] => 142
                            [desc_aggregante_tipo_prodotto] => ARROSTI
                            [id_aggregante_tipo_prodotto_rovagnati] => 145
                            [desc_aggregante_tipo_prodotto_rovagnati] => COTTO
                        )

                    [1] => Array
                        (
                            [id_rilevazione] => 4
                            [id_scheda_rilevazione] => 1
                            [id_cliente] => 1
                            [nomecliente] => SFOG S.R.L.
                            [id_utente] => 1
                            [username] => user9002
                            [id_dati_prodotto] => 84
                            [id_famiglia_prodotto] => 8
                            [famiglia_prodotto] => COTTO
                            [data_inizio_validita] => 2015-04-01 00:00:00
                            [data_fine_validita] => 2016-07-05 00:00:00
                            [data_creazione_scheda] => 2016-06-20 16:57:53
                            [data_ultimo_aggiornamento_scheda] => 2016-07-06 11:59:38
                            [prezzo_prodotto] => 67.00
                            [ordine_prodotto] => 0
                            [prodotto_in_promozione] => 0
                            [prodotto_top_seller] => 0
                            [id_concorrente] => 1
                            [desc_concorrente] => CITTERIO
                            [nome_concorrente] => 
                            [id_tipo_prodotto] => 327
                            [desc_tipo_prodotto] => AROMATIZZATO O ARROSTO-BRACE
                            [id_tipo_prodotto_rovagnati] => 12
                            [desc_tipo_prodotto_rovagnati] => COTTO NOSTRANO
                            [id_aggregante_tipo_prodotto] => 145
                            [desc_aggregante_tipo_prodotto] => COTTO
                            [id_aggregante_tipo_prodotto_rovagnati] => 145
                            [desc_aggregante_tipo_prodotto_rovagnati] => COTTO
                        )

                )

        )

)

2016-07-10T18:29:02+02:00 SessionId :  ClientIP : ::1 [RESTGATEWAY] Array
(
    [timestamp] => 1468168142
    [request] => backend\common\rest\library\Request Object
        (
            [url_elements] => Array
                (
                    [0] => 
                    [1] => cliente
                )

            [verb] => GET
            [parameters] => Array
                (
                )

            [format] => json
            [datetime] => 1468168142
            [httpheaders] => Array
                (
                    [Host] => localhost
                    [Connection] => keep-alive
                    [Cache-Control] => max-age=0
                    [Upgrade-Insecure-Requests] => 1
                    [User-Agent] => Mozilla/5.0 (Windows NT 10.0; WOW64) AppleWebKit/537.36 (KHTML, like Gecko) Chrome/51.0.2704.103 Safari/537.36
                    [Accept] => text/html,application/xhtml+xml,application/xml;q=0.9,image/webp,*/*;q=0.8
                    [Accept-Encoding] => gzip, deflate, sdch
                    [Accept-Language] => it-IT,it;q=0.8,en-US;q=0.6,en;q=0.4
                )

        )

)

2016-07-10T18:30:18+02:00 SessionId :  ClientIP : ::1 [RESTGATEWAY] Array
(
    [timestamp] => 1468168218
    [request] => backend\common\rest\library\Request Object
        (
            [url_elements] => Array
                (
                    [0] => 
                    [1] => cliente
                )

            [verb] => GET
            [parameters] => Array
                (
                )

            [format] => json
            [datetime] => 1468168218
            [httpheaders] => Array
                (
                    [Host] => localhost
                    [Connection] => keep-alive
                    [Cache-Control] => max-age=0
                    [Upgrade-Insecure-Requests] => 1
                    [User-Agent] => Mozilla/5.0 (Windows NT 10.0; WOW64) AppleWebKit/537.36 (KHTML, like Gecko) Chrome/51.0.2704.103 Safari/537.36
                    [Accept] => text/html,application/xhtml+xml,application/xml;q=0.9,image/webp,*/*;q=0.8
                    [Accept-Encoding] => gzip, deflate, sdch
                    [Accept-Language] => it-IT,it;q=0.8,en-US;q=0.6,en;q=0.4
                )

        )

)

2016-07-10T18:32:09+02:00 SessionId :  ClientIP : ::1 [RESTGATEWAY] Array
(
    [timestamp] => 1468168329
    [request] => backend\common\rest\library\Request Object
        (
            [url_elements] => Array
                (
                    [0] => 
                    [1] => cliente
                )

            [verb] => GET
            [parameters] => Array
                (
                )

            [format] => json
            [datetime] => 1468168329
            [httpheaders] => Array
                (
                    [Host] => localhost
                    [Connection] => keep-alive
                    [Cache-Control] => max-age=0
                    [Upgrade-Insecure-Requests] => 1
                    [User-Agent] => Mozilla/5.0 (Windows NT 10.0; WOW64) AppleWebKit/537.36 (KHTML, like Gecko) Chrome/51.0.2704.103 Safari/537.36
                    [Accept] => text/html,application/xhtml+xml,application/xml;q=0.9,image/webp,*/*;q=0.8
                    [Accept-Encoding] => gzip, deflate, sdch
                    [Accept-Language] => it-IT,it;q=0.8,en-US;q=0.6,en;q=0.4
                )

        )

)

2016-07-10T18:32:28+02:00 SessionId :  ClientIP : ::1 [RESTGATEWAY] Array
(
    [timestamp] => 1468168348
    [request] => backend\common\rest\library\Request Object
        (
            [url_elements] => Array
                (
                    [0] => 
                    [1] => cliente
                )

            [verb] => GET
            [parameters] => Array
                (
                )

            [format] => json
            [datetime] => 1468168348
            [httpheaders] => Array
                (
                    [Host] => localhost
                    [Connection] => keep-alive
                    [Cache-Control] => max-age=0
                    [Upgrade-Insecure-Requests] => 1
                    [User-Agent] => Mozilla/5.0 (Windows NT 10.0; WOW64) AppleWebKit/537.36 (KHTML, like Gecko) Chrome/51.0.2704.103 Safari/537.36
                    [Accept] => text/html,application/xhtml+xml,application/xml;q=0.9,image/webp,*/*;q=0.8
                    [Accept-Encoding] => gzip, deflate, sdch
                    [Accept-Language] => it-IT,it;q=0.8,en-US;q=0.6,en;q=0.4
                )

        )

)

2016-07-10T18:34:12+02:00 SessionId :  ClientIP : ::1 [RESTGATEWAY] Array
(
    [timestamp] => 1468168452
    [request] => backend\common\rest\library\Request Object
        (
            [url_elements] => Array
                (
                    [0] => 
                    [1] => cliente
                    [2] => 505102
                )

            [verb] => GET
            [parameters] => Array
                (
                )

            [format] => json
            [datetime] => 1468168452
            [httpheaders] => Array
                (
                    [Host] => localhost
                    [Connection] => keep-alive
                    [Upgrade-Insecure-Requests] => 1
                    [User-Agent] => Mozilla/5.0 (Windows NT 10.0; WOW64) AppleWebKit/537.36 (KHTML, like Gecko) Chrome/51.0.2704.103 Safari/537.36
                    [Accept] => text/html,application/xhtml+xml,application/xml;q=0.9,image/webp,*/*;q=0.8
                    [Accept-Encoding] => gzip, deflate, sdch
                    [Accept-Language] => it-IT,it;q=0.8,en-US;q=0.6,en;q=0.4
                )

        )

)

2016-07-10T18:34:45+02:00 SessionId :  ClientIP : ::1 [RESTGATEWAY] Array
(
    [timestamp] => 1468168485
    [request] => backend\common\rest\library\Request Object
        (
            [url_elements] => Array
                (
                    [0] => 
                    [1] => cliente
                    [2] => 505102
                )

            [verb] => GET
            [parameters] => Array
                (
                )

            [format] => json
            [datetime] => 1468168485
            [httpheaders] => Array
                (
                    [Host] => localhost
                    [Connection] => keep-alive
                    [Cache-Control] => max-age=0
                    [Upgrade-Insecure-Requests] => 1
                    [User-Agent] => Mozilla/5.0 (Windows NT 10.0; WOW64) AppleWebKit/537.36 (KHTML, like Gecko) Chrome/51.0.2704.103 Safari/537.36
                    [Accept] => text/html,application/xhtml+xml,application/xml;q=0.9,image/webp,*/*;q=0.8
                    [Accept-Encoding] => gzip, deflate, sdch
                    [Accept-Language] => it-IT,it;q=0.8,en-US;q=0.6,en;q=0.4
                )

        )

)

2016-07-10T18:34:45+02:00 SessionId :  ClientIP : ::1 [RESTGATEWAY] Array
(
    [timestamp] => 1468168485
    [result] => Array
        (
            [request_time] => Sun Jul 10 18:34:45 CEST 2016
            [code] => 200
            [response_time] => Sun Jul 10 18:34:45 CEST 2016
            [status] => success
            [profilocliente] => Array
                (
                    [0] => Array
                        (
                            [id] => 505102
                            [cod_cli] => 15183
                            [rag_sociale] => DOMAR SRL
                            [cod_cf] => 15183
                            [desc_cf] => DOMAR SRL
                            [cod_centrale] => 998
                            [desc_centrale] => GRUPPO CLIENTI DETTAGLIO
                            [cod_gruppo] => 272
                            [desc_gruppo] => GRUPPO CLIENTI DETTAGLIO
                            [sotto_gruppo] => 273
                            [desc_sottogruppo] => GRUPPO CLIENTI DETTAGLIO
                            [ct] => 15183
                            [desc_cliente_totale] => DOMAR SRL
                            [sottocanale] => DET
                            [canale] => DET
                            [macrocanale] => NTR
                            [tipo] => CF
                            [agente] => 9101
                            [nome_agente] => SERAFINI GIANLUCA
                            [cod_ispettore] => 9277
                            [nome_ispettore] => TOLLI GIAMPIERO
                            [cod_capo_area] => 9123
                            [desc_capo_area] => FERIOLI ALBERTO
                            [indirizzo] => VIA ATERNO 230
                            [cap] => 66010
                            [provincia_nazione] => CH
                            [nazione] => IT
                            [categoria_merceologica] => SS
                            [desc_cat_merceologica] => Indipendenti Superette/Superme
                            [localita] => BRECCIAROLA
                            [latitudine] => 42,3247
                            [longitudine] => 14,0984
                        )

                )

        )

)

2016-07-10T18:35:38+02:00 SessionId :  ClientIP : ::1 [RESTGATEWAY] Array
(
    [timestamp] => 1468168538
    [request] => backend\common\rest\library\Request Object
        (
            [url_elements] => Array
                (
                    [0] => 
                    [1] => cliente
                    [2] => 505102
                )

            [verb] => GET
            [parameters] => Array
                (
                )

            [format] => json
            [datetime] => 1468168538
            [httpheaders] => Array
                (
                    [Host] => localhost
                    [Connection] => keep-alive
                    [Cache-Control] => max-age=0
                    [Upgrade-Insecure-Requests] => 1
                    [User-Agent] => Mozilla/5.0 (Windows NT 10.0; WOW64) AppleWebKit/537.36 (KHTML, like Gecko) Chrome/51.0.2704.103 Safari/537.36
                    [Accept] => text/html,application/xhtml+xml,application/xml;q=0.9,image/webp,*/*;q=0.8
                    [Accept-Encoding] => gzip, deflate, sdch
                    [Accept-Language] => it-IT,it;q=0.8,en-US;q=0.6,en;q=0.4
                )

        )

)

2016-07-10T18:35:39+02:00 SessionId :  ClientIP : ::1 [RESTGATEWAY] Array
(
    [timestamp] => 1468168538
    [result] => Array
        (
            [request_time] => Sun Jul 10 18:35:38 CEST 2016
            [code] => 200
            [response_time] => Sun Jul 10 18:35:39 CEST 2016
            [status] => success
            [profilocliente] => Array
                (
                    [0] => Array
                        (
                            [id] => 505102
                            [cod_cli] => 15183
                            [rag_sociale] => DOMAR SRL
                            [cod_cf] => 15183
                            [desc_cf] => DOMAR SRL
                            [cod_centrale] => 998
                            [desc_centrale] => GRUPPO CLIENTI DETTAGLIO
                            [cod_gruppo] => 272
                            [desc_gruppo] => GRUPPO CLIENTI DETTAGLIO
                            [sotto_gruppo] => 273
                            [desc_sottogruppo] => GRUPPO CLIENTI DETTAGLIO
                            [ct] => 15183
                            [desc_cliente_totale] => DOMAR SRL
                            [sottocanale] => DET
                            [canale] => DET
                            [macrocanale] => NTR
                            [tipo] => CF
                            [agente] => 9101
                            [nome_agente] => SERAFINI GIANLUCA
                            [cod_ispettore] => 9277
                            [nome_ispettore] => TOLLI GIAMPIERO
                            [cod_capo_area] => 9123
                            [desc_capo_area] => FERIOLI ALBERTO
                            [indirizzo] => VIA ATERNO 230
                            [cap] => 66010
                            [provincia_nazione] => CH
                            [nazione] => IT
                            [categoria_merceologica] => SS
                            [desc_cat_merceologica] => Indipendenti Superette/Superme
                            [localita] => BRECCIAROLA
                            [latitudine] => 42,3247
                            [longitudine] => 14,0984
                        )

                )

        )

)

2016-07-10T18:35:39+02:00 SessionId :  ClientIP : ::1 [RESTGATEWAY] Array
(
    [timestamp] => 1468168539
    [request] => backend\common\rest\library\Request Object
        (
            [url_elements] => Array
                (
                    [0] => 
                    [1] => cliente
                    [2] => 505102
                )

            [verb] => GET
            [parameters] => Array
                (
                )

            [format] => json
            [datetime] => 1468168539
            [httpheaders] => Array
                (
                    [Host] => localhost
                    [Connection] => keep-alive
                    [Cache-Control] => max-age=0
                    [Upgrade-Insecure-Requests] => 1
                    [User-Agent] => Mozilla/5.0 (Windows NT 10.0; WOW64) AppleWebKit/537.36 (KHTML, like Gecko) Chrome/51.0.2704.103 Safari/537.36
                    [Accept] => text/html,application/xhtml+xml,application/xml;q=0.9,image/webp,*/*;q=0.8
                    [Accept-Encoding] => gzip, deflate, sdch
                    [Accept-Language] => it-IT,it;q=0.8,en-US;q=0.6,en;q=0.4
                )

        )

)

2016-07-10T18:35:39+02:00 SessionId :  ClientIP : ::1 [RESTGATEWAY] Array
(
    [timestamp] => 1468168539
    [result] => Array
        (
            [request_time] => Sun Jul 10 18:35:39 CEST 2016
            [code] => 200
            [response_time] => Sun Jul 10 18:35:39 CEST 2016
            [status] => success
            [profilocliente] => Array
                (
                    [0] => Array
                        (
                            [id] => 505102
                            [cod_cli] => 15183
                            [rag_sociale] => DOMAR SRL
                            [cod_cf] => 15183
                            [desc_cf] => DOMAR SRL
                            [cod_centrale] => 998
                            [desc_centrale] => GRUPPO CLIENTI DETTAGLIO
                            [cod_gruppo] => 272
                            [desc_gruppo] => GRUPPO CLIENTI DETTAGLIO
                            [sotto_gruppo] => 273
                            [desc_sottogruppo] => GRUPPO CLIENTI DETTAGLIO
                            [ct] => 15183
                            [desc_cliente_totale] => DOMAR SRL
                            [sottocanale] => DET
                            [canale] => DET
                            [macrocanale] => NTR
                            [tipo] => CF
                            [agente] => 9101
                            [nome_agente] => SERAFINI GIANLUCA
                            [cod_ispettore] => 9277
                            [nome_ispettore] => TOLLI GIAMPIERO
                            [cod_capo_area] => 9123
                            [desc_capo_area] => FERIOLI ALBERTO
                            [indirizzo] => VIA ATERNO 230
                            [cap] => 66010
                            [provincia_nazione] => CH
                            [nazione] => IT
                            [categoria_merceologica] => SS
                            [desc_cat_merceologica] => Indipendenti Superette/Superme
                            [localita] => BRECCIAROLA
                            [latitudine] => 42,3247
                            [longitudine] => 14,0984
                        )

                )

        )

)

2016-07-10T18:35:40+02:00 SessionId :  ClientIP : ::1 [RESTGATEWAY] Array
(
    [timestamp] => 1468168540
    [request] => backend\common\rest\library\Request Object
        (
            [url_elements] => Array
                (
                    [0] => 
                    [1] => cliente
                    [2] => 505102
                )

            [verb] => GET
            [parameters] => Array
                (
                )

            [format] => json
            [datetime] => 1468168540
            [httpheaders] => Array
                (
                    [Host] => localhost
                    [Connection] => keep-alive
                    [Cache-Control] => max-age=0
                    [Upgrade-Insecure-Requests] => 1
                    [User-Agent] => Mozilla/5.0 (Windows NT 10.0; WOW64) AppleWebKit/537.36 (KHTML, like Gecko) Chrome/51.0.2704.103 Safari/537.36
                    [Accept] => text/html,application/xhtml+xml,application/xml;q=0.9,image/webp,*/*;q=0.8
                    [Accept-Encoding] => gzip, deflate, sdch
                    [Accept-Language] => it-IT,it;q=0.8,en-US;q=0.6,en;q=0.4
                )

        )

)

2016-07-10T18:35:40+02:00 SessionId :  ClientIP : ::1 [RESTGATEWAY] Array
(
    [timestamp] => 1468168540
    [result] => Array
        (
            [request_time] => Sun Jul 10 18:35:40 CEST 2016
            [code] => 200
            [response_time] => Sun Jul 10 18:35:40 CEST 2016
            [status] => success
            [profilocliente] => Array
                (
                    [0] => Array
                        (
                            [id] => 505102
                            [cod_cli] => 15183
                            [rag_sociale] => DOMAR SRL
                            [cod_cf] => 15183
                            [desc_cf] => DOMAR SRL
                            [cod_centrale] => 998
                            [desc_centrale] => GRUPPO CLIENTI DETTAGLIO
                            [cod_gruppo] => 272
                            [desc_gruppo] => GRUPPO CLIENTI DETTAGLIO
                            [sotto_gruppo] => 273
                            [desc_sottogruppo] => GRUPPO CLIENTI DETTAGLIO
                            [ct] => 15183
                            [desc_cliente_totale] => DOMAR SRL
                            [sottocanale] => DET
                            [canale] => DET
                            [macrocanale] => NTR
                            [tipo] => CF
                            [agente] => 9101
                            [nome_agente] => SERAFINI GIANLUCA
                            [cod_ispettore] => 9277
                            [nome_ispettore] => TOLLI GIAMPIERO
                            [cod_capo_area] => 9123
                            [desc_capo_area] => FERIOLI ALBERTO
                            [indirizzo] => VIA ATERNO 230
                            [cap] => 66010
                            [provincia_nazione] => CH
                            [nazione] => IT
                            [categoria_merceologica] => SS
                            [desc_cat_merceologica] => Indipendenti Superette/Superme
                            [localita] => BRECCIAROLA
                            [latitudine] => 42,3247
                            [longitudine] => 14,0984
                        )

                )

        )

)

2016-07-10T18:35:40+02:00 SessionId :  ClientIP : ::1 [RESTGATEWAY] Array
(
    [timestamp] => 1468168540
    [request] => backend\common\rest\library\Request Object
        (
            [url_elements] => Array
                (
                    [0] => 
                    [1] => cliente
                    [2] => 505102
                )

            [verb] => GET
            [parameters] => Array
                (
                )

            [format] => json
            [datetime] => 1468168540
            [httpheaders] => Array
                (
                    [Host] => localhost
                    [Connection] => keep-alive
                    [Cache-Control] => max-age=0
                    [Upgrade-Insecure-Requests] => 1
                    [User-Agent] => Mozilla/5.0 (Windows NT 10.0; WOW64) AppleWebKit/537.36 (KHTML, like Gecko) Chrome/51.0.2704.103 Safari/537.36
                    [Accept] => text/html,application/xhtml+xml,application/xml;q=0.9,image/webp,*/*;q=0.8
                    [Accept-Encoding] => gzip, deflate, sdch
                    [Accept-Language] => it-IT,it;q=0.8,en-US;q=0.6,en;q=0.4
                )

        )

)

2016-07-10T18:35:40+02:00 SessionId :  ClientIP : ::1 [RESTGATEWAY] Array
(
    [timestamp] => 1468168540
    [result] => Array
        (
            [request_time] => Sun Jul 10 18:35:40 CEST 2016
            [code] => 200
            [response_time] => Sun Jul 10 18:35:40 CEST 2016
            [status] => success
            [profilocliente] => Array
                (
                    [0] => Array
                        (
                            [id] => 505102
                            [cod_cli] => 15183
                            [rag_sociale] => DOMAR SRL
                            [cod_cf] => 15183
                            [desc_cf] => DOMAR SRL
                            [cod_centrale] => 998
                            [desc_centrale] => GRUPPO CLIENTI DETTAGLIO
                            [cod_gruppo] => 272
                            [desc_gruppo] => GRUPPO CLIENTI DETTAGLIO
                            [sotto_gruppo] => 273
                            [desc_sottogruppo] => GRUPPO CLIENTI DETTAGLIO
                            [ct] => 15183
                            [desc_cliente_totale] => DOMAR SRL
                            [sottocanale] => DET
                            [canale] => DET
                            [macrocanale] => NTR
                            [tipo] => CF
                            [agente] => 9101
                            [nome_agente] => SERAFINI GIANLUCA
                            [cod_ispettore] => 9277
                            [nome_ispettore] => TOLLI GIAMPIERO
                            [cod_capo_area] => 9123
                            [desc_capo_area] => FERIOLI ALBERTO
                            [indirizzo] => VIA ATERNO 230
                            [cap] => 66010
                            [provincia_nazione] => CH
                            [nazione] => IT
                            [categoria_merceologica] => SS
                            [desc_cat_merceologica] => Indipendenti Superette/Superme
                            [localita] => BRECCIAROLA
                            [latitudine] => 42,3247
                            [longitudine] => 14,0984
                        )

                )

        )

)

2016-07-10T18:35:41+02:00 SessionId :  ClientIP : ::1 [RESTGATEWAY] Array
(
    [timestamp] => 1468168540
    [request] => backend\common\rest\library\Request Object
        (
            [url_elements] => Array
                (
                    [0] => 
                    [1] => cliente
                    [2] => 505102
                )

            [verb] => GET
            [parameters] => Array
                (
                )

            [format] => json
            [datetime] => 1468168540
            [httpheaders] => Array
                (
                    [Host] => localhost
                    [Connection] => keep-alive
                    [Cache-Control] => max-age=0
                    [Upgrade-Insecure-Requests] => 1
                    [User-Agent] => Mozilla/5.0 (Windows NT 10.0; WOW64) AppleWebKit/537.36 (KHTML, like Gecko) Chrome/51.0.2704.103 Safari/537.36
                    [Accept] => text/html,application/xhtml+xml,application/xml;q=0.9,image/webp,*/*;q=0.8
                    [Accept-Encoding] => gzip, deflate, sdch
                    [Accept-Language] => it-IT,it;q=0.8,en-US;q=0.6,en;q=0.4
                )

        )

)

2016-07-10T18:35:41+02:00 SessionId :  ClientIP : ::1 [RESTGATEWAY] Array
(
    [timestamp] => 1468168540
    [result] => Array
        (
            [request_time] => Sun Jul 10 18:35:40 CEST 2016
            [code] => 200
            [response_time] => Sun Jul 10 18:35:41 CEST 2016
            [status] => success
            [profilocliente] => Array
                (
                    [0] => Array
                        (
                            [id] => 505102
                            [cod_cli] => 15183
                            [rag_sociale] => DOMAR SRL
                            [cod_cf] => 15183
                            [desc_cf] => DOMAR SRL
                            [cod_centrale] => 998
                            [desc_centrale] => GRUPPO CLIENTI DETTAGLIO
                            [cod_gruppo] => 272
                            [desc_gruppo] => GRUPPO CLIENTI DETTAGLIO
                            [sotto_gruppo] => 273
                            [desc_sottogruppo] => GRUPPO CLIENTI DETTAGLIO
                            [ct] => 15183
                            [desc_cliente_totale] => DOMAR SRL
                            [sottocanale] => DET
                            [canale] => DET
                            [macrocanale] => NTR
                            [tipo] => CF
                            [agente] => 9101
                            [nome_agente] => SERAFINI GIANLUCA
                            [cod_ispettore] => 9277
                            [nome_ispettore] => TOLLI GIAMPIERO
                            [cod_capo_area] => 9123
                            [desc_capo_area] => FERIOLI ALBERTO
                            [indirizzo] => VIA ATERNO 230
                            [cap] => 66010
                            [provincia_nazione] => CH
                            [nazione] => IT
                            [categoria_merceologica] => SS
                            [desc_cat_merceologica] => Indipendenti Superette/Superme
                            [localita] => BRECCIAROLA
                            [latitudine] => 42,3247
                            [longitudine] => 14,0984
                        )

                )

        )

)

2016-07-10T18:53:22+02:00 SessionId :  ClientIP : ::1 [RESTGATEWAY] Array
(
    [timestamp] => 1468169600
    [request] => backend\common\rest\library\Request Object
        (
            [url_elements] => Array
                (
                    [0] => 
                    [1] => cliente
                    [2] => 505102
                )

            [verb] => GET
            [parameters] => Array
                (
                )

            [format] => json
            [datetime] => 1468169600
            [httpheaders] => Array
                (
                    [Host] => localhost
                    [Connection] => keep-alive
                    [Upgrade-Insecure-Requests] => 1
                    [User-Agent] => Mozilla/5.0 (Windows NT 10.0; WOW64) AppleWebKit/537.36 (KHTML, like Gecko) Chrome/51.0.2704.103 Safari/537.36
                    [Accept] => text/html,application/xhtml+xml,application/xml;q=0.9,image/webp,*/*;q=0.8
                    [Accept-Encoding] => gzip, deflate, sdch
                    [Accept-Language] => it-IT,it;q=0.8,en-US;q=0.6,en;q=0.4
                )

        )

)

2016-07-10T18:53:23+02:00 SessionId :  ClientIP : ::1 [RESTGATEWAY] Array
(
    [timestamp] => 1468169600
    [result] => Array
        (
            [request_time] => Sun Jul 10 18:53:20 CEST 2016
            [code] => 200
            [response_time] => Sun Jul 10 18:53:23 CEST 2016
            [status] => success
            [profilocliente] => Array
                (
                    [0] => Array
                        (
                            [id] => 505102
                            [cod_cli] => 15183
                            [rag_sociale] => DOMAR SRL
                            [cod_cf] => 15183
                            [desc_cf] => DOMAR SRL
                            [cod_centrale] => 998
                            [desc_centrale] => GRUPPO CLIENTI DETTAGLIO
                            [cod_gruppo] => 272
                            [desc_gruppo] => GRUPPO CLIENTI DETTAGLIO
                            [sotto_gruppo] => 273
                            [desc_sottogruppo] => GRUPPO CLIENTI DETTAGLIO
                            [ct] => 15183
                            [desc_cliente_totale] => DOMAR SRL
                            [sottocanale] => DET
                            [canale] => DET
                            [macrocanale] => NTR
                            [tipo] => CF
                            [agente] => 9101
                            [nome_agente] => SERAFINI GIANLUCA
                            [cod_ispettore] => 9277
                            [nome_ispettore] => TOLLI GIAMPIERO
                            [cod_capo_area] => 9123
                            [desc_capo_area] => FERIOLI ALBERTO
                            [indirizzo] => VIA ATERNO 230
                            [cap] => 66010
                            [provincia_nazione] => CH
                            [nazione] => IT
                            [categoria_merceologica] => SS
                            [desc_cat_merceologica] => Indipendenti Superette/Superme
                            [localita] => BRECCIAROLA
                            [latitudine] => 42,3247
                            [longitudine] => 14,0984
                        )

                )

        )

)

2016-07-10T19:39:13+02:00 SessionId :  ClientIP : ::1 [RESTGATEWAY] Array
(
    [timestamp] => 1468172353
    [request] => backend\common\rest\library\Request Object
        (
            [url_elements] => Array
                (
                    [0] => 
                    [1] => cliente
                    [2] => 539744
                )

            [verb] => GET
            [parameters] => Array
                (
                )

            [format] => json
            [datetime] => 1468172353
            [httpheaders] => Array
                (
                    [Host] => localhost
                    [Connection] => keep-alive
                    [Upgrade-Insecure-Requests] => 1
                    [User-Agent] => Mozilla/5.0 (Windows NT 10.0; WOW64) AppleWebKit/537.36 (KHTML, like Gecko) Chrome/51.0.2704.103 Safari/537.36
                    [Accept] => text/html,application/xhtml+xml,application/xml;q=0.9,image/webp,*/*;q=0.8
                    [Accept-Encoding] => gzip, deflate, sdch
                    [Accept-Language] => it-IT,it;q=0.8,en-US;q=0.6,en;q=0.4
                )

        )

)

2016-07-10T19:39:13+02:00 SessionId :  ClientIP : ::1 [RESTGATEWAY] Array
(
    [timestamp] => 1468172353
    [result] => Array
        (
            [request_time] => Sun Jul 10 19:39:13 CEST 2016
            [code] => 200
            [response_time] => Sun Jul 10 19:39:13 CEST 2016
            [status] => success
            [profilocliente] => Array
                (
                    [0] => Array
                        (
                            [id] => 539744
                            [cod_cli] => 521332
                            [rag_sociale] => F.LLI RIZZO SRL
                            [cod_cf] => 521332
                            [desc_cf] => F.LLI RIZZO SRL
                            [cod_centrale] => 998
                            [desc_centrale] => GRUPPO CLIENTI DETTAGLIO
                            [cod_gruppo] => 272
                            [desc_gruppo] => GRUPPO CLIENTI DETTAGLIO
                            [sotto_gruppo] => 273
                            [desc_sottogruppo] => GRUPPO CLIENTI DETTAGLIO
                            [ct] => 521332
                            [desc_cliente_totale] => F.LLI RIZZO SRL
                            [sottocanale] => DET
                            [canale] => DET
                            [macrocanale] => NTR
                            [tipo] => CF
                            [agente] => 9066
                            [nome_agente] => CARAMMA IGNAZIO MARIO
                            [cod_ispettore] => 11263
                            [nome_ispettore] => L. & L. SAS DI LORENZO LECCI
                            [cod_capo_area] => 9306
                            [desc_capo_area] => EMAL S.R.L.S.
                            [indirizzo] => VIA MATTEO RENATO IMBRIANI 249
                            [cap] => 95128
                            [provincia_nazione] => CT
                            [nazione] => IT
                            [categoria_merceologica] => MA
                            [desc_cat_merceologica] => Macellerie/Pollerie
                            [localita] => CATANIA
                            [latitudine] => 37,521099999999997
                            [longitudine] => 15,0884
                        )

                )

        )

)

2016-07-10T19:58:30+02:00 SessionId :  ClientIP : ::1 [RESTGATEWAY] Array
(
    [timestamp] => 1468173510
    [request] => backend\common\rest\library\Request Object
        (
            [url_elements] => Array
                (
                    [0] => 
                    [1] => cliente
                    [2] => 539744
                    [3] => datifatturazione
                    [4] => 2016
                )

            [verb] => GET
            [parameters] => Array
                (
                )

            [format] => json
            [datetime] => 1468173510
            [httpheaders] => Array
                (
                    [Host] => localhost
                    [Connection] => keep-alive
                    [Upgrade-Insecure-Requests] => 1
                    [User-Agent] => Mozilla/5.0 (Windows NT 10.0; WOW64) AppleWebKit/537.36 (KHTML, like Gecko) Chrome/51.0.2704.103 Safari/537.36
                    [Accept] => text/html,application/xhtml+xml,application/xml;q=0.9,image/webp,*/*;q=0.8
                    [Accept-Encoding] => gzip, deflate, sdch
                    [Accept-Language] => it-IT,it;q=0.8,en-US;q=0.6,en;q=0.4
                )

        )

)

2016-07-10T19:58:31+02:00 SessionId :  ClientIP : ::1 [RESTGATEWAY] Array
(
    [timestamp] => 1468173510
    [result] => Array
        (
            [request_time] => Sun Jul 10 19:58:30 CEST 2016
            [code] => 404
            [response_time] => Sun Jul 10 19:58:31 CEST 2016
            [status] => fail
            [message] => nessun cliente trovato
            [error] => NO_DATA
        )

)

2016-07-10T19:58:37+02:00 SessionId :  ClientIP : ::1 [RESTGATEWAY] Array
(
    [timestamp] => 1468173517
    [request] => backend\common\rest\library\Request Object
        (
            [url_elements] => Array
                (
                    [0] => 
                    [1] => cliente
                    [2] => 539744
                    [3] => datifatturazione
                    [4] => 2016
                )

            [verb] => GET
            [parameters] => Array
                (
                )

            [format] => json
            [datetime] => 1468173517
            [httpheaders] => Array
                (
                    [Host] => localhost
                    [Connection] => keep-alive
                    [Cache-Control] => max-age=0
                    [Upgrade-Insecure-Requests] => 1
                    [User-Agent] => Mozilla/5.0 (Windows NT 10.0; WOW64) AppleWebKit/537.36 (KHTML, like Gecko) Chrome/51.0.2704.103 Safari/537.36
                    [Accept] => text/html,application/xhtml+xml,application/xml;q=0.9,image/webp,*/*;q=0.8
                    [Accept-Encoding] => gzip, deflate, sdch
                    [Accept-Language] => it-IT,it;q=0.8,en-US;q=0.6,en;q=0.4
                )

        )

)

2016-07-10T19:58:37+02:00 SessionId :  ClientIP : ::1 [RESTGATEWAY] Array
(
    [timestamp] => 1468173517
    [result] => Array
        (
            [request_time] => Sun Jul 10 19:58:37 CEST 2016
            [code] => 404
            [response_time] => Sun Jul 10 19:58:37 CEST 2016
            [status] => fail
            [message] => nessun cliente trovato
            [error] => NO_DATA
        )

)

2016-07-10T19:59:06+02:00 SessionId :  ClientIP : ::1 [RESTGATEWAY] Array
(
    [timestamp] => 1468173546
    [request] => backend\common\rest\library\Request Object
        (
            [url_elements] => Array
                (
                    [0] => 
                    [1] => cliente
                    [2] => 539744
                    [3] => datifatturazione
                    [4] => 2016
                )

            [verb] => GET
            [parameters] => Array
                (
                )

            [format] => json
            [datetime] => 1468173546
            [httpheaders] => Array
                (
                    [Host] => localhost
                    [Connection] => keep-alive
                    [Cache-Control] => max-age=0
                    [Upgrade-Insecure-Requests] => 1
                    [User-Agent] => Mozilla/5.0 (Windows NT 10.0; WOW64) AppleWebKit/537.36 (KHTML, like Gecko) Chrome/51.0.2704.103 Safari/537.36
                    [Accept] => text/html,application/xhtml+xml,application/xml;q=0.9,image/webp,*/*;q=0.8
                    [Accept-Encoding] => gzip, deflate, sdch
                    [Accept-Language] => it-IT,it;q=0.8,en-US;q=0.6,en;q=0.4
                )

        )

)

2016-07-10T19:59:16+02:00 SessionId :  ClientIP : ::1 [RESTGATEWAY] Array
(
    [timestamp] => 1468173556
    [request] => backend\common\rest\library\Request Object
        (
            [url_elements] => Array
                (
                    [0] => 
                    [1] => cliente
                    [2] => 539744
                )

            [verb] => GET
            [parameters] => Array
                (
                )

            [format] => json
            [datetime] => 1468173556
            [httpheaders] => Array
                (
                    [Host] => localhost
                    [Connection] => keep-alive
                    [Upgrade-Insecure-Requests] => 1
                    [User-Agent] => Mozilla/5.0 (Windows NT 10.0; WOW64) AppleWebKit/537.36 (KHTML, like Gecko) Chrome/51.0.2704.103 Safari/537.36
                    [Accept] => text/html,application/xhtml+xml,application/xml;q=0.9,image/webp,*/*;q=0.8
                    [Accept-Encoding] => gzip, deflate, sdch
                    [Accept-Language] => it-IT,it;q=0.8,en-US;q=0.6,en;q=0.4
                )

        )

)

2016-07-10T19:59:21+02:00 SessionId :  ClientIP : ::1 [RESTGATEWAY] Array
(
    [timestamp] => 1468173561
    [request] => backend\common\rest\library\Request Object
        (
            [url_elements] => Array
                (
                    [0] => 
                    [1] => cliente
                    [2] => 539744
                )

            [verb] => GET
            [parameters] => Array
                (
                )

            [format] => json
            [datetime] => 1468173561
            [httpheaders] => Array
                (
                    [Host] => localhost
                    [Connection] => keep-alive
                    [Cache-Control] => max-age=0
                    [Upgrade-Insecure-Requests] => 1
                    [User-Agent] => Mozilla/5.0 (Windows NT 10.0; WOW64) AppleWebKit/537.36 (KHTML, like Gecko) Chrome/51.0.2704.103 Safari/537.36
                    [Accept] => text/html,application/xhtml+xml,application/xml;q=0.9,image/webp,*/*;q=0.8
                    [Accept-Encoding] => gzip, deflate, sdch
                    [Accept-Language] => it-IT,it;q=0.8,en-US;q=0.6,en;q=0.4
                )

        )

)

2016-07-10T19:59:39+02:00 SessionId :  ClientIP : ::1 [RESTGATEWAY] Array
(
    [timestamp] => 1468173579
    [request] => backend\common\rest\library\Request Object
        (
            [url_elements] => Array
                (
                    [0] => 
                    [1] => cliente
                    [2] => 519473
                )

            [verb] => GET
            [parameters] => Array
                (
                )

            [format] => json
            [datetime] => 1468173579
            [httpheaders] => Array
                (
                    [Host] => localhost
                    [Connection] => keep-alive
                    [Upgrade-Insecure-Requests] => 1
                    [User-Agent] => Mozilla/5.0 (Windows NT 10.0; WOW64) AppleWebKit/537.36 (KHTML, like Gecko) Chrome/51.0.2704.103 Safari/537.36
                    [Accept] => text/html,application/xhtml+xml,application/xml;q=0.9,image/webp,*/*;q=0.8
                    [Accept-Encoding] => gzip, deflate, sdch
                    [Accept-Language] => it-IT,it;q=0.8,en-US;q=0.6,en;q=0.4
                )

        )

)

2016-07-10T20:00:01+02:00 SessionId :  ClientIP : ::1 [RESTGATEWAY] Array
(
    [timestamp] => 1468173601
    [request] => backend\common\rest\library\Request Object
        (
            [url_elements] => Array
                (
                    [0] => 
                    [1] => cliente
                    [2] => 519473
                )

            [verb] => GET
            [parameters] => Array
                (
                )

            [format] => json
            [datetime] => 1468173601
            [httpheaders] => Array
                (
                    [Host] => localhost
                    [Connection] => keep-alive
                    [Cache-Control] => max-age=0
                    [Upgrade-Insecure-Requests] => 1
                    [User-Agent] => Mozilla/5.0 (Windows NT 10.0; WOW64) AppleWebKit/537.36 (KHTML, like Gecko) Chrome/51.0.2704.103 Safari/537.36
                    [Accept] => text/html,application/xhtml+xml,application/xml;q=0.9,image/webp,*/*;q=0.8
                    [Accept-Encoding] => gzip, deflate, sdch
                    [Accept-Language] => it-IT,it;q=0.8,en-US;q=0.6,en;q=0.4
                )

        )

)

2016-07-10T20:00:02+02:00 SessionId :  ClientIP : ::1 [RESTGATEWAY] Array
(
    [timestamp] => 1468173602
    [request] => backend\common\rest\library\Request Object
        (
            [url_elements] => Array
                (
                    [0] => 
                    [1] => cliente
                    [2] => 519473
                )

            [verb] => GET
            [parameters] => Array
                (
                )

            [format] => json
            [datetime] => 1468173602
            [httpheaders] => Array
                (
                    [Host] => localhost
                    [Connection] => keep-alive
                    [Cache-Control] => max-age=0
                    [Upgrade-Insecure-Requests] => 1
                    [User-Agent] => Mozilla/5.0 (Windows NT 10.0; WOW64) AppleWebKit/537.36 (KHTML, like Gecko) Chrome/51.0.2704.103 Safari/537.36
                    [Accept] => text/html,application/xhtml+xml,application/xml;q=0.9,image/webp,*/*;q=0.8
                    [Accept-Encoding] => gzip, deflate, sdch
                    [Accept-Language] => it-IT,it;q=0.8,en-US;q=0.6,en;q=0.4
                )

        )

)

2016-07-10T20:00:15+02:00 SessionId :  ClientIP : ::1 [RESTGATEWAY] Array
(
    [timestamp] => 1468173615
    [request] => backend\common\rest\library\Request Object
        (
            [url_elements] => Array
                (
                    [0] => 
                    [1] => cliente
                    [2] => 519473
                )

            [verb] => GET
            [parameters] => Array
                (
                )

            [format] => json
            [datetime] => 1468173615
            [httpheaders] => Array
                (
                    [Host] => localhost
                    [Connection] => keep-alive
                    [Cache-Control] => max-age=0
                    [Upgrade-Insecure-Requests] => 1
                    [User-Agent] => Mozilla/5.0 (Windows NT 10.0; WOW64) AppleWebKit/537.36 (KHTML, like Gecko) Chrome/51.0.2704.103 Safari/537.36
                    [Accept] => text/html,application/xhtml+xml,application/xml;q=0.9,image/webp,*/*;q=0.8
                    [Accept-Encoding] => gzip, deflate, sdch
                    [Accept-Language] => it-IT,it;q=0.8,en-US;q=0.6,en;q=0.4
                )

        )

)

2016-07-10T20:00:15+02:00 SessionId :  ClientIP : ::1 [RESTGATEWAY] Array
(
    [timestamp] => 1468173615
    [result] => Array
        (
            [request_time] => Sun Jul 10 20:00:15 CEST 2016
            [code] => 200
            [response_time] => Sun Jul 10 20:00:15 CEST 2016
            [status] => success
            [profilocliente] => Array
                (
                    [0] => Array
                        (
                            [id] => 519473
                            [cod_cli] => 45379
                            [rag_sociale] => PISTOIA COSIMO SUPERMERCATO
                            [cod_cf] => 45379
                            [desc_cf] => PISTOIA COSIMO SUPERMERCATO
                            [cod_centrale] => 998
                            [desc_centrale] => GRUPPO CLIENTI DETTAGLIO
                            [cod_gruppo] => 272
                            [desc_gruppo] => GRUPPO CLIENTI DETTAGLIO
                            [sotto_gruppo] => 273
                            [desc_sottogruppo] => GRUPPO CLIENTI DETTAGLIO
                            [ct] => 539744
                            [desc_cliente_totale] => PISTOIA COSIMO (CT)
                            [sottocanale] => DET
                            [canale] => DET
                            [macrocanale] => NTR
                            [tipo] => CF
                            [agente] => 9459
                            [nome_agente] => PLANTAMURA BIAGIO
                            [cod_ispettore] => 9490
                            [nome_ispettore] => VERYGABRI SAS DI BIANCO NICOLA
                            [cod_capo_area] => 9306
                            [desc_capo_area] => EMAL S.R.L.S.
                            [indirizzo] => VIA P.D. TUSEO 69
                            [cap] => 74013
                            [provincia_nazione] => TA
                            [nazione] => IT
                            [categoria_merceologica] => AG
                            [desc_cat_merceologica] => Alimentari Generici
                            [localita] => GINOSA
                            [latitudine] => 40,575899999999997
                            [longitudine] => 16,759399999999999
                        )

                )

        )

)

2016-07-10T20:00:30+02:00 SessionId :  ClientIP : ::1 [RESTGATEWAY] Array
(
    [timestamp] => 1468173630
    [request] => backend\common\rest\library\Request Object
        (
            [url_elements] => Array
                (
                    [0] => 
                    [1] => cliente
                    [2] => 519473
                    [3] => datifatturazione
                    [4] => 2016
                )

            [verb] => GET
            [parameters] => Array
                (
                )

            [format] => json
            [datetime] => 1468173630
            [httpheaders] => Array
                (
                    [Host] => localhost
                    [Connection] => keep-alive
                    [Upgrade-Insecure-Requests] => 1
                    [User-Agent] => Mozilla/5.0 (Windows NT 10.0; WOW64) AppleWebKit/537.36 (KHTML, like Gecko) Chrome/51.0.2704.103 Safari/537.36
                    [Accept] => text/html,application/xhtml+xml,application/xml;q=0.9,image/webp,*/*;q=0.8
                    [Accept-Encoding] => gzip, deflate, sdch
                    [Accept-Language] => it-IT,it;q=0.8,en-US;q=0.6,en;q=0.4
                )

        )

)

2016-07-10T20:00:31+02:00 SessionId :  ClientIP : ::1 [RESTGATEWAY] Array
(
    [timestamp] => 1468173630
    [result] => Array
        (
            [request_time] => Sun Jul 10 20:00:30 CEST 2016
            [code] => 200
            [response_time] => Sun Jul 10 20:00:31 CEST 2016
            [status] => success
            [profilocliente] => Array
                (
                    [0] => Array
                        (
                            [id] => 519473
                            [cod_cli] => 45379
                            [rag_sociale] => PISTOIA COSIMO SUPERMERCATO
                            [cod_cf] => 45379
                            [desc_cf] => PISTOIA COSIMO SUPERMERCATO
                            [cod_centrale] => 998
                            [desc_centrale] => GRUPPO CLIENTI DETTAGLIO
                            [cod_gruppo] => 272
                            [desc_gruppo] => GRUPPO CLIENTI DETTAGLIO
                            [sotto_gruppo] => 273
                            [desc_sottogruppo] => GRUPPO CLIENTI DETTAGLIO
                            [ct] => 539744
                            [desc_cliente_totale] => PISTOIA COSIMO (CT)
                            [sottocanale] => DET
                            [canale] => DET
                            [macrocanale] => NTR
                            [tipo] => CF
                            [agente] => 9459
                            [nome_agente] => PLANTAMURA BIAGIO
                            [cod_ispettore] => 9490
                            [nome_ispettore] => VERYGABRI SAS DI BIANCO NICOLA
                            [cod_capo_area] => 9306
                            [desc_capo_area] => EMAL S.R.L.S.
                            [indirizzo] => VIA P.D. TUSEO 69
                            [cap] => 74013
                            [provincia_nazione] => TA
                            [nazione] => IT
                            [categoria_merceologica] => AG
                            [desc_cat_merceologica] => Alimentari Generici
                            [localita] => GINOSA
                            [latitudine] => 40,575899999999997
                            [longitudine] => 16,759399999999999
                        )

                )

        )

)

2016-07-10T20:00:35+02:00 SessionId :  ClientIP : ::1 [RESTGATEWAY] Array
(
    [timestamp] => 1468173635
    [request] => backend\common\rest\library\Request Object
        (
            [url_elements] => Array
                (
                    [0] => 
                    [1] => cliente
                    [2] => 519473
                    [3] => datifatturazione
                    [4] => 2016
                )

            [verb] => GET
            [parameters] => Array
                (
                )

            [format] => json
            [datetime] => 1468173635
            [httpheaders] => Array
                (
                    [Host] => localhost
                    [Connection] => keep-alive
                    [Cache-Control] => max-age=0
                    [Upgrade-Insecure-Requests] => 1
                    [User-Agent] => Mozilla/5.0 (Windows NT 10.0; WOW64) AppleWebKit/537.36 (KHTML, like Gecko) Chrome/51.0.2704.103 Safari/537.36
                    [Accept] => text/html,application/xhtml+xml,application/xml;q=0.9,image/webp,*/*;q=0.8
                    [Accept-Encoding] => gzip, deflate, sdch
                    [Accept-Language] => it-IT,it;q=0.8,en-US;q=0.6,en;q=0.4
                )

        )

)

2016-07-10T20:00:35+02:00 SessionId :  ClientIP : ::1 [RESTGATEWAY] Array
(
    [timestamp] => 1468173635
    [result] => Array
        (
            [request_time] => Sun Jul 10 20:00:35 CEST 2016
            [code] => 200
            [response_time] => Sun Jul 10 20:00:35 CEST 2016
            [status] => success
            [profilocliente] => Array
                (
                    [0] => Array
                        (
                            [id] => 519473
                            [cod_cli] => 45379
                            [rag_sociale] => PISTOIA COSIMO SUPERMERCATO
                            [cod_cf] => 45379
                            [desc_cf] => PISTOIA COSIMO SUPERMERCATO
                            [cod_centrale] => 998
                            [desc_centrale] => GRUPPO CLIENTI DETTAGLIO
                            [cod_gruppo] => 272
                            [desc_gruppo] => GRUPPO CLIENTI DETTAGLIO
                            [sotto_gruppo] => 273
                            [desc_sottogruppo] => GRUPPO CLIENTI DETTAGLIO
                            [ct] => 539744
                            [desc_cliente_totale] => PISTOIA COSIMO (CT)
                            [sottocanale] => DET
                            [canale] => DET
                            [macrocanale] => NTR
                            [tipo] => CF
                            [agente] => 9459
                            [nome_agente] => PLANTAMURA BIAGIO
                            [cod_ispettore] => 9490
                            [nome_ispettore] => VERYGABRI SAS DI BIANCO NICOLA
                            [cod_capo_area] => 9306
                            [desc_capo_area] => EMAL S.R.L.S.
                            [indirizzo] => VIA P.D. TUSEO 69
                            [cap] => 74013
                            [provincia_nazione] => TA
                            [nazione] => IT
                            [categoria_merceologica] => AG
                            [desc_cat_merceologica] => Alimentari Generici
                            [localita] => GINOSA
                            [latitudine] => 40,575899999999997
                            [longitudine] => 16,759399999999999
                        )

                )

        )

)

2016-07-10T20:01:15+02:00 SessionId :  ClientIP : ::1 [RESTGATEWAY] Array
(
    [timestamp] => 1468173675
    [request] => backend\common\rest\library\Request Object
        (
            [url_elements] => Array
                (
                    [0] => 
                    [1] => cliente
                    [2] => 519473
                    [3] => datifatturazione
                    [4] => 2016
                )

            [verb] => GET
            [parameters] => Array
                (
                )

            [format] => json
            [datetime] => 1468173675
            [httpheaders] => Array
                (
                    [Host] => localhost
                    [Connection] => keep-alive
                    [Cache-Control] => max-age=0
                    [Upgrade-Insecure-Requests] => 1
                    [User-Agent] => Mozilla/5.0 (Windows NT 10.0; WOW64) AppleWebKit/537.36 (KHTML, like Gecko) Chrome/51.0.2704.103 Safari/537.36
                    [Accept] => text/html,application/xhtml+xml,application/xml;q=0.9,image/webp,*/*;q=0.8
                    [Accept-Encoding] => gzip, deflate, sdch
                    [Accept-Language] => it-IT,it;q=0.8,en-US;q=0.6,en;q=0.4
                )

        )

)

2016-07-10T20:01:15+02:00 SessionId :  ClientIP : ::1 [RESTGATEWAY] Array
(
    [timestamp] => 1468173675
    [result] => Array
        (
            [request_time] => Sun Jul 10 20:01:15 CEST 2016
            [code] => 200
            [response_time] => Sun Jul 10 20:01:15 CEST 2016
            [status] => success
            [profilocliente] => Array
                (
                    [0] => Array
                        (
                            [id] => 519473
                            [cod_cli] => 45379
                            [rag_sociale] => PISTOIA COSIMO SUPERMERCATO
                            [cod_cf] => 45379
                            [desc_cf] => PISTOIA COSIMO SUPERMERCATO
                            [cod_centrale] => 998
                            [desc_centrale] => GRUPPO CLIENTI DETTAGLIO
                            [cod_gruppo] => 272
                            [desc_gruppo] => GRUPPO CLIENTI DETTAGLIO
                            [sotto_gruppo] => 273
                            [desc_sottogruppo] => GRUPPO CLIENTI DETTAGLIO
                            [ct] => 539744
                            [desc_cliente_totale] => PISTOIA COSIMO (CT)
                            [sottocanale] => DET
                            [canale] => DET
                            [macrocanale] => NTR
                            [tipo] => CF
                            [agente] => 9459
                            [nome_agente] => PLANTAMURA BIAGIO
                            [cod_ispettore] => 9490
                            [nome_ispettore] => VERYGABRI SAS DI BIANCO NICOLA
                            [cod_capo_area] => 9306
                            [desc_capo_area] => EMAL S.R.L.S.
                            [indirizzo] => VIA P.D. TUSEO 69
                            [cap] => 74013
                            [provincia_nazione] => TA
                            [nazione] => IT
                            [categoria_merceologica] => AG
                            [desc_cat_merceologica] => Alimentari Generici
                            [localita] => GINOSA
                            [latitudine] => 40,575899999999997
                            [longitudine] => 16,759399999999999
                        )

                )

        )

)

2016-07-10T20:03:53+02:00 SessionId :  ClientIP : ::1 [RESTGATEWAY] Array
(
    [timestamp] => 1468173833
    [request] => backend\common\rest\library\Request Object
        (
            [url_elements] => Array
                (
                    [0] => 
                    [1] => cliente
                    [2] => 519473
                    [3] => datifatturazione
                    [4] => 2016
                )

            [verb] => GET
            [parameters] => Array
                (
                )

            [format] => json
            [datetime] => 1468173833
            [httpheaders] => Array
                (
                    [Host] => localhost
                    [Connection] => keep-alive
                    [Cache-Control] => max-age=0
                    [Upgrade-Insecure-Requests] => 1
                    [User-Agent] => Mozilla/5.0 (Windows NT 10.0; WOW64) AppleWebKit/537.36 (KHTML, like Gecko) Chrome/51.0.2704.103 Safari/537.36
                    [Accept] => text/html,application/xhtml+xml,application/xml;q=0.9,image/webp,*/*;q=0.8
                    [Accept-Encoding] => gzip, deflate, sdch
                    [Accept-Language] => it-IT,it;q=0.8,en-US;q=0.6,en;q=0.4
                )

        )

)

2016-07-10T20:04:04+02:00 SessionId :  ClientIP : ::1 [RESTGATEWAY] Array
(
    [timestamp] => 1468173844
    [request] => backend\common\rest\library\Request Object
        (
            [url_elements] => Array
                (
                    [0] => 
                    [1] => cliente
                    [2] => 519473
                    [3] => datifatturazione
                    [4] => 2016
                )

            [verb] => GET
            [parameters] => Array
                (
                )

            [format] => json
            [datetime] => 1468173844
            [httpheaders] => Array
                (
                    [Host] => localhost
                    [Connection] => keep-alive
                    [Cache-Control] => max-age=0
                    [Upgrade-Insecure-Requests] => 1
                    [User-Agent] => Mozilla/5.0 (Windows NT 10.0; WOW64) AppleWebKit/537.36 (KHTML, like Gecko) Chrome/51.0.2704.103 Safari/537.36
                    [Accept] => text/html,application/xhtml+xml,application/xml;q=0.9,image/webp,*/*;q=0.8
                    [Accept-Encoding] => gzip, deflate, sdch
                    [Accept-Language] => it-IT,it;q=0.8,en-US;q=0.6,en;q=0.4
                )

        )

)

2016-07-10T20:04:04+02:00 SessionId :  ClientIP : ::1 [RESTGATEWAY] Array
(
    [timestamp] => 1468173844
    [result] => Array
        (
            [request_time] => Sun Jul 10 20:04:04 CEST 2016
            [code] => 404
            [response_time] => Sun Jul 10 20:04:04 CEST 2016
            [status] => fail
            [message] => nessun dato di fatturazione trovato
            [error] => NO_DATA
        )

)

2016-07-10T20:04:10+02:00 SessionId :  ClientIP : ::1 [RESTGATEWAY] Array
(
    [timestamp] => 1468173850
    [request] => backend\common\rest\library\Request Object
        (
            [url_elements] => Array
                (
                    [0] => 
                    [1] => cliente
                    [2] => 519473
                    [3] => datifatturazione
                    [4] => 2016
                )

            [verb] => GET
            [parameters] => Array
                (
                )

            [format] => json
            [datetime] => 1468173850
            [httpheaders] => Array
                (
                    [Host] => localhost
                    [Connection] => keep-alive
                    [Cache-Control] => max-age=0
                    [Upgrade-Insecure-Requests] => 1
                    [User-Agent] => Mozilla/5.0 (Windows NT 10.0; WOW64) AppleWebKit/537.36 (KHTML, like Gecko) Chrome/51.0.2704.103 Safari/537.36
                    [Accept] => text/html,application/xhtml+xml,application/xml;q=0.9,image/webp,*/*;q=0.8
                    [Accept-Encoding] => gzip, deflate, sdch
                    [Accept-Language] => it-IT,it;q=0.8,en-US;q=0.6,en;q=0.4
                )

        )

)

2016-07-10T20:04:28+02:00 SessionId :  ClientIP : ::1 [RESTGATEWAY] Array
(
    [timestamp] => 1468173868
    [request] => backend\common\rest\library\Request Object
        (
            [url_elements] => Array
                (
                    [0] => 
                    [1] => cliente
                    [2] => 519473
                    [3] => datifatturazione
                    [4] => 2016
                )

            [verb] => GET
            [parameters] => Array
                (
                )

            [format] => json
            [datetime] => 1468173868
            [httpheaders] => Array
                (
                    [Host] => localhost
                    [Connection] => keep-alive
                    [Cache-Control] => max-age=0
                    [Upgrade-Insecure-Requests] => 1
                    [User-Agent] => Mozilla/5.0 (Windows NT 10.0; WOW64) AppleWebKit/537.36 (KHTML, like Gecko) Chrome/51.0.2704.103 Safari/537.36
                    [Accept] => text/html,application/xhtml+xml,application/xml;q=0.9,image/webp,*/*;q=0.8
                    [Accept-Encoding] => gzip, deflate, sdch
                    [Accept-Language] => it-IT,it;q=0.8,en-US;q=0.6,en;q=0.4
                )

        )

)

2016-07-10T20:04:28+02:00 SessionId :  ClientIP : ::1 [RESTGATEWAY] Array
(
    [timestamp] => 1468173868
    [result] => Array
        (
            [request_time] => Sun Jul 10 20:04:28 CEST 2016
            [code] => 404
            [response_time] => Sun Jul 10 20:04:28 CEST 2016
            [status] => fail
            [message] => nessun dato di fatturazione trovato
            [error] => NO_DATA
        )

)

2016-07-10T20:04:32+02:00 SessionId :  ClientIP : ::1 [RESTGATEWAY] Array
(
    [timestamp] => 1468173872
    [request] => backend\common\rest\library\Request Object
        (
            [url_elements] => Array
                (
                    [0] => 
                    [1] => cliente
                    [2] => 519473
                    [3] => datifatturazione
                    [4] => 2016
                )

            [verb] => GET
            [parameters] => Array
                (
                )

            [format] => json
            [datetime] => 1468173872
            [httpheaders] => Array
                (
                    [Host] => localhost
                    [Connection] => keep-alive
                    [Cache-Control] => max-age=0
                    [Upgrade-Insecure-Requests] => 1
                    [User-Agent] => Mozilla/5.0 (Windows NT 10.0; WOW64) AppleWebKit/537.36 (KHTML, like Gecko) Chrome/51.0.2704.103 Safari/537.36
                    [Accept] => text/html,application/xhtml+xml,application/xml;q=0.9,image/webp,*/*;q=0.8
                    [Accept-Encoding] => gzip, deflate, sdch
                    [Accept-Language] => it-IT,it;q=0.8,en-US;q=0.6,en;q=0.4
                )

        )

)

2016-07-10T20:10:07+02:00 SessionId :  ClientIP : ::1 [RESTGATEWAY] Array
(
    [timestamp] => 1468174207
    [request] => backend\common\rest\library\Request Object
        (
            [url_elements] => Array
                (
                    [0] => 
                    [1] => cliente
                    [2] => 519473
                    [3] => datifatturazione
                    [4] => 2016
                )

            [verb] => GET
            [parameters] => Array
                (
                )

            [format] => json
            [datetime] => 1468174207
            [httpheaders] => Array
                (
                    [Host] => localhost
                    [Connection] => keep-alive
                    [Cache-Control] => max-age=0
                    [Upgrade-Insecure-Requests] => 1
                    [User-Agent] => Mozilla/5.0 (Windows NT 10.0; WOW64) AppleWebKit/537.36 (KHTML, like Gecko) Chrome/51.0.2704.103 Safari/537.36
                    [Accept] => text/html,application/xhtml+xml,application/xml;q=0.9,image/webp,*/*;q=0.8
                    [Accept-Encoding] => gzip, deflate, sdch
                    [Accept-Language] => it-IT,it;q=0.8,en-US;q=0.6,en;q=0.4
                )

        )

)

2016-07-10T20:10:16+02:00 SessionId :  ClientIP : ::1 [RESTGATEWAY] Array
(
    [timestamp] => 1468174216
    [request] => backend\common\rest\library\Request Object
        (
            [url_elements] => Array
                (
                    [0] => 
                    [1] => cliente
                    [2] => 519473
                    [3] => datifatturazione
                    [4] => 2016
                )

            [verb] => GET
            [parameters] => Array
                (
                )

            [format] => json
            [datetime] => 1468174216
            [httpheaders] => Array
                (
                    [Host] => localhost
                    [Connection] => keep-alive
                    [Cache-Control] => max-age=0
                    [Upgrade-Insecure-Requests] => 1
                    [User-Agent] => Mozilla/5.0 (Windows NT 10.0; WOW64) AppleWebKit/537.36 (KHTML, like Gecko) Chrome/51.0.2704.103 Safari/537.36
                    [Accept] => text/html,application/xhtml+xml,application/xml;q=0.9,image/webp,*/*;q=0.8
                    [Accept-Encoding] => gzip, deflate, sdch
                    [Accept-Language] => it-IT,it;q=0.8,en-US;q=0.6,en;q=0.4
                )

        )

)

2016-07-10T20:10:21+02:00 SessionId :  ClientIP : ::1 [RESTGATEWAY] Array
(
    [timestamp] => 1468174221
    [request] => backend\common\rest\library\Request Object
        (
            [url_elements] => Array
                (
                    [0] => 
                    [1] => cliente
                    [2] => 519473
                    [3] => datifatturazione
                    [4] => 2016
                )

            [verb] => GET
            [parameters] => Array
                (
                )

            [format] => json
            [datetime] => 1468174221
            [httpheaders] => Array
                (
                    [Host] => localhost
                    [Connection] => keep-alive
                    [Cache-Control] => max-age=0
                    [Upgrade-Insecure-Requests] => 1
                    [User-Agent] => Mozilla/5.0 (Windows NT 10.0; WOW64) AppleWebKit/537.36 (KHTML, like Gecko) Chrome/51.0.2704.103 Safari/537.36
                    [Accept] => text/html,application/xhtml+xml,application/xml;q=0.9,image/webp,*/*;q=0.8
                    [Accept-Encoding] => gzip, deflate, sdch
                    [Accept-Language] => it-IT,it;q=0.8,en-US;q=0.6,en;q=0.4
                )

        )

)

2016-07-10T20:10:31+02:00 SessionId :  ClientIP : ::1 [RESTGATEWAY] Array
(
    [timestamp] => 1468174231
    [request] => backend\common\rest\library\Request Object
        (
            [url_elements] => Array
                (
                    [0] => 
                    [1] => cliente
                    [2] => 519473
                    [3] => datifatturazione
                    [4] => 2016
                )

            [verb] => GET
            [parameters] => Array
                (
                )

            [format] => json
            [datetime] => 1468174231
            [httpheaders] => Array
                (
                    [Host] => localhost
                    [Connection] => keep-alive
                    [Cache-Control] => max-age=0
                    [Upgrade-Insecure-Requests] => 1
                    [User-Agent] => Mozilla/5.0 (Windows NT 10.0; WOW64) AppleWebKit/537.36 (KHTML, like Gecko) Chrome/51.0.2704.103 Safari/537.36
                    [Accept] => text/html,application/xhtml+xml,application/xml;q=0.9,image/webp,*/*;q=0.8
                    [Accept-Encoding] => gzip, deflate, sdch
                    [Accept-Language] => it-IT,it;q=0.8,en-US;q=0.6,en;q=0.4
                )

        )

)

2016-07-10T20:10:51+02:00 SessionId :  ClientIP : ::1 [RESTGATEWAY] Array
(
    [timestamp] => 1468174251
    [request] => backend\common\rest\library\Request Object
        (
            [url_elements] => Array
                (
                    [0] => 
                    [1] => cliente
                    [2] => 519473
                    [3] => datifatturazione
                    [4] => 2016
                )

            [verb] => GET
            [parameters] => Array
                (
                )

            [format] => json
            [datetime] => 1468174251
            [httpheaders] => Array
                (
                    [Host] => localhost
                    [Connection] => keep-alive
                    [Cache-Control] => max-age=0
                    [Upgrade-Insecure-Requests] => 1
                    [User-Agent] => Mozilla/5.0 (Windows NT 10.0; WOW64) AppleWebKit/537.36 (KHTML, like Gecko) Chrome/51.0.2704.103 Safari/537.36
                    [Accept] => text/html,application/xhtml+xml,application/xml;q=0.9,image/webp,*/*;q=0.8
                    [Accept-Encoding] => gzip, deflate, sdch
                    [Accept-Language] => it-IT,it;q=0.8,en-US;q=0.6,en;q=0.4
                )

        )

)

2016-07-10T20:11:05+02:00 SessionId :  ClientIP : ::1 [RESTGATEWAY] Array
(
    [timestamp] => 1468174265
    [request] => backend\common\rest\library\Request Object
        (
            [url_elements] => Array
                (
                    [0] => 
                    [1] => cliente
                    [2] => 519473
                    [3] => datifatturazione
                    [4] => 2016
                )

            [verb] => GET
            [parameters] => Array
                (
                )

            [format] => json
            [datetime] => 1468174265
            [httpheaders] => Array
                (
                    [Host] => localhost
                    [Connection] => keep-alive
                    [Cache-Control] => max-age=0
                    [Upgrade-Insecure-Requests] => 1
                    [User-Agent] => Mozilla/5.0 (Windows NT 10.0; WOW64) AppleWebKit/537.36 (KHTML, like Gecko) Chrome/51.0.2704.103 Safari/537.36
                    [Accept] => text/html,application/xhtml+xml,application/xml;q=0.9,image/webp,*/*;q=0.8
                    [Accept-Encoding] => gzip, deflate, sdch
                    [Accept-Language] => it-IT,it;q=0.8,en-US;q=0.6,en;q=0.4
                )

        )

)

2016-07-10T20:11:07+02:00 SessionId :  ClientIP : ::1 [RESTGATEWAY] Array
(
    [timestamp] => 1468174267
    [request] => backend\common\rest\library\Request Object
        (
            [url_elements] => Array
                (
                    [0] => 
                    [1] => cliente
                    [2] => 519473
                    [3] => datifatturazione
                    [4] => 2016
                )

            [verb] => GET
            [parameters] => Array
                (
                )

            [format] => json
            [datetime] => 1468174267
            [httpheaders] => Array
                (
                    [Host] => localhost
                    [Connection] => keep-alive
                    [Cache-Control] => max-age=0
                    [Upgrade-Insecure-Requests] => 1
                    [User-Agent] => Mozilla/5.0 (Windows NT 10.0; WOW64) AppleWebKit/537.36 (KHTML, like Gecko) Chrome/51.0.2704.103 Safari/537.36
                    [Accept] => text/html,application/xhtml+xml,application/xml;q=0.9,image/webp,*/*;q=0.8
                    [Accept-Encoding] => gzip, deflate, sdch
                    [Accept-Language] => it-IT,it;q=0.8,en-US;q=0.6,en;q=0.4
                )

        )

)

2016-07-10T20:11:11+02:00 SessionId :  ClientIP : ::1 [RESTGATEWAY] Array
(
    [timestamp] => 1468174271
    [request] => backend\common\rest\library\Request Object
        (
            [url_elements] => Array
                (
                    [0] => 
                    [1] => cliente
                    [2] => 519473
                    [3] => datifatturazione
                    [4] => 2016
                )

            [verb] => GET
            [parameters] => Array
                (
                )

            [format] => json
            [datetime] => 1468174271
            [httpheaders] => Array
                (
                    [Host] => localhost
                    [Connection] => keep-alive
                    [Cache-Control] => max-age=0
                    [Upgrade-Insecure-Requests] => 1
                    [User-Agent] => Mozilla/5.0 (Windows NT 10.0; WOW64) AppleWebKit/537.36 (KHTML, like Gecko) Chrome/51.0.2704.103 Safari/537.36
                    [Accept] => text/html,application/xhtml+xml,application/xml;q=0.9,image/webp,*/*;q=0.8
                    [Accept-Encoding] => gzip, deflate, sdch
                    [Accept-Language] => it-IT,it;q=0.8,en-US;q=0.6,en;q=0.4
                )

        )

)

2016-07-10T20:11:17+02:00 SessionId :  ClientIP : ::1 [RESTGATEWAY] Array
(
    [timestamp] => 1468174277
    [request] => backend\common\rest\library\Request Object
        (
            [url_elements] => Array
                (
                    [0] => 
                    [1] => cliente
                    [2] => 519473
                    [3] => datifatturazione
                    [4] => 2016
                )

            [verb] => GET
            [parameters] => Array
                (
                )

            [format] => json
            [datetime] => 1468174277
            [httpheaders] => Array
                (
                    [Host] => localhost
                    [Connection] => keep-alive
                    [Cache-Control] => max-age=0
                    [Upgrade-Insecure-Requests] => 1
                    [User-Agent] => Mozilla/5.0 (Windows NT 10.0; WOW64) AppleWebKit/537.36 (KHTML, like Gecko) Chrome/51.0.2704.103 Safari/537.36
                    [Accept] => text/html,application/xhtml+xml,application/xml;q=0.9,image/webp,*/*;q=0.8
                    [Accept-Encoding] => gzip, deflate, sdch
                    [Accept-Language] => it-IT,it;q=0.8,en-US;q=0.6,en;q=0.4
                )

        )

)

2016-07-10T20:11:24+02:00 SessionId :  ClientIP : ::1 [RESTGATEWAY] Array
(
    [timestamp] => 1468174284
    [request] => backend\common\rest\library\Request Object
        (
            [url_elements] => Array
                (
                    [0] => 
                    [1] => cliente
                    [2] => 519473
                    [3] => datifatturazione
                    [4] => 2016
                )

            [verb] => GET
            [parameters] => Array
                (
                )

            [format] => json
            [datetime] => 1468174284
            [httpheaders] => Array
                (
                    [Host] => localhost
                    [Connection] => keep-alive
                    [Cache-Control] => max-age=0
                    [Upgrade-Insecure-Requests] => 1
                    [User-Agent] => Mozilla/5.0 (Windows NT 10.0; WOW64) AppleWebKit/537.36 (KHTML, like Gecko) Chrome/51.0.2704.103 Safari/537.36
                    [Accept] => text/html,application/xhtml+xml,application/xml;q=0.9,image/webp,*/*;q=0.8
                    [Accept-Encoding] => gzip, deflate, sdch
                    [Accept-Language] => it-IT,it;q=0.8,en-US;q=0.6,en;q=0.4
                )

        )

)

2016-07-10T20:11:40+02:00 SessionId :  ClientIP : ::1 [RESTGATEWAY] Array
(
    [timestamp] => 1468174300
    [request] => backend\common\rest\library\Request Object
        (
            [url_elements] => Array
                (
                    [0] => 
                    [1] => cliente
                    [2] => 519473
                    [3] => datifatturazione
                    [4] => 2016
                )

            [verb] => GET
            [parameters] => Array
                (
                )

            [format] => json
            [datetime] => 1468174300
            [httpheaders] => Array
                (
                    [Host] => localhost
                    [Connection] => keep-alive
                    [Cache-Control] => max-age=0
                    [Upgrade-Insecure-Requests] => 1
                    [User-Agent] => Mozilla/5.0 (Windows NT 10.0; WOW64) AppleWebKit/537.36 (KHTML, like Gecko) Chrome/51.0.2704.103 Safari/537.36
                    [Accept] => text/html,application/xhtml+xml,application/xml;q=0.9,image/webp,*/*;q=0.8
                    [Accept-Encoding] => gzip, deflate, sdch
                    [Accept-Language] => it-IT,it;q=0.8,en-US;q=0.6,en;q=0.4
                )

        )

)

2016-07-10T20:11:53+02:00 SessionId :  ClientIP : ::1 [RESTGATEWAY] Array
(
    [timestamp] => 1468174313
    [request] => backend\common\rest\library\Request Object
        (
            [url_elements] => Array
                (
                    [0] => 
                    [1] => cliente
                    [2] => 519473
                    [3] => datifatturazione
                    [4] => 2016
                )

            [verb] => GET
            [parameters] => Array
                (
                )

            [format] => json
            [datetime] => 1468174313
            [httpheaders] => Array
                (
                    [Host] => localhost
                    [Connection] => keep-alive
                    [Cache-Control] => max-age=0
                    [Upgrade-Insecure-Requests] => 1
                    [User-Agent] => Mozilla/5.0 (Windows NT 10.0; WOW64) AppleWebKit/537.36 (KHTML, like Gecko) Chrome/51.0.2704.103 Safari/537.36
                    [Accept] => text/html,application/xhtml+xml,application/xml;q=0.9,image/webp,*/*;q=0.8
                    [Accept-Encoding] => gzip, deflate, sdch
                    [Accept-Language] => it-IT,it;q=0.8,en-US;q=0.6,en;q=0.4
                )

        )

)

2016-07-10T20:11:53+02:00 SessionId :  ClientIP : ::1 [RESTGATEWAY] Array
(
    [timestamp] => 1468174313
    [result] => Array
        (
            [request_time] => Sun Jul 10 20:11:53 CEST 2016
            [code] => 200
            [response_time] => Sun Jul 10 20:11:53 CEST 2016
            [status] => success
            [profilocliente] => Array
                (
                    [0] => Array
                        (
                            [ct] => 539744
                            [cf] => 45379
                            [divisione] => DIVERSIFICAZIONE
                            [totfatt] => 106.950
                        )

                    [1] => Array
                        (
                            [ct] => 539744
                            [cf] => 45379
                            [divisione] => GASTRONOMIA
                            [totfatt] => 1793.780
                        )

                    [2] => Array
                        (
                            [ct] => 539744
                            [cf] => 45379
                            [divisione] => LIBERO SERVIZIO
                            [totfatt] => 328.240
                        )

                    [3] => Array
                        (
                            [ct] => 539744
                            [cf] => 527754
                            [divisione] => GASTRONOMIA
                            [totfatt] => 2889.810
                        )

                )

        )

)

