2017-09-26T13:01:14+00:00 SessionId :  ClientIP : ::1 [RESTGATEWAY] Array
(
    [timestamp] => 
    [request] => backend\common\rest\library\Request Object
        (
            [url_elements] => 
            [verb] => GET
            [parameters] => 
            [format] => 
            [datetime] => 
            [httpheaders] => 
        )

)

2017-09-26T13:01:14+00:00 SessionId :  ClientIP : ::1 [RESTGATEWAY] Array
(
    [timestamp] => 
    [result] => Array
        (
            [request_time] => Thu Jan 1 0:00:00 UTC 1970
            [status] => fail
            [message] => Bad Request
        )

)

2017-09-26T13:06:37+00:00 SessionId :  ClientIP : ::1 [RESTGATEWAY] Array
(
    [timestamp] => 1506431196
    [request] => backend\common\rest\library\Request Object
        (
            [url_elements] => Array
                (
                    [0] => 
                    [1] => waveserijakala
                    [2] => elencowavecorrenti
                )

            [verb] => GET
            [parameters] => Array
                (
                )

            [format] => json
            [datetime] => 1506431196
            [httpheaders] => Array
                (
                    [Host] => localhost
                    [Connection] => keep-alive
                    [User-Agent] => Mozilla/5.0 (Windows NT 10.0; Win64; x64) AppleWebKit/537.36 (KHTML, like Gecko) Chrome/61.0.3163.100 Safari/537.36
                    [Upgrade-Insecure-Requests] => 1
                    [Accept] => text/html,application/xhtml+xml,application/xml;q=0.9,image/webp,image/apng,*/*;q=0.8
                    [Accept-Encoding] => gzip, deflate, br
                    [Accept-Language] => it-IT,it;q=0.8,en-US;q=0.6,en;q=0.4
                )

        )

)

2017-09-26T13:07:31+00:00 SessionId :  ClientIP : ::1 [RESTGATEWAY] Array
(
    [timestamp] => 1506431251
    [request] => backend\common\rest\library\Request Object
        (
            [url_elements] => Array
                (
                    [0] => 
                    [1] => waveserijakala
                    [2] => elencowavecorrenti
                )

            [verb] => GET
            [parameters] => Array
                (
                )

            [format] => json
            [datetime] => 1506431251
            [httpheaders] => Array
                (
                    [Host] => localhost
                    [Connection] => keep-alive
                    [Cache-Control] => max-age=0
                    [User-Agent] => Mozilla/5.0 (Windows NT 10.0; Win64; x64) AppleWebKit/537.36 (KHTML, like Gecko) Chrome/61.0.3163.100 Safari/537.36
                    [Upgrade-Insecure-Requests] => 1
                    [Accept] => text/html,application/xhtml+xml,application/xml;q=0.9,image/webp,image/apng,*/*;q=0.8
                    [Accept-Encoding] => gzip, deflate, br
                    [Accept-Language] => it-IT,it;q=0.8,en-US;q=0.6,en;q=0.4
                )

        )

)

2017-09-26T13:10:27+00:00 SessionId :  ClientIP : ::1 [RESTGATEWAY] Array
(
    [timestamp] => 1506431427
    [request] => backend\common\rest\library\Request Object
        (
            [url_elements] => Array
                (
                    [0] => 
                    [1] => waveserijakala
                    [2] => elencowavecorrenti
                )

            [verb] => GET
            [parameters] => Array
                (
                )

            [format] => json
            [datetime] => 1506431427
            [httpheaders] => Array
                (
                    [Host] => localhost
                    [Connection] => keep-alive
                    [Cache-Control] => max-age=0
                    [User-Agent] => Mozilla/5.0 (Windows NT 10.0; Win64; x64) AppleWebKit/537.36 (KHTML, like Gecko) Chrome/61.0.3163.100 Safari/537.36
                    [Upgrade-Insecure-Requests] => 1
                    [Accept] => text/html,application/xhtml+xml,application/xml;q=0.9,image/webp,image/apng,*/*;q=0.8
                    [Accept-Encoding] => gzip, deflate, br
                    [Accept-Language] => it-IT,it;q=0.8,en-US;q=0.6,en;q=0.4
                )

        )

)

2017-09-26T13:10:31+00:00 SessionId :  ClientIP : ::1 [RESTGATEWAY] Array
(
    [timestamp] => 1506431431
    [request] => backend\common\rest\library\Request Object
        (
            [url_elements] => Array
                (
                    [0] => 
                    [1] => waveserijakala
                    [2] => elencowavecorrenti
                )

            [verb] => GET
            [parameters] => Array
                (
                )

            [format] => json
            [datetime] => 1506431431
            [httpheaders] => Array
                (
                    [Host] => localhost
                    [Connection] => keep-alive
                    [Cache-Control] => max-age=0
                    [User-Agent] => Mozilla/5.0 (Windows NT 10.0; Win64; x64) AppleWebKit/537.36 (KHTML, like Gecko) Chrome/61.0.3163.100 Safari/537.36
                    [Upgrade-Insecure-Requests] => 1
                    [Accept] => text/html,application/xhtml+xml,application/xml;q=0.9,image/webp,image/apng,*/*;q=0.8
                    [Accept-Encoding] => gzip, deflate, br
                    [Accept-Language] => it-IT,it;q=0.8,en-US;q=0.6,en;q=0.4
                )

        )

)

2017-09-26T15:15:02+02:00 SessionId :  ClientIP : ::1 [RESTGATEWAY] Array
(
    [timestamp] => 1506431702
    [request] => backend\common\rest\library\Request Object
        (
            [url_elements] => Array
                (
                    [0] => 
                    [1] => waveserijakala
                    [2] => elencowavecorrenti
                )

            [verb] => GET
            [parameters] => Array
                (
                )

            [format] => json
            [datetime] => 1506431702
            [httpheaders] => Array
                (
                    [Host] => localhost
                    [Connection] => keep-alive
                    [Cache-Control] => max-age=0
                    [User-Agent] => Mozilla/5.0 (Windows NT 10.0; Win64; x64) AppleWebKit/537.36 (KHTML, like Gecko) Chrome/61.0.3163.100 Safari/537.36
                    [Upgrade-Insecure-Requests] => 1
                    [Accept] => text/html,application/xhtml+xml,application/xml;q=0.9,image/webp,image/apng,*/*;q=0.8
                    [Accept-Encoding] => gzip, deflate, br
                    [Accept-Language] => it-IT,it;q=0.8,en-US;q=0.6,en;q=0.4
                )

        )

)

2017-09-26T15:15:17+02:00 SessionId :  ClientIP : ::1 [RESTGATEWAY] Array
(
    [timestamp] => 1506431717
    [request] => backend\common\rest\library\Request Object
        (
            [url_elements] => Array
                (
                    [0] => 
                    [1] => waveserijakala
                    [2] => elencowavecorrenti
                )

            [verb] => GET
            [parameters] => Array
                (
                )

            [format] => json
            [datetime] => 1506431717
            [httpheaders] => Array
                (
                    [Host] => localhost
                    [Connection] => keep-alive
                    [Cache-Control] => max-age=0
                    [User-Agent] => Mozilla/5.0 (Windows NT 10.0; Win64; x64) AppleWebKit/537.36 (KHTML, like Gecko) Chrome/61.0.3163.100 Safari/537.36
                    [Upgrade-Insecure-Requests] => 1
                    [Accept] => text/html,application/xhtml+xml,application/xml;q=0.9,image/webp,image/apng,*/*;q=0.8
                    [Accept-Encoding] => gzip, deflate, br
                    [Accept-Language] => it-IT,it;q=0.8,en-US;q=0.6,en;q=0.4
                )

        )

)

2017-09-26T15:15:37+02:00 SessionId :  ClientIP : ::1 [RESTGATEWAY] Array
(
    [timestamp] => 1506431737
    [request] => backend\common\rest\library\Request Object
        (
            [url_elements] => Array
                (
                    [0] => 
                    [1] => waveserijakala
                    [2] => elencowavecorrenti
                )

            [verb] => GET
            [parameters] => Array
                (
                )

            [format] => json
            [datetime] => 1506431737
            [httpheaders] => Array
                (
                    [Host] => localhost
                    [Connection] => keep-alive
                    [Cache-Control] => max-age=0
                    [User-Agent] => Mozilla/5.0 (Windows NT 10.0; Win64; x64) AppleWebKit/537.36 (KHTML, like Gecko) Chrome/61.0.3163.100 Safari/537.36
                    [Upgrade-Insecure-Requests] => 1
                    [Accept] => text/html,application/xhtml+xml,application/xml;q=0.9,image/webp,image/apng,*/*;q=0.8
                    [Accept-Encoding] => gzip, deflate, br
                    [Accept-Language] => it-IT,it;q=0.8,en-US;q=0.6,en;q=0.4
                )

        )

)

2017-09-26T15:16:11+02:00 SessionId :  ClientIP : ::1 [RESTGATEWAY] Array
(
    [timestamp] => 1506431771
    [request] => backend\common\rest\library\Request Object
        (
            [url_elements] => Array
                (
                    [0] => 
                    [1] => waveserijakala
                    [2] => elencowavecorrenti
                )

            [verb] => GET
            [parameters] => Array
                (
                )

            [format] => json
            [datetime] => 1506431771
            [httpheaders] => Array
                (
                    [Host] => localhost
                    [Connection] => keep-alive
                    [Cache-Control] => max-age=0
                    [User-Agent] => Mozilla/5.0 (Windows NT 10.0; Win64; x64) AppleWebKit/537.36 (KHTML, like Gecko) Chrome/61.0.3163.100 Safari/537.36
                    [Upgrade-Insecure-Requests] => 1
                    [Accept] => text/html,application/xhtml+xml,application/xml;q=0.9,image/webp,image/apng,*/*;q=0.8
                    [Accept-Encoding] => gzip, deflate, br
                    [Accept-Language] => it-IT,it;q=0.8,en-US;q=0.6,en;q=0.4
                )

        )

)

2017-09-26T15:21:00+02:00 SessionId :  ClientIP : ::1 [RESTGATEWAY] Array
(
    [timestamp] => 1506432060
    [request] => backend\common\rest\library\Request Object
        (
            [url_elements] => Array
                (
                    [0] => 
                    [1] => waveserijakala
                    [2] => elencowavecorrenti
                )

            [verb] => GET
            [parameters] => Array
                (
                )

            [format] => json
            [datetime] => 1506432060
            [httpheaders] => Array
                (
                    [Host] => localhost
                    [Connection] => keep-alive
                    [Cache-Control] => max-age=0
                    [User-Agent] => Mozilla/5.0 (Windows NT 10.0; Win64; x64) AppleWebKit/537.36 (KHTML, like Gecko) Chrome/61.0.3163.100 Safari/537.36
                    [Upgrade-Insecure-Requests] => 1
                    [Accept] => text/html,application/xhtml+xml,application/xml;q=0.9,image/webp,image/apng,*/*;q=0.8
                    [Accept-Encoding] => gzip, deflate, br
                    [Accept-Language] => it-IT,it;q=0.8,en-US;q=0.6,en;q=0.4
                )

        )

)

2017-09-26T15:21:20+02:00 SessionId :  ClientIP : ::1 [RESTGATEWAY] Array
(
    [timestamp] => 1506432080
    [request] => backend\common\rest\library\Request Object
        (
            [url_elements] => Array
                (
                    [0] => 
                    [1] => waveserijakala
                    [2] => elencowavecorrenti
                )

            [verb] => GET
            [parameters] => Array
                (
                )

            [format] => json
            [datetime] => 1506432080
            [httpheaders] => Array
                (
                    [Host] => localhost
                    [Connection] => keep-alive
                    [Cache-Control] => max-age=0
                    [User-Agent] => Mozilla/5.0 (Windows NT 10.0; Win64; x64) AppleWebKit/537.36 (KHTML, like Gecko) Chrome/61.0.3163.100 Safari/537.36
                    [Upgrade-Insecure-Requests] => 1
                    [Accept] => text/html,application/xhtml+xml,application/xml;q=0.9,image/webp,image/apng,*/*;q=0.8
                    [Accept-Encoding] => gzip, deflate, br
                    [Accept-Language] => it-IT,it;q=0.8,en-US;q=0.6,en;q=0.4
                )

        )

)

2017-09-26T15:30:55+02:00 SessionId :  ClientIP : ::1 [RESTGATEWAY] Array
(
    [timestamp] => 1506432655
    [request] => backend\common\rest\library\Request Object
        (
            [url_elements] => Array
                (
                    [0] => 
                    [1] => waveserijakala
                    [2] => elencowavecorrenti
                )

            [verb] => GET
            [parameters] => Array
                (
                )

            [format] => json
            [datetime] => 1506432655
            [httpheaders] => Array
                (
                    [Host] => localhost
                    [Connection] => keep-alive
                    [Cache-Control] => max-age=0
                    [User-Agent] => Mozilla/5.0 (Windows NT 10.0; Win64; x64) AppleWebKit/537.36 (KHTML, like Gecko) Chrome/61.0.3163.100 Safari/537.36
                    [Upgrade-Insecure-Requests] => 1
                    [Accept] => text/html,application/xhtml+xml,application/xml;q=0.9,image/webp,image/apng,*/*;q=0.8
                    [Accept-Encoding] => gzip, deflate, br
                    [Accept-Language] => it-IT,it;q=0.8,en-US;q=0.6,en;q=0.4
                )

        )

)

2017-09-26T15:40:15+02:00 SessionId :  ClientIP : ::1 [RESTGATEWAY] Array
(
    [timestamp] => 1506433215
    [request] => backend\common\rest\library\Request Object
        (
            [url_elements] => Array
                (
                    [0] => 
                    [1] => waveserijakala
                    [2] => elencowavecorrenti
                )

            [verb] => GET
            [parameters] => Array
                (
                )

            [format] => json
            [datetime] => 1506433215
            [httpheaders] => Array
                (
                    [Host] => localhost
                    [Connection] => keep-alive
                    [Cache-Control] => max-age=0
                    [User-Agent] => Mozilla/5.0 (Windows NT 10.0; Win64; x64) AppleWebKit/537.36 (KHTML, like Gecko) Chrome/61.0.3163.100 Safari/537.36
                    [Upgrade-Insecure-Requests] => 1
                    [Accept] => text/html,application/xhtml+xml,application/xml;q=0.9,image/webp,image/apng,*/*;q=0.8
                    [Accept-Encoding] => gzip, deflate, br
                    [Accept-Language] => it-IT,it;q=0.8,en-US;q=0.6,en;q=0.4
                )

        )

)

2017-09-26T15:40:16+02:00 SessionId :  ClientIP : ::1 [RESTGATEWAY] Array
(
    [timestamp] => 1506433216
    [request] => backend\common\rest\library\Request Object
        (
            [url_elements] => Array
                (
                    [0] => 
                    [1] => waveserijakala
                    [2] => elencowavecorrenti
                )

            [verb] => GET
            [parameters] => Array
                (
                )

            [format] => json
            [datetime] => 1506433216
            [httpheaders] => Array
                (
                    [Host] => localhost
                    [Connection] => keep-alive
                    [Cache-Control] => max-age=0
                    [User-Agent] => Mozilla/5.0 (Windows NT 10.0; Win64; x64) AppleWebKit/537.36 (KHTML, like Gecko) Chrome/61.0.3163.100 Safari/537.36
                    [Upgrade-Insecure-Requests] => 1
                    [Accept] => text/html,application/xhtml+xml,application/xml;q=0.9,image/webp,image/apng,*/*;q=0.8
                    [Accept-Encoding] => gzip, deflate, br
                    [Accept-Language] => it-IT,it;q=0.8,en-US;q=0.6,en;q=0.4
                )

        )

)

2017-09-26T15:43:24+02:00 SessionId :  ClientIP : ::1 [RESTGATEWAY] Array
(
    [timestamp] => 1506433404
    [request] => backend\common\rest\library\Request Object
        (
            [url_elements] => Array
                (
                    [0] => 
                    [1] => waveserijakala
                    [2] => elencowavecorrenti
                )

            [verb] => GET
            [parameters] => Array
                (
                )

            [format] => json
            [datetime] => 1506433404
            [httpheaders] => Array
                (
                    [Host] => localhost
                    [Connection] => keep-alive
                    [Cache-Control] => max-age=0
                    [User-Agent] => Mozilla/5.0 (Windows NT 10.0; Win64; x64) AppleWebKit/537.36 (KHTML, like Gecko) Chrome/61.0.3163.100 Safari/537.36
                    [Upgrade-Insecure-Requests] => 1
                    [Accept] => text/html,application/xhtml+xml,application/xml;q=0.9,image/webp,image/apng,*/*;q=0.8
                    [Accept-Encoding] => gzip, deflate, br
                    [Accept-Language] => it-IT,it;q=0.8,en-US;q=0.6,en;q=0.4
                )

        )

)

2017-09-26T15:44:11+02:00 SessionId :  ClientIP : ::1 [RESTGATEWAY] Array
(
    [timestamp] => 1506433450
    [request] => backend\common\rest\library\Request Object
        (
            [url_elements] => Array
                (
                    [0] => 
                    [1] => waveserijakala
                    [2] => elencowavecorrenti
                )

            [verb] => GET
            [parameters] => Array
                (
                )

            [format] => json
            [datetime] => 1506433450
            [httpheaders] => Array
                (
                    [Host] => localhost
                    [Connection] => keep-alive
                    [Cache-Control] => max-age=0
                    [User-Agent] => Mozilla/5.0 (Windows NT 10.0; Win64; x64) AppleWebKit/537.36 (KHTML, like Gecko) Chrome/61.0.3163.100 Safari/537.36
                    [Upgrade-Insecure-Requests] => 1
                    [Accept] => text/html,application/xhtml+xml,application/xml;q=0.9,image/webp,image/apng,*/*;q=0.8
                    [Accept-Encoding] => gzip, deflate, br
                    [Accept-Language] => it-IT,it;q=0.8,en-US;q=0.6,en;q=0.4
                )

        )

)

2017-09-26T15:50:05+02:00 SessionId :  ClientIP : ::1 [RESTGATEWAY] Array
(
    [timestamp] => 1506433805
    [request] => backend\common\rest\library\Request Object
        (
            [url_elements] => Array
                (
                    [0] => 
                    [1] => waveserijakala
                    [2] => elencowavecorrenti
                )

            [verb] => GET
            [parameters] => Array
                (
                )

            [format] => json
            [datetime] => 1506433805
            [httpheaders] => Array
                (
                    [Host] => localhost
                    [Connection] => keep-alive
                    [Cache-Control] => max-age=0
                    [User-Agent] => Mozilla/5.0 (Windows NT 10.0; Win64; x64) AppleWebKit/537.36 (KHTML, like Gecko) Chrome/61.0.3163.100 Safari/537.36
                    [Upgrade-Insecure-Requests] => 1
                    [Accept] => text/html,application/xhtml+xml,application/xml;q=0.9,image/webp,image/apng,*/*;q=0.8
                    [Accept-Encoding] => gzip, deflate, br
                    [Accept-Language] => it-IT,it;q=0.8,en-US;q=0.6,en;q=0.4
                )

        )

)

2017-09-26T15:51:15+02:00 SessionId :  ClientIP : ::1 [RESTGATEWAY] Array
(
    [timestamp] => 1506433875
    [request] => backend\common\rest\library\Request Object
        (
            [url_elements] => Array
                (
                    [0] => 
                    [1] => waveserijakala
                    [2] => elencowavecorrenti
                )

            [verb] => GET
            [parameters] => Array
                (
                )

            [format] => json
            [datetime] => 1506433875
            [httpheaders] => Array
                (
                    [Host] => localhost
                    [Connection] => keep-alive
                    [Cache-Control] => max-age=0
                    [User-Agent] => Mozilla/5.0 (Windows NT 10.0; Win64; x64) AppleWebKit/537.36 (KHTML, like Gecko) Chrome/61.0.3163.100 Safari/537.36
                    [Upgrade-Insecure-Requests] => 1
                    [Accept] => text/html,application/xhtml+xml,application/xml;q=0.9,image/webp,image/apng,*/*;q=0.8
                    [Accept-Encoding] => gzip, deflate, br
                    [Accept-Language] => it-IT,it;q=0.8,en-US;q=0.6,en;q=0.4
                )

        )

)

2017-09-26T15:54:48+02:00 SessionId :  ClientIP : ::1 [RESTGATEWAY] Array
(
    [timestamp] => 1506434088
    [request] => backend\common\rest\library\Request Object
        (
            [url_elements] => Array
                (
                    [0] => 
                    [1] => waveserijakala
                    [2] => elencowavecorrenti
                )

            [verb] => GET
            [parameters] => Array
                (
                )

            [format] => json
            [datetime] => 1506434088
            [httpheaders] => Array
                (
                    [Host] => localhost
                    [Connection] => keep-alive
                    [Cache-Control] => max-age=0
                    [User-Agent] => Mozilla/5.0 (Windows NT 10.0; Win64; x64) AppleWebKit/537.36 (KHTML, like Gecko) Chrome/61.0.3163.100 Safari/537.36
                    [Upgrade-Insecure-Requests] => 1
                    [Accept] => text/html,application/xhtml+xml,application/xml;q=0.9,image/webp,image/apng,*/*;q=0.8
                    [Accept-Encoding] => gzip, deflate, br
                    [Accept-Language] => it-IT,it;q=0.8,en-US;q=0.6,en;q=0.4
                )

        )

)

2017-09-26T16:07:25+02:00 SessionId :  ClientIP : ::1 [RESTGATEWAY] Array
(
    [timestamp] => 1506434845
    [request] => backend\common\rest\library\Request Object
        (
            [url_elements] => Array
                (
                    [0] => 
                    [1] => waveserijakala
                    [2] => elencowavecorrenti
                )

            [verb] => GET
            [parameters] => Array
                (
                )

            [format] => json
            [datetime] => 1506434845
            [httpheaders] => Array
                (
                    [Host] => localhost
                    [Connection] => keep-alive
                    [Cache-Control] => max-age=0
                    [User-Agent] => Mozilla/5.0 (Windows NT 10.0; Win64; x64) AppleWebKit/537.36 (KHTML, like Gecko) Chrome/61.0.3163.100 Safari/537.36
                    [Upgrade-Insecure-Requests] => 1
                    [Accept] => text/html,application/xhtml+xml,application/xml;q=0.9,image/webp,image/apng,*/*;q=0.8
                    [Accept-Encoding] => gzip, deflate, br
                    [Accept-Language] => it-IT,it;q=0.8,en-US;q=0.6,en;q=0.4
                )

        )

)

2017-09-26T16:09:46+02:00 SessionId :  ClientIP : ::1 [RESTGATEWAY] Array
(
    [timestamp] => 1506434986
    [request] => backend\common\rest\library\Request Object
        (
            [url_elements] => Array
                (
                    [0] => 
                    [1] => waveserijakala
                    [2] => elencowavecorrenti
                )

            [verb] => GET
            [parameters] => Array
                (
                )

            [format] => json
            [datetime] => 1506434986
            [httpheaders] => Array
                (
                    [Host] => localhost
                    [Connection] => keep-alive
                    [Cache-Control] => max-age=0
                    [User-Agent] => Mozilla/5.0 (Windows NT 10.0; Win64; x64) AppleWebKit/537.36 (KHTML, like Gecko) Chrome/61.0.3163.100 Safari/537.36
                    [Upgrade-Insecure-Requests] => 1
                    [Accept] => text/html,application/xhtml+xml,application/xml;q=0.9,image/webp,image/apng,*/*;q=0.8
                    [Accept-Encoding] => gzip, deflate, br
                    [Accept-Language] => it-IT,it;q=0.8,en-US;q=0.6,en;q=0.4
                )

        )

)

2017-09-26T16:33:22+02:00 SessionId :  ClientIP : ::1 [RESTGATEWAY] Array
(
    [timestamp] => 1506436402
    [request] => backend\common\rest\library\Request Object
        (
            [url_elements] => Array
                (
                    [0] => 
                    [1] => waveserijakala
                    [2] => elencowavecorrenti
                )

            [verb] => GET
            [parameters] => Array
                (
                )

            [format] => json
            [datetime] => 1506436402
            [httpheaders] => Array
                (
                    [Host] => localhost
                    [Connection] => keep-alive
                    [Cache-Control] => max-age=0
                    [User-Agent] => Mozilla/5.0 (Windows NT 10.0; Win64; x64) AppleWebKit/537.36 (KHTML, like Gecko) Chrome/61.0.3163.100 Safari/537.36
                    [Upgrade-Insecure-Requests] => 1
                    [Accept] => text/html,application/xhtml+xml,application/xml;q=0.9,image/webp,image/apng,*/*;q=0.8
                    [Accept-Encoding] => gzip, deflate, br
                    [Accept-Language] => it-IT,it;q=0.8,en-US;q=0.6,en;q=0.4
                )

        )

)

2017-09-26T16:33:23+02:00 SessionId :  ClientIP : ::1 [RESTGATEWAY] Array
(
    [timestamp] => 1506436403
    [request] => backend\common\rest\library\Request Object
        (
            [url_elements] => Array
                (
                    [0] => 
                    [1] => waveserijakala
                    [2] => elencowavecorrenti
                )

            [verb] => GET
            [parameters] => Array
                (
                )

            [format] => json
            [datetime] => 1506436403
            [httpheaders] => Array
                (
                    [Host] => localhost
                    [Connection] => keep-alive
                    [Cache-Control] => max-age=0
                    [User-Agent] => Mozilla/5.0 (Windows NT 10.0; Win64; x64) AppleWebKit/537.36 (KHTML, like Gecko) Chrome/61.0.3163.100 Safari/537.36
                    [Upgrade-Insecure-Requests] => 1
                    [Accept] => text/html,application/xhtml+xml,application/xml;q=0.9,image/webp,image/apng,*/*;q=0.8
                    [Accept-Encoding] => gzip, deflate, br
                    [Accept-Language] => it-IT,it;q=0.8,en-US;q=0.6,en;q=0.4
                )

        )

)

2017-09-26T16:40:01+02:00 SessionId :  ClientIP : ::1 [RESTGATEWAY] Array
(
    [timestamp] => 1506436801
    [request] => backend\common\rest\library\Request Object
        (
            [url_elements] => Array
                (
                    [0] => 
                    [1] => waveserijakala
                    [2] => elencowavecorrenti
                )

            [verb] => GET
            [parameters] => Array
                (
                )

            [format] => json
            [datetime] => 1506436801
            [httpheaders] => Array
                (
                    [Host] => localhost
                    [Connection] => keep-alive
                    [Cache-Control] => max-age=0
                    [User-Agent] => Mozilla/5.0 (Windows NT 10.0; Win64; x64) AppleWebKit/537.36 (KHTML, like Gecko) Chrome/61.0.3163.100 Safari/537.36
                    [Upgrade-Insecure-Requests] => 1
                    [Accept] => text/html,application/xhtml+xml,application/xml;q=0.9,image/webp,image/apng,*/*;q=0.8
                    [Accept-Encoding] => gzip, deflate, br
                    [Accept-Language] => it-IT,it;q=0.8,en-US;q=0.6,en;q=0.4
                )

        )

)

2017-09-26T16:58:09+02:00 SessionId :  ClientIP : ::1 [RESTGATEWAY] Array
(
    [timestamp] => 1506437889
    [request] => backend\common\rest\library\Request Object
        (
            [url_elements] => Array
                (
                    [0] => 
                    [1] => waveserijakala
                    [2] => elencowavecorrenti
                )

            [verb] => GET
            [parameters] => Array
                (
                )

            [format] => json
            [datetime] => 1506437889
            [httpheaders] => Array
                (
                    [Host] => localhost
                    [Connection] => keep-alive
                    [Cache-Control] => max-age=0
                    [User-Agent] => Mozilla/5.0 (Windows NT 10.0; Win64; x64) AppleWebKit/537.36 (KHTML, like Gecko) Chrome/61.0.3163.100 Safari/537.36
                    [Upgrade-Insecure-Requests] => 1
                    [Accept] => text/html,application/xhtml+xml,application/xml;q=0.9,image/webp,image/apng,*/*;q=0.8
                    [Accept-Encoding] => gzip, deflate, br
                    [Accept-Language] => it-IT,it;q=0.8,en-US;q=0.6,en;q=0.4
                )

        )

)

2017-09-26T17:13:41+02:00 SessionId :  ClientIP : ::1 [RESTGATEWAY] Array
(
    [timestamp] => 1506438821
    [request] => backend\common\rest\library\Request Object
        (
            [url_elements] => Array
                (
                    [0] => 
                    [1] => waveserijakala
                    [2] => elencowavecorrenti
                )

            [verb] => GET
            [parameters] => Array
                (
                )

            [format] => json
            [datetime] => 1506438821
            [httpheaders] => Array
                (
                    [Host] => localhost
                    [Connection] => keep-alive
                    [Cache-Control] => max-age=0
                    [User-Agent] => Mozilla/5.0 (Windows NT 10.0; Win64; x64) AppleWebKit/537.36 (KHTML, like Gecko) Chrome/61.0.3163.100 Safari/537.36
                    [Upgrade-Insecure-Requests] => 1
                    [Accept] => text/html,application/xhtml+xml,application/xml;q=0.9,image/webp,image/apng,*/*;q=0.8
                    [Accept-Encoding] => gzip, deflate, br
                    [Accept-Language] => it-IT,it;q=0.8,en-US;q=0.6,en;q=0.4
                )

        )

)

2017-09-26T17:58:24+02:00 SessionId :  ClientIP : ::1 [RESTGATEWAY] Array
(
    [timestamp] => 1506441503
    [request] => backend\common\rest\library\Request Object
        (
            [url_elements] => Array
                (
                    [0] => 
                    [1] => waveserijakala
                    [2] => elencowavecorrenti
                )

            [verb] => GET
            [parameters] => Array
                (
                )

            [format] => json
            [datetime] => 1506441503
            [httpheaders] => Array
                (
                    [Host] => localhost
                    [Connection] => keep-alive
                    [Cache-Control] => max-age=0
                    [User-Agent] => Mozilla/5.0 (Windows NT 10.0; Win64; x64) AppleWebKit/537.36 (KHTML, like Gecko) Chrome/61.0.3163.100 Safari/537.36
                    [Upgrade-Insecure-Requests] => 1
                    [Accept] => text/html,application/xhtml+xml,application/xml;q=0.9,image/webp,image/apng,*/*;q=0.8
                    [Accept-Encoding] => gzip, deflate, br
                    [Accept-Language] => it-IT,it;q=0.8,en-US;q=0.6,en;q=0.4
                )

        )

)

2017-09-26T18:04:12+02:00 SessionId :  ClientIP : ::1 [RESTGATEWAY] Array
(
    [timestamp] => 1506441852
    [request] => backend\common\rest\library\Request Object
        (
            [url_elements] => Array
                (
                    [0] => 
                    [1] => waveserijakala
                    [2] => elencowavecorrenti
                )

            [verb] => GET
            [parameters] => Array
                (
                )

            [format] => json
            [datetime] => 1506441852
            [httpheaders] => Array
                (
                    [Host] => localhost
                    [Connection] => keep-alive
                    [Cache-Control] => max-age=0
                    [User-Agent] => Mozilla/5.0 (Windows NT 10.0; Win64; x64) AppleWebKit/537.36 (KHTML, like Gecko) Chrome/61.0.3163.100 Safari/537.36
                    [Upgrade-Insecure-Requests] => 1
                    [Accept] => text/html,application/xhtml+xml,application/xml;q=0.9,image/webp,image/apng,*/*;q=0.8
                    [Accept-Encoding] => gzip, deflate, br
                    [Accept-Language] => it-IT,it;q=0.8,en-US;q=0.6,en;q=0.4
                )

        )

)

